Session Start: Fri Mar 20 05:41:02 2015
[05:41.02] -irc.freenode.net- *** Attempting to connect to irc.freenode.net (195.148.124.79) on port 6667
[05:41.02] -irc.freenode.net- Sending User Registration Information
[05:41.02] --rajaniemi.freenode.net-- *** Looking up your hostname...
[05:41.02] --rajaniemi.freenode.net-- *** Checking Ident
[05:41.03] --rajaniemi.freenode.net-- *** Couldn't look up your hostname
[05:41.11] --rajaniemi.freenode.net-- *** No Ident response
[05:41.12] -irc.freenode.net- Capabilities supported: account-notify extended-join identify-msg multi-prefix sasl
[05:41.12] -irc.freenode.net- Capabilities requested: account-notify extended-join multi-prefix
[05:41.12] -irc.freenode.net- Capabilities acknowledged: account-notify extended-join multi-prefix 
[05:41.12] -rajaniemi.freenode.net- Welcome to the freenode Internet Relay Chat Network Rainb
[05:41.12] -rajaniemi.freenode.net- Your host is rajaniemi.freenode.net[195.148.124.79/6667], running version ircd-seven-1.1.3
[05:41.12] -rajaniemi.freenode.net- This server was created Tue Oct 21 2014 at 11:19:23 UTC
[05:41.12] -rajaniemi.freenode.net- rajaniemi.freenode.net ircd-seven-1.1.3 DOQRSZaghilopswz CFILMPQSbcefgijklmnopqrstvz bkloveqjfI
[05:41.12] -rajaniemi.freenode.net- CHANTYPES=# EXCEPTS INVEX CHANMODES=eIbq,k,flj,CFLMPQScgimnprstz CHANLIMIT=#:120 PREFIX=(ov)@+ MAXLIST=bqeI:100 MODES=4 NETWORK=freenode KNOCK STATUSMSG=@+ CALLERID=g :are supported by this server
[05:41.12] -rajaniemi.freenode.net- CASEMAPPING=rfc1459 CHARSET=ascii NICKLEN=16 CHANNELLEN=50 TOPICLEN=390 ETRACE CPRIVMSG CNOTICE DEAF=D MONITOR=100 FNC TARGMAX=NAMES:1,LIST:1,KICK:1,WHOIS:1,PRIVMSG:4,NOTICE:4,ACCEPT:,MONITOR: :are supported by this server
[05:41.12] -rajaniemi.freenode.net- EXTBAN=$,ajrxz WHOX CLIENTVER=3.0 SAFELIST ELIST=CTU :are supported by this server
[05:41.12] -rajaniemi.freenode.net- There are 167 users and 90899 invisible on 26 servers
[05:41.12] -rajaniemi.freenode.net- There are 26 IRC Operators online
[05:41.12] -rajaniemi.freenode.net- There are 11 unknown connection(s)
[05:41.12] -rajaniemi.freenode.net- There are 54830 channels formed
[05:41.12] -rajaniemi.freenode.net- I have 7146 clients and 1 servers
[05:41.12] -rajaniemi.freenode.net- Current local users 7146, max 12001
[05:41.12] -rajaniemi.freenode.net- Current global users 91066, max 105669
[05:41.12] -rajaniemi.freenode.net- Highest connection count: 12002 (12001 clients) (2225384 connections received)
[05:41.12] -rajaniemi.freenode.net- You have successfully connected to rajaniemi.freenode.net
[05:41.12] * Your mode is now +i
[05:41.12] --NickServ-- This nickname is registered. Please choose a different nickname, or identify via /msg NickServ identify <password>.
[05:41.13] -rajaniemi.freenode.net- 181.50.148.224 (Excess Flood)
[05:41.13] ERROR: Connection Lost
[05:41.13] -irc.freenode.net- Waiting 60 seconds to re-connect to (irc.freenode.net)
[05:41.13] -irc.freenode.net- *** Attempting to re-connect to irc.freenode.net
[05:41.13] -irc.freenode.net- *** Attempting to connect to irc.freenode.net (91.217.189.42) on port 6667
[05:41.13] -irc.freenode.net- *** Attempting to re-connect to irc.freenode.net
[05:41.13] -irc.freenode.net- *** Attempting to connect to irc.freenode.net (84.240.3.129) on port 6667
[05:41.13] -irc.freenode.net- *** Attempting to re-connect to irc.freenode.net
[05:41.13] -irc.freenode.net- *** Attempting to connect to irc.freenode.net (192.186.157.43) on port 6667
[05:41.13] -irc.freenode.net- *** Attempting to re-connect to irc.freenode.net
[05:41.13] -irc.freenode.net- *** Server disconnected on irc.freenode.net
[05:41.13] -irc.freenode.net- *** Attempting to connect to irc.freenode.net (31.13.222.109) on port 6667
[05:41.13] ERROR: Exception Error: The IAsyncResult object was not returned from the corresponding asynchronous method on this class.
[05:41.13] ERROR: Parameter name: asyncResult
[05:41.13] -irc.freenode.net- Waiting 60 seconds to re-connect to (irc.freenode.net)
[05:41.13] ERROR: Null Socket - Can not Connect
[05:41.13] ERROR: Null Socket - Can not Connect
[05:41.13] ERROR: Null Socket - Can not Connect
[06:02.24] -irc.freenode.net- *** Attempting to connect to irc.freenode.net (31.13.222.109) on port 6667
[06:02.25] -irc.freenode.net- Sending User Registration Information
[06:02.25] --hitchcock.freenode.net-- *** Looking up your hostname...
[06:02.25] --hitchcock.freenode.net-- *** Checking Ident
[06:02.25] --hitchcock.freenode.net-- *** Couldn't look up your hostname
[06:02.31] -irc.freenode.net- Capabilities supported: account-notify extended-join identify-msg multi-prefix sasl
[06:02.31] -irc.freenode.net- Capabilities requested: account-notify extended-join multi-prefix
[06:02.31] -irc.freenode.net- Capabilities acknowledged: account-notify extended-join multi-prefix 
[06:02.32] -hitchcock.freenode.net- Welcome to the freenode Internet Relay Chat Network Rainb
[06:02.32] -hitchcock.freenode.net- Your host is hitchcock.freenode.net[31.13.222.109/6667], running version ircd-seven-1.1.3
[06:02.32] -hitchcock.freenode.net- This server was created Sat Oct 11 2014 at 13:43:24 UTC
[06:02.32] -hitchcock.freenode.net- hitchcock.freenode.net ircd-seven-1.1.3 DOQRSZaghilopswz CFILMPQSbcefgijklmnopqrstvz bkloveqjfI
[06:02.32] -hitchcock.freenode.net- CHANTYPES=# EXCEPTS INVEX CHANMODES=eIbq,k,flj,CFLMPQScgimnprstz CHANLIMIT=#:120 PREFIX=(ov)@+ MAXLIST=bqeI:100 MODES=4 NETWORK=freenode KNOCK STATUSMSG=@+ CALLERID=g :are supported by this server
[06:02.32] -hitchcock.freenode.net- CASEMAPPING=rfc1459 CHARSET=ascii NICKLEN=16 CHANNELLEN=50 TOPICLEN=390 ETRACE CPRIVMSG CNOTICE DEAF=D MONITOR=100 FNC TARGMAX=NAMES:1,LIST:1,KICK:1,WHOIS:1,PRIVMSG:4,NOTICE:4,ACCEPT:,MONITOR: :are supported by this server
[06:02.32] -hitchcock.freenode.net- EXTBAN=$,ajrxz WHOX CLIENTVER=3.0 SAFELIST ELIST=CTU :are supported by this server
[06:02.32] -hitchcock.freenode.net- There are 168 users and 91140 invisible on 26 servers
[06:02.32] -hitchcock.freenode.net- There are 26 IRC Operators online
[06:02.32] -hitchcock.freenode.net- There are 6 unknown connection(s)
[06:02.32] -hitchcock.freenode.net- There are 54852 channels formed
[06:02.32] -hitchcock.freenode.net- I have 4183 clients and 1 servers
[06:02.32] -hitchcock.freenode.net- Current local users 4183, max 6879
[06:02.32] -hitchcock.freenode.net- Current global users 91308, max 105671
[06:02.32] -hitchcock.freenode.net- Highest connection count: 6880 (6879 clients) (1910854 connections received)
[06:02.32] -hitchcock.freenode.net- You have successfully connected to hitchcock.freenode.net
[06:02.32] * Your mode is now +i
[06:02.32] -hitchcock.freenode.net- 181.50.148.224 (Excess Flood)
[06:02.32] ERROR: Connection Lost
[06:02.32] -irc.freenode.net- Waiting 60 seconds to re-connect to (irc.freenode.net)
[06:02.32] -irc.freenode.net- *** Attempting to re-connect to irc.freenode.net
[06:02.33] -irc.freenode.net- *** Attempting to connect to irc.freenode.net (162.213.39.42) on port 6667
[06:02.33] -irc.freenode.net- *** Attempting to re-connect to irc.freenode.net
[06:02.33] -irc.freenode.net- *** Attempting to connect to irc.freenode.net (38.229.70.22) on port 6667
[06:02.33] -irc.freenode.net- *** Attempting to re-connect to irc.freenode.net
[06:02.33] -irc.freenode.net- *** Attempting to connect to irc.freenode.net (62.231.75.133) on port 6667
[06:02.33] -irc.freenode.net- *** Attempting to re-connect to irc.freenode.net
[06:02.33] -irc.freenode.net- *** Attempting to connect to irc.freenode.net (148.251.187.147) on port 6667
[06:02.33] ERROR: Exception Error: The IAsyncResult object was not returned from the corresponding asynchronous method on this class.
[06:02.33] ERROR: Parameter name: asyncResult
[06:02.33] -irc.freenode.net- Waiting 60 seconds to re-connect to (irc.freenode.net)
[06:02.33] ERROR: Null Socket - Can not Connect
[06:02.33] -irc.freenode.net- *** Server disconnected on irc.freenode.net
[06:02.33] ERROR: Null Socket - Can not Connect
[06:02.33] ERROR: Null Socket - Can not Connect
[06:02.51] -irc.freenode.net- *** Attempting to connect to irc.freenode.net (148.251.187.147) on port 6667
[06:02.51] -irc.freenode.net- Sending User Registration Information
[06:02.51] --wilhelm.freenode.net-- *** Looking up your hostname...
[06:02.51] --wilhelm.freenode.net-- *** Checking Ident
[06:02.51] --wilhelm.freenode.net-- *** Couldn't look up your hostname
[06:02.58] --wilhelm.freenode.net-- *** No Ident response
[06:02.58] -irc.freenode.net- Capabilities supported: account-notify extended-join identify-msg multi-prefix sasl
[06:02.58] -irc.freenode.net- Capabilities requested: account-notify extended-join multi-prefix
[06:02.58] -irc.freenode.net- Capabilities acknowledged: account-notify extended-join multi-prefix 
[06:02.59] -wilhelm.freenode.net- Welcome to the freenode Internet Relay Chat Network Rainb
[06:02.59] -wilhelm.freenode.net- Your host is wilhelm.freenode.net[148.251.187.147/6667], running version ircd-seven-1.1.3
[06:02.59] -wilhelm.freenode.net- This server was created Sun Feb 22 2015 at 15:29:51 UTC
[06:02.59] -wilhelm.freenode.net- wilhelm.freenode.net ircd-seven-1.1.3 DOQRSZaghilopswz CFILMPQSbcefgijklmnopqrstvz bkloveqjfI
[06:02.59] -wilhelm.freenode.net- CHANTYPES=# EXCEPTS INVEX CHANMODES=eIbq,k,flj,CFLMPQScgimnprstz CHANLIMIT=#:120 PREFIX=(ov)@+ MAXLIST=bqeI:100 MODES=4 NETWORK=freenode KNOCK STATUSMSG=@+ CALLERID=g :are supported by this server
[06:02.59] -wilhelm.freenode.net- CASEMAPPING=rfc1459 CHARSET=ascii NICKLEN=16 CHANNELLEN=50 TOPICLEN=390 ETRACE CPRIVMSG CNOTICE DEAF=D MONITOR=100 FNC TARGMAX=NAMES:1,LIST:1,KICK:1,WHOIS:1,PRIVMSG:4,NOTICE:4,ACCEPT:,MONITOR: :are supported by this server
[06:02.59] -wilhelm.freenode.net- EXTBAN=$,ajrxz WHOX CLIENTVER=3.0 SAFELIST ELIST=CTU :are supported by this server
[06:02.59] -wilhelm.freenode.net- There are 168 users and 91134 invisible on 26 servers
[06:02.59] -wilhelm.freenode.net- There are 26 IRC Operators online
[06:02.59] -wilhelm.freenode.net- There are 7 unknown connection(s)
[06:02.59] -wilhelm.freenode.net- There are 54860 channels formed
[06:02.59] -wilhelm.freenode.net- I have 6405 clients and 1 servers
[06:02.59] -wilhelm.freenode.net- Current local users 6405, max 6890
[06:03.00] -wilhelm.freenode.net- Current global users 91302, max 99056
[06:03.00] -wilhelm.freenode.net- Highest connection count: 6891 (6890 clients) (375106 connections received)
[06:03.00] -wilhelm.freenode.net- You have successfully connected to wilhelm.freenode.net
[06:03.00] * Your mode is now +i
[06:03.00] --NickServ-- This nickname is registered. Please choose a different nickname, or identify via /msg NickServ identify <password>.
[06:03.00] -wilhelm.freenode.net- 181.50.148.224 (Excess Flood)
[06:03.00] ERROR: Connection Lost
[06:03.00] -irc.freenode.net- Waiting 60 seconds to re-connect to (irc.freenode.net)
[06:03.00] -irc.freenode.net- *** Attempting to re-connect to irc.freenode.net
[06:03.00] -irc.freenode.net- *** Attempting to connect to irc.freenode.net (174.143.119.91) on port 6667
[06:03.00] -irc.freenode.net- *** Attempting to re-connect to irc.freenode.net
[06:03.00] -irc.freenode.net- *** Attempting to connect to irc.freenode.net (91.217.189.42) on port 6667
[06:03.00] -irc.freenode.net- *** Attempting to re-connect to irc.freenode.net
[06:03.00] -irc.freenode.net- *** Attempting to connect to irc.freenode.net (195.148.124.79) on port 6667
[06:03.00] -irc.freenode.net- *** Attempting to re-connect to irc.freenode.net
[06:03.00] ERROR: Exception Error: The IAsyncResult object was not returned from the corresponding asynchronous method on this class.
[06:03.00] -irc.freenode.net- *** Attempting to connect to irc.freenode.net (82.96.64.4) on port 6667
[06:03.01] ERROR: Parameter name: asyncResult
[06:03.01] -irc.freenode.net- Waiting 60 seconds to re-connect to (irc.freenode.net)
[06:03.01] -irc.freenode.net- *** Attempting to re-connect to irc.freenode.net
[06:03.01] -irc.freenode.net- *** Attempting to connect to irc.freenode.net (195.154.200.232) on port 6667
[06:03.01] -irc.freenode.net- *** Attempting to re-connect to irc.freenode.net
[06:03.01] ERROR: Exception Error: The IAsyncResult object was not returned from the corresponding asynchronous method on this class.
[06:03.01] -irc.freenode.net- *** Attempting to connect to irc.freenode.net (91.217.189.44) on port 6667
[06:03.01] ERROR: Parameter name: asyncResult
[06:03.01] -irc.freenode.net- Waiting 60 seconds to re-connect to (irc.freenode.net)
[06:03.01] -irc.freenode.net- *** Server disconnected on wilhelm.freenode.net
[06:03.01] -irc.freenode.net- *** Server disconnected on wilhelm.freenode.net
[06:03.01] ERROR: Null Socket - Can not Connect
[06:07.40] -irc.freenode.net- *** Attempting to connect to irc.freenode.net (91.217.189.44) on port 6667
[06:07.40] -irc.freenode.net- Sending User Registration Information
[06:07.40] --wolfe.freenode.net-- *** Looking up your hostname...
[06:07.40] --wolfe.freenode.net-- *** Checking Ident
[06:07.40] --wolfe.freenode.net-- *** Couldn't look up your hostname
[06:07.49] --wolfe.freenode.net-- *** No Ident response
[06:07.49] -irc.freenode.net- Capabilities supported: account-notify extended-join identify-msg multi-prefix sasl
[06:07.49] -irc.freenode.net- Capabilities requested: account-notify extended-join multi-prefix
[06:07.49] -irc.freenode.net- Capabilities acknowledged: account-notify extended-join multi-prefix 
[06:07.49] -wolfe.freenode.net- Welcome to the freenode Internet Relay Chat Network Rainb
[06:07.50] -wolfe.freenode.net- Your host is wolfe.freenode.net[91.217.189.44/6667], running version ircd-seven-1.1.3
[06:07.50] -wolfe.freenode.net- This server was created Mon Sep 15 2014 at 10:05:03 UTC
[06:07.50] -wolfe.freenode.net- wolfe.freenode.net ircd-seven-1.1.3 DOQRSZaghilopswz CFILMPQSbcefgijklmnopqrstvz bkloveqjfI
[06:07.50] -wolfe.freenode.net- CHANTYPES=# EXCEPTS INVEX CHANMODES=eIbq,k,flj,CFLMPQScgimnprstz CHANLIMIT=#:120 PREFIX=(ov)@+ MAXLIST=bqeI:100 MODES=4 NETWORK=freenode KNOCK STATUSMSG=@+ CALLERID=g :are supported by this server
[06:07.50] -wolfe.freenode.net- CASEMAPPING=rfc1459 CHARSET=ascii NICKLEN=16 CHANNELLEN=50 TOPICLEN=390 ETRACE CPRIVMSG CNOTICE DEAF=D MONITOR=100 FNC TARGMAX=NAMES:1,LIST:1,KICK:1,WHOIS:1,PRIVMSG:4,NOTICE:4,ACCEPT:,MONITOR: :are supported by this server
[06:07.50] -wolfe.freenode.net- EXTBAN=$,ajrxz WHOX CLIENTVER=3.0 SAFELIST ELIST=CTU :are supported by this server
[06:07.50] -wolfe.freenode.net- There are 168 users and 91157 invisible on 26 servers
[06:07.50] -wolfe.freenode.net- There are 26 IRC Operators online
[06:07.50] -wolfe.freenode.net- There are 11 unknown connection(s)
[06:07.50] -wolfe.freenode.net- There are 54856 channels formed
[06:07.50] -wolfe.freenode.net- I have 4157 clients and 1 servers
[06:07.50] -wolfe.freenode.net- Current local users 4157, max 6804
[06:07.50] -wolfe.freenode.net- Current global users 91325, max 105669
[06:07.50] -wolfe.freenode.net- Highest connection count: 6805 (6804 clients) (2085137 connections received)
[06:07.50] -wolfe.freenode.net- You have successfully connected to wolfe.freenode.net
[06:07.50] * Your mode is now +i
[06:07.50] --NickServ-- This nickname is registered. Please choose a different nickname, or identify via /msg NickServ identify <password>.
[06:07.51] -wolfe.freenode.net- 181.50.148.224 (Excess Flood)
[06:07.51] ERROR: Connection Lost
[06:07.51] -irc.freenode.net- Waiting 60 seconds to re-connect to (irc.freenode.net)
[06:07.51] -irc.freenode.net- *** Attempting to re-connect to irc.freenode.net
[06:07.51] -irc.freenode.net- *** Attempting to connect to irc.freenode.net (193.219.128.49) on port 6667
[06:07.51] -irc.freenode.net- *** Attempting to re-connect to irc.freenode.net
[06:07.51] -irc.freenode.net- *** Attempting to re-connect to irc.freenode.net
[06:07.51] -irc.freenode.net- *** Attempting to re-connect to irc.freenode.net
[06:07.52] -irc.freenode.net- *** Attempting to re-connect to irc.freenode.net
[06:07.52] -irc.freenode.net- *** Attempting to connect to irc.freenode.net (162.213.39.42) on port 6667
[06:07.52] -irc.freenode.net- *** Attempting to connect to irc.freenode.net (162.213.39.42) on port 6667
[06:07.52] -irc.freenode.net- *** Attempting to connect to irc.freenode.net (162.213.39.42) on port 6667
[06:07.52] -irc.freenode.net- *** Attempting to re-connect to irc.freenode.net
[06:07.52] -irc.freenode.net- *** Attempting to re-connect to irc.freenode.net
[06:07.52] -irc.freenode.net- *** Attempting to connect to irc.freenode.net (38.229.70.22) on port 6667
[06:07.52] -irc.freenode.net- *** Attempting to re-connect to irc.freenode.net
[06:07.52] -irc.freenode.net- *** Attempting to connect to irc.freenode.net (148.251.187.147) on port 6667
[06:07.52] -irc.freenode.net- *** Attempting to re-connect to irc.freenode.net
[06:07.52] -irc.freenode.net- *** Attempting to connect to irc.freenode.net (174.143.119.91) on port 6667
[06:07.52] -irc.freenode.net- *** Attempting to connect to irc.freenode.net (174.143.119.91) on port 6667
[06:07.52] -irc.freenode.net- *** Attempting to re-connect to irc.freenode.net
[06:07.52] -irc.freenode.net- *** Attempting to connect to irc.freenode.net (195.148.124.79) on port 6667
[06:07.52] -irc.freenode.net- *** Attempting to re-connect to irc.freenode.net
[06:07.52] -irc.freenode.net- *** Attempting to connect to irc.freenode.net (82.96.64.4) on port 6667
[06:07.52] -irc.freenode.net- *** Attempting to re-connect to irc.freenode.net
[06:07.52] -irc.freenode.net- *** Attempting to connect to irc.freenode.net (195.154.200.232) on port 6667
[06:07.52] -irc.freenode.net- *** Attempting to connect to irc.freenode.net (195.154.200.232) on port 6667
[06:07.52] -irc.freenode.net- *** Attempting to re-connect to irc.freenode.net
[06:07.52] -irc.freenode.net- *** Attempting to re-connect to irc.freenode.net
[06:07.52] -irc.freenode.net- *** Attempting to connect to irc.freenode.net (91.217.189.44) on port 6667
[06:07.52] -irc.freenode.net- *** Attempting to connect to irc.freenode.net (91.217.189.44) on port 6667
[06:07.52] -irc.freenode.net- *** Server disconnected on irc.freenode.net
[06:07.52] ERROR: Exception Error: The IAsyncResult object was not returned from the corresponding asynchronous method on this class.
[06:07.52] ERROR: Parameter name: asyncResult
[06:07.52] -irc.freenode.net- Waiting 60 seconds to re-connect to (irc.freenode.net)
[06:07.52] ERROR: Null Socket - Can not Connect
[06:07.52] ERROR: Null Socket - Can not Connect
[06:07.52] ERROR: Null Socket - Can not Connect
[06:07.52] ERROR: Null Socket - Can not Connect
[06:07.52] ERROR: Null Socket - Can not Connect
[06:07.52] ERROR: Null Socket - Can not Connect
[06:07.52] ERROR: Null Socket - Can not Connect
[06:07.52] ERROR: Null Socket - Can not Connect
