Session Start: Wed Feb 18 12:29:50 2015
[12:29.50] -irc.freenode.net- *** Attempting to connect to irc.freenode.net (130.239.18.119) on port 6667
[12:29.51] -irc.freenode.net- Sending User Registration Information
[12:29.51] --leguin.freenode.net-- *** Looking up your hostname...
[12:29.51] --leguin.freenode.net-- *** Checking Ident
[12:29.52] --leguin.freenode.net-- *** Couldn't look up your hostname
[12:29.57] --leguin.freenode.net-- *** No Ident response
[12:29.57] -irc.freenode.net- Capabilities supported: account-notify extended-join identify-msg multi-prefix sasl
[12:29.57] -irc.freenode.net- Capabilities requested: account-notify extended-join multi-prefix
[12:29.58] -irc.freenode.net- Capabilities acknowledged: account-notify extended-join multi-prefix 
[12:29.58] -leguin.freenode.net- Welcome to the freenode Internet Relay Chat Network Rainb
[12:29.58] -leguin.freenode.net- Your host is leguin.freenode.net[130.239.18.119/6667], running version ircd-seven-1.1.3
[12:29.58] -leguin.freenode.net- This server was created Mon Sep 29 2014 at 18:59:50 UTC
[12:29.58] -leguin.freenode.net- leguin.freenode.net ircd-seven-1.1.3 DOQRSZaghilopswz CFILMPQSbcefgijklmnopqrstvz bkloveqjfI
[12:29.58] -leguin.freenode.net- CHANTYPES=# EXCEPTS INVEX CHANMODES=eIbq,k,flj,CFLMPQScgimnprstz CHANLIMIT=#:120 PREFIX=(ov)@+ MAXLIST=bqeI:100 MODES=4 NETWORK=freenode KNOCK STATUSMSG=@+ CALLERID=g :are supported by this server
[12:29.58] -leguin.freenode.net- CASEMAPPING=rfc1459 CHARSET=ascii NICKLEN=16 CHANNELLEN=50 TOPICLEN=390 ETRACE CPRIVMSG CNOTICE DEAF=D MONITOR=100 FNC TARGMAX=NAMES:1,LIST:1,KICK:1,WHOIS:1,PRIVMSG:4,NOTICE:4,ACCEPT:,MONITOR: :are supported by this server
[12:29.58] -leguin.freenode.net- EXTBAN=$,ajrxz WHOX CLIENTVER=3.0 SAFELIST ELIST=CTU :are supported by this server
[12:29.58] -leguin.freenode.net- There are 166 users and 84745 invisible on 26 servers
[12:29.58] -leguin.freenode.net- There are 24 IRC Operators online
[12:29.59] -leguin.freenode.net- There are 6 unknown connection(s)
[12:29.59] -leguin.freenode.net- There are 50360 channels formed
[12:29.59] -leguin.freenode.net- I have 7796 clients and 1 servers
[12:29.59] -leguin.freenode.net- Current local users 7796, max 8869
[12:29.59] -leguin.freenode.net- Current global users 84911, max 101658
[12:29.59] -leguin.freenode.net- Highest connection count: 8870 (8869 clients) (253107 connections received)
[12:29.59] -leguin.freenode.net- You have successfully connected to leguin.freenode.net
[12:29.59] * Your mode is now +i
[12:29.59] --NickServ-- This nickname is registered. Please choose a different nickname, or identify via /msg NickServ identify <password>.
[12:30.04] Rainb resolved to 181.50.196.58
[12:30.06] --ChanServ-- [##science] Don't ask to ask, just ask your question. | Channel rules: ＋＋https://j.mp/72ZKFnZ，，
[12:30.06] --ChanServ-- [##physics] Don't ask to ask... ask!
[12:30.06] --ChanServ-- [##namespace] You've been forwarded to ##namespace by attempting to join a channel which doesn't exist on freenode.  This may be because the channel has moved to the correct namespace or off the network.  Please see ＋＋http://freenode.net/policy.shtml#channelnaming，， for our channel naming policy.
[04:42.13] ERROR: OnReceivedData Exception Error:Unable to read data from the transport connection: An established connection was aborted by the software in your host machine.
[04:42.14] ERROR: Exception Error - Can not send:Unable to write data to the transport connection: An existing connection was forcibly closed by the remote host.
[04:42.14] -irc.freenode.net- Waiting 60 seconds to re-connect to (irc.freenode.net)
[04:42.14] -irc.freenode.net- *** Attempting to re-connect to irc.freenode.net
[04:42.14] -irc.freenode.net- Waiting 60 seconds to re-connect to (irc.freenode.net)
[04:42.14] -irc.freenode.net- *** Server disconnected on irc.freenode.net
[04:42.14] -irc.freenode.net- *** Attempting to re-connect to irc.freenode.net
[04:42.14] -irc.freenode.net- *** Attempting to re-connect to irc.freenode.net
[04:42.14] -irc.freenode.net- *** Attempting to connect to irc.freenode.net (174.143.119.91) on port 6667
[04:42.14] -irc.freenode.net- *** Attempting to connect to irc.freenode.net (174.143.119.91) on port 6667
[04:42.14] -irc.freenode.net- *** Attempting to connect to irc.freenode.net (174.143.119.91) on port 6667
[04:42.15] -irc.freenode.net- *** Attempting to re-connect to irc.freenode.net
[04:42.15] -irc.freenode.net- *** Attempting to re-connect to irc.freenode.net
[04:42.15] -irc.freenode.net- *** Attempting to connect to irc.freenode.net (91.217.189.42) on port 6667
[04:42.15] -irc.freenode.net- *** Attempting to re-connect to irc.freenode.net
[04:42.15] -irc.freenode.net- *** Attempting to connect to irc.freenode.net (91.217.189.44) on port 6667
[04:42.15] -irc.freenode.net- *** Attempting to connect to irc.freenode.net (91.217.189.42) on port 6667
[04:42.15] -irc.freenode.net- *** Attempting to re-connect to irc.freenode.net
[04:42.15] -irc.freenode.net- *** Attempting to connect to irc.freenode.net (195.148.124.79) on port 6667
[04:42.15] ERROR: Exception Error: The IAsyncResult object was not returned from the corresponding asynchronous method on this class.
[04:42.15] ERROR: Exception Error: The IAsyncResult object was not returned from the corresponding asynchronous method on this class.
[04:42.16] ERROR: Parameter name: asyncResult
[04:42.16] -irc.freenode.net- Waiting 60 seconds to re-connect to (irc.freenode.net)
[04:42.16] ERROR: Null Socket - Can not Connect
[04:42.16] ERROR: Null Socket - Can not Connect
[04:42.16] ERROR: Null Socket - Can not Connect
[04:42.16] ERROR: Null Socket - Can not Connect
[04:42.16] ERROR: Null Socket - Can not Connect
[04:42.16] ERROR: Parameter name: asyncResult
[04:42.16] -irc.freenode.net- Waiting 60 seconds to re-connect to (irc.freenode.net)
[04:42.16] -irc.freenode.net- *** Attempting to re-connect to irc.freenode.net
[04:42.16] -irc.freenode.net- *** Attempting to connect to irc.freenode.net (84.240.3.129) on port 6667
[04:42.16] -irc.freenode.net- *** Attempting to re-connect to irc.freenode.net
[04:42.16] -irc.freenode.net- *** Attempting to connect to irc.freenode.net (195.154.200.232) on port 6667
[04:42.16] -irc.freenode.net- *** Attempting to re-connect to irc.freenode.net
[04:42.16] -irc.freenode.net- *** Attempting to connect to irc.freenode.net (192.186.157.43) on port 6667
[04:42.16] -irc.freenode.net- *** Attempting to re-connect to irc.freenode.net
[04:42.16] -irc.freenode.net- *** Attempting to connect to irc.freenode.net (31.13.222.109) on port 6667
[04:42.16] ERROR: Exception Error: The IAsyncResult object was not returned from the corresponding asynchronous method on this class.
[04:42.16] ERROR: Exception Error: The IAsyncResult object was not returned from the corresponding asynchronous method on this class.
[04:42.16] ERROR: Parameter name: asyncResult
[04:42.16] -irc.freenode.net- Waiting 60 seconds to re-connect to (irc.freenode.net)
[04:42.16] ERROR: Null Socket - Can not Connect
[04:42.16] ERROR: Parameter name: asyncResult
[04:42.16] -irc.freenode.net- Waiting 60 seconds to re-connect to (irc.freenode.net)
[04:42.16] -irc.freenode.net- *** Attempting to re-connect to irc.freenode.net
[04:42.16] -irc.freenode.net- *** Attempting to connect to irc.freenode.net (162.213.39.42) on port 6667
[04:42.16] ERROR: Exception Error: The IAsyncResult object was not returned from the corresponding asynchronous method on this class.
[04:42.16] ERROR: Parameter name: asyncResult
[04:42.16] -irc.freenode.net- Waiting 60 seconds to re-connect to (irc.freenode.net)
[04:42.16] -irc.freenode.net- *** Attempting to re-connect to irc.freenode.net
[04:42.16] -irc.freenode.net- *** Attempting to connect to irc.freenode.net (38.229.70.22) on port 6667
[04:42.16] ERROR: Exception Error: The IAsyncResult object was not returned from the corresponding asynchronous method on this class.
[04:42.16] ERROR: Parameter name: asyncResult
[04:42.16] -irc.freenode.net- Waiting 60 seconds to re-connect to (irc.freenode.net)
[04:42.16] -irc.freenode.net- *** Attempting to re-connect to irc.freenode.net
[04:42.16] -irc.freenode.net- *** Attempting to connect to irc.freenode.net (185.30.166.38) on port 6667
[04:42.16] ERROR: Exception Error: The IAsyncResult object was not returned from the corresponding asynchronous method on this class.
[04:42.16] ERROR: Parameter name: asyncResult
[04:42.16] -irc.freenode.net- Waiting 60 seconds to re-connect to (irc.freenode.net)
[04:42.16] -irc.freenode.net- *** Attempting to re-connect to irc.freenode.net
[04:42.16] -irc.freenode.net- *** Attempting to connect to irc.freenode.net (185.30.166.35) on port 6667
[04:42.16] -irc.freenode.net- *** Attempting to re-connect to irc.freenode.net
[04:42.16] -irc.freenode.net- *** Attempting to connect to irc.freenode.net (130.239.18.119) on port 6667
[04:42.16] ERROR: Exception Error: The IAsyncResult object was not returned from the corresponding asynchronous method on this class.
[04:42.17] ERROR: Parameter name: asyncResult
[04:42.17] -irc.freenode.net- Waiting 60 seconds to re-connect to (irc.freenode.net)
[04:42.17] -irc.freenode.net- *** Attempting to re-connect to irc.freenode.net
[04:42.17] ERROR: Null Socket - Can not Connect
[04:42.17] -irc.freenode.net- *** Attempting to connect to irc.freenode.net (62.231.75.133) on port 6667
[04:42.17] ERROR: Exception Error: The IAsyncResult object was not returned from the corresponding asynchronous method on this class.
[04:42.17] ERROR: Parameter name: asyncResult
[04:42.17] -irc.freenode.net- Waiting 60 seconds to re-connect to (irc.freenode.net)
[04:42.17] -irc.freenode.net- *** Attempting to re-connect to irc.freenode.net
[04:42.17] -irc.freenode.net- *** Attempting to connect to irc.freenode.net (174.143.119.91) on port 6667
[04:42.17] ERROR: Exception Error: The IAsyncResult object was not returned from the corresponding asynchronous method on this class.
[04:42.17] ERROR: Parameter name: asyncResult
[04:42.17] -irc.freenode.net- Waiting 60 seconds to re-connect to (irc.freenode.net)
[04:42.17] ERROR: Null Socket - Can not Connect
