Session Start: Mon Feb 23 12:46:06 2015
[12:46.06] -irc.freenode.net- *** Attempting to connect to irc.freenode.net (91.217.189.44) on port 6667
[12:46.06] -irc.freenode.net- Sending User Registration Information
[12:46.06] --wolfe.freenode.net-- *** Looking up your hostname...
[12:46.06] --wolfe.freenode.net-- *** Checking Ident
[12:46.07] --wolfe.freenode.net-- *** Couldn't look up your hostname
[12:46.12] -irc.freenode.net- Capabilities supported: account-notify extended-join identify-msg multi-prefix sasl
[12:46.12] -irc.freenode.net- Capabilities requested: account-notify extended-join multi-prefix
[12:46.12] -irc.freenode.net- Capabilities acknowledged: account-notify extended-join multi-prefix 
[12:46.12] -wolfe.freenode.net- Welcome to the freenode Internet Relay Chat Network Rainb
[12:46.13] -wolfe.freenode.net- Your host is wolfe.freenode.net[91.217.189.44/6667], running version ircd-seven-1.1.3
[12:46.13] -wolfe.freenode.net- This server was created Mon Sep 15 2014 at 10:05:03 UTC
[12:46.13] -wolfe.freenode.net- wolfe.freenode.net ircd-seven-1.1.3 DOQRSZaghilopswz CFILMPQSbcefgijklmnopqrstvz bkloveqjfI
[12:46.13] -wolfe.freenode.net- CHANTYPES=# EXCEPTS INVEX CHANMODES=eIbq,k,flj,CFLMPQScgimnprstz CHANLIMIT=#:120 PREFIX=(ov)@+ MAXLIST=bqeI:100 MODES=4 NETWORK=freenode KNOCK STATUSMSG=@+ CALLERID=g :are supported by this server
[12:46.13] -wolfe.freenode.net- CASEMAPPING=rfc1459 CHARSET=ascii NICKLEN=16 CHANNELLEN=50 TOPICLEN=390 ETRACE CPRIVMSG CNOTICE DEAF=D MONITOR=100 FNC TARGMAX=NAMES:1,LIST:1,KICK:1,WHOIS:1,PRIVMSG:4,NOTICE:4,ACCEPT:,MONITOR: :are supported by this server
[12:46.13] -wolfe.freenode.net- EXTBAN=$,ajrxz WHOX CLIENTVER=3.0 SAFELIST ELIST=CTU :are supported by this server
[12:46.13] -wolfe.freenode.net- There are 167 users and 83361 invisible on 26 servers
[12:46.13] -wolfe.freenode.net- There are 24 IRC Operators online
[12:46.13] -wolfe.freenode.net- There are 8 unknown connection(s)
[12:46.13] -wolfe.freenode.net- There are 51160 channels formed
[12:46.13] -wolfe.freenode.net- I have 2540 clients and 1 servers
[12:46.13] -wolfe.freenode.net- Current local users 2540, max 6804
[12:46.13] -wolfe.freenode.net- Current global users 83528, max 105669
[12:46.13] -wolfe.freenode.net- Highest connection count: 6805 (6804 clients) (1785223 connections received)
[12:46.13] -wolfe.freenode.net- You have successfully connected to wolfe.freenode.net
[12:46.13] * Your mode is now +i
[12:46.19] *** wolfe.freenode.net [freenode-info] please register your nickname...don't forget to auto-identify! ＋＋http://freenode.net/faq.shtml#nicksetup，，
[07:15.43] ERROR: OnReceivedData Exception Error:Unable to read data from the transport connection: An established connection was aborted by the software in your host machine.
[07:15.43] -irc.freenode.net- Waiting 60 seconds to re-connect to (irc.freenode.net)
[07:15.43] -irc.freenode.net- *** Server disconnected on irc.freenode.net
[07:15.43] -irc.freenode.net- *** Attempting to re-connect to irc.freenode.net
[07:15.43] -irc.freenode.net- *** Attempting to re-connect to irc.freenode.net
[07:15.43] -irc.freenode.net- *** Attempting to re-connect to irc.freenode.net
[07:15.44] ERROR: Socket Error 11001 :No such host is known - ＋＋http://msdn.microsoft.com/en-us/library/ms740668.aspx，， for further information
[07:15.44] -irc.freenode.net- *** Attempting to re-connect to irc.freenode.net
[07:15.44] ERROR: Socket Error 11001 :No such host is known - ＋＋http://msdn.microsoft.com/en-us/library/ms740668.aspx，， for further information
[07:15.44] ERROR: Socket Error 11001 :No such host is known - ＋＋http://msdn.microsoft.com/en-us/library/ms740668.aspx，， for further information
[07:15.44] ERROR: Socket Error 11001 :No such host is known - ＋＋http://msdn.microsoft.com/en-us/library/ms740668.aspx，， for further information
[07:15.45] -irc.freenode.net- Waiting 60 seconds to re-connect to (irc.freenode.net)
[07:15.45] -irc.freenode.net- Waiting 60 seconds to re-connect to (irc.freenode.net)
[07:15.45] -irc.freenode.net- Waiting 60 seconds to re-connect to (irc.freenode.net)
[07:15.45] -irc.freenode.net- Waiting 60 seconds to re-connect to (irc.freenode.net)
[07:15.46] -irc.freenode.net- *** Attempting to re-connect to irc.freenode.net
[07:15.46] -irc.freenode.net- *** Attempting to re-connect to irc.freenode.net
[07:15.46] -irc.freenode.net- *** Attempting to connect to irc.freenode.net (91.217.189.44) on port 6667
[07:15.46] -irc.freenode.net- *** Attempting to re-connect to irc.freenode.net
[07:15.46] -irc.freenode.net- *** Attempting to connect to irc.freenode.net (185.30.166.38) on port 6667
[07:15.46] -irc.freenode.net- *** Attempting to connect to irc.freenode.net (62.231.75.133) on port 6667
[07:15.46] -irc.freenode.net- *** Attempting to re-connect to irc.freenode.net
[07:15.46] -irc.freenode.net- *** Attempting to connect to irc.freenode.net (174.143.119.91) on port 6667
[07:15.46] -irc.freenode.net- *** Attempting to re-connect to irc.freenode.net
[07:15.46] -irc.freenode.net- *** Attempting to connect to irc.freenode.net (195.154.200.232) on port 6667
[07:15.46] -irc.freenode.net- *** Attempting to re-connect to irc.freenode.net
[07:15.46] -irc.freenode.net- *** Attempting to connect to irc.freenode.net (82.96.64.4) on port 6667
[07:15.46] -irc.freenode.net- *** Attempting to re-connect to irc.freenode.net
[07:15.46] -irc.freenode.net- *** Attempting to connect to irc.freenode.net (84.240.3.129) on port 6667
[07:15.46] ERROR: Exception Error: The IAsyncResult object was not returned from the corresponding asynchronous method on this class.
[07:15.47] ERROR: Exception Error: The IAsyncResult object was not returned from the corresponding asynchronous method on this class.
[07:15.47] ERROR: Parameter name: asyncResult
[07:15.47] -irc.freenode.net- Waiting 60 seconds to re-connect to (irc.freenode.net)
[07:15.47] ERROR: Null Socket - Can not Connect
[07:15.47] ERROR: Null Socket - Can not Connect
[07:15.47] ERROR: Parameter name: asyncResult
[07:15.47] -irc.freenode.net- Waiting 60 seconds to re-connect to (irc.freenode.net)
[07:15.47] ERROR: Null Socket - Can not Connect
[07:15.47] ERROR: Null Socket - Can not Connect
[07:15.47] ERROR: Null Socket - Can not Connect
