Session Start: Sun Feb 15 09:44:51 2015
[09:44.51] -irc.freenode.net- *** Attempting to connect to irc.freenode.net (192.186.157.43) on port 6667
[09:44.51] -irc.freenode.net- Sending User Registration Information
[09:44.52] --tepper.freenode.net-- *** Looking up your hostname...
[09:44.52] --tepper.freenode.net-- *** Checking Ident
[09:44.52] --tepper.freenode.net-- *** No Ident response
[09:44.52] --tepper.freenode.net-- *** Couldn't look up your hostname
[09:44.52] -irc.freenode.net- Capabilities supported: account-notify extended-join identify-msg multi-prefix sasl
[09:44.52] -irc.freenode.net- Capabilities requested: account-notify extended-join multi-prefix
[09:44.52] -irc.freenode.net- Capabilities acknowledged: account-notify extended-join multi-prefix 
[09:44.52] -tepper.freenode.net- Welcome to the freenode Internet Relay Chat Network Rainb
[09:44.53] -tepper.freenode.net- Your host is tepper.freenode.net[192.186.157.43/6667], running version ircd-seven-1.1.3
[09:44.53] -tepper.freenode.net- This server was created Sun Jul 20 2014 at 01:18:10 UTC
[09:44.53] -tepper.freenode.net- tepper.freenode.net ircd-seven-1.1.3 DOQRSZaghilopswz CFILMPQSbcefgijklmnopqrstvz bkloveqjfI
[09:44.53] -tepper.freenode.net- CHANTYPES=# EXCEPTS INVEX CHANMODES=eIbq,k,flj,CFLMPQScgimnprstz CHANLIMIT=#:120 PREFIX=(ov)@+ MAXLIST=bqeI:100 MODES=4 NETWORK=freenode KNOCK STATUSMSG=@+ CALLERID=g :are supported by this server
[09:44.53] -tepper.freenode.net- CASEMAPPING=rfc1459 CHARSET=ascii NICKLEN=16 CHANNELLEN=50 TOPICLEN=390 ETRACE CPRIVMSG CNOTICE DEAF=D MONITOR=100 FNC TARGMAX=NAMES:1,LIST:1,KICK:1,WHOIS:1,PRIVMSG:4,NOTICE:4,ACCEPT:,MONITOR: :are supported by this server
[09:44.53] -tepper.freenode.net- EXTBAN=$,ajrxz WHOX CLIENTVER=3.0 SAFELIST ELIST=CTU :are supported by this server
[09:44.53] -tepper.freenode.net- There are 176 users and 85940 invisible on 26 servers
[09:44.53] -tepper.freenode.net- There are 24 IRC Operators online
[09:44.53] -tepper.freenode.net- There are 8 unknown connection(s)
[09:44.53] -tepper.freenode.net- There are 49877 channels formed
[09:44.53] -tepper.freenode.net- I have 3396 clients and 1 servers
[09:44.53] -tepper.freenode.net- Current local users 3396, max 3593
[09:44.53] -tepper.freenode.net- Current global users 86116, max 98451
[09:44.53] -tepper.freenode.net- Highest connection count: 3594 (3593 clients) (115395 connections received)
[09:44.53] -tepper.freenode.net- You have successfully connected to tepper.freenode.net
[09:44.53] * Your mode is now +i
[02:34.10] ERROR: OnReceivedData Exception Error:Unable to read data from the transport connection: A connection attempt failed because the connected party did not properly respond after a period of time, or established connection failed because connected host has failed to respond.
[02:34.11] -irc.freenode.net- Waiting 60 seconds to re-connect to (irc.freenode.net)
[02:34.11] -irc.freenode.net- *** Server disconnected on irc.freenode.net
[02:34.11] -irc.freenode.net- *** Attempting to re-connect to irc.freenode.net
[02:34.11] -irc.freenode.net- *** Attempting to re-connect to irc.freenode.net
[02:34.11] -irc.freenode.net- *** Attempting to re-connect to irc.freenode.net
[02:34.11] -irc.freenode.net- *** Attempting to connect to irc.freenode.net (38.229.70.22) on port 6667
[02:34.11] -irc.freenode.net- *** Attempting to connect to irc.freenode.net (38.229.70.22) on port 6667
[02:34.11] -irc.freenode.net- *** Attempting to connect to irc.freenode.net (38.229.70.22) on port 6667
[02:34.11] -irc.freenode.net- *** Attempting to re-connect to irc.freenode.net
[02:34.11] -irc.freenode.net- *** Attempting to connect to irc.freenode.net (185.30.166.38) on port 6667
[02:34.11] ERROR: Exception Error: The IAsyncResult object was not returned from the corresponding asynchronous method on this class.
[02:34.11] ERROR: Parameter name: asyncResult
[02:34.11] -irc.freenode.net- Waiting 60 seconds to re-connect to (irc.freenode.net)
[02:34.11] -irc.freenode.net- *** Attempting to re-connect to irc.freenode.net
[02:34.11] -irc.freenode.net- *** Attempting to connect to irc.freenode.net (185.30.166.35) on port 6667
[02:34.11] ERROR: Exception Error: The IAsyncResult object was not returned from the corresponding asynchronous method on this class.
[02:34.11] ERROR: Parameter name: asyncResult
[02:34.11] -irc.freenode.net- Waiting 60 seconds to re-connect to (irc.freenode.net)
[02:34.11] -irc.freenode.net- *** Attempting to re-connect to irc.freenode.net
[02:34.11] -irc.freenode.net- *** Attempting to connect to irc.freenode.net (130.239.18.119) on port 6667
[02:34.11] -irc.freenode.net- *** Attempting to re-connect to irc.freenode.net
[02:34.11] -irc.freenode.net- *** Attempting to connect to irc.freenode.net (62.231.75.133) on port 6667
[02:34.11] ERROR: Exception Error: The IAsyncResult object was not returned from the corresponding asynchronous method on this class.
[02:34.11] ERROR: Parameter name: asyncResult
[02:34.11] -irc.freenode.net- Waiting 60 seconds to re-connect to (irc.freenode.net)
[02:34.11] -irc.freenode.net- *** Attempting to re-connect to irc.freenode.net
[02:34.11] -irc.freenode.net- *** Attempting to connect to irc.freenode.net (174.143.119.91) on port 6667
[02:34.11] ERROR: Exception Error: The IAsyncResult object was not returned from the corresponding asynchronous method on this class.
[02:34.11] ERROR: Parameter name: asyncResult
[02:34.11] -irc.freenode.net- Waiting 60 seconds to re-connect to (irc.freenode.net)
[02:34.11] ERROR: Null Socket - Can not Connect
[02:34.11] ERROR: Null Socket - Can not Connect
[04:07.31] -irc.freenode.net- *** Attempting to connect to irc.freenode.net (174.143.119.91) on port 6667
[04:07.31] -irc.freenode.net- Sending User Registration Information
[04:07.31] --asimov.freenode.net-- *** Looking up your hostname...
[04:07.31] --asimov.freenode.net-- *** Checking Ident
[04:07.31] --asimov.freenode.net-- *** Couldn't look up your hostname
[04:07.32] --asimov.freenode.net-- *** No Ident response
[04:07.32] -irc.freenode.net- Capabilities supported: account-notify extended-join identify-msg multi-prefix sasl
[04:07.32] -irc.freenode.net- Capabilities requested: account-notify extended-join multi-prefix
[04:07.32] -irc.freenode.net- Capabilities acknowledged: account-notify extended-join multi-prefix 
[04:07.32] -asimov.freenode.net- Welcome to the freenode Internet Relay Chat Network Rainb
[04:07.32] -asimov.freenode.net- Your host is asimov.freenode.net[174.143.119.91/6667], running version ircd-seven-1.1.3
[04:07.32] -asimov.freenode.net- This server was created Tue Jul 22 2014 at 13:52:16 UTC
[04:07.32] -asimov.freenode.net- asimov.freenode.net ircd-seven-1.1.3 DOQRSZaghilopswz CFILMPQSbcefgijklmnopqrstvz bkloveqjfI
[04:07.32] -asimov.freenode.net- CHANTYPES=# EXCEPTS INVEX CHANMODES=eIbq,k,flj,CFLMPQScgimnprstz CHANLIMIT=#:120 PREFIX=(ov)@+ MAXLIST=bqeI:100 MODES=4 NETWORK=freenode KNOCK STATUSMSG=@+ CALLERID=g :are supported by this server
[04:07.32] -asimov.freenode.net- CASEMAPPING=rfc1459 CHARSET=ascii NICKLEN=16 CHANNELLEN=50 TOPICLEN=390 ETRACE CPRIVMSG CNOTICE DEAF=D MONITOR=100 FNC TARGMAX=NAMES:1,LIST:1,KICK:1,WHOIS:1,PRIVMSG:4,NOTICE:4,ACCEPT:,MONITOR: :are supported by this server
[04:07.32] -asimov.freenode.net- EXTBAN=$,ajrxz WHOX CLIENTVER=3.0 SAFELIST ELIST=CTU :are supported by this server
[04:07.32] -asimov.freenode.net- There are 185 users and 89069 invisible on 26 servers
[04:07.32] -asimov.freenode.net- There are 23 IRC Operators online
[04:07.32] -asimov.freenode.net- There are 4 unknown connection(s)
[04:07.32] -asimov.freenode.net- There are 50277 channels formed
[04:07.32] -asimov.freenode.net- I have 7442 clients and 1 servers
[04:07.32] -asimov.freenode.net- Current local users 7442, max 11441
[04:07.32] -asimov.freenode.net- Current global users 89254, max 102229
[04:07.32] -asimov.freenode.net- Highest connection count: 11442 (11441 clients) (2882783 connections received)
[04:07.32] -asimov.freenode.net- You have successfully connected to asimov.freenode.net
[04:07.32] * Your mode is now +i
[04:07.32] --NickServ-- This nickname is registered. Please choose a different nickname, or identify via /msg NickServ identify <password>.
[04:07.38] *** asimov.freenode.net [freenode-info] if you're at a conference and other people are having trouble connecting, please mention it to staff: ＋＋http://freenode.net/faq.shtml#gettinghelp，，
