Session Start: Sat Mar 07 02:30:57 2015
[02:30.54] ERROR: OnReceivedData Exception Error:Unable to read data from the transport connection: An established connection was aborted by the software in your host machine.
[02:30.54] ERROR: OnReceivedData Exception Error:Unable to read data from the tran[02:30.57] ERROR: Exception Error - Can not send:Unable to write data to the transport connection: An existing connection was forcibly closed by the remote host.
[02:30.58] -irc.freenode.net- Waiting 60 seconds to re-connect to (irc.freenode.net)
[02:30.58] -irc.freenode.net- *** Attempting to re-connect to irc.freenode.net
[02:30.58] -irc.freenode.net- *** Attempting to re-connect to irc.freenode.net
[02:30.58] ERROR: Socket Error 11001 :No such host is known - ＋＋http://msdn.microsoft.com/en-us/library/ms740668.aspx，， for further information
[02:30.58] ERROR: Socket Error 11001 :No such host is known - ＋＋http://msdn.microsoft.com/en-us/library/ms740668.aspx，， for further information
[02:30.58] -irc.freenode.net- Waiting 60 seconds to re-connect to (irc.freenode.net)
[02:30.58] -irc.freenode.net- *** Attempting to re-connect to irc.freenode.net
[02:30.58] ERROR: Socket Error 11001 :No such host is known - ＋＋http://msdn.microsoft.com/en-us/library/ms740668.aspx，， for further information
[02:30.58] -irc.freenode.net- Waiting 60 seconds to re-connect to (irc.freenode.net)
[02:30.58] -irc.freenode.net- Waiting 60 seconds to re-connect to (irc.freenode.net)
[02:30.58] -irc.freenode.net- Waiting 60 seconds to re-connect to (irc.freenode.net)
[02:30.59] -irc.freenode.net- Waiting 60 seconds to re-connect to (irc.freenode.net)
[02:30.59] -irc.freenode.net- *** Attempting to re-connect to irc.freenode.net
[02:30.59] ERROR: Socket Error 11001 :No such host is known - ＋＋http://msdn.microsoft.com/en-us/library/ms740668.aspx，， for further information
[02:30.59] -irc.freenode.net- *** Attempting to re-connect to irc.freenode.net
[02:30.59] -irc.freenode.net- *** Attempting to re-connect to irc.freenode.net
[02:31.00] ERROR: Socket Error 11001 :No such host is known - ＋＋http://msdn.microsoft.com/en-us/library/ms740668.aspx，， for further information
[02:31.00] ERROR: Socket Error 11001 :No such host is known - ＋＋http://msdn.microsoft.com/en-us/library/ms740668.aspx，， for further information
[02:31.00] -irc.freenode.net- *** Attempting to re-connect to irc.freenode.net
[02:31.00] -irc.freenode.net- Waiting 60 seconds to re-connect to (irc.freenode.net)
[02:31.00] ERROR: Socket Error 11001 :No such host is known - ＋＋http://msdn.microsoft.com/en-us/library/ms740668.aspx，， for further information
[02:31.00] -irc.freenode.net- Waiting 60 seconds to re-connect to (irc.freenode.net)
[02:31.00] -irc.freenode.net- Waiting 60 seconds to re-connect to (irc.freenode.net)
[02:31.00] -irc.freenode.net- *** Attempting to re-connect to irc.freenode.net
[02:31.01] ERROR: Socket Error 11001 :No such host is known - ＋＋http://msdn.microsoft.com/en-us/library/ms740668.aspx，， for further information
[02:31.01] -irc.freenode.net- *** Attempting to re-connect to irc.freenode.net
[02:31.01] -irc.freenode.net- Waiting 60 seconds to re-connect to (irc.freenode.net)
[02:31.01] -irc.freenode.net- *** Attempting to re-connect to irc.freenode.net
[02:31.01] ERROR: Socket Error 11001 :No such host is known - ＋＋http://msdn.microsoft.com/en-us/library/ms740668.aspx，， for further information
[02:31.01] ERROR: Socket Error 11001 :No such host is known - ＋＋http://msdn.microsoft.com/en-us/library/ms740668.aspx，， for further information
[02:31.01] -irc.freenode.net- Waiting 60 seconds to re-connect to (irc.freenode.net)
[02:31.01] -irc.freenode.net- Waiting 60 seconds to re-connect to (irc.freenode.net)
[02:31.01] -irc.freenode.net- Waiting 60 seconds to re-connect to (irc.freenode.net)
[02:31.01] -irc.freenode.net- *** Attempting to re-connect to irc.freenode.net
[02:31.01] -irc.freenode.net- *** Server disconnected on irc.freenode.net
[02:31.01] ERROR: Socket Error 11001 :No such host is known - ＋＋http://msdn.microsoft.com/en-us/library/ms740668.aspx，， for further information
[02:31.01] -irc.freenode.net- *** Attempting to re-connect to irc.freenode.net
[02:31.01] -irc.freenode.net- *** Attempting to re-connect to irc.freenode.net
[02:31.01] -irc.freenode.net- *** Attempting to re-connect to irc.freenode.net
[02:31.01] -irc.freenode.net- Waiting 60 seconds to re-connect to (irc.freenode.net)
[02:31.01] -irc.freenode.net- *** Attempting to connect to irc.freenode.net (192.186.157.43) on port 6667
[02:31.01] -irc.freenode.net- *** Attempting to connect to irc.freenode.net (192.186.157.43) on port 6667
[02:31.01] -irc.freenode.net- *** Attempting to connect to irc.freenode.net (38.229.70.22) on port 6667
[02:31.02] -irc.freenode.net- Sending User Registration Information
[02:31.12] -irc.freenode.net- Capabilities supported: account-notify extended-join identify-msg multi-prefix sasl
[02:31.12] -irc.freenode.net- Capabilities requested: account-notify extended-join multi-prefix
[02:31.12] -irc.freenode.net- Capabilities acknowledged: account-notify extended-join multi-prefix 
[02:31.12] -tepper.freenode.net- Welcome to the freenode Internet Relay Chat Network Rainb
[02:31.12] -tepper.freenode.net- Your host is tepper.freenode.net[192.186.157.43/6667], running version ircd-seven-1.1.3
[02:31.12] -tepper.freenode.net- This server was created Sun Jul 20 2014 at 01:18:10 UTC
[02:31.12] -tepper.freenode.net- tepper.freenode.net ircd-seven-1.1.3 DOQRSZaghilopswz CFILMPQSbcefgijklmnopqrstvz bkloveqjfI
[02:31.12] -tepper.freenode.net- CHANTYPES=# EXCEPTS INVEX CHANMODES=eIbq,k,flj,CFLMPQScgimnprstz CHANLIMIT=#:120 PREFIX=(ov)@+ MAXLIST=bqeI:100 MODES=4 NETWORK=freenode KNOCK STATUSMSG=@+ CALLERID=g :are supported by this server
[02:31.12] -tepper.freenode.net- CASEMAPPING=rfc1459 CHARSET=ascii NICKLEN=16 CHANNELLEN=50 TOPICLEN=390 ETRACE CPRIVMSG CNOTICE DEAF=D MONITOR=100 FNC TARGMAX=NAMES:1,LIST:1,KICK:1,WHOIS:1,PRIVMSG:4,NOTICE:4,ACCEPT:,MONITOR: :are supported by this server
[02:31.12] -tepper.freenode.net- EXTBAN=$,ajrxz WHOX CLIENTVER=3.0 SAFELIST ELIST=CTU :are supported by this server
[02:31.12] -tepper.freenode.net- There are 161 users and 82735 invisible on 26 servers
[02:31.12] -tepper.freenode.net- There are 24 IRC Operators online
[02:31.12] -tepper.freenode.net- There are 3 unknown connection(s)
[02:31.12] -tepper.freenode.net- There are 52477 channels formed
[02:31.12] -tepper.freenode.net- I have 3981 clients and 1 servers
[02:31.12] -tepper.freenode.net- Current local users 3981, max 4928
[02:31.12] -tepper.freenode.net- Current global users 82896, max 99056
[02:31.12] -tepper.freenode.net- Highest connection count: 4929 (4928 clients) (382707 connections received)
[02:31.12] -tepper.freenode.net- You have successfully connected to tepper.freenode.net
[02:31.12] * Your mode is now +i
[02:31.21] *** tepper.freenode.net [freenode-info] please register your nickname...don't forget to auto-identify! ＋＋http://freenode.net/faq.shtml#nicksetup，，
[09:31.23] ERROR: OnReceivedData Exception Error:Unable to read data from the transport connection: An established connection was aborted by the software in your host machine.
[09:31.24] -irc.freenode.net- Waiting 60 seconds to re-connect to (irc.freenode.net)
[09:31.24] -irc.freenode.net- *** Attempting to re-connect to irc.freenode.net
[09:31.24] ERROR: Socket Error 11001 :No such host is known - ＋＋http://msdn.microsoft.com/en-us/library/ms740668.aspx，， for further information
[09:31.24] -irc.freenode.net- *** Attempting to re-connect to irc.freenode.net
[09:31.24] -irc.freenode.net- *** Attempting to re-connect to irc.freenode.net
[09:31.25] -irc.freenode.net- *** Attempting to re-connect to irc.freenode.net
[09:31.25] ERROR: Socket Error 11001 :No such host is known - ＋＋http://msdn.microsoft.com/en-us/library/ms740668.aspx，， for further information
[09:31.25] ERROR: Socket Error 11001 :No such host is known - ＋＋http://msdn.microsoft.com/en-us/library/ms740668.aspx，， for further information
[09:31.25] ERROR: Socket Error 11001 :No such host is known - ＋＋http://msdn.microsoft.com/en-us/library/ms740668.aspx，， for further information
[09:31.25] ERROR: Socket Error 11001 :No such host is known - ＋＋http://msdn.microsoft.com/en-us/library/ms740668.aspx，， for further information
[09:31.25] -irc.freenode.net- Waiting 60 seconds to re-connect to (irc.freenode.net)
[09:31.25] -irc.freenode.net- Waiting 60 seconds to re-connect to (irc.freenode.net)
[09:31.25] -irc.freenode.net- Waiting 60 seconds to re-connect to (irc.freenode.net)
[09:31.25] -irc.freenode.net- *** Attempting to re-connect to irc.freenode.net
[09:31.25] -irc.freenode.net- *** Attempting to re-connect to irc.freenode.net
[09:31.25] -irc.freenode.net- Waiting 60 seconds to re-connect to (irc.freenode.net)
[09:31.25] ERROR: Socket Error 11001 :No such host is known - ＋＋http://msdn.microsoft.com/en-us/library/ms740668.aspx，， for further information
[09:31.25] ERROR: Socket Error 11001 :No such host is known - ＋＋http://msdn.microsoft.com/en-us/library/ms740668.aspx，， for further information
[09:31.25] -irc.freenode.net- *** Attempting to re-connect to irc.freenode.net
[09:31.25] -irc.freenode.net- Waiting 60 seconds to re-connect to (irc.freenode.net)
[09:31.25] -irc.freenode.net- Waiting 60 seconds to re-connect to (irc.freenode.net)
[09:31.25] ERROR: Socket Error 11001 :No such host is known - ＋＋http://msdn.microsoft.com/en-us/library/ms740668.aspx，， for further information
[09:31.25] -irc.freenode.net- *** Attempting to re-connect to irc.freenode.net
[09:31.26] -irc.freenode.net- *** Attempting to re-connect to irc.freenode.net
[09:31.26] -irc.freenode.net- *** Attempting to re-connect to irc.freenode.net
[09:31.26] ERROR: Socket Error 11001 :No such host is known - ＋＋http://msdn.microsoft.com/en-us/library/ms740668.aspx，， for further information
[09:31.26] ERROR: Socket Error 11001 :No such host is known - ＋＋http://msdn.microsoft.com/en-us/library/ms740668.aspx，， for further information
[09:31.26] ERROR: Socket Error 11001 :No such host is known - ＋＋http://msdn.microsoft.com/en-us/library/ms740668.aspx，， for further information
[09:31.26] -irc.freenode.net- Waiting 60 seconds to re-connect to (irc.freenode.net)
[09:31.26] -irc.freenode.net- Waiting 60 seconds to re-connect to (irc.freenode.net)
[09:31.26] -irc.freenode.net- Waiting 60 seconds to re-connect to (irc.freenode.net)
[09:31.26] -irc.freenode.net- *** Attempting to re-connect to irc.freenode.net
[09:31.26] ERROR: Socket Error 11001 :No such host is known - ＋＋http://msdn.microsoft.com/en-us/library/ms740668.aspx，， for further information
[09:31.26] -irc.freenode.net- Waiting 60 seconds to re-connect to (irc.freenode.net)
[09:31.26] -irc.freenode.net- *** Attempting to re-connect to irc.freenode.net
[09:31.26] ERROR: Socket Error 11001 :No such host is known - ＋＋http://msdn.microsoft.com/en-us/library/ms740668.aspx，， for further information
[09:31.26] -irc.freenode.net- Waiting 60 seconds to re-connect to (irc.freenode.net)
[09:31.26] -irc.freenode.net- *** Attempting to re-connect to irc.freenode.net
[09:31.26] -irc.freenode.net- *** Server disconnected on tepper.freenode.net
[09:31.26] ERROR: Socket Error 11001 :No such host is known - ＋＋http://msdn.microsoft.com/en-us/library/ms740668.aspx，， for further information
[09:31.26] -irc.freenode.net- *** Attempting to re-connect to irc.freenode.net
[09:31.26] ERROR: Socket Error 11001 :No such host is known - ＋＋http://msdn.microsoft.com/en-us/library/ms740668.aspx，， for further information
[09:31.26] -irc.freenode.net- *** Attempting to re-connect to irc.freenode.net
[09:31.26] -irc.freenode.net- Waiting 60 seconds to re-connect to (irc.freenode.net)
[09:31.26] -irc.freenode.net- Waiting 60 seconds to re-connect to (irc.freenode.net)
[09:31.26] -irc.freenode.net- Waiting 60 seconds to re-connect to (irc.freenode.net)
[09:31.26] ERROR: Socket Error 11001 :No such host is known - ＋＋http://msdn.microsoft.com/en-us/library/ms740668.aspx，， for further information
[09:31.26] -irc.freenode.net- Waiting 60 seconds to re-connect to (irc.freenode.net)
[09:31.26] -irc.freenode.net- Waiting 60 seconds to re-connect to (irc.freenode.net)
[09:31.27] -irc.freenode.net- *** Attempting to re-connect to irc.freenode.net
[09:31.27] ERROR: Socket Error 11001 :No such host is known - ＋＋http://msdn.microsoft.com/en-us/library/ms740668.aspx，， for further information
[09:31.27] -irc.freenode.net- *** Attempting to re-connect to irc.freenode.net
[09:31.27] -irc.freenode.net- *** Attempting to re-connect to irc.freenode.net
[09:31.27] -irc.freenode.net- *** Attempting to re-connect to irc.freenode.net
[09:31.27] ERROR: Socket Error 11001 :No such host is known - ＋＋http://msdn.microsoft.com/en-us/library/ms740668.aspx，， for further information
[09:31.27] ERROR: Socket Error 11001 :No such host is known - ＋＋http://msdn.microsoft.com/en-us/library/ms740668.aspx，， for further information
[09:31.27] ERROR: Socket Error 11001 :No such host is known - ＋＋http://msdn.microsoft.com/en-us/library/ms740668.aspx，， for further information
[09:31.27] -irc.freenode.net- Waiting 60 seconds to re-connect to (irc.freenode.net)
[09:31.27] -irc.freenode.net- Waiting 60 seconds to re-connect to (irc.freenode.net)
[09:31.27] -irc.freenode.net- Waiting 60 seconds to re-connect to (irc.freenode.net)
[09:31.27] -irc.freenode.net- Waiting 60 seconds to re-connect to (irc.freenode.net)
[09:31.27] -irc.freenode.net- *** Attempting to re-connect to irc.freenode.net
[09:31.27] ERROR: Socket Error 11001 :No such host is known - ＋＋http://msdn.microsoft.com/en-us/library/ms740668.aspx，， for further information
[09:31.27] -irc.freenode.net- *** Attempting to re-connect to irc.freenode.net
[09:31.27] -irc.freenode.net- *** Attempting to re-connect to irc.freenode.net
[09:31.27] -irc.freenode.net- *** Attempting to re-connect to irc.freenode.net
[09:31.28] ERROR: Socket Error 11001 :No such host is known - ＋＋http://msdn.microsoft.com/en-us/library/ms740668.aspx，， for further information
[09:31.28] ERROR: Socket Error 11001 :No such host is known - ＋＋http://msdn.microsoft.com/en-us/library/ms740668.aspx，， for further information
[09:31.28] ERROR: Socket Error 11001 :No such host is known - ＋＋http://msdn.microsoft.com/en-us/library/ms740668.aspx，， for further information
[09:31.28] -irc.freenode.net- Waiting 60 seconds to re-connect to (irc.freenode.net)
[09:31.28] -irc.freenode.net- Waiting 60 seconds to re-connect to (irc.freenode.net)
[09:31.28] -irc.freenode.net- Waiting 60 seconds to re-connect to (irc.freenode.net)
[09:31.28] -irc.freenode.net- Waiting 60 seconds to re-connect to (irc.freenode.net)
[09:31.28] -irc.freenode.net- Waiting 60 seconds to re-connect to (irc.freenode.net)
[09:31.28] -irc.freenode.net- *** Attempting to re-connect to irc.freenode.net
[09:31.28] -irc.freenode.net- *** Attempting to re-connect to irc.freenode.net
[09:31.28] -irc.freenode.net- *** Attempting to re-connect to irc.freenode.net
[09:31.28] -irc.freenode.net- *** Attempting to re-connect to irc.freenode.net
[09:31.29] -irc.freenode.net- *** Attempting to connect to irc.freenode.net (174.143.119.91) on port 6667
[09:31.29] -irc.freenode.net- *** Attempting to connect to irc.freenode.net (174.143.119.91) on port 6667
[09:31.29] -irc.freenode.net- *** Attempting to connect to irc.freenode.net (174.143.119.91) on port 6667
[09:31.29] -irc.freenode.net- *** Attempting to connect to irc.freenode.net (38.229.70.22) on port 6667
[09:31.29] -irc.freenode.net- *** Attempting to re-connect to irc.freenode.net
[09:31.29] -irc.freenode.net- *** Attempting to re-connect to irc.freenode.net
[09:31.29] -irc.freenode.net- *** Attempting to re-connect to irc.freenode.net
[09:31.29] -irc.freenode.net- *** Attempting to re-connect to irc.freenode.net
[09:31.29] -irc.freenode.net- *** Attempting to connect to irc.freenode.net (91.217.189.44) on port 6667
[09:31.29] -irc.freenode.net- *** Attempting to connect to irc.freenode.net (91.217.189.44) on port 6667
[09:31.29] -irc.freenode.net- *** Attempting to re-connect to irc.freenode.net
[09:31.29] -irc.freenode.net- *** Attempting to re-connect to irc.freenode.net
217.189.44) on port 6667
[09:31.29] -irc.freenode.net- *** Attempting to re-connect to irc.freenode.net
217.189.44) on port 6667
[09:31.29] -irc.freenode.net- *** Attempting to connect to irc.freenode.net (91.217.189.44) on port 6667
[09:31.29] -irc.freenode.net- *** Attempting to connect to irc.freenode.net (84.240.3.129) on port 6667
[09:31.29] -irc.freenode.net- *** Attempting to connect to irc.freenode.net (84.240.3.129) on port 6667

[09:31.29] -irc.freenode.net- *** Attempting to connect to irc.freenode.net (91.217.189.44) on port 6667
[09:31.29] -irc.freenode.net- *** Attempting to re-connect to irc.freenode.net
[09:31.29] -irc.freenode.net- *** Attempting to re-connect to irc.freenode.net
[09:31.29] -irc.freenode.net- *** Attempting to connect to irc.freenode.net (91.217.189.42) on port 6667
[09:31.29] -irc.freenode.net- *** Attempting to re-connect to irc.freenode.net
[09:31.29] -irc.freenode.net- *** Attempting to connect to irc.freenode.net (82.96.64.4) on port 6667
[09:31.29] ERROR: Exception Error: The IAsyncResult object was not returned from the corresponding asynchronous method on this class.
[09:31.29] ERROR: Parameter name: asyncResult
[09:31.29] -irc.freenode.net- *** Attempting to connect to irc.freenode.net (82.96.64.4) on port 6667
[09:31.29] -irc.freenode.net- Waiting 60 seconds to re-connect to (irc.freenode.net)
[09:31.29] ERROR: Exception Error: The IAsyncResult object was not returned from the corresponding asynchronous method on this class.
[09:31.29] ERROR: Exception Error: The IAsyncResult object was not returned from the corresponding asynchronous method on this class.
[09:31.29] ERROR: Parameter name: asyncResult
[09:31.29] ERROR: Null Socket - Can not Connect
[09:31.30] -irc.freenode.net- Waiting 60 seconds to re-connect to (irc.freenode.net)
[09:31.30] ERROR: Null Socket - Can not Connect
[09:31.30] ERROR: Parameter name: asyncResult
[09:31.30] ERROR: Null Socket - Can not Connect
[09:31.30] -irc.freenode.net- Waiting 60 seconds to re-connect to (irc.freenode.net)
[09:31.30] -irc.freenode.net- *** Attempting to re-connect to irc.freenode.net
[09:31.30] -irc.freenode.net- *** Attempting to connect to irc.freenode.net (192.186.157.43) on port 6667
[09:31.30] -irc.freenode.net- *** Attempting to re-connect to irc.freenode.net
[09:31.30] -irc.freenode.net- *** Attempting to connect to irc.freenode.net (31.13.222.109) on port 6667
[09:31.30] -irc.freenode.net- *** Attempting to re-connect to irc.freenode.net
[09:31.30] -irc.freenode.net- *** Attempting to connect to irc.freenode.net (162.213.39.42) on port 6667
[09:31.30] ERROR: Exception Error: The IAsyncResult object was not returned from the corresponding asynchronous method on this class.
[09:31.30] ERROR: Parameter name: asyncResult
[09:31.30] -irc.freenode.net- Waiting 60 seconds to re-connect to (irc.freenode.net)
[09:31.30] ERROR: Null Socket - Can not Connect
[09:31.30] ERROR: Null Socket - Can not Connect
[12:01.16] -irc.freenode.net- *** Attempting to connect to irc.freenode.net (91.217.189.42) on port 6667
[12:01.16] -irc.freenode.net- Sending User Registration Information
[12:01.17] --sinisalo.freenode.net-- *** Looking up your hostname...
[12:01.17] --sinisalo.freenode.net-- *** Checking Ident
[12:01.17] --sinisalo.freenode.net-- *** Couldn't look up your hostname
[12:01.22] --sinisalo.freenode.net-- *** No Ident response
[12:01.23] -irc.freenode.net- Capabilities supported: account-notify extended-join identify-msg multi-prefix sasl
[12:01.23] -irc.freenode.net- Capabilities requested: account-notify extended-join multi-prefix
[12:01.23] -irc.freenode.net- Capabilities acknowledged: account-notify extended-join multi-prefix 
[12:01.23] -sinisalo.freenode.net- Welcome to the freenode Internet Relay Chat Network Rainb
[12:01.24] -sinisalo.freenode.net- Your host is sinisalo.freenode.net[91.217.189.42/6667], running version ircd-seven-1.1.3
[12:01.24] -sinisalo.freenode.net- This server was created Tue Jul 1 2014 at 14:17:05 CEST
[12:01.24] -sinisalo.freenode.net- sinisalo.freenode.net ircd-seven-1.1.3 DOQRSZaghilopswz CFILMPQSbcefgijklmnopqrstvz bkloveqjfI
[12:01.24] -sinisalo.freenode.net- CHANTYPES=# EXCEPTS INVEX CHANMODES=eIbq,k,flj,CFLMPQScgimnprstz CHANLIMIT=#:120 PREFIX=(ov)@+ MAXLIST=bqeI:100 MODES=4 NETWORK=freenode KNOCK STATUSMSG=@+ CALLERID=g :are supported by this server
[12:01.24] -sinisalo.freenode.net- CASEMAPPING=rfc1459 CHARSET=ascii NICKLEN=16 CHANNELLEN=50 TOPICLEN=390 ETRACE CPRIVMSG CNOTICE DEAF=D MONITOR=100 FNC TARGMAX=NAMES:1,LIST:1,KICK:1,WHOIS:1,PRIVMSG:4,NOTICE:4,ACCEPT:,MONITOR: :are supported by this server
[12:01.24] -sinisalo.freenode.net- EXTBAN=$,ajrxz WHOX CLIENTVER=3.0 SAFELIST ELIST=CTU :are supported by this server
[12:01.24] -sinisalo.freenode.net- There are 169 users and 88750 invisible on 26 servers
[12:01.24] -sinisalo.freenode.net- There are 24 IRC Operators online
[12:01.24] -sinisalo.freenode.net- There are 10 unknown connection(s)
[12:01.24] -sinisalo.freenode.net- There are 53010 channels formed
[12:01.24] -sinisalo.freenode.net- I have 4570 clients and 2 servers
[12:01.24] -sinisalo.freenode.net- Current local users 4570, max 12000
[12:01.24] -sinisalo.freenode.net- Current global users 88919, max 105669
[12:01.24] -sinisalo.freenode.net- Highest connection count: 12012 (12000 clients) (2293360 connections received)
[12:01.24] -sinisalo.freenode.net- You have successfully connected to sinisalo.freenode.net
[12:01.24] * Your mode is now +i
[12:01.24] --NickServ-- This nickname is registered. Please choose a different nickname, or identify via /msg NickServ identify <password>.
[12:01.29] Rainb resolved to 181.50.196.58
[12:01.30] *** sinisalo.freenode.net [freenode-info] channel trolls and no channel staff around to help? please check with freenode support: ＋＋http://freenode.net/faq.shtml#gettinghelp，，
[12:01.32] *** sinisalo.freenode.net [freenode-info] help freenode weed out clonebots -- please register your IRC nick and auto-identify: ＋＋http://freenode.net/faq.shtml#nicksetup，，
[12:01.32] --ChanServ-- [##economics] Hiya. Welcome to ##economics -- Freenode's channel based upon economic policy,basics,macro,micro,markets,trading & math in economics. Enjoy your stay ! Econbot makes stats @ ＋＋http://www.teralaser.net/economics/stats/，， but no public logs
[12:01.32] --ChanServ-- [##science] Don't ask to ask, just ask your question. | Channel rules: ＋＋https://j.mp/72ZKFnZ，，
[12:01.32] --ChanServ-- [##physics] Don't ask to ask... ask!
[12:01.32] --ChanServ-- [##namespace] You've been forwarded to ##namespace by attempting to join a channel which doesn't exist on freenode.  This may be because the channel has moved to the correct namespace or off the network.  Please see ＋＋http://freenode.net/policy.shtml#channelnaming，， for our channel naming policy.
[12:01.32] --ChanServ-- [##windows] Keep it polite, reasonable, constructive. Guidelines: ＋＋http://www.freenode-windows.org/channel-guidelines，，
[12:01.32] --ChanServ-- [##deutsch] Welcome! Ask your question and be patient :D | Willkommen! Stell deine Frage und sei geduldig :)
[12:01.34] --Partial_Ghoul-- logged in with account (Partial_Ghoul)
[12:03.34] --exixt-- logged in with account (exixt)
[12:11.34] --Gr1zzly-- logged in with account (Gr1zzly)
[12:12.24] --arup_r-- logged in with account (arup_r)
[12:12.45] --z0kk-- logged in with account (z0kk)
[12:17.29] --sdothum-- logged in with account (sdothum)
[12:18.04] --BrandonB-- logged in with account (BRandonB)
[12:18.29] --oleo-- logged in with account (oleo)
[12:22.13] --ystael-- logged in with account (ystael)
[12:22.51] --Mmango-- logged in with account (asdfasdffdsa)
[12:26.12] --Merkss-- logged in with account (Merkss)
[12:28.04] --asarch-- logged in with account (asarch)
[12:33.28] --garFF-- logged in with account (garFF)
[12:34.19] --edlinde-- logged in with account (edlinde)
[12:36.39] --VegetarianFalcon-- logged in with account (VegetarianFalcon)
[12:37.13] --CvP-- logged in with account (CvP)
[12:40.37] --Nazgul-- logged in with account (Nazgul)
[12:42.36] --dark_cat-- logged in with account (ph0ne)
[12:45.01] * You have left ##history - You will be missed ()
[12:48.28] --KornKage-- logged in with account (KornKage)
[12:49.05] --Nazgul-- logged in with account (Nazgul)
[12:50.37] --Merkss-- logged in with account (Merkss)
[12:54.10] --Pyrotek-- logged in with account (Pyrotek)
[01:04.24] --anthrnm-- logged in with account (anthrnm)
[01:04.26] --aureianimus-- logged in with account (AureiAnimus)
[01:07.21] --dantarion-- logged in with account (dantarion)
[01:10.49] --UberLambda-- logged in with account (UberLambda)
[03:58.13] ERROR: OnReceivedData Exception Error:Unable to read data from the transport connection: An established connection was aborted by the software in your host machine.
[03:58.13] -irc.freenode.net- Waiting 60 seconds to re-connect to (irc.freenode.net)
[03:58.13] -irc.freenode.net- *** Attempting to re-connect to irc.freenode.net
[03:58.13] ERROR: Socket Error 11001 :No such host is known - ＋＋http://msdn.microsoft.com/en-us/library/ms740668.aspx，， for further information
[03:58.13] -irc.freenode.net- Waiting 60 seconds to re-connect to (irc.freenode.net)
[03:58.14] -irc.freenode.net- *** Attempting to re-connect to irc.freenode.net
[03:58.14] ERROR: Socket Error 11001 :No such host is known - ＋＋http://msdn.microsoft.com/en-us/library/ms740668.aspx，， for further information
[03:58.14] -irc.freenode.net- Waiting 60 seconds to re-connect to (irc.freenode.net)
[03:58.14] -irc.freenode.net- *** Server disconnected on irc.freenode.net
[03:58.14] -irc.freenode.net- *** Attempting to re-connect to irc.freenode.net
[03:58.17] ERROR: Socket Error 11001 :No such host is known - ＋＋http://msdn.microsoft.com/en-us/library/ms740668.aspx，， for further information
[03:58.17] -irc.freenode.net- Waiting 60 seconds to re-connect to (irc.freenode.net)
[03:58.17] -irc.freenode.net- *** Attempting to re-connect to irc.freenode.net
[03:58.17] ERROR: Socket Error 11001 :No such host is known - ＋＋http://msdn.microsoft.com/en-us/library/ms740668.aspx，， for further information
[03:58.17] -irc.freenode.net- *** Attempting to re-connect to irc.freenode.net
[03:58.17] ERROR: Socket Error 11001 :No such host is known - ＋＋http://msdn.microsoft.com/en-us/library/ms740668.aspx，， for further information
[03:58.18] -irc.freenode.net- Waiting 60 seconds to re-connect to (irc.freenode.net)
[03:58.18] -irc.freenode.net- Waiting 60 seconds to re-connect to (irc.freenode.net)
[03:58.18] -irc.freenode.net- *** Attempting to re-connect to irc.freenode.net
[03:58.20] -irc.freenode.net- *** Attempting to re-connect to irc.freenode.net
[03:58.20] -irc.freenode.net- *** Attempting to re-connect to irc.freenode.net
[03:58.20] -irc.freenode.net- *** Attempting to re-connect to irc.freenode.net
[03:58.20] -irc.freenode.net- *** Attempting to connect to irc.freenode.net (148.251.187.147) on port 6667
[03:58.20] -irc.freenode.net- *** Attempting to connect to irc.freenode.net (148.251.187.147) on port 6667
[03:58.20] -irc.freenode.net- *** Attempting to connect to irc.freenode.net (148.251.187.147) on port 6667
[03:58.20] -irc.freenode.net- *** Attempting to re-connect to irc.freenode.net
[03:58.20] -irc.freenode.net- *** Attempting to connect to irc.freenode.net (174.143.119.91) on port 6667
[03:58.20] -irc.freenode.net- *** Attempting to re-connect to irc.freenode.net
[03:58.20] -irc.freenode.net- *** Attempting to connect to irc.freenode.net (174.143.119.91) on port 6667
[03:58.20] -irc.freenode.net- *** Attempting to re-connect to irc.freenode.net
[03:58.20] -irc.freenode.net- *** Attempting to connect to irc.freenode.net (84.240.3.129) on port 6667
[03:58.20] -irc.freenode.net- *** Attempting to re-connect to irc.freenode.net
[03:58.20] -irc.freenode.net- *** Attempting to re-connect to irc.freenode.net
[03:58.20] -irc.freenode.net- *** Attempting to connect to irc.freenode.net (91.217.189.44) on port 6667
[03:58.20] ERROR: Exception Error: The IAsyncResult object was not returned from the corresponding asynchronous method on this class.
[03:58.20] -irc.freenode.net- *** Attempting to connect to irc.freenode.net (91.217.189.44) on port 6667
[03:58.20] -irc.freenode.net- *** Attempting to connect to irc.freenode.net (91.217.189.44) on port 6667
[03:58.20] ERROR: Parameter name: asyncResult
[03:58.20] -irc.freenode.net- Waiting 60 seconds to re-connect to (irc.freenode.net)
[03:58.20] ERROR: Null Socket - Can not Connect
[03:58.20] ERROR: Null Socket - Can not Connect
[03:58.20] ERROR: Null Socket - Can not Connect
[03:58.20] ERROR: Null Socket - Can not Connect
