Session Start: Sat Feb 21 12:36:31 2015
[12:36.31] -irc.freenode.net- *** Attempting to connect to irc.freenode.net (174.143.119.91) on port 6667
[12:36.31] -irc.freenode.net- Sending User Registration Information
[12:36.31] --asimov.freenode.net-- *** Looking up your hostname...
[12:36.31] --asimov.freenode.net-- *** Checking Ident
[12:36.32] --asimov.freenode.net-- *** Couldn't look up your hostname
[12:36.38] -irc.freenode.net- Capabilities supported: account-notify extended-join identify-msg multi-prefix sasl
[12:36.38] -irc.freenode.net- Capabilities requested: account-notify extended-join multi-prefix
[12:36.38] -irc.freenode.net- Capabilities acknowledged: account-notify extended-join multi-prefix 
[12:36.38] -asimov.freenode.net- Welcome to the freenode Internet Relay Chat Network Rainb
[12:36.38] -asimov.freenode.net- Your host is asimov.freenode.net[174.143.119.91/6667], running version ircd-seven-1.1.3
[12:36.38] -asimov.freenode.net- This server was created Tue Jul 22 2014 at 13:52:16 UTC
[12:36.38] -asimov.freenode.net- asimov.freenode.net ircd-seven-1.1.3 DOQRSZaghilopswz CFILMPQSbcefgijklmnopqrstvz bkloveqjfI
[12:36.38] -asimov.freenode.net- CHANTYPES=# EXCEPTS INVEX CHANMODES=eIbq,k,flj,CFLMPQScgimnprstz CHANLIMIT=#:120 PREFIX=(ov)@+ MAXLIST=bqeI:100 MODES=4 NETWORK=freenode KNOCK STATUSMSG=@+ CALLERID=g :are supported by this server
[12:36.38] -asimov.freenode.net- CASEMAPPING=rfc1459 CHARSET=ascii NICKLEN=16 CHANNELLEN=50 TOPICLEN=390 ETRACE CPRIVMSG CNOTICE DEAF=D MONITOR=100 FNC TARGMAX=NAMES:1,LIST:1,KICK:1,WHOIS:1,PRIVMSG:4,NOTICE:4,ACCEPT:,MONITOR: :are supported by this server
[12:36.38] -asimov.freenode.net- EXTBAN=$,ajrxz WHOX CLIENTVER=3.0 SAFELIST ELIST=CTU :are supported by this server
[12:36.38] -asimov.freenode.net- There are 186 users and 89951 invisible on 26 servers
[12:36.38] -asimov.freenode.net- There are 24 IRC Operators online
[12:36.38] -asimov.freenode.net- There are 12 unknown connection(s)
[12:36.38] -asimov.freenode.net- There are 51386 channels formed
[12:36.38] -asimov.freenode.net- I have 6882 clients and 1 servers
[12:36.38] -asimov.freenode.net- Current local users 6882, max 11441
[12:36.38] -asimov.freenode.net- Current global users 90137, max 102229
[12:36.38] -asimov.freenode.net- Highest connection count: 11442 (11441 clients) (2969898 connections received)
[12:36.38] -asimov.freenode.net- You have successfully connected to asimov.freenode.net
[12:36.38] * Your mode is now +i
[12:36.53] ERROR: #history ##history :Forwarding to another channel
[04:36.12] ERROR: OnReceivedData Exception Error:Unable to read data from the transport connection: An established connection was aborted by the software in your host machine.
[04:36.15] -irc.freenode.net- Waiting 60 seconds to re-connect to (irc.freenode.net)
[04:36.15] -irc.freenode.net- *** Server disconnected on irc.freenode.net
[04:36.15] -irc.freenode.net- *** Attempting to re-connect to irc.freenode.net
[04:36.15] ERROR: Socket Error 11001 :No such host is known - ＋＋http://msdn.microsoft.com/en-us/library/ms740668.aspx，， for further information
[04:36.15] -irc.freenode.net- *** Attempting to re-connect to irc.freenode.net
[04:36.15] ERROR: Socket Error 11001 :No such host is known - ＋＋http://msdn.microsoft.com/en-us/library/ms740668.aspx，， for further information
[04:36.15] -irc.freenode.net- Waiting 60 seconds to re-connect to (irc.freenode.net)
[04:36.15] -irc.freenode.net- *** Attempting to re-connect to irc.freenode.net
[04:36.15] ERROR: Socket Error 11001 :No such host is known - ＋＋http://msdn.microsoft.com/en-us/library/ms740668.aspx，， for further information
[04:36.15] -irc.freenode.net- Waiting 60 seconds to re-connect to (irc.freenode.net)
[04:36.15] -irc.freenode.net- *** Attempting to re-connect to irc.freenode.net
[04:36.15] ERROR: Socket Error 11001 :No such host is known - ＋＋http://msdn.microsoft.com/en-us/library/ms740668.aspx，， for further information
[04:36.15] -irc.freenode.net- Waiting 60 seconds to re-connect to (irc.freenode.net)
[04:36.15] -irc.freenode.net- *** Attempting to re-connect to irc.freenode.net
[04:36.15] ERROR: Socket Error 11001 :No such host is known - ＋＋http://msdn.microsoft.com/en-us/library/ms740668.aspx，， for further information
[04:36.15] -irc.freenode.net- Waiting 60 seconds to re-connect to (irc.freenode.net)
[04:36.15] -irc.freenode.net- *** Attempting to re-connect to irc.freenode.net
[04:36.15] ERROR: Socket Error 11001 :No such host is known - ＋＋http://msdn.microsoft.com/en-us/library/ms740668.aspx，， for further information
[04:36.15] -irc.freenode.net- Waiting 60 seconds to re-connect to (irc.freenode.net)
[04:36.16] -irc.freenode.net- *** Attempting to re-connect to irc.freenode.net
[04:36.16] ERROR: Socket Error 11001 :No such host is known - ＋＋http://msdn.microsoft.com/en-us/library/ms740668.aspx，， for further information
[04:36.16] -irc.freenode.net- Waiting 60 seconds to re-connect to (irc.freenode.net)
[04:36.16] -irc.freenode.net- Waiting 60 seconds to re-connect to (irc.freenode.net)
[04:36.16] -irc.freenode.net- *** Attempting to re-connect to irc.freenode.net
[04:36.16] ERROR: Socket Error 11001 :No such host is known - ＋＋http://msdn.microsoft.com/en-us/library/ms740668.aspx，， for further information
[04:36.16] -irc.freenode.net- Waiting 60 seconds to re-connect to (irc.freenode.net)
[04:36.16] -irc.freenode.net- *** Attempting to re-connect to irc.freenode.net
[04:36.16] ERROR: Socket Error 11001 :No such host is known - ＋＋http://msdn.microsoft.com/en-us/library/ms740668.aspx，， for further information
[04:36.16] -irc.freenode.net- *** Attempting to re-connect to irc.freenode.net
[04:36.16] ERROR: Socket Error 11001 :No such host is known - ＋＋http://msdn.microsoft.com/en-us/library/ms740668.aspx，， for further information
[04:36.16] -irc.freenode.net- Waiting 60 seconds to re-connect to (irc.freenode.net)
[04:36.16] -irc.freenode.net- Waiting 60 seconds to re-connect to (irc.freenode.net)
[04:36.16] -irc.freenode.net- *** Attempting to re-connect to irc.freenode.net
[04:36.16] ERROR: Socket Error 11001 :No such host is known - ＋＋http://msdn.microsoft.com/en-us/library/ms740668.aspx，， for further information
[04:36.16] -irc.freenode.net- *** Attempting to re-connect to irc.freenode.net
[04:36.16] -irc.freenode.net- Waiting 60 seconds to re-connect to (irc.freenode.net)
[04:36.16] ERROR: Socket Error 11001 :No such host is known - ＋＋http://msdn.microsoft.com/en-us/library/ms740668.aspx，， for further information
[04:36.16] -irc.freenode.net- *** Attempting to re-connect to irc.freenode.net
[04:36.16] ERROR: Socket Error 11001 :No such host is known - ＋＋http://msdn.microsoft.com/en-us/library/ms740668.aspx，， for further information
[04:36.16] -irc.freenode.net- Waiting 60 seconds to re-connect to (irc.freenode.net)
[04:36.16] -irc.freenode.net- *** Attempting to re-connect to irc.freenode.net
[04:36.16] ERROR: Socket Error 11001 :No such host is known - ＋＋http://msdn.microsoft.com/en-us/library/ms740668.aspx，， for further information
[04:36.16] -irc.freenode.net- *** Attempting to re-connect to irc.freenode.net
[04:36.16] -irc.freenode.net- Waiting 60 seconds to re-connect to (irc.freenode.net)
[04:36.16] ERROR: Socket Error 11001 :No such host is known - ＋＋http://msdn.microsoft.com/en-us/library/ms740668.aspx，， for further information
[04:36.17] -irc.freenode.net- *** Attempting to re-connect to irc.freenode.net
[04:36.17] ERROR: Socket Error 11001 :No such host is known - ＋＋http://msdn.microsoft.com/en-us/library/ms740668.aspx，， for further information
[04:36.17] -irc.freenode.net- Waiting 60 seconds to re-connect to (irc.freenode.net)
[04:36.17] -irc.freenode.net- *** Attempting to re-connect to irc.freenode.net
[04:36.17] ERROR: Socket Error 11001 :No such host is known - ＋＋http://msdn.microsoft.com/en-us/library/ms740668.aspx，， for further information
[04:36.17] -irc.freenode.net- Waiting 60 seconds to re-connect to (irc.freenode.net)
[04:36.17] -irc.freenode.net- *** Attempting to re-connect to irc.freenode.net
[04:36.17] -irc.freenode.net- Waiting 60 seconds to re-connect to (irc.freenode.net)
[04:36.17] -irc.freenode.net- Waiting 60 seconds to re-connect to (irc.freenode.net)
[04:36.17] -irc.freenode.net- *** Attempting to re-connect to irc.freenode.net
[04:36.17] -irc.freenode.net- *** Attempting to re-connect to irc.freenode.net
[04:36.17] -irc.freenode.net- *** Attempting to re-connect to irc.freenode.net
[04:36.17] ERROR: Socket Error 11001 :No such host is known - ＋＋http://msdn.microsoft.com/en-us/library/ms740668.aspx，， for further information
[04:36.18] -irc.freenode.net- *** Attempting to connect to irc.freenode.net (174.143.119.91) on port 6667
[04:36.18] -irc.freenode.net- *** Attempting to re-connect to irc.freenode.net
[04:36.18] -irc.freenode.net- *** Attempting to connect to irc.freenode.net (174.143.119.91) on port 6667
[04:36.18] -irc.freenode.net- *** Attempting to connect to irc.freenode.net (195.148.124.79) on port 6667
[04:36.18] -irc.freenode.net- Waiting 60 seconds to re-connect to (irc.freenode.net)
[04:36.18] -irc.freenode.net- *** Attempting to re-connect to irc.freenode.net
[04:36.18] -irc.freenode.net- *** Attempting to connect to irc.freenode.net (82.96.64.4) on port 6667
[04:36.18] -irc.freenode.net- *** Attempting to connect to irc.freenode.net (82.96.64.4) on port 6667
[04:36.18] ERROR: Exception Error: The IAsyncResult object was not returned from the corresponding asynchronous method on this class.
[04:36.19] ERROR: Parameter name: asyncResult
[04:36.19] -irc.freenode.net- Waiting 60 seconds to re-connect to (irc.freenode.net)
[04:36.19] ERROR: Null Socket - Can not Connect
[04:36.19] ERROR: Null Socket - Can not Connect
[06:48.06] -irc.freenode.net- *** Attempting to connect to irc.freenode.net (91.217.189.42) on port 6667
[06:48.06] -irc.freenode.net- Sending User Registration Information
[06:48.07] --sinisalo.freenode.net-- *** Looking up your hostname...
[06:48.07] --sinisalo.freenode.net-- *** Checking Ident
[06:48.07] --sinisalo.freenode.net-- *** Couldn't look up your hostname
[06:48.14] -irc.freenode.net- Capabilities supported: account-notify extended-join identify-msg multi-prefix sasl
[06:48.14] -irc.freenode.net- Capabilities requested: account-notify extended-join multi-prefix
[06:48.14] -irc.freenode.net- Capabilities acknowledged: account-notify extended-join multi-prefix 
[06:48.14] -sinisalo.freenode.net- Welcome to the freenode Internet Relay Chat Network Rainb
[06:48.15] -sinisalo.freenode.net- Your host is sinisalo.freenode.net[91.217.189.42/6667], running version ircd-seven-1.1.3
[06:48.15] -sinisalo.freenode.net- This server was created Tue Jul 1 2014 at 14:17:05 CEST
[06:48.15] -sinisalo.freenode.net- sinisalo.freenode.net ircd-seven-1.1.3 DOQRSZaghilopswz CFILMPQSbcefgijklmnopqrstvz bkloveqjfI
[06:48.15] -sinisalo.freenode.net- CHANTYPES=# EXCEPTS INVEX CHANMODES=eIbq,k,flj,CFLMPQScgimnprstz CHANLIMIT=#:120 PREFIX=(ov)@+ MAXLIST=bqeI:100 MODES=4 NETWORK=freenode KNOCK STATUSMSG=@+ CALLERID=g :are supported by this server
[06:48.15] -sinisalo.freenode.net- CASEMAPPING=rfc1459 CHARSET=ascii NICKLEN=16 CHANNELLEN=50 TOPICLEN=390 ETRACE CPRIVMSG CNOTICE DEAF=D MONITOR=100 FNC TARGMAX=NAMES:1,LIST:1,KICK:1,WHOIS:1,PRIVMSG:4,NOTICE:4,ACCEPT:,MONITOR: :are supported by this server
[06:48.15] -sinisalo.freenode.net- EXTBAN=$,ajrxz WHOX CLIENTVER=3.0 SAFELIST ELIST=CTU :are supported by this server
[06:48.15] -sinisalo.freenode.net- There are 180 users and 87321 invisible on 26 servers
[06:48.15] -sinisalo.freenode.net- There are 24 IRC Operators online
[06:48.15] -sinisalo.freenode.net- There are 9 unknown connection(s)
[06:48.15] -sinisalo.freenode.net- There are 51258 channels formed
[06:48.15] -sinisalo.freenode.net- I have 4775 clients and 4 servers
[06:48.15] -sinisalo.freenode.net- Current local users 4775, max 12000
[06:48.15] -sinisalo.freenode.net- Current global users 87501, max 105669
[06:48.15] -sinisalo.freenode.net- Highest connection count: 12012 (12000 clients) (2071868 connections received)
[06:48.15] -sinisalo.freenode.net- You have successfully connected to sinisalo.freenode.net
[06:48.15] * Your mode is now +i
[06:48.21] *** sinisalo.freenode.net [freenode-info] channel flooding and no channel staff around to help? Please check with freenode support: ＋＋http://freenode.net/faq.shtml#gettinghelp，，
[06:48.35] ERROR: #windows ##windows :Forwarding to another channel
[07:19.46] ERROR: #Deutsch ##deutsch :Forwarding to another channel
[10:03.23] ERROR: OnReceivedData Exception Error:Unable to read data from the transport connection: An established connection was aborted by the software in your host machine.
[10:03.25] -irc.freenode.net- Waiting 60 seconds to re-connect to (irc.freenode.net)
[10:03.25] -irc.freenode.net- *** Attempting to re-connect to irc.freenode.net
[10:03.25] ERROR: Socket Error 11001 :No such host is known - ＋＋http://msdn.microsoft.com/en-us/library/ms740668.aspx，， for further information
[10:03.25] -irc.freenode.net- Waiting 60 seconds to re-connect to (irc.freenode.net)
[10:03.25] -irc.freenode.net- *** Attempting to re-connect to irc.freenode.net
[10:03.25] ERROR: Socket Error 11001 :No such host is known - ＋＋http://msdn.microsoft.com/en-us/library/ms740668.aspx，， for further information
[10:03.25] -irc.freenode.net- *** Attempting to re-connect to irc.freenode.net
[10:03.25] ERROR: Socket Error 11001 :No such host is known - ＋＋http://msdn.microsoft.com/en-us/library/ms740668.aspx，， for further information
[10:03.25] -irc.freenode.net- Waiting 60 seconds to re-connect to (irc.freenode.net)
[10:03.25] -irc.freenode.net- *** Attempting to re-connect to irc.freenode.net
[10:03.25] ERROR: Socket Error 11001 :No such host is known - ＋＋http://msdn.microsoft.com/en-us/library/ms740668.aspx，， for further information
[10:03.26] -irc.freenode.net- *** Attempting to re-connect to irc.freenode.net
[10:03.26] -irc.freenode.net- Waiting 60 seconds to re-connect to (irc.freenode.net)
[10:03.26] ERROR: Socket Error 11001 :No such host is known - ＋＋http://msdn.microsoft.com/en-us/library/ms740668.aspx，， for further information
[10:03.26] -irc.freenode.net- Waiting 60 seconds to re-connect to (irc.freenode.net)
[10:03.26] -irc.freenode.net- *** Attempting to re-connect to irc.freenode.net
[10:03.26] ERROR: Socket Error 11001 :No such host is known - ＋＋http://msdn.microsoft.com/en-us/library/ms740668.aspx，， for further information
[10:03.26] -irc.freenode.net- *** Attempting to re-connect to irc.freenode.net
[10:03.26] -irc.freenode.net- Waiting 60 seconds to re-connect to (irc.freenode.net)
[10:03.26] -irc.freenode.net- Waiting 60 seconds to re-connect to (irc.freenode.net)
[10:03.26] -irc.freenode.net- *** Attempting to re-connect to irc.freenode.net
[10:03.26] -irc.freenode.net- *** Attempting to re-connect to irc.freenode.net
[10:03.26] -irc.freenode.net- *** Attempting to re-connect to irc.freenode.net
[10:03.26] -irc.freenode.net- *** Attempting to connect to irc.freenode.net (185.30.166.35) on port 6667
[10:03.26] -irc.freenode.net- *** Attempting to connect to irc.freenode.net (185.30.166.35) on port 6667
[10:03.26] -irc.freenode.net- *** Attempting to connect to irc.freenode.net (185.30.166.35) on port 6667
[10:03.26] -irc.freenode.net- *** Attempting to connect to irc.freenode.net (185.30.166.35) on port 6667
[10:03.26] -irc.freenode.net- *** Attempting to re-connect to irc.freenode.net
[10:03.26] -irc.freenode.net- *** Attempting to re-connect to irc.freenode.net
[10:03.26] -irc.freenode.net- *** Attempting to connect to irc.freenode.net (185.30.166.35) on port 6667
[10:03.26] -irc.freenode.net- *** Attempting to re-connect to irc.freenode.net
[10:03.26] -irc.freenode.net- *** Attempting to connect to irc.freenode.net (185.30.166.35) on port 6667
[10:03.27] -irc.freenode.net- *** Attempting to re-connect to irc.freenode.net
[10:03.27] -irc.freenode.net- *** Attempting to re-connect to irc.freenode.net
[10:03.27] -irc.freenode.net- *** Attempting to connect to irc.freenode.net (174.143.119.91) on port 6667
[10:03.27] -irc.freenode.net- *** Attempting to re-connect to irc.freenode.net
[10:03.27] -irc.freenode.net- *** Attempting to connect to irc.freenode.net (91.217.189.42) on port 6667
[10:03.27] -irc.freenode.net- *** Attempting to re-connect to irc.freenode.net
[10:03.27] -irc.freenode.net- *** Attempting to connect to irc.freenode.net (91.217.189.44) on port 6667
[10:03.27] -irc.freenode.net- *** Attempting to connect to irc.freenode.net (91.217.189.44) on port 6667
[10:03.27] -irc.freenode.net- *** Attempting to connect to irc.freenode.net (91.217.189.44) on port 6667
[10:03.27] -irc.freenode.net- *** Attempting to connect to irc.freenode.net (91.217.189.44) on port 6667
[10:03.27] -irc.freenode.net- *** Attempting to re-connect to irc.freenode.net
[10:03.27] -irc.freenode.net- *** Attempting to re-connect to irc.freenode.net
[10:03.27] -irc.freenode.net- *** Attempting to connect to irc.freenode.net (82.96.64.4) on port 6667
[10:03.27] -irc.freenode.net- *** Attempting to connect to irc.freenode.net (82.96.64.4) on port 6667
[10:03.27] -irc.freenode.net- *** Attempting to re-connect to irc.freenode.net
[10:03.27] -irc.freenode.net- *** Attempting to connect to irc.freenode.net (195.148.124.79) on port 6667
[10:03.27] -irc.freenode.net- *** Attempting to re-connect to irc.freenode.net
[10:03.27] -irc.freenode.net- *** Attempting to connect to irc.freenode.net (195.154.200.232) on port 6667
[10:03.27] -irc.freenode.net- *** Attempting to re-connect to irc.freenode.net
[10:03.27] -irc.freenode.net- *** Attempting to connect to irc.freenode.net (192.186.157.43) on port 6667
[10:03.27] -irc.freenode.net- *** Attempting to re-connect to irc.freenode.net
[10:03.27] -irc.freenode.net- *** Attempting to re-connect to irc.freenode.net
[10:03.27] -irc.freenode.net- *** Attempting to re-connect to irc.freenode.net
[10:03.27] -irc.freenode.net- *** Attempting to re-connect to irc.freenode.net
[10:03.27] -irc.freenode.net- *** Server disconnected on irc.freenode.net
[10:03.27] ERROR: Exception Error: The IAsyncResult object was not returned from the corresponding asynchronous method on this class.
[10:03.27] ERROR: Exception Error: The IAsyncResult object was not returned from the corresponding asynchronous method on this class.
[10:03.27] -irc.freenode.net- *** Attempting to connect to irc.freenode.net (185.30.166.38) on port 6667
[10:03.27] ERROR: Parameter name: asyncResult
[10:03.27] -irc.freenode.net- Waiting 60 seconds to re-connect to (irc.freenode.net)
[10:03.27] ERROR: Null Socket - Can not Connect
[10:03.27] ERROR: Null Socket - Can not Connect
[10:03.27] ERROR: Parameter name: asyncResult
[10:03.27] ERROR: Null Socket - Can not Connect
[10:03.27] -irc.freenode.net- Waiting 60 seconds to re-connect to (irc.freenode.net)
[10:03.27] ERROR: Null Socket - Can not Connect
[10:03.27] ERROR: Null Socket - Can not Connect
[10:03.27] ERROR: Null Socket - Can not Connect
[10:03.27] ERROR: Null Socket - Can not Connect
[10:03.27] ERROR: Null Socket - Can not Connect
[10:03.28] -irc.freenode.net- *** Attempting to connect to irc.freenode.net (185.30.166.38) on port 6667
[10:03.28] -irc.freenode.net- *** Attempting to connect to irc.freenode.net (185.30.166.38) on port 6667
[10:03.28] -irc.freenode.net- *** Attempting to connect to irc.freenode.net (185.30.166.38) on port 6667
[10:03.28] ERROR: Exception Error: The IAsyncResult object was not returned from the corresponding asynchronous method on this class.
[10:03.28] ERROR: Parameter name: asyncResult
[10:03.28] -irc.freenode.net- Waiting 60 seconds to re-connect to (irc.freenode.net)
[10:03.28] -irc.freenode.net- *** Attempting to re-connect to irc.freenode.net
[10:03.28] -irc.freenode.net- *** Attempting to connect to irc.freenode.net (185.30.166.35) on port 6667
[10:03.28] ERROR: Exception Error: The IAsyncResult object was not returned from the corresponding asynchronous method on this class.
[10:03.28] ERROR: Exception Error: The IAsyncResult object was not returned from the corresponding asynchronous method on this class.
[10:03.28] ERROR: Parameter name: asyncResult
[10:03.28] -irc.freenode.net- Waiting 60 seconds to re-connect to (irc.freenode.net)
[10:03.28] ERROR: Parameter name: asyncResult
[10:03.28] -irc.freenode.net- Waiting 60 seconds to re-connect to (irc.freenode.net)
[10:03.28] -irc.freenode.net- *** Attempting to re-connect to irc.freenode.net
[10:03.28] -irc.freenode.net- *** Attempting to connect to irc.freenode.net (130.239.18.119) on port 6667
[10:03.28] -irc.freenode.net- *** Attempting to re-connect to irc.freenode.net
[10:03.28] -irc.freenode.net- *** Attempting to connect to irc.freenode.net (62.231.75.133) on port 6667
[10:03.28] -irc.freenode.net- *** Attempting to re-connect to irc.freenode.net
[10:03.28] -irc.freenode.net- *** Attempting to connect to irc.freenode.net (174.143.119.91) on port 6667
[10:03.28] ERROR: Exception Error: The IAsyncResult object was not returned from the corresponding asynchronous method on this class.
[10:03.28] ERROR: Parameter name: asyncResult
[10:03.28] -irc.freenode.net- Waiting 60 seconds to re-connect to (irc.freenode.net)
[10:03.28] ERROR: Null Socket - Can not Connect
[10:03.28] ERROR: Null Socket - Can not Connect
[10:03.28] ERROR: Null Socket - Can not Connect
[11:49.52] -irc.freenode.net- *** Attempting to connect to irc.freenode.net (174.143.119.91) on port 6667
[11:49.52] -irc.freenode.net- Sending User Registration Information
[11:49.53] --asimov.freenode.net-- *** Looking up your hostname...
[11:49.53] --asimov.freenode.net-- *** Checking Ident
[11:49.53] --asimov.freenode.net-- *** Couldn't look up your hostname
[11:50.00] -irc.freenode.net- Capabilities supported: account-notify extended-join identify-msg multi-prefix sasl
[11:50.00] -irc.freenode.net- Capabilities requested: account-notify extended-join multi-prefix
[11:50.00] -irc.freenode.net- Capabilities acknowledged: account-notify extended-join multi-prefix 
[11:50.00] -asimov.freenode.net- Welcome to the freenode Internet Relay Chat Network Rainb
[11:50.00] -asimov.freenode.net- Your host is asimov.freenode.net[174.143.119.91/6667], running version ircd-seven-1.1.3
[11:50.00] -asimov.freenode.net- This server was created Tue Jul 22 2014 at 13:52:16 UTC
[11:50.00] -asimov.freenode.net- asimov.freenode.net ircd-seven-1.1.3 DOQRSZaghilopswz CFILMPQSbcefgijklmnopqrstvz bkloveqjfI
[11:50.00] -asimov.freenode.net- CHANTYPES=# EXCEPTS INVEX CHANMODES=eIbq,k,flj,CFLMPQScgimnprstz CHANLIMIT=#:120 PREFIX=(ov)@+ MAXLIST=bqeI:100 MODES=4 NETWORK=freenode KNOCK STATUSMSG=@+ CALLERID=g :are supported by this server
[11:50.00] -asimov.freenode.net- CASEMAPPING=rfc1459 CHARSET=ascii NICKLEN=16 CHANNELLEN=50 TOPICLEN=390 ETRACE CPRIVMSG CNOTICE DEAF=D MONITOR=100 FNC TARGMAX=NAMES:1,LIST:1,KICK:1,WHOIS:1,PRIVMSG:4,NOTICE:4,ACCEPT:,MONITOR: :are supported by this server
[11:50.00] -asimov.freenode.net- EXTBAN=$,ajrxz WHOX CLIENTVER=3.0 SAFELIST ELIST=CTU :are supported by this server
[11:50.00] -asimov.freenode.net- There are 172 users and 83765 invisible on 26 servers
[11:50.00] -asimov.freenode.net- There are 24 IRC Operators online
[11:50.00] -asimov.freenode.net- There are 6 unknown connection(s)
[11:50.00] -asimov.freenode.net- There are 50938 channels formed
[11:50.00] -asimov.freenode.net- I have 6456 clients and 1 servers
[11:50.00] -asimov.freenode.net- Current local users 6456, max 11441
[11:50.00] -asimov.freenode.net- Current global users 83937, max 102229
[11:50.00] -asimov.freenode.net- Highest connection count: 11442 (11441 clients) (2975575 connections received)
[11:50.00] -asimov.freenode.net- You have successfully connected to asimov.freenode.net
[11:50.00] * Your mode is now +i
