Session Start: Thu Mar 19 02:35:26 2015
Session Ident: #derpibooru
[02:35.26] * You have joined #derpibooru
[02:35.26] Topic: [NSFW][18+] PONI: ＋＋＋https://derpibooru.org/，，， - UPDATES: #derpibooru-livefeed - FEEDBACK: ＋＋＋https://derpibooru.org/，，，forums - NEWS: ＋＋http://news.derpibooru.org，， - Chat is practically unmoderated and often NSFW - No explicit RP - ＋＋https://derpy.me/ep，， - HMS Twixie best ship - Season 5 HYPE
[02:35.27] Channel Topic Set by: byte[]!failbit@developer/liamwhite1 on 1:23 PM 3/16/2015
[02:35.28] Channel modes for #derpibooru are :+CLcnpt
[02:35.28] Channel Created on: 11:52 PM 12/27/2011
[02:41.12] <%SunnySide> Drinky_Kraw
[02:41.14] <%SunnySide> ＋＋https://www.furaffinity.net/journal/6587287，，
[02:41.36] <%SunnySide> Just some hypocritical furry that doesn't understand that people can like things.
[02:41.42] <%SunnySide> Ain't much.
[02:42.19] <Drinky_Kraw> I am amused by how much his dragon avatar thing resembles Rainbow Dash
[02:42.54] * SunnySide rolls eyes
[02:43.18] <%SunnySide> I actually thought it was a white flammie.
[02:43.21] <%SunnySide> Mana beast thing.
[02:43.39] <%SunnySide> Had him watched for porn, He made a journal.
[02:43.54] <%SunnySide> I rolled my eyes at him and said whatever
[02:44.14] <Drinky_Kraw> Ah
[02:44.18] <Drinky_Kraw> LMAO
[02:44.19] <%SunnySide> People can like things!? D= Time to call the police!!
[02:44.22] <Drinky_Kraw> and right at the bottom of the page
[02:44.32] <Drinky_Kraw> Furaffinity running a bronycon ad
[02:44.39] <%SunnySide> Haha
[02:44.58] * CloverTheClever (cloverthec@rkkkdcwi-36-862-239-339.gigaclear.net) has joined channel #derpibooru
[02:44.58] <@Fluttershy> [CloverTheClever] <CloverTheClever> I'm actually pretty sober
[02:44.58] * Fluttershy sets mode +o CloverTheClever for #derpibooru
[02:44.59] <%SunnySide> dhurr bronie con is a thing =B Garsh!
[02:45.08] <%SunnySide> They ding done did a thing with the poni
[02:45.27] <%SunnySide> CloverTheClever
[02:45.39] <%SunnySide> Did you know? There's such things as bronie cons =o
[02:46.01] <%SunnySide> I bet they go there to have buttsex in carpets. =I
[02:47.21] <Drinky_Kraw> practice safe buttsechs, use a
[02:47.23] <Drinky_Kraw> !pony gundam
[02:47.23] <%Sweetie-Bot> Drinky_Kraw: ＋＋https://derpibooru.org/745957，， | 4000x2631 JPG uploaded at 2014-10-19 10:14:44 UTC by Stun-99 | Score: 68 (69 up / 1 down) with 3 comments
[02:47.24] <%Sweetie-Bot> Image #745957 tags: absurd res, artist:checkerboardazn, crossover, gundam, mecha, rarity, safe, solo
[02:50.48] <Block_Fax> Wtf: "Good thing Bronies are now banned in Sweden. this next years I will be living in a Brony-free country"
[02:51.20] <%SunnySide> Okay?
[02:51.30] <%SunnySide> Someone is absolutely retarded
[02:51.54] <Block_Fax> That's from someone in that FA journal you linked.
[02:52.22] <Block_Fax> And for some reason, just 30 seconds after I opened that journal, I tried opening it again in a second tab and got an error message saying " The journal you are trying to find is not in our database."
[02:53.27] * Nataniel|Offline is now known as Nataniel
[02:54.02] <%SunnySide> Haha
[02:54.13] <%SunnySide> Because the dude deleted it and bitchquit
[02:54.26] <%SunnySide> Coward
[02:55.02] <%SunnySide> "Oh shit these guys have good points backpedal backpedal D8 DAMAGE CONTROL"
[02:55.07] <Drinky_Kraw> AHAHAHA
[02:55.09] <Drinky_Kraw> yeh
[02:55.21] <Drinky_Kraw> two minutes after I posted my comment.
[02:55.55] <Drinky_Kraw> what's his frontpage?
[02:56.03] <Drinky_Kraw> I'll post it again in his shoutbox. :3
[02:56.24] <Block_Fax> ＋＋https://www.furaffinity.net/user/wordcaster/，，
[02:56.47] <Block_Fax> Which one's yours Drinky?
[02:56.51] <Drinky_Kraw> WOOT! I did it! I got all 10 beads inside me!
[02:56.51] <Drinky_Kraw> Before I could only fit 8 beads into my tailhole but today I did it. I got all 10 anal beads inside me!!
[02:56.51] <Drinky_Kraw> Ahhh and it felt great!!
[02:56.55] <Drinky_Kraw> ...........LMFAO
[02:57.04] <Drinky_Kraw> his journal immediately before was that?
[02:57.11] <Drinky_Kraw> damn, when did tumblr leak into FA?
[02:58.06] <%SunnySide> Wow, what a faggot
[02:58.13] <%SunnySide> What was your comment?
[02:58.16] <Drinky_Kraw> @Word_Caster
[02:58.17] <Drinky_Kraw> Delve into the thoughts and life style of a Butt Gaytor.
[02:58.20] <Drinky_Kraw> pfffffffft
[02:58.23] <Drinky_Kraw> his twitter
[02:58.43] <%SunnySide> I saw that
[02:58.45] <%SunnySide> Just...
[02:58.46] <%SunnySide> Why
[02:59.15] <%SunnySide> People like this really should not go "Oh man, dem bronies."
[03:00.13] <Drinky_Kraw> I was like "Yes indeedy, and like all great violent movements it has taken the world by storm!" (link to thai ponycon, japan ponycon, helsinki crystal fair, buckcon, obsidiana equestria, berlin cider fest, sydneigh australia)
[03:00.36] <%SunnySide> Phhff
[03:00.36] <Drinky_Kraw> Then after that I was like "So you'd better present your perky posterior for some hostile horsey hospitality!"
[03:00.57] <Drinky_Kraw> with a link to an image of one horse kicking another
[03:01.05] <%SunnySide> Dude all I want from this guy is his furry rape porn. Anything else, he should cram a dick in it.
[03:01.19] <%SunnySide> One horse kicking another?
[03:01.20] <%SunnySide> Link pls
[03:01.43] <Drinky_Kraw> lololol he favs rape porn too ooooooy
[03:01.51] <Drinky_Kraw> this literal fag is so tumblr
[03:01.51] * Nebulon (Grabby@already.touching.your.butt) Quit (Quit: Probably sleep)
[03:02.14] <%SunnySide> He doesn't just fave rape porn
[03:02.19] <%SunnySide> He buys rape porn.
[03:02.22] <%SunnySide> And doggy porn.
[03:02.45] <Drinky_Kraw> rofflez
[03:02.59] <Drinky_Kraw> and then  he whines about pony porn. Even the safe shit I bet
[03:03.08] <%SunnySide> Yup!
[03:04.11] *** Server disconnected on irc.ponychat.net
[03:04.20] *** Server disconnected on irc.ponychat.net
[03:04.20] *** Server disconnected on irc.ponychat.net
[03:04.22] *** Server disconnected on irc.ponychat.net
