Session Start: Thu Mar 19 02:38:49 2015
Session Ident: #EquestriaAfterDark
[02:38.49] * You have joined #EquestriaAfterDark
[02:38.49] Topic: [18+] EAD, the dark side of Equestria beckons you... | RULES: ＋＋http://tinyurl.com/EADRuleset，，| GUIDE: ＋＋http://tinyurl.com/theponychats，， | Spoiler Rules are now in effect.
[02:38.49] Channel Topic Set by: Night_Blitz!NightBlitz@Of.The.New.Lunar.Republic on 9:56 PM 3/1/2015
[02:39.16] Channel modes for #EquestriaAfterDark are :+BCPSTnt
[02:39.16] Channel Created on: 10:26 AM 11/19/2011
[02:39.28] * Stradiverra (Stradiverra@TheMochaPony) Quit (Connection closed)
[02:40.50] * Nightmare-Moon (Godred|Zzz@Pony-6uanqj.red-176-101-21.telecablesantapola.es) has joined channel #EquestriaAfterDark
[02:42.27] * Stradiverra (Stradiverra@TheMochaPony) has joined channel #EquestriaAfterDark
[02:42.27] * ChanServ sets mode +o Stradiverra for #EquestriaAfterDark
[02:42.48] * Nightmare-Moon (Godred|Zzz@Pony-6uanqj.red-176-101-21.telecablesantapola.es) Quit (Quit: I tought i taw a puddy tat)
[02:45.30] * Sleepykitty is now known as Unixkitty
[02:45.53] * Moonlight_Sonata (fwpqxtjvlgb@Pony-6uanqj.red-176-101-21.telecablesantapola.es) has joined channel #EquestriaAfterDark
[02:46.11] * BlueballBlitz is now known as TrixieLulamoon
[02:50.55] * Stradiverra is now known as Syrena
[02:51.55] * Syrena stares at Lavish, "Ducky."
[02:52.11] * Lavish blushes, "N-no! Not  now..."
[02:52.17] <@Syrena> Yes now.
[02:52.28] * SnowFeather slides up to Lavish's side, "WHy /not/ now, Ducky?"
[02:53.54] * Lavish backs away, his ears falling back as he looks between Snowy and the-... Why does the harpy know this?
[02:54.18] * Syrena looks at Snowy, "We talk. Birds of a feather or some shit like that. Now Ducky.. why don't you be a good boy and speak."
[02:55.02] * SnowFeather huffs, "Totally /fair/ Ducky. You talked to your own kind tonight. Now, lets hear it!"
[02:55.11] * Lavish plays coy and looks away, "I-I am speaking..." There is only one mare that will get him speaking like that.
[02:56.26] <@Syrena> Do you /really/ want me to bring her out
[02:56.32] * TrixieLulamoon is now known as TrixieLulamoon|Sleep
[02:57.35] * Lavish hides his face under his hooves, whimpering up to Syrena and SnowFeather, his eyes come back and lock on to the two. He keeps his mouth shut.
[03:04.12] *** Server disconnected on irc.canternet.org
