Session Start: Fri Mar 06 09:42:32 2015
Session Ident: #reddit
[09:42.32] * You have joined #reddit
[09:42.32] Topic: ----->Tag [NSF(W/L)] links!<----- | #reddit rules: ＋＋https://snoonet.org/reddit，， | Channel stats: ＋＋https://goo.gl/T1sxhj，， | Join #help for help with Snoonet and #reddit-help for help with reddit.com | Play minecraft? So do we! #snoonet-minecraft | Bored? Check out the new trivia channel in #trivia | Mibbit users must register before chatting.
[09:42.32] Channel Topic Set by: idahodude on 12:05 AM 1/24/2015
[09:42.33] Channel modes for #reddit are :+CFHJKTdfnrtx 6:2 30:300 2 10 7:4 7:3
[09:42.33] Channel Created on: 9:00 PM 4/28/2012
[09:42.33] * Fran (Fran@user/Fran) Quit (Ping timeout: 121 seconds)
[09:44.29] * Fran (Fran@user/Fran) has joined channel #reddit
[09:48.17] * ecco (ecco@user/ecco) has joined channel #reddit
[09:48.28] * ecco (ecco@user/ecco) has left #reddit ((Textual IRC Client: ＋＋www.textualapp.com，，))
[09:49.15] * xadammr is now known as Adders
[09:50.01] * t3hero (t3hero@user/t3hero) Quit (Connection closed)
[09:50.58] * kendle (Mibbit@Snoonet-k9l.7mu.8i9dna.IP) Quit (Quit: ＋＋http://www.mibbit.com，， ajax IRC Client)
[09:54.42] * t3hero (t3hero@user/t3hero) has joined channel #reddit
[09:54.50] * MotoB (MotoB@Snoonet-g5s.qi2.0php5q.IP) has joined channel #reddit
[09:55.25] * confusedyo (confusedyo@Snoonet-rk0.ckb.ir5a53.IP) Quit (Quit: ＋＋http://www.kiwiirc.com/，， - A hand crafted IRC client)
[09:55.29] * MotoB (MotoB@Snoonet-g5s.qi2.0php5q.IP) Quit (Quit: ＋＋http://www.kiwiirc.com/，， - A hand crafted IRC client)
[09:55.32] * watwatwat (a@Snoonet-v47.69o.8vnl1e.IP) Quit (Ping timeout: 121 seconds)
[10:03.10] * techno156 (techno156@user/techno156) has joined channel #reddit
[10:03.30] * Waldorf (Cial@user/Waldorf) Quit (Quit: Leaving)
[10:05.21] * ChangeMe_75106 (ChangeMe_75@Snoonet-k9l.7mu.8i9dna.IP) has joined channel #reddit
[10:05.37] * Xenotech (techno156@Snoonet-mgi.7ra.h35ff9.IP) Quit (Ping timeout: 121 seconds)
[10:07.56] * ChangeMe_75106 (ChangeMe_75@Snoonet-k9l.7mu.8i9dna.IP) Quit (Quit: ＋＋http://www.kiwiirc.com/，， - A hand crafted IRC client)
[10:09.40] * huesos (huesos@Snoonet-77q.7r6.vro9f8.IP) Quit (Quit: ＋＋http://www.kiwiirc.com/，， - A hand crafted IRC client)
[10:17.53] * GoMLism (Butts@user/GoMLism) Quit (Quit: bye.)
[10:22.19] * [KnotKnox] is now known as KnotKnox
[10:22.42] * NvaderGir (Ev@user/NvaderGir) Quit (Ping timeout: 121 seconds)
[10:23.44] * Guest56442 (q@Snoonet-evd.qd9.dgn0kl.IP) has joined channel #reddit
[10:24.06] * huxflux (q@user/huxflux) Quit (Ping timeout: 121 seconds)
[10:25.48] * Guest56442 (q@Snoonet-evd.qd9.dgn0kl.IP) Quit (Connection closed)
[10:26.10] * sussman (sussman@Snoonet-pep.kl2.f7uqs9.IP) Quit (Quit: Leaving)
[10:26.19] * AndyBotwin (sussman@Snoonet-pep.kl2.f7uqs9.IP) has joined channel #reddit
[10:27.06] * AndyBotwin (sussman@Snoonet-pep.kl2.f7uqs9.IP) Quit (Quit: Leaving)
[10:27.20] * kabet_ (kabet@Snoonet-4h7.0do.j7bfu0.IP) has joined channel #reddit
