Session Start: Sat Mar 07 02:30:58 2015
Session Ident: #reddit
[02:30.58] *** Server disconnected on irc.snoonet.org
[09:32.10] * You have joined #reddit
[09:32.10] Topic: ----->Tag [NSF(W/L)] links!<----- | #reddit rules: ＋＋https://snoonet.org/reddit，， | Channel stats: ＋＋https://goo.gl/T1sxhj，， | Join #help for help with Snoonet and #reddit-help for help with reddit.com | Play minecraft? So do we! #snoonet-minecraft | Bored? Check out the new trivia channel in #trivia | Mibbit users must register before chatting.
[09:32.11] Channel Topic Set by: idahodude on 12:05 AM 1/24/2015
[09:32.25] Channel modes for #reddit are :+CFHJKTdfnrtx 6:2 30:300 2 10 7:4 7:3
[09:32.25] Channel Created on: 9:00 PM 4/28/2012
[09:36.35] * weedle (Jane_v6@user/b0gdan) Quit (Connection closed)
[09:36.37] * weedle (Jane_v6@Snoonet-6cj.ntl.roiikn.IP) has joined channel #reddit
[09:36.52] * weedle (Jane_v6@Snoonet-6cj.ntl.roiikn.IP) Quit (Changing host)
[09:36.52] * weedle (Jane_v6@user/b0gdan) has joined channel #reddit
[09:39.24] * celocanth15 is now known as celocanth13
[09:39.27] * celocanth13 (feminism@Snoonet-1ee.e6j.2bprhf.IP) Quit (Changing host)
[09:39.27] * celocanth13 (feminism@user/celocanth13) has joined channel #reddit
[09:41.55] * ttw (jorma@Snoonet-std.p5m.bv6uoe.IP) Quit (Connection closed)
[09:51.46] * GoMLism (Butts@user/GoMLism) has joined channel #reddit
[09:52.40] * AndyBotwin (sussman@Snoonet-pep.kl2.f7uqs9.IP) has joined channel #reddit
[09:53.28] * Sean (51028476351@Snoonet-5q9.vq8.ih1f1q.IP) has joined channel #reddit
[10:00.19] * erisrenee (erisrenee@user/erisrenee) Quit (Ping timeout: 121 seconds)
[10:05.49] * erisrenee (erisrenee@user/erisrenee) has joined channel #reddit
[10:06.09] * khunt (Adium@Snoonet-tpq.bsl.eedggr.IP) has joined channel #reddit
[10:06.09] * khunt (Adium@Snoonet-tpq.bsl.eedggr.IP) Quit (Changing host)
[10:06.09] * khunt (Adium@user/khunt) has joined channel #reddit
[10:06.16] * RedStarComrade (chatzilla@Snoonet-0m9.i72.s219pe.IP) has joined channel #reddit
[10:10.11] * khunt (Adium@user/khunt) Quit (Ping timeout: 121 seconds)
[10:12.28] * flipsidecreations (LawT@Snoonet-rqb.sa3.81m2p3.IP) has joined channel #reddit
[10:12.52] * bep (bep@snoonet/sysop/bep) has joined channel #reddit
[10:17.22] * Celerity (Noone@user/Celerity) Quit (NickServ (GHOST command used by Celerity_))
[10:17.22] * Celerity (Noone@user/Celerity) has joined channel #reddit
[10:18.31] * bobjoj (bobjoj@Snoonet-odi.bhb.d5rbk8.IP) has joined channel #reddit
[10:18.32] * weemsledeux (frodo@user/Weems) has joined channel #reddit
[10:19.13] * nekosune|Away is now known as nekosune
[10:20.24] * noeatnosleep (uid51523@snoonet/admin/noeatnosleep) Quit (Quit: Connection closed for inactivity)
[10:22.47] * bobjoj (bobjoj@Snoonet-odi.bhb.d5rbk8.IP) Quit (Ping timeout: 121 seconds)
[10:24.16] * CarlosPL (CarlosPL@Snoonet-jf2.17b.igkmfh.IP) Quit (Ping timeout: 121 seconds)
[10:26.11] * werner__herzog (uid57674@user/Herzog) Quit (Quit: Connection closed for inactivity)
[10:29.46] * CarlosPL (CarlosPL@Snoonet-jf2.17b.igkmfh.IP) has joined channel #reddit
[10:34.20] * Snoo25437 (octothorpop@user/octo) Quit (Ping timeout: 121 seconds)
[10:34.52] * advion (advion-@Snoonet-eu4.2or.3ncovl.IP) has joined channel #reddit
[10:36.39] * FrankZappa (FrankZappa@user/FrankZappa) has joined channel #reddit
[10:37.48] * ttw (jorma@Snoonet-std.p5m.bv6uoe.IP) has joined channel #reddit
[10:44.20] * PacificHieroglyphics (51028476351@Snoonet-5q9.vq8.ih1f1q.IP) has joined channel #reddit
[10:52.56] * LobsterMan (not@Snoonet-tsg.i2d.3uoebt.IP) has joined channel #reddit
[10:52.56] * LobsterMan (not@Snoonet-tsg.i2d.3uoebt.IP) Quit (Changing host)
[10:52.56] * LobsterMan (not@this.shit.is.bananas) has joined channel #reddit
[10:55.29] * Celerity (Noone@user/Celerity) Quit (Connection closed)
[11:00.52] * MidnightCommander (MidnightCom@Snoonet-80e1ca.ijmq.93v9.uu8scb.IP) Quit (Quit: ZNC - ＋＋http://znc.in，，)
[11:06.54] * khunt (Adium@Snoonet-tpq.bsl.eedggr.IP) has joined channel #reddit
[11:06.54] * khunt (Adium@Snoonet-tpq.bsl.eedggr.IP) Quit (Changing host)
[11:06.54] * khunt (Adium@user/khunt) has joined channel #reddit
[11:07.00] * Celerity (Noone@user/Celerity) has joined channel #reddit
[11:10.56] * khunt (Adium@user/khunt) Quit (Ping timeout: 121 seconds)
[11:11.51] * PacificHieroglyphics (51028476351@Snoonet-5q9.vq8.ih1f1q.IP) Quit (Quit: Leaving)
[11:13.02] <ilken> ＋＋http://imgur.com/gallery/TVzqq/new，，
[11:13.18] * FrankZappa (FrankZappa@user/FrankZappa) Quit (Quit: ＋＋http://www.kiwiirc.com/，， - A hand crafted IRC client)
[11:13.56] * Dizzle_jay (Dizzle_jay@Snoonet-fu3.ef6.kflh4p.IP) has joined channel #reddit
[11:15.33] <Dizzle_jay> Any hot chicks?
[11:15.57] <@nalixor> yes
[11:16.05] * Isdalek (isdalek@Snoonet-m06.gbl.85tt9d.IP) Quit (Ping timeout: 121 seconds)
[11:19.08] * ScottyKnows (dravin@user/ScottyKnows) has joined channel #reddit
[11:19.45] * werner__herzog (uid57674@user/Herzog) has joined channel #reddit
[11:24.01] * SailorJuno (Sailor@Snoonet-3h3.r1i.56bgp1.IP) has joined channel #reddit
[11:25.23] * myr (myr@user/myr) Quit (NickServ (GHOST command used by myr`))
[11:25.23] * myr (myr@user/myr) has joined channel #reddit
[11:25.57] * durr (durr@Snoonet-qdb.ath.22hdrf.IP) Quit (Quit: )
[11:25.59] <watwatwat> i have a bbq chicken
[11:27.32] <jbwncster> mmmm
[11:28.33] * Dizzle_jay (Dizzle_jay@Snoonet-fu3.ef6.kflh4p.IP) Quit (Quit: ＋＋http://www.kiwiirc.com/，， - A hand crafted IRC client)
[11:32.12] * quint (quint@user/quint) has joined channel #reddit
[11:39.24] * MidnightCommander (MidnightCom@Snoonet-80e1ca.ijmq.93v9.uu8scb.IP) has joined channel #reddit
[11:41.17] * SerendipiTy (hidden@Snoonet-r30.9uc.spfkes.IP) Quit (Ping timeout: 121 seconds)
[11:42.58] * Mandaus (uid44925@user/Mandaus) has joined channel #reddit
[11:43.29] * rise (rise@Snoonet-8dk.gob.fejof5.IP) has joined channel #reddit
[11:43.30] * rise (rise@Snoonet-8dk.gob.fejof5.IP) Quit (Changing host)
[11:43.30] * rise (rise@user/rise) has joined channel #reddit
[11:44.55] * weemsledeux (frodo@user/Weems) Quit (Quit: My Mac has gone to sleep. ZZZzzz…)
[11:44.58] * jurrenawijn (jurrenawijn@Snoonet-fm0.tb3.m62cda.IP) has joined channel #reddit
[11:45.24] * NeoGenesis (Neo@user/NeoGenesis) Quit (Connection closed)
[11:45.30] * noodles_ftw (noodles_ftw@user/noodles-ftw) has joined channel #reddit
[11:48.27] * Red40 (Red40@Snoonet-i63.mun.suimj9.IP) has joined channel #reddit
[11:53.53] * dux0r (dux0r@Snoonet-r6e.1sc.8cfb2r.IP) has joined channel #reddit
[11:55.02] * kabet (kabet@Snoonet-4h7.0do.j7bfu0.IP) has joined channel #reddit
[11:56.59] * voiceofgrog (voiceofgrog@user/voiceofgrog) has joined channel #reddit
[11:57.35] * Pereba (UserNick@Snoonet-5fe.571.0suqcg.IP) has joined channel #reddit
[11:57.50] * kabet_ (kabet@Snoonet-j9g.1u2.81tkmn.IP) Quit (Ping timeout: 121 seconds)
[11:59.59] * g00lan (g00lan@Snoonet-tfh.m89.ilvgm2.IP) has joined channel #reddit
[11:59.59] * g00lan (g00lan@Snoonet-tfh.m89.ilvgm2.IP) Quit (Changing host)
[11:59.59] * g00lan (g00lan@user/g00lan) has joined channel #reddit
[12:02.01] * AndyBotwin (sussman@Snoonet-pep.kl2.f7uqs9.IP) Quit (Quit: Leaving)
[12:07.23] * bobjoj (bobjoj@Snoonet-odi.bhb.d5rbk8.IP) has joined channel #reddit
[12:07.40] * khunt (Adium@Snoonet-tpq.bsl.eedggr.IP) has joined channel #reddit
[12:07.40] * khunt (Adium@Snoonet-tpq.bsl.eedggr.IP) Quit (Changing host)
[12:07.40] * khunt (Adium@user/khunt) has joined channel #reddit
[12:08.23] * ScottyKnows (dravin@user/ScottyKnows) has left #reddit ()
[12:09.32] * wagonboi (wagonboi@Snoonet-lnp.1fi.hdkofr.IP) has joined channel #reddit
[12:09.35] * wagonboi (wagonboi@Snoonet-lnp.1fi.hdkofr.IP) Quit (Changing host)
[12:09.35] * wagonboi (wagonboi@user/wagonboi) has joined channel #reddit
[12:11.33] * bobjoj (bobjoj@Snoonet-odi.bhb.d5rbk8.IP) Quit (Ping timeout: 121 seconds)
[12:11.42] * khunt (Adium@user/khunt) Quit (Ping timeout: 121 seconds)
[12:12.14] * Isabella (Jane_v6@Snoonet-6cj.ntl.roiikn.IP) has joined channel #reddit
[12:13.12] * watwatwat (a@Snoonet-v47.69o.8vnl1e.IP) Quit (Ping timeout: 121 seconds)
[12:13.16] * Isabella is now known as Snoo57440
[12:13.36] * weedle (Jane_v6@user/b0gdan) Quit (Ping timeout: 121 seconds)
[12:18.12] * zoite_ (zoite@dont.hack.me.pls) Quit (Connection closed)
[12:21.51] * zoite (zoite@dont.hack.me.pls) has joined channel #reddit
[12:23.35] * kabet_ (kabet@Snoonet-j9g.1u2.81tkmn.IP) has joined channel #reddit
[12:23.35] * kabet (kabet@Snoonet-4h7.0do.j7bfu0.IP) Quit (Connection closed)
[12:24.34] * Francisco (Fran@user/Fran) Quit (Ping timeout: 121 seconds)
[12:25.00] * SerendipiTy (hidden@Snoonet-r30.9uc.spfkes.IP) has joined channel #reddit
[12:30.45] * Voortrekker (Voortrekker@er.trekkt.vor) Quit (Ping timeout: 121 seconds)
[12:32.43] * weemsledeux (frodo@user/Weems) has joined channel #reddit
[12:34.20] * FLHerne (flh@user/FLHerne) has joined channel #reddit
[12:36.39] * Red40 (Red40@Snoonet-i63.mun.suimj9.IP) Quit (Quit: This computer has gone to sleep)
[12:37.03] * Voortrekker (Voortrekker@er.trekkt.vor) has joined channel #reddit
[12:37.45] <technonerd> gube me chicjun
[12:37.52] <Voortrekker> what
[12:37.54] <technonerd> buxbux
[12:46.47] * wikkit (Mibbit@Snoonet-o8l.vir.tm6pu8.IP) has joined channel #reddit
[12:47.10] <lessobvious> got 10bux
[12:48.01] * wikkit (Mibbit@Snoonet-o8l.vir.tm6pu8.IP) has left #reddit ()
[12:48.26] * kismer (Mibbit@Snoonet-o8l.vir.tm6pu8.IP) has joined channel #reddit
[12:48.49] * kismer (Mibbit@Snoonet-o8l.vir.tm6pu8.IP) Quit (Quit: ＋＋http://www.mibbit.com，， ajax IRC Client)
[12:49.25] * ChangeMe_97420 (ChangeMe_97@Snoonet-o8l.vir.tm6pu8.IP) has joined channel #reddit
[12:49.40] <ChangeMe_97420> this is an unusual request but can anyone help me figure out how to phrase a sentence?
[12:49.48] * SerendipiTy is now known as SerenaT
[12:49.49] <noodles_ftw> yup
[12:49.53] * Respectfullyyours (Respectfull@user/Respectfullyyours) has joined channel #reddit
[12:49.55] * SerenaT (hidden@Snoonet-r30.9uc.spfkes.IP) Quit (Changing host)
[12:49.55] * SerenaT (hidden@internet.stranger.with.candy) has joined channel #reddit
[12:50.22] <Rainb> ChangeMe_97420: in what language
[12:50.24] <fumyl> disgonbegud.jpg
[12:50.33] <lessobvious> i get u all cheet no ban bonus x2.5 golds xp free \}\}\}\}\}\} dot HAPPY GR8Zg0ldz dot coms 
[12:50.53] * fumyl slaps lessobvious around a bit with a large trout
[12:51.06] * ChangeMe_97420 (ChangeMe_97@Snoonet-o8l.vir.tm6pu8.IP) Quit (Quit: ＋＋http://www.kiwiirc.com/，， - A hand crafted IRC client)
[12:51.25] * ChangeMe_41014 (ChangeMe_41@Snoonet-m00.bl4.tfkivq.IP) has joined channel #reddit
[12:52.06] * ChangeMe_41014 (ChangeMe_41@Snoonet-m00.bl4.tfkivq.IP) Quit (Quit: ＋＋http://www.kiwiirc.com/，， - A hand crafted IRC client)
[12:59.49] * froderick (froderick@user/froderick) Quit (Connection closed)
[01:00.05] * nodux (nodux@user/nodux) Quit (Ping timeout: 121 seconds)
[01:00.26] * Towel (Towel@user/Towel) has joined channel #reddit
[01:00.54] * Towel (Towel@user/Towel) Quit (Quit: Leaving)
[01:04.43] * Lord_of_Life (Lord_of_Lif@Snoonet-dvd.ai4.mk8f21.IP) has joined channel #reddit
[01:04.44] * Lord_of_Life (Lord_of_Lif@Snoonet-dvd.ai4.mk8f21.IP) Quit (Changing host)
[01:04.44] * Lord_of_Life (Lord_of_Lif@Tremble.before.my.wrath) has joined channel #reddit
[01:06.49] * g00lan (g00lan@user/g00lan) Quit (Ping timeout: 121 seconds)
[01:08.36] * khunt (Adium@Snoonet-tpq.bsl.eedggr.IP) has joined channel #reddit
[01:08.36] * khunt (Adium@Snoonet-tpq.bsl.eedggr.IP) Quit (Changing host)
[01:08.36] * khunt (Adium@user/khunt) has joined channel #reddit
[01:11.09] * Gito (Thunderbird@user/Gito) has joined channel #reddit
[01:12.03] * Gito (Thunderbird@user/Gito) Quit (Client exited)
[01:12.29] * khunt (Adium@user/khunt) Quit (Ping timeout: 121 seconds)
[01:13.21] * qassim (me@user/qassim) has joined channel #reddit
[01:13.40] * ihmeElain (juri@user/ihmeElain) Quit (Ping timeout: 121 seconds)
[01:13.45] * jurrenawijn (jurrenawijn@Snoonet-fm0.tb3.m62cda.IP) Quit (Ping timeout: 121 seconds)
[01:13.48] * nodux (nodux@user/nodux) has joined channel #reddit
[01:15.15] * fritzly (fritzly@user/fritzly) has joined channel #reddit
[01:18.09] <ilken> ive noticed on reddit, the most intelligent and challenging arguments are buried at the bottom with -600 votes
[01:19.57] * RedAero (RedAero@user/RedAero) has joined channel #reddit
[01:20.16] <fumyl> ilken can you give an example?
[01:20.31] * weemsledeux (frodo@user/Weems) Quit (Quit: My Mac has gone to sleep. ZZZzzz…)
[01:20.46] <SerenaT> you just have to sort by contraversial 
[01:31.25] * fritzly (fritzly@user/fritzly) Quit (Connection closed)
[01:31.35] * fritzly_ (fritzly@user/fritzly) has joined channel #reddit
[01:38.28] * ttw (jorma@Snoonet-std.p5m.bv6uoe.IP) Quit (Connection closed)
[01:39.30] * jesusfucknugget (androirc@user/jesusfucknugget) has joined channel #reddit
[01:39.52] * jesusfucknugget (androirc@user/jesusfucknugget) has left #reddit ((AndroIRC - Android IRC Client ( ＋＋http://www.androirc.com，， )))
[01:40.10] * tau (tau_@user/tau) has joined channel #reddit
[01:50.54] * doty1154 (doty1154@Snoonet-ha1.2tb.hbkkok.IP) has joined channel #reddit
[01:51.53] * ChangeMe_52328 (ChangeMe_52@Snoonet-ack.e4l.0p94do.IP) has joined channel #reddit
[01:51.59] * ChangeMe_52328 (ChangeMe_52@Snoonet-ack.e4l.0p94do.IP) Quit (Quit: ＋＋http://www.kiwiirc.com/，， - A hand crafted IRC client)
[01:52.55] * itspara (itspara@Snoonet-30i.1qq.155eqo.IP) has joined channel #reddit
[01:52.56] * itspara (itspara@Snoonet-30i.1qq.155eqo.IP) Quit (Changing host)
[01:52.56] * itspara (itspara@user/itspara) has joined channel #reddit
[01:54.26] * deathonater (deathonater@user/deathonater) has joined channel #reddit
[01:55.15] * doty1154 (doty1154@Snoonet-ha1.2tb.hbkkok.IP) Quit (Ping timeout: 121 seconds)
[01:55.53] * Snoo57440 (Jane_v6@Snoonet-6cj.ntl.roiikn.IP) Quit (Connection closed)
[01:55.56] * weedle (Jane_v6@Snoonet-6cj.ntl.roiikn.IP) has joined channel #reddit
[01:55.57] * weedle (Jane_v6@Snoonet-6cj.ntl.roiikn.IP) Quit (Changing host)
[01:55.57] * weedle (Jane_v6@user/b0gdan) has joined channel #reddit
[01:56.15] * bobjoj (bobjoj@Snoonet-odi.bhb.d5rbk8.IP) has joined channel #reddit
[01:57.40] * weedle (Jane_v6@user/b0gdan) Quit (Connection closed)
[01:57.42] * weedle (Jane_v6@Snoonet-6cj.ntl.roiikn.IP) has joined channel #reddit
[01:57.43] * weedle (Jane_v6@Snoonet-6cj.ntl.roiikn.IP) Quit (Changing host)
[01:57.43] * weedle (Jane_v6@user/b0gdan) has joined channel #reddit
[02:00.26] * bobjoj (bobjoj@Snoonet-odi.bhb.d5rbk8.IP) Quit (Ping timeout: 121 seconds)
[02:07.40] * t3hero (t3hero@user/t3hero) has joined channel #reddit
[02:09.14] * khunt (Adium@Snoonet-tpq.bsl.eedggr.IP) has joined channel #reddit
[02:09.14] * khunt (Adium@Snoonet-tpq.bsl.eedggr.IP) Quit (Changing host)
[02:09.14] * khunt (Adium@user/khunt) has joined channel #reddit
[02:13.16] * doty1154 (doty1154@Snoonet-ha1.2tb.hbkkok.IP) has joined channel #reddit
[02:13.16] * khunt (Adium@user/khunt) Quit (Ping timeout: 121 seconds)
[02:13.54] * ChangeMe_53460 (ChangeMe_53@Snoonet-5o0.s68.rusbc4.IP) has joined channel #reddit
[02:14.05] * ChangeMe_53460 (ChangeMe_53@Snoonet-5o0.s68.rusbc4.IP) Quit (Quit: ＋＋http://www.kiwiirc.com/，， - A hand crafted IRC client)
[02:18.38] * noodles_ftw (noodles_ftw@user/noodles-ftw) Quit (Connection closed)
[02:21.27] * FredSports (FredSports@My.Name.Is.Fred) has joined channel #reddit
[02:21.32] * FredSports (FredSports@My.Name.Is.Fred) has left #reddit ((Leaving))
[02:24.53] * timmy (meow@Snoonet-3m1.5p3.d6eevo.IP) has joined channel #reddit
[02:27.36] * aFreshMelon is now known as aRottenOrangutan
[02:27.52] * Paradox is now known as Paradix
[02:28.18] * aRottenOrangutan is now known as aFreshMelon
[02:29.40] * UnknownArchive slaps Paradix around a bit with a large trout
[02:29.42] * Paradix is now known as Paradox
[02:29.45] <Paradox> kek
[02:29.48] <UnknownArchive> SCOOOOOOOOOOOOOOOOOOOOTER BROTHER
[02:30.57] <Paradox> lol
[02:32.52] * Sidnata (sidnata@user/sidnata) has joined channel #reddit
[02:33.11] <UnknownArchive> Paradox I've been performing gta5 experiments
[02:33.22] <UnknownArchive> since i've polished the game
[02:33.29] <Paradox> lol
[02:33.49] <UnknownArchive> i found putting a bus across the entrance of a train tunnel is awesome
[02:34.50] <Paradox> try 10 busses
[02:34.56] <Paradox> my friends and i did that the other day in GTAO
[02:35.15] <Paradox> did i show you when 2 trains collided?
[02:37.20] * ttw (jorma@Snoonet-std.p5m.bv6uoe.IP) has joined channel #reddit
[02:37.52] * ilken (botnest@Snoonet-1o57f6.ag8p.gsuq.p62olk.IP) Quit (Quit: I was raided by the FBI and all I got to keep was this lousy quit message!)
[02:40.05] * khunt (Adium@Snoonet-tpq.bsl.eedggr.IP) has joined channel #reddit
[02:40.06] * khunt (Adium@Snoonet-tpq.bsl.eedggr.IP) Quit (Changing host)
[02:40.06] * khunt (Adium@user/khunt) has joined channel #reddit
[02:40.18] * ilken (botnest@Snoonet-sc3i4m.ag8p.gsuq.p62olk.IP) has joined channel #reddit
[02:44.07] * khunt (Adium@user/khunt) Quit (Ping timeout: 121 seconds)
[02:44.54] * wagonboi (wagonboi@user/wagonboi) Quit (Ping timeout: 121 seconds)
[03:58.13] *** Server disconnected on irc.snoonet.org
[03:58.21] *** Server disconnected on irc.snoonet.org
