Session Start: Sat Mar 07 12:39:05 2015
Session Ident: #MLPFiM
[12:39.05] * You have joined #MLPFiM
[12:39.05] Topic: My Little Pony: Friendship is Magic
[12:39.05] Channel Topic Set by: Aerolite!~Aerborne@mystery.shack on 2:30 AM 3/4/2015
[12:39.06] Channel modes for #MLPFiM are :+CNnptz 
[12:39.06] Channel Created on: 11:22 PM 3/2/2012
[12:52.04] * AnonTheCuck (~Anon@What.The.Cuck) Quit (Ping timeout: 240 seconds)
[12:52.36] * AnonTheCuck (~Anon@What.The.Cuck) has joined channel #MLPFiM
[12:55.02] * Pseudoboo (~Pseudojef@Rizon-7A6C1422.ph.ph.cox.net) has joined channel #MLPFiM
[12:57.57] * Pseudonym (~Pseudojef@Rizon-7A6C1422.ph.ph.cox.net) Quit (Ping timeout: 240 seconds)
[01:01.49] * zovis_000 (~zovis_000@Rizon-14B6A26C.dyn.optonline.net) Quit (Read error: Connection reset by peer)
[01:02.02] * zovis_000 (~zovis_000@Rizon-14B6A26C.dyn.optonline.net) has joined channel #MLPFiM
[01:11.43] <%coleco> 3who?
[01:17.06] * grape (~grep@sunshine.sunshine.ladybugs.awake) has joined channel #MLPFiM
[01:19.59] * AnonTheCuck (~Anon@What.The.Cuck) Quit (Ping timeout: 240 seconds)
[01:22.06] * Pseudobro (~Pseudojef@Rizon-7A6C1422.ph.ph.cox.net) has joined channel #MLPFiM
[01:22.34] * AnonTheCuck (~Anon@What.The.Cuck) has joined channel #MLPFiM
[01:24.14] * namaiki (~Twilight-@Whatever-IT.is.pinkie.pie.does) has joined channel #MLPFiM
[01:24.59] * Pseudoboo (~Pseudojef@Rizon-7A6C1422.ph.ph.cox.net) Quit (Ping timeout: 240 seconds)
[02:00.39] * AnonTheCuck (~Anon@What.The.Cuck) Quit (Ping timeout: 240 seconds)
[02:03.03] * AnonTheCuck (~Anon@What.The.Cuck) has joined channel #MLPFiM
[02:18.09] * AnonTheCuck (~Anon@What.The.Cuck) Quit (Ping timeout: 240 seconds)
[02:19.05] * AnonTheCuck (~Anon@What.The.Cuck) has joined channel #MLPFiM
[02:21.34] * Penartist (~Penartist@head.that.floats.atop.the.ziggurat) has joined channel #MLPFiM
[02:23.00] * Emgo (~what@Rizon-1523D08F.dynamic.ip.windstream.net) has joined channel #MLPFiM
[02:25.32] * Engi (~what@Rizon-F92858E7.dynamic.ip.windstream.net) Quit (Ping timeout: 240 seconds)
[02:25.32] * Emgo is now known as Engi
[02:25.54] * AnonTheCuck (~Anon@What.The.Cuck) Quit (Ping timeout: 240 seconds)
[02:28.06] * AnonTheCuck (~Anon@What.The.Cuck) has joined channel #MLPFiM
[02:42.39] * Longlius (~longlius@are.you.dead.or.are.you.sleeping) Quit (Remote host closed the connection)
[02:44.13] * Longlius (~longlius@are.you.dead.or.are.you.sleeping) has joined channel #MLPFiM
[03:58.13] *** Server disconnected on irc.rizon.net
[03:58.22] *** Server disconnected on irc.rizon.net
[03:58.23] *** Server disconnected on irc.rizon.net
