Session Start: Sat Mar 07 12:39:47 2015
Session Ident: #pone
[12:39.47] * You have joined #pone
[12:39.47] Topic: My Little Forkbomb: Resource Squandering is Fun | ＋＋http://i.imgur.com/xaLF6Qg.jpg，，
[12:39.47] Channel Topic Set by: DosAmp!~dosamp@Rizon-59F8E85F.dosamp.net on 2:53 PM 10/23/2014
[12:39.47] Channel modes for #pone are :+nptz 
[12:39.47] Channel Created on: 2:22 PM 10/23/2014
[12:39.49] <Rainb> oyy lmao
[12:41.54] <Rainb> #ponegramming
[01:02.43] <~DosAmp> oi phencunt is back
[01:03.32] <~DosAmp> you simply forget channels you detached in the bouncer
[01:04.53] <~DosAmp> among #MLPFiM and #/pone/ I really should decide what I'm going to do with this channel
[01:05.16] <~DosAmp> all the folks except for Finn are still in the former and the 8ch board now prefers the latter
[01:08.08] <Rainb> lol
[01:19.40] <~DosAmp> ＋＋http://chanstat.net/stats/rizon/%23pone，， gud job Finn
[01:19.45] <~DosAmp> *ChanStat
[01:24.14] * namaiki (~Twilight-@Whatever-IT.is.pinkie.pie.does) has joined channel #pone
[03:58.14] *** Server disconnected on irc.rizon.net
[03:58.22] *** Server disconnected on irc.rizon.net
[03:58.23] *** Server disconnected on irc.rizon.net
