Session Start: Fri Feb 13 11:03:16 2015
[11:03.16] <ScriptKitty> :3
[11:03.16] ->> ScriptKitty is ~InternetU@cpe-72-191-146-175.rgv.res.rr.com (realname)
[11:03.17] ->> ScriptKitty is on: ##programming 
[11:03.17] ->> ScriptKitty using card.freenode.net (Washington, DC, USA)
[11:03.17] ->> ScriptKitty is using a secure connection
[11:03.17] ->> ScriptKitty 0 secs seconds idle, signon time 8:46 AM 2/12/2015
[11:03.17] ->> ScriptKitty :End of /WHOIS list.
[11:03.22] <Rainb> Oh hai
[11:03.32] <ScriptKitty> how are you?
[11:03.36] <ScriptKitty> brb
[11:04.18] <Rainb> I've been mmkay
[11:30.23] <ScriptKitty> what have you been up to?
[11:30.35] <ScriptKitty> it's funny to recognize people o the internet lol
[11:37.56] <Rainb> yeah
[11:37.59] <Rainb> hmm
[11:38.10] <Rainb> I am in college now
[11:38.12] <Rainb> 2hard
[11:42.00] <ScriptKitty> :s
[11:42.16] <ScriptKitty> >tfw got expeleld from highschool the first year
[11:42.21] <ScriptKitty> lol
[11:42.40] <ScriptKitty> I didn't even finish highschool, much less going to college :D
[11:43.34] <Rainb> lucky
[11:43.42] <Rainb> I didn't even wanted to go to college
[11:43.46] <Rainb> but whatever
[11:43.50] <ScriptKitty> me nither
[11:43.57] <Rainb> I am now trying to make the most of it since I have to go
[11:58.18] * ScriptKitty (~InternetU@cpe-72-191-146-175.rgv.res.rr.com) Quit (Quit: Leaving)
