Session Start: Sat Mar 07 12:38:12 2015
[12:38.12] ERROR: Socket Error 11001 :No such host is known - ＋＋http://msdn.microsoft.com/en-us/library/ms740668.aspx，， for further information
[12:38.12] -luna.insiderz.de- Waiting 60 seconds to re-connect to (luna.insiderz.de)
[12:38.12] -luna.insiderz.de- *** Attempting to re-connect to luna.insiderz.de
[12:38.12] ERROR: Socket Error 11001 :No such host is known - ＋＋http://msdn.microsoft.com/en-us/library/ms740668.aspx，， for further information
[12:38.12] -luna.insiderz.de- Waiting 60 seconds to re-connect to (luna.insiderz.de)
[12:38.12] -luna.insiderz.de- *** Attempting to re-connect to luna.insiderz.de
[12:38.12] ERROR: Socket Error 11001 :No such host is known - ＋＋http://msdn.microsoft.com/en-us/library/ms740668.aspx，， for further information
[12:38.12] -luna.insiderz.de- Waiting 60 seconds to re-connect to (luna.insiderz.de)
[12:38.12] -luna.insiderz.de- *** Attempting to re-connect to luna.insiderz.de
[12:38.12] ERROR: Socket Error 11001 :No such host is known - ＋＋http://msdn.microsoft.com/en-us/library/ms740668.aspx，， for further information
[12:38.12] -luna.insiderz.de- Waiting 60 seconds to re-connect to (luna.insiderz.de)
[12:38.13] -luna.insiderz.de- *** Attempting to re-connect to luna.insiderz.de
[12:38.13] ERROR: Socket Error 11001 :No such host is known - ＋＋http://msdn.microsoft.com/en-us/library/ms740668.aspx，， for further information
[12:38.13] -luna.insiderz.de- Waiting 60 seconds to re-connect to (luna.insiderz.de)
[12:38.13] -luna.insiderz.de- *** Attempting to re-connect to luna.insiderz.de
[12:38.13] ERROR: Socket Error 11001 :No such host is known - ＋＋http://msdn.microsoft.com/en-us/library/ms740668.aspx，， for further information
[12:38.13] -luna.insiderz.de- Waiting 60 seconds to re-connect to (luna.insiderz.de)
[12:38.13] -luna.insiderz.de- *** Attempting to re-connect to luna.insiderz.de
[12:38.13] ERROR: Socket Error 11001 :No such host is known - ＋＋http://msdn.microsoft.com/en-us/library/ms740668.aspx，， for further information
[12:38.13] -luna.insiderz.de- Waiting 60 seconds to re-connect to (luna.insiderz.de)
[12:38.13] -luna.insiderz.de- *** Attempting to re-connect to luna.insiderz.de
[12:38.13] ERROR: Socket Error 11001 :No such host is known - ＋＋http://msdn.microsoft.com/en-us/library/ms740668.aspx，， for further information
[12:38.13] -luna.insiderz.de- Waiting 60 seconds to re-connect to (luna.insiderz.de)
[12:38.13] -luna.insiderz.de- *** Attempting to re-connect to luna.insiderz.de
[12:38.13] ERROR: Socket Error 11001 :No such host is known - ＋＋http://msdn.microsoft.com/en-us/library/ms740668.aspx，， for further information
[12:38.13] -luna.insiderz.de- Waiting 60 seconds to re-connect to (luna.insiderz.de)
[12:38.13] -luna.insiderz.de- *** Attempting to re-connect to luna.insiderz.de
[12:38.13] ERROR: Socket Error 11001 :No such host is known - ＋＋http://msdn.microsoft.com/en-us/library/ms740668.aspx，， for further information
[12:38.13] -luna.insiderz.de- *** Attempting to re-connect to luna.insiderz.de
[12:38.13] -luna.insiderz.de- Waiting 60 seconds to re-connect to (luna.insiderz.de)
[12:38.13] ERROR: Socket Error 11001 :No such host is known - ＋＋http://msdn.microsoft.com/en-us/library/ms740668.aspx，， for further information
[12:38.13] -luna.insiderz.de- *** Attempting to re-connect to luna.insiderz.de
[12:38.13] -luna.insiderz.de- Waiting 60 seconds to re-connect to (luna.insiderz.de)
[12:38.13] ERROR: Socket Error 11001 :No such host is known - ＋＋http://msdn.microsoft.com/en-us/library/ms740668.aspx，， for further information
[12:38.13] -luna.insiderz.de- *** Attempting to re-connect to luna.insiderz.de
[12:38.13] -luna.insiderz.de- Waiting 60 seconds to re-connect to (luna.insiderz.de)
[12:38.13] ERROR: Socket Error 11001 :No such host is known - ＋＋http://msdn.microsoft.com/en-us/library/ms740668.aspx，， for further information
[12:38.13] -luna.insiderz.de- Waiting 60 seconds to re-connect to (luna.insiderz.de)
[12:38.13] -luna.insiderz.de- *** Attempting to re-connect to luna.insiderz.de
[12:38.13] ERROR: Socket Error 11001 :No such host is known - ＋＋http://msdn.microsoft.com/en-us/library/ms740668.aspx，， for further information
[12:38.13] -luna.insiderz.de- *** Attempting to re-connect to luna.insiderz.de
[12:38.13] -luna.insiderz.de- Waiting 60 seconds to re-connect to (luna.insiderz.de)
[12:38.13] ERROR: Socket Error 11001 :No such host is known - ＋＋http://msdn.microsoft.com/en-us/library/ms740668.aspx，， for further information
[12:38.14] -luna.insiderz.de- *** Attempting to re-connect to luna.insiderz.de
[12:38.14] ERROR: Socket Error 11001 :No such host is known - ＋＋http://msdn.microsoft.com/en-us/library/ms740668.aspx，， for further information
[12:38.14] -luna.insiderz.de- Waiting 60 seconds to re-connect to (luna.insiderz.de)
[12:38.14] -luna.insiderz.de- Waiting 60 seconds to re-connect to (luna.insiderz.de)
[12:38.14] -luna.insiderz.de- *** Attempting to re-connect to luna.insiderz.de
[12:38.14] ERROR: Socket Error 11001 :No such host is known - ＋＋http://msdn.microsoft.com/en-us/library/ms740668.aspx，， for further information
[12:38.14] -luna.insiderz.de- Waiting 60 seconds to re-connect to (luna.insiderz.de)
[12:38.14] -luna.insiderz.de- *** Attempting to re-connect to luna.insiderz.de
[12:38.14] ERROR: Socket Error 11001 :No such host is known - ＋＋http://msdn.microsoft.com/en-us/library/ms740668.aspx，， for further information
[12:38.14] -luna.insiderz.de- Waiting 60 seconds to re-connect to (luna.insiderz.de)
[12:38.14] -luna.insiderz.de- *** Attempting to re-connect to luna.insiderz.de
[12:38.14] ERROR: Socket Error 11001 :No such host is known - ＋＋http://msdn.microsoft.com/en-us/library/ms740668.aspx，， for further information
[12:38.14] -luna.insiderz.de- *** Attempting to re-connect to luna.insiderz.de
[12:38.14] -luna.insiderz.de- Waiting 60 seconds to re-connect to (luna.insiderz.de)
[12:38.14] ERROR: Socket Error 11001 :No such host is known - ＋＋http://msdn.microsoft.com/en-us/library/ms740668.aspx，， for further information
[12:38.14] -luna.insiderz.de- *** Attempting to re-connect to luna.insiderz.de
[12:38.14] -luna.insiderz.de- Waiting 60 seconds to re-connect to (luna.insiderz.de)
[12:38.14] ERROR: Socket Error 11001 :No such host is known - ＋＋http://msdn.microsoft.com/en-us/library/ms740668.aspx，， for further information
[12:38.14] -luna.insiderz.de- *** Attempting to re-connect to luna.insiderz.de
[12:38.14] -luna.insiderz.de- Waiting 60 seconds to re-connect to (luna.insiderz.de)
[12:38.14] ERROR: Socket Error 11001 :No such host is known - ＋＋http://msdn.microsoft.com/en-us/library/ms740668.aspx，， for further information
[12:38.14] -luna.insiderz.de- Waiting 60 seconds to re-connect to (luna.insiderz.de)
[12:38.14] -luna.insiderz.de- *** Attempting to re-connect to luna.insiderz.de
[12:38.14] ERROR: Socket Error 11001 :No such host is known - ＋＋http://msdn.microsoft.com/en-us/library/ms740668.aspx，， for further information
[12:38.14] -luna.insiderz.de- Waiting 60 seconds to re-connect to (luna.insiderz.de)
[12:38.14] -luna.insiderz.de- *** Attempting to re-connect to luna.insiderz.de
[12:38.14] ERROR: Socket Error 11001 :No such host is known - ＋＋http://msdn.microsoft.com/en-us/library/ms740668.aspx，， for further information
[12:38.14] -luna.insiderz.de- Waiting 60 seconds to re-connect to (luna.insiderz.de)
[12:38.14] -luna.insiderz.de- *** Attempting to re-connect to luna.insiderz.de
[12:38.14] ERROR: Socket Error 11001 :No such host is known - ＋＋http://msdn.microsoft.com/en-us/library/ms740668.aspx，， for further information
[12:38.15] -luna.insiderz.de- Waiting 60 seconds to re-connect to (luna.insiderz.de)
[12:38.15] -luna.insiderz.de- *** Attempting to re-connect to luna.insiderz.de
[12:38.15] ERROR: Socket Error 11001 :No such host is known - ＋＋http://msdn.microsoft.com/en-us/library/ms740668.aspx，， for further information
[12:38.15] -luna.insiderz.de- Waiting 60 seconds to re-connect to (luna.insiderz.de)
[12:38.15] -luna.insiderz.de- *** Attempting to re-connect to luna.insiderz.de
[12:38.15] ERROR: Socket Error 11001 :No such host is known - ＋＋http://msdn.microsoft.com/en-us/library/ms740668.aspx，， for further information
[12:38.15] -luna.insiderz.de- Waiting 60 seconds to re-connect to (luna.insiderz.de)
[12:38.15] -luna.insiderz.de- *** Attempting to re-connect to luna.insiderz.de
[12:38.15] ERROR: Socket Error 11001 :No such host is known - ＋＋http://msdn.microsoft.com/en-us/library/ms740668.aspx，， for further information
[12:38.15] -luna.insiderz.de- *** Attempting to re-connect to luna.insiderz.de
[12:38.15] -luna.insiderz.de- Waiting 60 seconds to re-connect to (luna.insiderz.de)
[12:38.15] ERROR: Socket Error 11001 :No such host is known - ＋＋http://msdn.microsoft.com/en-us/library/ms740668.aspx，， for further information
[12:38.15] -luna.insiderz.de- *** Attempting to re-connect to luna.insiderz.de
[12:38.15] -luna.insiderz.de- Waiting 60 seconds to re-connect to (luna.insiderz.de)
[12:38.15] ERROR: Socket Error 11001 :No such host is known - ＋＋http://msdn.microsoft.com/en-us/library/ms740668.aspx，， for further information
[12:38.15] -luna.insiderz.de- Waiting 60 seconds to re-connect to (luna.insiderz.de)
[12:38.15] -luna.insiderz.de- *** Attempting to re-connect to luna.insiderz.de
[12:38.15] ERROR: Socket Error 11001 :No such host is known - ＋＋http://msdn.microsoft.com/en-us/library/ms740668.aspx，， for further information
[12:38.15] -luna.insiderz.de- *** Attempting to re-connect to luna.insiderz.de
[12:38.15] -luna.insiderz.de- Waiting 60 seconds to re-connect to (luna.insiderz.de)
[12:38.15] ERROR: Socket Error 11001 :No such host is known - ＋＋http://msdn.microsoft.com/en-us/library/ms740668.aspx，， for further information
[12:38.15] -luna.insiderz.de- Waiting 60 seconds to re-connect to (luna.insiderz.de)
[12:38.15] -luna.insiderz.de- *** Attempting to re-connect to luna.insiderz.de
[12:38.15] ERROR: Socket Error 11001 :No such host is known - ＋＋http://msdn.microsoft.com/en-us/library/ms740668.aspx，， for further information
[12:38.15] -luna.insiderz.de- Waiting 60 seconds to re-connect to (luna.insiderz.de)
[12:38.15] -luna.insiderz.de- *** Attempting to re-connect to luna.insiderz.de
[12:38.15] ERROR: Socket Error 11001 :No such host is known - ＋＋http://msdn.microsoft.com/en-us/library/ms740668.aspx，， for further information
[12:38.15] -luna.insiderz.de- Waiting 60 seconds to re-connect to (luna.insiderz.de)
[12:38.16] -luna.insiderz.de- *** Attempting to re-connect to luna.insiderz.de
[12:38.16] ERROR: Socket Error 11001 :No such host is known - ＋＋http://msdn.microsoft.com/en-us/library/ms740668.aspx，， for further information
[12:38.16] -luna.insiderz.de- Waiting 60 seconds to re-connect to (luna.insiderz.de)
[12:38.16] -luna.insiderz.de- *** Attempting to re-connect to luna.insiderz.de
[12:38.16] ERROR: Socket Error 11001 :No such host is known - ＋＋http://msdn.microsoft.com/en-us/library/ms740668.aspx，， for further information
[12:38.16] -luna.insiderz.de- Waiting 60 seconds to re-connect to (luna.insiderz.de)
[12:38.16] -luna.insiderz.de- *** Attempting to re-connect to luna.insiderz.de
[12:38.16] ERROR: Socket Error 11001 :No such host is known - ＋＋http://msdn.microsoft.com/en-us/library/ms740668.aspx，， for further information
[12:38.16] -luna.insiderz.de- Waiting 60 seconds to re-connect to (luna.insiderz.de)
[12:38.16] -luna.insiderz.de- *** Attempting to re-connect to luna.insiderz.de
[12:38.16] ERROR: Socket Error 11001 :No such host is known - ＋＋http://msdn.microsoft.com/en-us/library/ms740668.aspx，， for further information
[12:38.16] -luna.insiderz.de- *** Attempting to re-connect to luna.insiderz.de
[12:38.16] -luna.insiderz.de- Waiting 60 seconds to re-connect to (luna.insiderz.de)
[12:38.16] ERROR: Socket Error 11001 :No such host is known - ＋＋http://msdn.microsoft.com/en-us/library/ms740668.aspx，， for further information
[12:38.16] -luna.insiderz.de- Waiting 60 seconds to re-connect to (luna.insiderz.de)
[12:38.16] -luna.insiderz.de- *** Attempting to re-connect to luna.insiderz.de
[12:38.16] ERROR: Socket Error 11001 :No such host is known - ＋＋http://msdn.microsoft.com/en-us/library/ms740668.aspx，， for further information
[12:38.16] -luna.insiderz.de- *** Attempting to re-connect to luna.insiderz.de
[12:38.16] ERROR: Socket Error 11001 :No such host is known - ＋＋http://msdn.microsoft.com/en-us/library/ms740668.aspx，， for further information
[12:38.16] -luna.insiderz.de- Waiting 60 seconds to re-connect to (luna.insiderz.de)
[12:38.16] -luna.insiderz.de- Waiting 60 seconds to re-connect to (luna.insiderz.de)
[12:38.16] -luna.insiderz.de- *** Attempting to re-connect to luna.insiderz.de
[12:38.16] ERROR: Socket Error 11001 :No such host is known - ＋＋http://msdn.microsoft.com/en-us/library/ms740668.aspx，， for further information
[12:38.16] -luna.insiderz.de- Waiting 60 seconds to re-connect to (luna.insiderz.de)
[12:38.16] -luna.insiderz.de- *** Attempting to re-connect to luna.insiderz.de
[12:38.16] ERROR: Socket Error 11001 :No such host is known - ＋＋http://msdn.microsoft.com/en-us/library/ms740668.aspx，， for further information
[12:38.16] -luna.insiderz.de- Waiting 60 seconds to re-connect to (luna.insiderz.de)
[12:38.16] -luna.insiderz.de- *** Attempting to re-connect to luna.insiderz.de
[12:38.16] ERROR: Socket Error 11001 :No such host is known - ＋＋http://msdn.microsoft.com/en-us/library/ms740668.aspx，， for further information
[12:38.16] -luna.insiderz.de- *** Attempting to re-connect to luna.insiderz.de
[12:38.16] -luna.insiderz.de- Waiting 60 seconds to re-connect to (luna.insiderz.de)
[12:38.16] ERROR: Socket Error 11001 :No such host is known - ＋＋http://msdn.microsoft.com/en-us/library/ms740668.aspx，， for further information
[12:38.17] -luna.insiderz.de- Waiting 60 seconds to re-connect to (luna.insiderz.de)
[12:38.17] -luna.insiderz.de- *** Attempting to re-connect to luna.insiderz.de
[12:38.17] ERROR: Socket Error 11001 :No such host is known - ＋＋http://msdn.microsoft.com/en-us/library/ms740668.aspx，， for further information
[12:38.17] -luna.insiderz.de- Waiting 60 seconds to re-connect to (luna.insiderz.de)
[12:38.17] -luna.insiderz.de- *** Attempting to re-connect to luna.insiderz.de
[12:38.17] ERROR: Socket Error 11001 :No such host is known - ＋＋http://msdn.microsoft.com/en-us/library/ms740668.aspx，， for further information
[12:38.17] -luna.insiderz.de- Waiting 60 seconds to re-connect to (luna.insiderz.de)
[12:38.17] -luna.insiderz.de- *** Attempting to re-connect to luna.insiderz.de
[12:38.17] ERROR: Socket Error 11001 :No such host is known - ＋＋http://msdn.microsoft.com/en-us/library/ms740668.aspx，， for further information
[12:38.17] -luna.insiderz.de- *** Attempting to re-connect to luna.insiderz.de
[12:38.17] ERROR: Socket Error 11001 :No such host is known - ＋＋http://msdn.microsoft.com/en-us/library/ms740668.aspx，， for further information
[12:38.17] -luna.insiderz.de- *** Attempting to re-connect to luna.insiderz.de
[12:38.17] -luna.insiderz.de- Waiting 60 seconds to re-connect to (luna.insiderz.de)
[12:38.17] ERROR: Socket Error 11001 :No such host is known - ＋＋http://msdn.microsoft.com/en-us/library/ms740668.aspx，， for further information
[12:38.17] -luna.insiderz.de- Waiting 60 seconds to re-connect to (luna.insiderz.de)
[12:38.17] -luna.insiderz.de- Waiting 60 seconds to re-connect to (luna.insiderz.de)
[12:38.17] -luna.insiderz.de- *** Attempting to re-connect to luna.insiderz.de
[12:38.17] ERROR: Socket Error 11001 :No such host is known - ＋＋http://msdn.microsoft.com/en-us/library/ms740668.aspx，， for further information
[12:38.17] -luna.insiderz.de- *** Attempting to re-connect to luna.insiderz.de
[12:38.17] -luna.insiderz.de- Waiting 60 seconds to re-connect to (luna.insiderz.de)
[12:38.17] ERROR: Socket Error 11001 :No such host is known - ＋＋http://msdn.microsoft.com/en-us/library/ms740668.aspx，， for further information
[12:38.17] -luna.insiderz.de- Waiting 60 seconds to re-connect to (luna.insiderz.de)
[12:38.17] -luna.insiderz.de- *** Attempting to re-connect to luna.insiderz.de
[12:38.17] ERROR: Socket Error 11001 :No such host is known - ＋＋http://msdn.microsoft.com/en-us/library/ms740668.aspx，， for further information
[12:38.17] -luna.insiderz.de- *** Attempting to re-connect to luna.insiderz.de
[12:38.17] -luna.insiderz.de- Waiting 60 seconds to re-connect to (luna.insiderz.de)
[12:38.17] ERROR: Socket Error 11001 :No such host is known - ＋＋http://msdn.microsoft.com/en-us/library/ms740668.aspx，， for further information
[12:38.17] -luna.insiderz.de- Waiting 60 seconds to re-connect to (luna.insiderz.de)
[12:38.17] -luna.insiderz.de- *** Attempting to re-connect to luna.insiderz.de
[12:38.17] ERROR: Socket Error 11001 :No such host is known - ＋＋http://msdn.microsoft.com/en-us/library/ms740668.aspx，， for further information
[12:38.17] -luna.insiderz.de- Waiting 60 seconds to re-connect to (luna.insiderz.de)
[12:38.18] -luna.insiderz.de- *** Attempting to re-connect to luna.insiderz.de
[12:38.18] ERROR: Socket Error 11001 :No such host is known - ＋＋http://msdn.microsoft.com/en-us/library/ms740668.aspx，， for further information
[12:38.18] -luna.insiderz.de- *** Attempting to re-connect to luna.insiderz.de
[12:38.18] -luna.insiderz.de- Waiting 60 seconds to re-connect to (luna.insiderz.de)
[12:38.18] ERROR: Socket Error 11001 :No such host is known - ＋＋http://msdn.microsoft.com/en-us/library/ms740668.aspx，， for further information
[12:38.18] -luna.insiderz.de- *** Attempting to re-connect to luna.insiderz.de
[12:38.18] -luna.insiderz.de- Waiting 60 seconds to re-connect to (luna.insiderz.de)
[12:38.18] ERROR: Socket Error 11001 :No such host is known - ＋＋http://msdn.microsoft.com/en-us/library/ms740668.aspx，， for further information
[12:38.18] -luna.insiderz.de- Waiting 60 seconds to re-connect to (luna.insiderz.de)
[12:38.18] -luna.insiderz.de- *** Attempting to re-connect to luna.insiderz.de
[12:38.18] ERROR: Socket Error 11001 :No such host is known - ＋＋http://msdn.microsoft.com/en-us/library/ms740668.aspx，， for further information
[12:38.18] -luna.insiderz.de- Waiting 60 seconds to re-connect to (luna.insiderz.de)
[12:38.18] -luna.insiderz.de- *** Attempting to re-connect to luna.insiderz.de
[12:38.18] ERROR: Socket Error 11001 :No such host is known - ＋＋http://msdn.microsoft.com/en-us/library/ms740668.aspx，， for further information
[12:38.18] -luna.insiderz.de- *** Attempting to re-connect to luna.insiderz.de
[12:38.18] -luna.insiderz.de- Waiting 60 seconds to re-connect to (luna.insiderz.de)
[12:38.18] ERROR: Socket Error 11001 :No such host is known - ＋＋http://msdn.microsoft.com/en-us/library/ms740668.aspx，， for further information
[12:38.18] -luna.insiderz.de- *** Attempting to re-connect to luna.insiderz.de
[12:38.18] -luna.insiderz.de- Waiting 60 seconds to re-connect to (luna.insiderz.de)
[12:38.18] ERROR: Socket Error 11001 :No such host is known - ＋＋http://msdn.microsoft.com/en-us/library/ms740668.aspx，， for further information
[12:38.18] -luna.insiderz.de- *** Attempting to re-connect to luna.insiderz.de
[12:38.18] ERROR: Socket Error 11001 :No such host is known - ＋＋http://msdn.microsoft.com/en-us/library/ms740668.aspx，， for further information
[12:38.18] -luna.insiderz.de- Waiting 60 seconds to re-connect to (luna.insiderz.de)
[12:38.18] -luna.insiderz.de- Waiting 60 seconds to re-connect to (luna.insiderz.de)
[12:38.18] -luna.insiderz.de- *** Attempting to re-connect to luna.insiderz.de
[12:38.18] ERROR: Socket Error 11001 :No such host is known - ＋＋http://msdn.microsoft.com/en-us/library/ms740668.aspx，， for further information
[12:38.18] -luna.insiderz.de- *** Attempting to re-connect to luna.insiderz.de
[12:38.18] -luna.insiderz.de- Waiting 60 seconds to re-connect to (luna.insiderz.de)
[12:38.18] ERROR: Socket Error 11001 :No such host is known - ＋＋http://msdn.microsoft.com/en-us/library/ms740668.aspx，， for further information
[12:38.18] -luna.insiderz.de- Waiting 60 seconds to re-connect to (luna.insiderz.de)
[12:38.18] -luna.insiderz.de- *** Attempting to re-connect to luna.insiderz.de
[12:38.18] ERROR: Socket Error 11001 :No such host is known - ＋＋http://msdn.microsoft.com/en-us/library/ms740668.aspx，， for further information
[12:38.19] -luna.insiderz.de- Waiting 60 seconds to re-connect to (luna.insiderz.de)
[12:38.19] -luna.insiderz.de- *** Attempting to re-connect to luna.insiderz.de
[12:38.19] ERROR: Socket Error 11001 :No such host is known - ＋＋http://msdn.microsoft.com/en-us/library/ms740668.aspx，， for further information
[12:38.19] -luna.insiderz.de- *** Attempting to re-connect to luna.insiderz.de
[12:38.19] -luna.insiderz.de- Waiting 60 seconds to re-connect to (luna.insiderz.de)
[12:38.19] ERROR: Socket Error 11001 :No such host is known - ＋＋http://msdn.microsoft.com/en-us/library/ms740668.aspx，， for further information
[12:38.19] -luna.insiderz.de- Waiting 60 seconds to re-connect to (luna.insiderz.de)
[12:38.19] -luna.insiderz.de- *** Attempting to re-connect to luna.insiderz.de
[12:38.19] ERROR: Socket Error 11001 :No such host is known - ＋＋http://msdn.microsoft.com/en-us/library/ms740668.aspx，， for further information
[12:38.19] -luna.insiderz.de- Waiting 60 seconds to re-connect to (luna.insiderz.de)
[12:38.19] -luna.insiderz.de- *** Attempting to re-connect to luna.insiderz.de
[12:38.19] ERROR: Socket Error 11001 :No such host is known - ＋＋http://msdn.microsoft.com/en-us/library/ms740668.aspx，， for further information
[12:38.19] -luna.insiderz.de- Waiting 60 seconds to re-connect to (luna.insiderz.de)
[12:38.19] -luna.insiderz.de- *** Attempting to re-connect to luna.insiderz.de
[12:38.19] ERROR: Socket Error 11001 :No such host is known - ＋＋http://msdn.microsoft.com/en-us/library/ms740668.aspx，， for further information
[12:38.19] -luna.insiderz.de- *** Attempting to re-connect to luna.insiderz.de
[12:38.19] ERROR: Socket Error 11001 :No such host is known - ＋＋http://msdn.microsoft.com/en-us/library/ms740668.aspx，， for further information
[12:38.19] -luna.insiderz.de- Waiting 60 seconds to re-connect to (luna.insiderz.de)
[12:38.19] -luna.insiderz.de- Waiting 60 seconds to re-connect to (luna.insiderz.de)
[12:38.19] -luna.insiderz.de- *** Attempting to re-connect to luna.insiderz.de
[12:38.19] ERROR: Socket Error 11001 :No such host is known - ＋＋http://msdn.microsoft.com/en-us/library/ms740668.aspx，， for further information
[12:38.19] -luna.insiderz.de- *** Attempting to re-connect to luna.insiderz.de
[12:38.19] -luna.insiderz.de- Waiting 60 seconds to re-connect to (luna.insiderz.de)
[12:38.19] ERROR: Socket Error 11001 :No such host is known - ＋＋http://msdn.microsoft.com/en-us/library/ms740668.aspx，， for further information
[12:38.19] -luna.insiderz.de- *** Attempting to re-connect to luna.insiderz.de
[12:38.19] -luna.insiderz.de- Waiting 60 seconds to re-connect to (luna.insiderz.de)
[12:38.19] ERROR: Socket Error 11001 :No such host is known - ＋＋http://msdn.microsoft.com/en-us/library/ms740668.aspx，， for further information
[12:38.19] -luna.insiderz.de- *** Attempting to re-connect to luna.insiderz.de
[12:38.19] -luna.insiderz.de- Waiting 60 seconds to re-connect to (luna.insiderz.de)
[12:38.19] ERROR: Socket Error 11001 :No such host is known - ＋＋http://msdn.microsoft.com/en-us/library/ms740668.aspx，， for further information
[12:38.19] -luna.insiderz.de- Waiting 60 seconds to re-connect to (luna.insiderz.de)
[12:38.19] -luna.insiderz.de- *** Attempting to re-connect to luna.insiderz.de
[12:38.19] ERROR: Socket Error 11001 :No such host is known - ＋＋http://msdn.microsoft.com/en-us/library/ms740668.aspx，， for further information
[12:38.19] -luna.insiderz.de- Waiting 60 seconds to re-connect to (luna.insiderz.de)
[12:38.19] -luna.insiderz.de- *** Attempting to re-connect to luna.insiderz.de
[12:38.19] ERROR: Socket Error 11001 :No such host is known - ＋＋http://msdn.microsoft.com/en-us/library/ms740668.aspx，， for further information
[12:38.20] -luna.insiderz.de- Waiting 60 seconds to re-connect to (luna.insiderz.de)
[12:38.20] -luna.insiderz.de- *** Attempting to re-connect to luna.insiderz.de
[12:38.20] ERROR: Socket Error 11001 :No such host is known - ＋＋http://msdn.microsoft.com/en-us/library/ms740668.aspx，， for further information
[12:38.20] -luna.insiderz.de- *** Attempting to re-connect to luna.insiderz.de
[12:38.20] -luna.insiderz.de- *** Attempting to re-connect to luna.insiderz.de
[12:38.20] -luna.insiderz.de- *** Attempting to re-connect to luna.insiderz.de
[12:38.20] ERROR: Socket Error 11001 :No such host is known - ＋＋http://msdn.microsoft.com/en-us/library/ms740668.aspx，， for further information
[12:38.20] ERROR: Socket Error 11001 :No such host is known - ＋＋http://msdn.microsoft.com/en-us/library/ms740668.aspx，， for further information
[12:38.20] ERROR: Socket Error 11001 :No such host is known - ＋＋http://msdn.microsoft.com/en-us/library/ms740668.aspx，， for further information
[12:38.20] -luna.insiderz.de- Waiting 60 seconds to re-connect to (luna.insiderz.de)
[12:38.20] -luna.insiderz.de- *** Attempting to re-connect to luna.insiderz.de
[12:38.20] -luna.insiderz.de- Waiting 60 seconds to re-connect to (luna.insiderz.de)
[12:38.20] -luna.insiderz.de- Waiting 60 seconds to re-connect to (luna.insiderz.de)
[12:38.20] ERROR: Socket Error 11001 :No such host is known - ＋＋http://msdn.microsoft.com/en-us/library/ms740668.aspx，， for further information
[12:38.20] -luna.insiderz.de- Waiting 60 seconds to re-connect to (luna.insiderz.de)
[12:38.20] -luna.insiderz.de- *** Attempting to re-connect to luna.insiderz.de
[12:38.20] ERROR: Socket Error 11001 :No such host is known - ＋＋http://msdn.microsoft.com/en-us/library/ms740668.aspx，， for further information
[12:38.20] -luna.insiderz.de- *** Attempting to re-connect to luna.insiderz.de
[12:38.20] -luna.insiderz.de- Waiting 60 seconds to re-connect to (luna.insiderz.de)
[12:38.20] ERROR: Socket Error 11001 :No such host is known - ＋＋http://msdn.microsoft.com/en-us/library/ms740668.aspx，， for further information
[12:38.20] -luna.insiderz.de- *** Attempting to re-connect to luna.insiderz.de
[12:38.20] -luna.insiderz.de- Waiting 60 seconds to re-connect to (luna.insiderz.de)
[12:38.20] ERROR: Socket Error 11001 :No such host is known - ＋＋http://msdn.microsoft.com/en-us/library/ms740668.aspx，， for further information
[12:38.20] -luna.insiderz.de- *** Attempting to re-connect to luna.insiderz.de
[12:38.20] -luna.insiderz.de- Waiting 60 seconds to re-connect to (luna.insiderz.de)
[12:38.20] ERROR: Socket Error 11001 :No such host is known - ＋＋http://msdn.microsoft.com/en-us/library/ms740668.aspx，， for further information
[12:38.20] -luna.insiderz.de- Waiting 60 seconds to re-connect to (luna.insiderz.de)
[12:38.20] -luna.insiderz.de- *** Attempting to re-connect to luna.insiderz.de
[12:38.20] ERROR: Socket Error 11001 :No such host is known - ＋＋http://msdn.microsoft.com/en-us/library/ms740668.aspx，， for further information
[12:38.20] -luna.insiderz.de- *** Attempting to re-connect to luna.insiderz.de
[12:38.20] -luna.insiderz.de- Waiting 60 seconds to re-connect to (luna.insiderz.de)
[12:38.20] ERROR: Socket Error 11001 :No such host is known - ＋＋http://msdn.microsoft.com/en-us/library/ms740668.aspx，， for further information
[12:38.21] -luna.insiderz.de- Waiting 60 seconds to re-connect to (luna.insiderz.de)
[12:38.21] -luna.insiderz.de- *** Attempting to re-connect to luna.insiderz.de
[12:38.21] ERROR: Socket Error 11001 :No such host is known - ＋＋http://msdn.microsoft.com/en-us/library/ms740668.aspx，， for further information
[12:38.21] -luna.insiderz.de- *** Attempting to re-connect to luna.insiderz.de
[12:38.21] -luna.insiderz.de- Waiting 60 seconds to re-connect to (luna.insiderz.de)
[12:38.21] ERROR: Socket Error 11001 :No such host is known - ＋＋http://msdn.microsoft.com/en-us/library/ms740668.aspx，， for further information
[12:38.21] -luna.insiderz.de- *** Attempting to re-connect to luna.insiderz.de
[12:38.21] ERROR: Socket Error 11001 :No such host is known - ＋＋http://msdn.microsoft.com/en-us/library/ms740668.aspx，， for further information
[12:38.21] -luna.insiderz.de- Waiting 60 seconds to re-connect to (luna.insiderz.de)
[12:38.21] -luna.insiderz.de- Waiting 60 seconds to re-connect to (luna.insiderz.de)
[12:38.21] -luna.insiderz.de- *** Attempting to re-connect to luna.insiderz.de
[12:38.21] ERROR: Socket Error 11001 :No such host is known - ＋＋http://msdn.microsoft.com/en-us/library/ms740668.aspx，， for further information
[12:38.21] -luna.insiderz.de- *** Attempting to re-connect to luna.insiderz.de
[12:38.21] -luna.insiderz.de- Waiting 60 seconds to re-connect to (luna.insiderz.de)
[12:38.21] ERROR: Socket Error 11001 :No such host is known - ＋＋http://msdn.microsoft.com/en-us/library/ms740668.aspx，， for further information
[12:38.21] -luna.insiderz.de- Waiting 60 seconds to re-connect to (luna.insiderz.de)
[12:38.21] -luna.insiderz.de- *** Attempting to re-connect to luna.insiderz.de
[12:38.21] ERROR: Socket Error 11001 :No such host is known - ＋＋http://msdn.microsoft.com/en-us/library/ms740668.aspx，， for further information
[12:38.21] -luna.insiderz.de- *** Attempting to re-connect to luna.insiderz.de
[12:38.21] -luna.insiderz.de- Waiting 60 seconds to re-connect to (luna.insiderz.de)
[12:38.21] ERROR: Socket Error 11001 :No such host is known - ＋＋http://msdn.microsoft.com/en-us/library/ms740668.aspx，， for further information
[12:38.21] -luna.insiderz.de- *** Attempting to re-connect to luna.insiderz.de
[12:38.21] -luna.insiderz.de- Waiting 60 seconds to re-connect to (luna.insiderz.de)
[12:38.21] ERROR: Socket Error 11001 :No such host is known - ＋＋http://msdn.microsoft.com/en-us/library/ms740668.aspx，， for further information
[12:38.21] -luna.insiderz.de- *** Attempting to re-connect to luna.insiderz.de
[12:38.21] ERROR: Socket Error 11001 :No such host is known - ＋＋http://msdn.microsoft.com/en-us/library/ms740668.aspx，， for further information
[12:38.21] -luna.insiderz.de- Waiting 60 seconds to re-connect to (luna.insiderz.de)
[12:38.21] -luna.insiderz.de- Waiting 60 seconds to re-connect to (luna.insiderz.de)
[12:38.21] -luna.insiderz.de- *** Attempting to re-connect to luna.insiderz.de
[12:38.21] ERROR: Socket Error 11001 :No such host is known - ＋＋http://msdn.microsoft.com/en-us/library/ms740668.aspx，， for further information
[12:38.21] -luna.insiderz.de- *** Attempting to re-connect to luna.insiderz.de
[12:38.21] -luna.insiderz.de- Waiting 60 seconds to re-connect to (luna.insiderz.de)
[12:38.21] ERROR: Socket Error 11001 :No such host is known - ＋＋http://msdn.microsoft.com/en-us/library/ms740668.aspx，， for further information
[12:38.22] -luna.insiderz.de- Waiting 60 seconds to re-connect to (luna.insiderz.de)
[12:38.22] -luna.insiderz.de- *** Attempting to re-connect to luna.insiderz.de
[12:38.22] ERROR: Socket Error 11001 :No such host is known - ＋＋http://msdn.microsoft.com/en-us/library/ms740668.aspx，， for further information
[12:38.22] -luna.insiderz.de- *** Attempting to re-connect to luna.insiderz.de
[12:38.22] -luna.insiderz.de- *** Attempting to re-connect to luna.insiderz.de
[12:38.22] ERROR: Socket Error 11001 :No such host is known - ＋＋http://msdn.microsoft.com/en-us/library/ms740668.aspx，， for further information
[12:38.22] -luna.insiderz.de- Waiting 60 seconds to re-connect to (luna.insiderz.de)
[12:38.22] ERROR: Socket Error 11001 :No such host is known - ＋＋http://msdn.microsoft.com/en-us/library/ms740668.aspx，， for further information
[12:38.22] -luna.insiderz.de- *** Attempting to re-connect to luna.insiderz.de
[12:38.22] ERROR: Socket Error 11001 :No such host is known - ＋＋http://msdn.microsoft.com/en-us/library/ms740668.aspx，， for further information
[12:38.22] -luna.insiderz.de- Waiting 60 seconds to re-connect to (luna.insiderz.de)
[12:38.22] -luna.insiderz.de- Waiting 60 seconds to re-connect to (luna.insiderz.de)
[12:38.22] -luna.insiderz.de- Waiting 60 seconds to re-connect to (luna.insiderz.de)
[12:38.22] -luna.insiderz.de- *** Attempting to re-connect to luna.insiderz.de
[12:38.22] ERROR: Socket Error 11001 :No such host is known - ＋＋http://msdn.microsoft.com/en-us/library/ms740668.aspx，， for further information
[12:38.22] -luna.insiderz.de- *** Attempting to re-connect to luna.insiderz.de
[12:38.22] -luna.insiderz.de- Waiting 60 seconds to re-connect to (luna.insiderz.de)
[12:38.22] -luna.insiderz.de- *** Attempting to re-connect to luna.insiderz.de
[12:38.22] ERROR: Socket Error 11001 :No such host is known - ＋＋http://msdn.microsoft.com/en-us/library/ms740668.aspx，， for further information
[12:38.22] -luna.insiderz.de- *** Attempting to re-connect to luna.insiderz.de
[12:38.22] ERROR: Socket Error 11001 :No such host is known - ＋＋http://msdn.microsoft.com/en-us/library/ms740668.aspx，， for further information
[12:38.22] ERROR: Socket Error 11001 :No such host is known - ＋＋http://msdn.microsoft.com/en-us/library/ms740668.aspx，， for further information
[12:38.22] -luna.insiderz.de- *** Attempting to re-connect to luna.insiderz.de
[12:38.22] -luna.insiderz.de- Waiting 60 seconds to re-connect to (luna.insiderz.de)
[12:38.22] -luna.insiderz.de- Waiting 60 seconds to re-connect to (luna.insiderz.de)
[12:38.22] ERROR: Socket Error 11001 :No such host is known - ＋＋http://msdn.microsoft.com/en-us/library/ms740668.aspx，， for further information
[12:38.22] -luna.insiderz.de- Waiting 60 seconds to re-connect to (luna.insiderz.de)
[12:38.22] -luna.insiderz.de- Waiting 60 seconds to re-connect to (luna.insiderz.de)
[12:38.22] -luna.insiderz.de- *** Attempting to re-connect to luna.insiderz.de
[12:38.22] ERROR: Socket Error 11001 :No such host is known - ＋＋http://msdn.microsoft.com/en-us/library/ms740668.aspx，， for further information
[12:38.22] -luna.insiderz.de- *** Attempting to re-connect to luna.insiderz.de
[12:38.22] -luna.insiderz.de- Waiting 60 seconds to re-connect to (luna.insiderz.de)
[12:38.22] ERROR: Socket Error 11001 :No such host is known - ＋＋http://msdn.microsoft.com/en-us/library/ms740668.aspx，， for further information
[12:38.23] -luna.insiderz.de- Waiting 60 seconds to re-connect to (luna.insiderz.de)
[12:38.23] -luna.insiderz.de- *** Attempting to re-connect to luna.insiderz.de
[12:38.23] ERROR: Socket Error 11001 :No such host is known - ＋＋http://msdn.microsoft.com/en-us/library/ms740668.aspx，， for further information
[12:38.23] -luna.insiderz.de- Waiting 60 seconds to re-connect to (luna.insiderz.de)
[12:38.23] -luna.insiderz.de- *** Attempting to re-connect to luna.insiderz.de
[12:38.23] ERROR: Socket Error 11001 :No such host is known - ＋＋http://msdn.microsoft.com/en-us/library/ms740668.aspx，， for further information
[12:38.23] -luna.insiderz.de- *** Attempting to re-connect to luna.insiderz.de
[12:38.23] -luna.insiderz.de- Waiting 60 seconds to re-connect to (luna.insiderz.de)
[12:38.23] ERROR: Socket Error 11001 :No such host is known - ＋＋http://msdn.microsoft.com/en-us/library/ms740668.aspx，， for further information
[12:38.23] -luna.insiderz.de- *** Attempting to re-connect to luna.insiderz.de
[12:38.23] -luna.insiderz.de- Waiting 60 seconds to re-connect to (luna.insiderz.de)
[12:38.23] ERROR: Socket Error 11001 :No such host is known - ＋＋http://msdn.microsoft.com/en-us/library/ms740668.aspx，， for further information
[12:38.23] -luna.insiderz.de- *** Attempting to re-connect to luna.insiderz.de
[12:38.23] -luna.insiderz.de- Waiting 60 seconds to re-connect to (luna.insiderz.de)
[12:38.23] ERROR: Socket Error 11001 :No such host is known - ＋＋http://msdn.microsoft.com/en-us/library/ms740668.aspx，， for further information
[12:38.23] -luna.insiderz.de- *** Attempting to re-connect to luna.insiderz.de
[12:38.23] ERROR: Socket Error 11001 :No such host is known - ＋＋http://msdn.microsoft.com/en-us/library/ms740668.aspx，， for further information
[12:38.23] -luna.insiderz.de- *** Attempting to re-connect to luna.insiderz.de
[12:38.23] -luna.insiderz.de- *** Attempting to re-connect to luna.insiderz.de
[12:38.23] ERROR: Socket Error 11001 :No such host is known - ＋＋http://msdn.microsoft.com/en-us/library/ms740668.aspx，， for further information
[12:38.23] -luna.insiderz.de- Waiting 60 seconds to re-connect to (luna.insiderz.de)
[12:38.23] ERROR: Socket Error 11001 :No such host is known - ＋＋http://msdn.microsoft.com/en-us/library/ms740668.aspx，， for further information
[12:38.23] -luna.insiderz.de- Waiting 60 seconds to re-connect to (luna.insiderz.de)
[12:38.23] -luna.insiderz.de- *** Attempting to re-connect to luna.insiderz.de
[12:38.23] ERROR: Socket Error 11001 :No such host is known - ＋＋http://msdn.microsoft.com/en-us/library/ms740668.aspx，， for further information
[12:38.23] -luna.insiderz.de- Waiting 60 seconds to re-connect to (luna.insiderz.de)
[12:38.23] -luna.insiderz.de- Waiting 60 seconds to re-connect to (luna.insiderz.de)
[12:38.23] -luna.insiderz.de- *** Attempting to re-connect to luna.insiderz.de
[12:38.23] ERROR: Socket Error 11001 :No such host is known - ＋＋http://msdn.microsoft.com/en-us/library/ms740668.aspx，， for further information
[12:38.23] -luna.insiderz.de- *** Attempting to re-connect to luna.insiderz.de
[12:38.23] -luna.insiderz.de- Waiting 60 seconds to re-connect to (luna.insiderz.de)
[12:38.23] ERROR: Socket Error 11001 :No such host is known - ＋＋http://msdn.microsoft.com/en-us/library/ms740668.aspx，， for further information
[12:38.23] -luna.insiderz.de- Waiting 60 seconds to re-connect to (luna.insiderz.de)
[12:38.24] -luna.insiderz.de- *** Attempting to re-connect to luna.insiderz.de
[12:38.24] ERROR: Socket Error 11001 :No such host is known - ＋＋http://msdn.microsoft.com/en-us/library/ms740668.aspx，， for further information
[12:38.24] -luna.insiderz.de- Waiting 60 seconds to re-connect to (luna.insiderz.de)
[12:38.24] -luna.insiderz.de- *** Attempting to re-connect to luna.insiderz.de
[12:38.24] -luna.insiderz.de- Waiting 60 seconds to re-connect to (luna.insiderz.de)
[12:38.24] ERROR: Socket Error 11001 :No such host is known - ＋＋http://msdn.microsoft.com/en-us/library/ms740668.aspx，， for further information
[12:38.24] -luna.insiderz.de- *** Attempting to re-connect to luna.insiderz.de
[12:38.24] ERROR: Socket Error 11001 :No such host is known - ＋＋http://msdn.microsoft.com/en-us/library/ms740668.aspx，， for further information
[12:38.24] -luna.insiderz.de- Waiting 60 seconds to re-connect to (luna.insiderz.de)
[12:38.24] -luna.insiderz.de- *** Attempting to re-connect to luna.insiderz.de
[12:38.24] ERROR: Socket Error 11001 :No such host is known - ＋＋http://msdn.microsoft.com/en-us/library/ms740668.aspx，， for further information
[12:38.24] -luna.insiderz.de- *** Attempting to re-connect to luna.insiderz.de
[12:38.24] -luna.insiderz.de- Waiting 60 seconds to re-connect to (luna.insiderz.de)
[12:38.24] ERROR: Socket Error 11001 :No such host is known - ＋＋http://msdn.microsoft.com/en-us/library/ms740668.aspx，， for further information
[12:38.24] -luna.insiderz.de- Waiting 60 seconds to re-connect to (luna.insiderz.de)
[12:38.24] -luna.insiderz.de- *** Attempting to re-connect to luna.insiderz.de
[12:38.24] -luna.insiderz.de- Waiting 60 seconds to re-connect to (luna.insiderz.de)
[12:38.24] ERROR: Socket Error 11001 :No such host is known - ＋＋http://msdn.microsoft.com/en-us/library/ms740668.aspx，， for further information
[12:38.24] -luna.insiderz.de- *** Attempting to re-connect to luna.insiderz.de
[12:38.24] -luna.insiderz.de- Waiting 60 seconds to re-connect to (luna.insiderz.de)
[12:38.24] ERROR: Socket Error 11001 :No such host is known - ＋＋http://msdn.microsoft.com/en-us/library/ms740668.aspx，， for further information
[12:38.24] -luna.insiderz.de- *** Attempting to re-connect to luna.insiderz.de
[12:38.24] ERROR: Socket Error 11001 :No such host is known - ＋＋http://msdn.microsoft.com/en-us/library/ms740668.aspx，， for further information
[12:38.24] -luna.insiderz.de- Waiting 60 seconds to re-connect to (luna.insiderz.de)
[12:38.24] -luna.insiderz.de- *** Attempting to re-connect to luna.insiderz.de
[12:38.24] -luna.insiderz.de- Waiting 60 seconds to re-connect to (luna.insiderz.de)
[12:38.24] ERROR: Socket Error 11001 :No such host is known - ＋＋http://msdn.microsoft.com/en-us/library/ms740668.aspx，， for further information
[12:38.24] -luna.insiderz.de- *** Attempting to re-connect to luna.insiderz.de
[12:38.24] ERROR: Socket Error 11001 :No such host is known - ＋＋http://msdn.microsoft.com/en-us/library/ms740668.aspx，， for further information
[12:38.24] -luna.insiderz.de- Waiting 60 seconds to re-connect to (luna.insiderz.de)
[12:38.24] -luna.insiderz.de- *** Attempting to re-connect to luna.insiderz.de
[12:38.24] -luna.insiderz.de- Waiting 60 seconds to re-connect to (luna.insiderz.de)
[12:38.25] ERROR: Socket Error 11001 :No such host is known - ＋＋http://msdn.microsoft.com/en-us/library/ms740668.aspx，， for further information
[12:38.25] -luna.insiderz.de- *** Attempting to re-connect to luna.insiderz.de
[12:38.25] ERROR: Socket Error 11001 :No such host is known - ＋＋http://msdn.microsoft.com/en-us/library/ms740668.aspx，， for further information
[12:38.25] -luna.insiderz.de- Waiting 60 seconds to re-connect to (luna.insiderz.de)
[12:38.25] -luna.insiderz.de- *** Attempting to re-connect to luna.insiderz.de
[12:38.25] ERROR: Socket Error 11001 :No such host is known - ＋＋http://msdn.microsoft.com/en-us/library/ms740668.aspx，， for further information
[12:38.25] -luna.insiderz.de- *** Attempting to re-connect to luna.insiderz.de
[12:38.25] -luna.insiderz.de- Waiting 60 seconds to re-connect to (luna.insiderz.de)
[12:38.25] ERROR: Socket Error 11001 :No such host is known - ＋＋http://msdn.microsoft.com/en-us/library/ms740668.aspx，， for further information
[12:38.25] -luna.insiderz.de- Waiting 60 seconds to re-connect to (luna.insiderz.de)
[12:38.25] -luna.insiderz.de- *** Attempting to re-connect to luna.insiderz.de
[12:38.25] -luna.insiderz.de- Waiting 60 seconds to re-connect to (luna.insiderz.de)
[12:38.25] ERROR: Socket Error 11001 :No such host is known - ＋＋http://msdn.microsoft.com/en-us/library/ms740668.aspx，， for further information
[12:38.25] -luna.insiderz.de- *** Attempting to re-connect to luna.insiderz.de
[12:38.25] -luna.insiderz.de- Waiting 60 seconds to re-connect to (luna.insiderz.de)
[12:38.25] ERROR: Socket Error 11001 :No such host is known - ＋＋http://msdn.microsoft.com/en-us/library/ms740668.aspx，， for further information
[12:38.25] -luna.insiderz.de- *** Attempting to re-connect to luna.insiderz.de
[12:38.25] -luna.insiderz.de- Waiting 60 seconds to re-connect to (luna.insiderz.de)
[12:38.25] ERROR: Socket Error 11001 :No such host is known - ＋＋http://msdn.microsoft.com/en-us/library/ms740668.aspx，， for further information
[12:38.25] -luna.insiderz.de- *** Attempting to re-connect to luna.insiderz.de
[12:38.25] ERROR: Socket Error 11001 :No such host is known - ＋＋http://msdn.microsoft.com/en-us/library/ms740668.aspx，， for further information
[12:38.25] -luna.insiderz.de- *** Attempting to re-connect to luna.insiderz.de
[12:38.25] -luna.insiderz.de- Waiting 60 seconds to re-connect to (luna.insiderz.de)
[12:38.25] ERROR: Socket Error 11001 :No such host is known - ＋＋http://msdn.microsoft.com/en-us/library/ms740668.aspx，， for further information
[12:38.25] -luna.insiderz.de- Waiting 60 seconds to re-connect to (luna.insiderz.de)
[12:38.25] -luna.insiderz.de- *** Attempting to re-connect to luna.insiderz.de
[12:38.25] ERROR: Socket Error 11001 :No such host is known - ＋＋http://msdn.microsoft.com/en-us/library/ms740668.aspx，， for further information
[12:38.25] -luna.insiderz.de- Waiting 60 seconds to re-connect to (luna.insiderz.de)
[12:38.25] -luna.insiderz.de- *** Attempting to re-connect to luna.insiderz.de
[12:38.25] ERROR: Socket Error 11001 :No such host is known - ＋＋http://msdn.microsoft.com/en-us/library/ms740668.aspx，， for further information
[12:38.25] -luna.insiderz.de- Waiting 60 seconds to re-connect to (luna.insiderz.de)
[12:38.25] -luna.insiderz.de- *** Attempting to re-connect to luna.insiderz.de
[12:38.25] ERROR: Socket Error 11001 :No such host is known - ＋＋http://msdn.microsoft.com/en-us/library/ms740668.aspx，， for further information
[12:38.25] -luna.insiderz.de- *** Attempting to re-connect to luna.insiderz.de
[12:38.25] -luna.insiderz.de- Waiting 60 seconds to re-connect to (luna.insiderz.de)
[12:38.25] ERROR: Socket Error 11001 :No such host is known - ＋＋http://msdn.microsoft.com/en-us/library/ms740668.aspx，， for further information
[12:38.26] -luna.insiderz.de- Waiting 60 seconds to re-connect to (luna.insiderz.de)
[12:38.26] -luna.insiderz.de- Waiting 60 seconds to re-connect to (luna.insiderz.de)
[12:38.26] -luna.insiderz.de- *** Attempting to re-connect to luna.insiderz.de
[12:38.26] ERROR: Socket Error 11001 :No such host is known - ＋＋http://msdn.microsoft.com/en-us/library/ms740668.aspx，， for further information
[12:38.26] -luna.insiderz.de- *** Attempting to re-connect to luna.insiderz.de
[12:38.26] ERROR: Socket Error 11001 :No such host is known - ＋＋http://msdn.microsoft.com/en-us/library/ms740668.aspx，， for further information
[12:38.26] -luna.insiderz.de- Waiting 60 seconds to re-connect to (luna.insiderz.de)
[12:38.26] -luna.insiderz.de- *** Attempting to re-connect to luna.insiderz.de
[12:38.26] ERROR: Socket Error 11001 :No such host is known - ＋＋http://msdn.microsoft.com/en-us/library/ms740668.aspx，， for further information
[12:38.26] -luna.insiderz.de- *** Attempting to re-connect to luna.insiderz.de
[12:38.26] ERROR: Socket Error 11001 :No such host is known - ＋＋http://msdn.microsoft.com/en-us/library/ms740668.aspx，， for further information
[12:38.26] -luna.insiderz.de- Waiting 60 seconds to re-connect to (luna.insiderz.de)
[12:38.26] -luna.insiderz.de- Waiting 60 seconds to re-connect to (luna.insiderz.de)
[12:38.26] -luna.insiderz.de- Waiting 60 seconds to re-connect to (luna.insiderz.de)
[12:38.26] -luna.insiderz.de- *** Attempting to re-connect to luna.insiderz.de
[12:38.26] ERROR: Socket Error 11001 :No such host is known - ＋＋http://msdn.microsoft.com/en-us/library/ms740668.aspx，， for further information
[12:38.26] -luna.insiderz.de- *** Attempting to re-connect to luna.insiderz.de
[12:38.26] ERROR: Socket Error 11001 :No such host is known - ＋＋http://msdn.microsoft.com/en-us/library/ms740668.aspx，， for further information
[12:38.26] -luna.insiderz.de- *** Attempting to re-connect to luna.insiderz.de
[12:38.26] ERROR: Socket Error 11001 :No such host is known - ＋＋http://msdn.microsoft.com/en-us/library/ms740668.aspx，， for further information
[12:38.26] -luna.insiderz.de- Waiting 60 seconds to re-connect to (luna.insiderz.de)
[12:38.26] -luna.insiderz.de- *** Attempting to re-connect to luna.insiderz.de
[12:38.26] ERROR: Socket Error 11001 :No such host is known - ＋＋http://msdn.microsoft.com/en-us/library/ms740668.aspx，， for further information
[12:38.26] -luna.insiderz.de- Waiting 60 seconds to re-connect to (luna.insiderz.de)
[12:38.26] -luna.insiderz.de- Waiting 60 seconds to re-connect to (luna.insiderz.de)
[12:38.26] -luna.insiderz.de- Waiting 60 seconds to re-connect to (luna.insiderz.de)
[12:38.26] -luna.insiderz.de- Waiting 60 seconds to re-connect to (luna.insiderz.de)
[12:38.26] -luna.insiderz.de- *** Attempting to re-connect to luna.insiderz.de
[12:38.26] ERROR: Socket Error 11001 :No such host is known - ＋＋http://msdn.microsoft.com/en-us/library/ms740668.aspx，， for further information
[12:38.26] -luna.insiderz.de- *** Attempting to re-connect to luna.insiderz.de
[12:38.27] ERROR: Socket Error 11001 :No such host is known - ＋＋http://msdn.microsoft.com/en-us/library/ms740668.aspx，， for further information
[12:38.27] -luna.insiderz.de- *** Attempting to re-connect to luna.insiderz.de
[12:38.27] -luna.insiderz.de- Waiting 60 seconds to re-connect to (luna.insiderz.de)
[12:38.27] ERROR: Socket Error 11001 :No such host is known - ＋＋http://msdn.microsoft.com/en-us/library/ms740668.aspx，， for further information
[12:38.27] -luna.insiderz.de- *** Attempting to re-connect to luna.insiderz.de
[12:38.27] ERROR: Socket Error 11001 :No such host is known - ＋＋http://msdn.microsoft.com/en-us/library/ms740668.aspx，， for further information
[12:38.27] -luna.insiderz.de- Waiting 60 seconds to re-connect to (luna.insiderz.de)
[12:38.27] -luna.insiderz.de- *** Attempting to re-connect to luna.insiderz.de
[12:38.27] -luna.insiderz.de- Waiting 60 seconds to re-connect to (luna.insiderz.de)
[12:38.27] -luna.insiderz.de- Waiting 60 seconds to re-connect to (luna.insiderz.de)
[12:38.27] ERROR: Socket Error 11001 :No such host is known - ＋＋http://msdn.microsoft.com/en-us/library/ms740668.aspx，， for further information
[12:38.27] -luna.insiderz.de- *** Attempting to re-connect to luna.insiderz.de
[12:38.27] -luna.insiderz.de- *** Attempting to re-connect to luna.insiderz.de
[12:38.27] ERROR: Socket Error 11001 :No such host is known - ＋＋http://msdn.microsoft.com/en-us/library/ms740668.aspx，， for further information
[12:38.27] ERROR: Socket Error 11001 :No such host is known - ＋＋http://msdn.microsoft.com/en-us/library/ms740668.aspx，， for further information
[12:38.27] -luna.insiderz.de- Waiting 60 seconds to re-connect to (luna.insiderz.de)
[12:38.27] -luna.insiderz.de- Waiting 60 seconds to re-connect to (luna.insiderz.de)
[12:38.27] -luna.insiderz.de- Waiting 60 seconds to re-connect to (luna.insiderz.de)
[12:38.27] -luna.insiderz.de- *** Attempting to re-connect to luna.insiderz.de
[12:38.27] ERROR: Socket Error 11001 :No such host is known - ＋＋http://msdn.microsoft.com/en-us/library/ms740668.aspx，， for further information
[12:38.27] -luna.insiderz.de- *** Attempting to re-connect to luna.insiderz.de
[12:38.27] ERROR: Socket Error 11001 :No such host is known - ＋＋http://msdn.microsoft.com/en-us/library/ms740668.aspx，， for further information
[12:38.27] -luna.insiderz.de- Waiting 60 seconds to re-connect to (luna.insiderz.de)
[12:38.27] -luna.insiderz.de- *** Attempting to re-connect to luna.insiderz.de
[12:38.27] ERROR: Socket Error 11001 :No such host is known - ＋＋http://msdn.microsoft.com/en-us/library/ms740668.aspx，， for further information
[12:38.27] -luna.insiderz.de- *** Attempting to re-connect to luna.insiderz.de
[12:38.27] -luna.insiderz.de- Waiting 60 seconds to re-connect to (luna.insiderz.de)
[12:38.27] ERROR: Socket Error 11001 :No such host is known - ＋＋http://msdn.microsoft.com/en-us/library/ms740668.aspx，， for further information
[12:38.27] -luna.insiderz.de- Waiting 60 seconds to re-connect to (luna.insiderz.de)
[12:38.27] -luna.insiderz.de- *** Attempting to re-connect to luna.insiderz.de
[12:38.27] -luna.insiderz.de- Waiting 60 seconds to re-connect to (luna.insiderz.de)
[12:38.27] ERROR: Socket Error 11001 :No such host is known - ＋＋http://msdn.microsoft.com/en-us/library/ms740668.aspx，， for further information
[12:38.27] -luna.insiderz.de- *** Attempting to re-connect to luna.insiderz.de
[12:38.27] ERROR: Socket Error 11001 :No such host is known - ＋＋http://msdn.microsoft.com/en-us/library/ms740668.aspx，， for further information
[12:38.28] -luna.insiderz.de- *** Attempting to re-connect to luna.insiderz.de
[12:38.28] ERROR: Socket Error 11001 :No such host is known - ＋＋http://msdn.microsoft.com/en-us/library/ms740668.aspx，， for further information
[12:38.28] -luna.insiderz.de- Waiting 60 seconds to re-connect to (luna.insiderz.de)
[12:38.28] -luna.insiderz.de- Waiting 60 seconds to re-connect to (luna.insiderz.de)
[12:38.28] -luna.insiderz.de- Waiting 60 seconds to re-connect to (luna.insiderz.de)
[12:38.28] -luna.insiderz.de- *** Attempting to re-connect to luna.insiderz.de
[12:38.28] ERROR: Socket Error 11001 :No such host is known - ＋＋http://msdn.microsoft.com/en-us/library/ms740668.aspx，， for further information
[12:38.28] -luna.insiderz.de- *** Attempting to re-connect to luna.insiderz.de
[12:38.28] ERROR: Socket Error 11001 :No such host is known - ＋＋http://msdn.microsoft.com/en-us/library/ms740668.aspx，， for further information
[12:38.28] -luna.insiderz.de- *** Attempting to re-connect to luna.insiderz.de
[12:38.28] ERROR: Socket Error 11001 :No such host is known - ＋＋http://msdn.microsoft.com/en-us/library/ms740668.aspx，， for further information
[12:38.28] -luna.insiderz.de- *** Attempting to re-connect to luna.insiderz.de
[12:38.28] -luna.insiderz.de- Waiting 60 seconds to re-connect to (luna.insiderz.de)
[12:38.28] ERROR: Socket Error 11001 :No such host is known - ＋＋http://msdn.microsoft.com/en-us/library/ms740668.aspx，， for further information
[12:38.28] -luna.insiderz.de- Waiting 60 seconds to re-connect to (luna.insiderz.de)
[12:38.28] -luna.insiderz.de- Waiting 60 seconds to re-connect to (luna.insiderz.de)
[12:38.28] -luna.insiderz.de- *** Attempting to re-connect to luna.insiderz.de
[12:38.28] -luna.insiderz.de- Waiting 60 seconds to re-connect to (luna.insiderz.de)
[12:38.28] ERROR: Socket Error 11001 :No such host is known - ＋＋http://msdn.microsoft.com/en-us/library/ms740668.aspx，， for further information
[12:38.28] -luna.insiderz.de- *** Attempting to re-connect to luna.insiderz.de
[12:38.28] ERROR: Socket Error 11001 :No such host is known - ＋＋http://msdn.microsoft.com/en-us/library/ms740668.aspx，， for further information
[12:38.28] -luna.insiderz.de- *** Attempting to re-connect to luna.insiderz.de
[12:38.28] -luna.insiderz.de- Waiting 60 seconds to re-connect to (luna.insiderz.de)
[12:38.28] ERROR: Socket Error 11001 :No such host is known - ＋＋http://msdn.microsoft.com/en-us/library/ms740668.aspx，， for further information
[12:38.28] -luna.insiderz.de- *** Attempting to re-connect to luna.insiderz.de
[12:38.28] ERROR: Socket Error 11001 :No such host is known - ＋＋http://msdn.microsoft.com/en-us/library/ms740668.aspx，， for further information
[12:38.28] -luna.insiderz.de- Waiting 60 seconds to re-connect to (luna.insiderz.de)
[12:38.28] -luna.insiderz.de- *** Attempting to re-connect to luna.insiderz.de
[12:38.28] -luna.insiderz.de- Waiting 60 seconds to re-connect to (luna.insiderz.de)
[12:38.28] ERROR: Socket Error 11001 :No such host is known - ＋＋http://msdn.microsoft.com/en-us/library/ms740668.aspx，， for further information
[12:38.29] -luna.insiderz.de- Waiting 60 seconds to re-connect to (luna.insiderz.de)
[12:38.29] -luna.insiderz.de- *** Attempting to re-connect to luna.insiderz.de
[12:38.29] -luna.insiderz.de- Waiting 60 seconds to re-connect to (luna.insiderz.de)
[12:38.29] ERROR: Socket Error 11001 :No such host is known - ＋＋http://msdn.microsoft.com/en-us/library/ms740668.aspx，， for further information
[12:38.29] -luna.insiderz.de- *** Attempting to re-connect to luna.insiderz.de
[12:38.29] -luna.insiderz.de- Waiting 60 seconds to re-connect to (luna.insiderz.de)
[12:38.29] ERROR: Socket Error 11001 :No such host is known - ＋＋http://msdn.microsoft.com/en-us/library/ms740668.aspx，， for further information
[12:38.29] -luna.insiderz.de- *** Attempting to re-connect to luna.insiderz.de
[12:38.29] -luna.insiderz.de- Waiting 60 seconds to re-connect to (luna.insiderz.de)
[12:38.29] ERROR: Socket Error 11001 :No such host is known - ＋＋http://msdn.microsoft.com/en-us/library/ms740668.aspx，， for further information
[12:38.29] -luna.insiderz.de- *** Attempting to re-connect to luna.insiderz.de
[12:38.29] -luna.insiderz.de- Waiting 60 seconds to re-connect to (luna.insiderz.de)
[12:38.29] ERROR: Socket Error 11001 :No such host is known - ＋＋http://msdn.microsoft.com/en-us/library/ms740668.aspx，， for further information
[12:38.29] -luna.insiderz.de- *** Attempting to re-connect to luna.insiderz.de
[12:38.29] -luna.insiderz.de- Waiting 60 seconds to re-connect to (luna.insiderz.de)
[12:38.29] ERROR: Socket Error 11001 :No such host is known - ＋＋http://msdn.microsoft.com/en-us/library/ms740668.aspx，， for further information
[12:38.29] -luna.insiderz.de- *** Attempting to re-connect to luna.insiderz.de
[12:38.29] -luna.insiderz.de- Waiting 60 seconds to re-connect to (luna.insiderz.de)
[12:38.29] ERROR: Socket Error 11001 :No such host is known - ＋＋http://msdn.microsoft.com/en-us/library/ms740668.aspx，， for further information
[12:38.29] -luna.insiderz.de- *** Attempting to re-connect to luna.insiderz.de
[12:38.29] ERROR: Socket Error 11001 :No such host is known - ＋＋http://msdn.microsoft.com/en-us/library/ms740668.aspx，， for further information
[12:38.29] -luna.insiderz.de- *** Attempting to re-connect to luna.insiderz.de
[12:38.29] -luna.insiderz.de- Waiting 60 seconds to re-connect to (luna.insiderz.de)
[12:38.29] ERROR: Socket Error 11001 :No such host is known - ＋＋http://msdn.microsoft.com/en-us/library/ms740668.aspx，， for further information
[12:38.29] -luna.insiderz.de- *** Attempting to re-connect to luna.insiderz.de
[12:38.29] -luna.insiderz.de- Waiting 60 seconds to re-connect to (luna.insiderz.de)
[12:38.29] ERROR: Socket Error 11001 :No such host is known - ＋＋http://msdn.microsoft.com/en-us/library/ms740668.aspx，， for further information
[12:38.29] -luna.insiderz.de- Waiting 60 seconds to re-connect to (luna.insiderz.de)
[12:38.30] -luna.insiderz.de- Waiting 60 seconds to re-connect to (luna.insiderz.de)
[12:38.30] -luna.insiderz.de- *** Attempting to re-connect to luna.insiderz.de
[12:38.30] ERROR: Socket Error 11001 :No such host is known - ＋＋http://msdn.microsoft.com/en-us/library/ms740668.aspx，， for further information
[12:38.30] -luna.insiderz.de- *** Attempting to re-connect to luna.insiderz.de
[12:38.30] ERROR: Socket Error 11001 :No such host is known - ＋＋http://msdn.microsoft.com/en-us/library/ms740668.aspx，， for further information
[12:38.30] -luna.insiderz.de- *** Attempting to re-connect to luna.insiderz.de
[12:38.30] -luna.insiderz.de- Waiting 60 seconds to re-connect to (luna.insiderz.de)
[12:38.30] ERROR: Socket Error 11001 :No such host is known - ＋＋http://msdn.microsoft.com/en-us/library/ms740668.aspx，， for further information
[12:38.30] -luna.insiderz.de- *** Attempting to re-connect to luna.insiderz.de
[12:38.30] -luna.insiderz.de- Waiting 60 seconds to re-connect to (luna.insiderz.de)
[12:38.30] ERROR: Socket Error 11001 :No such host is known - ＋＋http://msdn.microsoft.com/en-us/library/ms740668.aspx，， for further information
[12:38.30] -luna.insiderz.de- *** Attempting to re-connect to luna.insiderz.de
[12:38.30] -luna.insiderz.de- Waiting 60 seconds to re-connect to (luna.insiderz.de)
[12:38.30] ERROR: Socket Error 11001 :No such host is known - ＋＋http://msdn.microsoft.com/en-us/library/ms740668.aspx，， for further information
[12:38.30] -luna.insiderz.de- Waiting 60 seconds to re-connect to (luna.insiderz.de)
[12:38.30] -luna.insiderz.de- *** Attempting to re-connect to luna.insiderz.de
[12:38.30] -luna.insiderz.de- Waiting 60 seconds to re-connect to (luna.insiderz.de)
[12:38.30] ERROR: Socket Error 11001 :No such host is known - ＋＋http://msdn.microsoft.com/en-us/library/ms740668.aspx，， for further information
[12:38.30] -luna.insiderz.de- *** Attempting to re-connect to luna.insiderz.de
[12:38.30] -luna.insiderz.de- Waiting 60 seconds to re-connect to (luna.insiderz.de)
[12:38.30] ERROR: Socket Error 11001 :No such host is known - ＋＋http://msdn.microsoft.com/en-us/library/ms740668.aspx，， for further information
[12:38.30] -luna.insiderz.de- *** Attempting to re-connect to luna.insiderz.de
[12:38.30] ERROR: Socket Error 11001 :No such host is known - ＋＋http://msdn.microsoft.com/en-us/library/ms740668.aspx，， for further information
[12:38.30] -luna.insiderz.de- Waiting 60 seconds to re-connect to (luna.insiderz.de)
[12:38.30] -luna.insiderz.de- *** Attempting to re-connect to luna.insiderz.de
[12:38.30] ERROR: Socket Error 11001 :No such host is known - ＋＋http://msdn.microsoft.com/en-us/library/ms740668.aspx，， for further information
[12:38.30] -luna.insiderz.de- Waiting 60 seconds to re-connect to (luna.insiderz.de)
[12:38.30] -luna.insiderz.de- *** Attempting to re-connect to luna.insiderz.de
[12:38.30] -luna.insiderz.de- Waiting 60 seconds to re-connect to (luna.insiderz.de)
[12:38.30] ERROR: Socket Error 11001 :No such host is known - ＋＋http://msdn.microsoft.com/en-us/library/ms740668.aspx，， for further information
[12:38.30] -luna.insiderz.de- *** Attempting to re-connect to luna.insiderz.de
[12:38.30] -luna.insiderz.de- Waiting 60 seconds to re-connect to (luna.insiderz.de)
[12:38.30] ERROR: Socket Error 11001 :No such host is known - ＋＋http://msdn.microsoft.com/en-us/library/ms740668.aspx，， for further information
[12:38.30] -luna.insiderz.de- *** Attempting to re-connect to luna.insiderz.de
[12:38.31] ERROR: Socket Error 11001 :No such host is known - ＋＋http://msdn.microsoft.com/en-us/library/ms740668.aspx，， for further information
[12:38.31] -luna.insiderz.de- *** Attempting to re-connect to luna.insiderz.de
[12:38.31] -luna.insiderz.de- Waiting 60 seconds to re-connect to (luna.insiderz.de)
[12:38.31] ERROR: Socket Error 11001 :No such host is known - ＋＋http://msdn.microsoft.com/en-us/library/ms740668.aspx，， for further information
[12:38.31] -luna.insiderz.de- *** Attempting to re-connect to luna.insiderz.de
[12:38.31] -luna.insiderz.de- Waiting 60 seconds to re-connect to (luna.insiderz.de)
[12:38.31] ERROR: Socket Error 11001 :No such host is known - ＋＋http://msdn.microsoft.com/en-us/library/ms740668.aspx，， for further information
[12:38.31] -luna.insiderz.de- Waiting 60 seconds to re-connect to (luna.insiderz.de)
[12:38.31] -luna.insiderz.de- *** Attempting to re-connect to luna.insiderz.de
[12:38.31] -luna.insiderz.de- Waiting 60 seconds to re-connect to (luna.insiderz.de)
[12:38.31] ERROR: Socket Error 11001 :No such host is known - ＋＋http://msdn.microsoft.com/en-us/library/ms740668.aspx，， for further information
[12:38.31] -luna.insiderz.de- *** Attempting to re-connect to luna.insiderz.de
[12:38.31] ERROR: Socket Error 11001 :No such host is known - ＋＋http://msdn.microsoft.com/en-us/library/ms740668.aspx，， for further information
[12:38.31] -luna.insiderz.de- *** Attempting to re-connect to luna.insiderz.de
