Session Start: Thu Mar 19 02:30:23 2015
Session Ident: ##asm
[02:30.23] * You have joined ##asm
[02:30.23] Topic: Assembly programming channel, all architectures welcome. Don't ask to ask! Use a pastebin if appropriate! Check your manuals! AT&T vs Intel flamers will be banned. More information: ＋＋www.googledrive.com/host/0B7fjlXNV4KtldEMwd2J2eVdlNE0，，
[02:30.23] Channel Topic Set by: Jester01!~Jester01@91.147.247.182 on 12:20 AM 2/6/2015
[02:30.28] Channel modes for ##asm are :+Ccgnt
[02:30.28] Channel Created on: 3:31 PM 5/27/2007
[02:31.15] * Guest76371 is now known as b3h3m0th
[02:31.22] * b3h3m0th (uid26288@gateway/web/irccloud.com/x-lpwfnuqtmmrlzxmj) Quit (Changing host)
[02:31.22] * b3h3m0th (uid26288@unaffiliated/b3h3m0th) has joined channel ##asm
[02:31.22] * b3h3m0th (uid26288@unaffiliated/b3h3m0th) Quit (Changing host)
[02:31.22] * b3h3m0th (uid26288@gateway/web/irccloud.com/x-lpwfnuqtmmrlzxmj) has joined channel ##asm
[02:33.19] * ob-sed (~obesd@unaffiliated/obesd) Quit (Read error: Connection reset by peer)
[02:35.34] * fce (~fabian@94.134.244.88) has joined channel ##asm
[02:37.00] * Flaoer (~Flaoer@71-34-66-193.ptld.qwest.net) Quit (Ping timeout: 250 seconds)
[02:49.04] * Tiger[0] (~Nicholas@199-96-206-93.fidnet.com) has joined channel ##asm
[02:49.05] * SiberianTiger (~Nicholas@199-96-206-93.fidnet.com) Quit (Killed (card.freenode.net (Nickname regained by services)))
[02:49.05] * Tiger[0] is now known as SiberianTiger
[02:51.10] * MrMobius (~Joey@c-68-45-16-225.hsd1.nj.comcast.net) Quit (Ping timeout: 246 seconds)
[02:53.53] * KidBeta (~textual@hpavc/kidbeta) Quit (Quit: My MacBook Pro has gone to sleep. ZZZzzz…)
[02:54.24] * MrMobius (~Joey@c-68-45-16-225.hsd1.nj.comcast.net) has joined channel ##asm
[02:55.02] * mangekyo (~mangekyo@1.152.96.241) Quit (Ping timeout: 246 seconds)
[02:57.03] * Beetny (~Beetny@14-202-48-200.tpgi.com.au) has joined channel ##asm
[02:58.55] * KidBeta (~textual@130.56.75.44) has joined channel ##asm
[03:04.13] *** Server disconnected on irc.freenode.net
