Session Start: Sun Feb 15 09:44:59 2015
Session Ident: ##bluedream
[09:44.59] * You have joined ##bluedream
[09:44.59] Topic: Welcome to my room talk about anything ,But keep it polite  -----＋＋www.mybluedream.org-----，，
[09:44.59] Channel Topic Set by: bluedream!~bluedream@73.52.160.205 on 8:20 PM 1/4/2015
[09:45.00] Channel modes for ##bluedream are :+nst
[09:45.00] Channel Created on: 11:48 AM 4/30/2013
[02:34.11] *** Server disconnected on irc.freenode.net
[04:07.38] * You have joined ##bluedream
[04:07.38] Topic: Welcome to my room talk about anything ,But keep it polite  -----＋＋www.mybluedream.org-----，，
[04:07.38] Channel Topic Set by: bluedream!~bluedream@73.52.160.205 on 8:20 PM 1/4/2015
[04:07.38] Channel modes for ##bluedream are :+nst
[04:07.39] Channel Created on: 11:48 AM 4/30/2013
[05:57.49] * OldCoder (~OldCoder@unaffiliated/oldcoder) has joined channel ##bluedream
[07:11.34] * bluedream (~bluedream@unaffiliated/bluedream) has joined channel ##bluedream
[07:13.55] <bluedream> OldCoder Hello
[08:13.37] * bluedream (~bluedream@unaffiliated/bluedream) Quit (Ping timeout: 246 seconds)
[08:38.10] <OldCoder>  
[08:39.16] * bluedream (~bluedream@c-73-52-160-205.hsd1.ut.comcast.net) has joined channel ##bluedream
[08:39.17] * bluedream (~bluedream@c-73-52-160-205.hsd1.ut.comcast.net) Quit (Changing host)
[08:39.17] * bluedream (~bluedream@unaffiliated/bluedream) has joined channel ##bluedream
[08:58.40] * bluedream (~bluedream@unaffiliated/bluedream) Quit (Read error: Connection reset by peer)
[09:23.13] * bluedream (~bluedream@unaffiliated/bluedream) has joined channel ##bluedream
[10:08.12] * bluedream (~bluedream@unaffiliated/bluedream) Quit (Ping timeout: 240 seconds)
[10:13.23] * bluedream (~bluedream@c-73-52-160-205.hsd1.ut.comcast.net) has joined channel ##bluedream
[10:13.23] * bluedream (~bluedream@c-73-52-160-205.hsd1.ut.comcast.net) Quit (Changing host)
[10:13.23] * bluedream (~bluedream@unaffiliated/bluedream) has joined channel ##bluedream
