Session Start: Sat Feb 21 12:36:45 2015
Session Ident: ##bluedream
[12:36.45] * You have joined ##bluedream
[12:36.45] Topic: Welcome to my room talk about anything ,But keep it polite  -----＋＋www.mybluedream.org-----，，
[12:36.45] Channel Topic Set by: bluedream!~bluedream@73.52.160.205 on 8:20 PM 1/4/2015
[12:36.45] Channel modes for ##bluedream are :+nst
[12:36.45] Channel Created on: 11:48 AM 4/30/2013
[04:36.15] *** Server disconnected on irc.freenode.net
[06:48.21] * You have joined ##bluedream
[06:48.21] Topic: Welcome to my room talk about anything ,But keep it polite  -----＋＋www.mybluedream.org-----，，
[06:48.21] Channel Topic Set by: bluedream!~bluedream@73.52.160.205 on 8:20 PM 1/4/2015
[06:48.22] Channel modes for ##bluedream are :+nst
[06:48.22] Channel Created on: 11:48 AM 4/30/2013
[07:04.35] --hirogen-- logged in with account (hirogen)
[07:07.40] --Diabolik-- logged in with account (Diabolik)
[10:03.27] *** Server disconnected on irc.freenode.net
[11:50.07] * You have joined ##bluedream
[11:50.07] Topic: Welcome to my room talk about anything ,But keep it polite  -----＋＋www.mybluedream.org-----，，
[11:50.07] Channel Topic Set by: bluedream!~bluedream@73.52.160.205 on 8:20 PM 1/4/2015
[11:50.08] Channel modes for ##bluedream are :+nst
[11:50.08] Channel Created on: 11:48 AM 4/30/2013
