Session Start: Wed Mar 18 04:40:03 2015
Session Ident: ##deutsch
[04:40.03] * You have joined ##deutsch
[04:40.03] Topic: Deutsch als Fremdsprache | German as a foreign language -- LIESMICH | README -> ＋＋http://piratenpad.de/deutsch，， -- Mumble: openmafia.org:64738, ##deutsch
[04:40.03] Channel Topic Set by: dAnjou on 5:58 PM 7/12/2014
[04:40.05] Channel modes for ##deutsch are :+cnt
[04:40.05] Channel Created on: 12:44 AM 8/14/2007
[04:42.42] --Kiryx-- logged in with account (Kiryx)
[04:46.32] --Jan\-- logged in with account (john777)
[04:49.51] * AgAu (~AgAu@ppp59-167-155-37.static.internode.on.net) Quit (Ping timeout: 240 seconds)
[04:50.12] * AgAu (~AgAu@ppp59-167-155-37.static.internode.on.net) has joined channel ##deutsch
[05:09.05] <Rainb> does Der Mann wird den Hund beißen  and Den Hund wird der Mann beißen mean exactly the same?
[05:09.22] <Rainb> it does according to ＋＋http://www.dartmouth.edu/~german/Grammatik/WordOrder/WordOrder.html，，
[05:09.32] <Rainb> in that case
[05:09.45] <Rainb> How do you say the opposite?
[05:11.58] --Jagaer-- logged in with account (Jagaer)
[05:13.05] <Rainb> or maybe I just misinterpreted everything?
[05:13.18] <Rainb> cause google translate seems to disagree or sumthing
[05:17.26] * BW^- (~Bwbwbwbwb@unaffiliated/bw-/x-2460362) Quit (Read error: Connection reset by peer)
[05:27.38] <FR^2> Rainb: Yes, it means the same, although the emphasis is another.
[05:27.50] <Rainb> w-wat
[05:27.53] <FR^2> "Der Mann wird den Hund beißen und nicht die Katze."
[05:27.59] <Rainb> So how do you say otherwise
[05:28.06] <FR^2> "Den Hund wird der Mann beißen und nicht die Frau."
[05:28.37] <FR^2> Rainb: What do you mean by "opposite"?
[05:28.55] <FR^2> Rainb: Just say in english what you want to express
[05:29.56] <FR^2> Ich muss allerdings jetzt weg, bin in einer Stunde wieder da.
[05:30.11] <FR^2> Sicher können Dir andere auch weiterhelfen. I'm sure the others can help you just as well :)
[05:30.51] <Rainb> wait
[05:31.02] <Rainb> is it clear that here the man wants to bite the dog
[05:31.06] <Rainb> or is it ambiguous
[05:31.17] <Rainb> like it is obvious it's the man who wants to bite the dog?
[05:32.24] <FR^2> it's clear in both your example: The man will bite the dog.
[05:33.24] <Rainb> mein gott
[05:33.27] <Rainb> well
[05:33.36] <Rainb> I have to go, but this isn't over!
[05:33.38] <Rainb> lol
[05:33.42] <Rainb> thank you
[05:34.47] * jalnt (~jalnt@115-64-76-214.static.tpgi.com.au) has joined channel ##deutsch
[05:37.42] * aubergines (~mingus@134.96.243.186) has joined channel ##deutsch
[09:39.29] *** Server disconnected on irc.freenode.net
