Session Start: Mon Mar 02 12:13:16 2015
Session Ident: ##deutsch
[12:13.16] * AdmiralBumbleBee (~derpderp@pool-96-254-109-94.tampfl.fios.verizon.net) has joined channel ##deutsch
[12:30.43] * slidercrank (~slidercra@unaffiliated/slidercrank) has joined channel ##deutsch
[12:31.36] * Xatan (~Xatan@unaffiliated/xatan) Quit (Quit: Xatan)
[12:36.25] * skapata (~skapata@186.214.200.17) Quit (Quit: Ping timeout: 65,535 years)
[12:40.33] * meoblast001 (~meoblast@dynamic-acs-24-112-206-77.zoominternet.net) Quit (Quit: Leaving)
[12:57.28] * }ls{ (~uhelp@unaffiliated/ls/x-8089558) Quit (Quit: User terminated by real life interrupt)
[01:00.48] * rumpel (~rumpel@61.172.49.44) has joined channel ##deutsch
[01:01.50] * blivande (~Chw@177.241.46.206) Quit (Ping timeout: 244 seconds)
[01:15.52] * Radiation (~radiation@r238091.res.Lehigh.EDU) has joined channel ##deutsch
[01:23.57] * aschmack (~quassel@cpe-67-253-128-200.rochester.res.rr.com) has joined channel ##deutsch
[01:27.12] * aschmack- (~quassel@cpe-67-253-128-200.rochester.res.rr.com) Quit (Ping timeout: 272 seconds)
[01:41.47] * asarch (~asarch@189.188.100.167) Quit (Quit: Ex-Chat)
[01:47.31] * Rochvellon (~undercove@p5B030491.dip0.t-ipconnect.de) Quit (Killed (kornbluth.freenode.net (Nickname regained by services)))
[01:47.31] * Rochvellon (~undercove@p5B03086F.dip0.t-ipconnect.de) has joined channel ##deutsch
[02:33.51] * manatails (adimin@reactos/tester/manatails) Quit (Read error: Connection reset by peer)
[02:34.11] * manatails (adimin@reactos/tester/manatails) has joined channel ##deutsch
[02:37.27] * pentanol (~Unknown@unaffiliated/pentanol) Quit (Quit: leaving)
[03:13.13] * claptor (~avarice@107-134-134-100.lightspeed.irvnca.sbcglobal.net) Quit (Quit: this channel is bakas)
[03:24.02] * aschmack- (~quassel@cpe-67-253-128-200.rochester.res.rr.com) has joined channel ##deutsch
[03:26.15] * Diomedes (~Diomedes@xonotic/supporter/Diomedes) has joined channel ##deutsch
[03:27.07] * aschmack (~quassel@cpe-67-253-128-200.rochester.res.rr.com) Quit (Ping timeout: 252 seconds)
[03:29.39] * PrincessBecca (~gobblette@unaffiliated/technobecca) Quit (Ping timeout: 265 seconds)
[04:06.11] * bongleger (~bongleger@onyx.cbs.mpg.de) has joined channel ##deutsch
[04:06.56] * FR^2 (~frquadrat@farsquare.de) has joined channel ##deutsch
[04:11.06] <FR^2> Hallo
[04:19.12] * dark_cat (~white_cat@unaffiliated/ph0ne) has joined channel ##deutsch
[04:25.17] * darsie (~darsie@chello080108047045.34.11.vie.surfer.at) has joined channel ##deutsch
[04:33.35] * gr8 (~gr8@unaffiliated/gr8) has joined channel ##deutsch
[04:33.51] <gr8> weiß hier vielleicht jemand was "ich bin gerade nicht zu sprechen" auf Englisch heißt?
[04:34.41] * gr8 (~gr8@unaffiliated/gr8) Quit (Remote host closed the connection)
[04:35.03] * gr8 (~gr8@dslb-088-069-133-128.088.069.pools.vodafone-ip.de) has joined channel ##deutsch
[04:35.03] * gr8 (~gr8@dslb-088-069-133-128.088.069.pools.vodafone-ip.de) Quit (Changing host)
[04:35.03] * gr8 (~gr8@unaffiliated/gr8) has joined channel ##deutsch
[04:36.52] <FR^2> gr8: "I'm currently unavailable"? "I'm busy"? "I'm not available"?
[04:38.31] <gr8> ok danke
[04:39.19] <FR^2> Was besseres fällt mir gerade nicht ein.
[04:39.35] * NGC6205 (~Schroding@156.26.248.32) Quit (Ping timeout: 250 seconds)
[05:19.52] *** Server disconnected on irc.freenode.net
