Session Start: Sat Feb 21 07:19:46 2015
Session Ident: ##deutsch
[07:19.46] * You have joined ##deutsch
[07:19.46] Topic: Deutsch als Fremdsprache | German as a foreign language -- LIESMICH | README -> ＋＋http://piratenpad.de/deutsch，， -- Mumble: openmafia.org:64738, ##deutsch
[07:19.46] Channel Topic Set by: dAnjou on 5:58 PM 7/12/2014
[07:19.46] --ChanServ-- [##deutsch] Welcome! Ask your question and be patient :D | Willkommen! Stell deine Frage und sei geduldig :)
[07:19.46] Channel modes for ##deutsch are :+cnt
[07:19.47] Channel Created on: 12:44 AM 8/14/2007
[07:20.20] <Rainb> Ich lerne Deutschkraft
[07:22.58] <renlo> ?
[07:23.29] <grossing> du lernst Deutsch?
[07:23.58] <Siju> .oo(oder er meint german force)? ... ka
[07:24.03] <Siju> sers grossing
[07:32.49] * furrykef (furrykef@ip68-229-200-86.ok.ok.cox.net) Quit (Read error: Connection reset by peer)
[07:33.02] * kahoz (~smuxi@g231231089.adsl.alicedsl.de) Quit (Remote host closed the connection)
[07:34.25] * furrykef (furrykef@ip68-229-200-86.ok.ok.cox.net) has joined channel ##deutsch
[07:38.36] * rumpel (~rumpel@61.172.49.44) Quit (Quit: Servus)
[07:39.10] * fenris_kcf is now known as fenris_afk
[07:53.24] * dark_cat (~white_cat@unaffiliated/ph0ne) has joined channel ##deutsch
[07:53.29] * Loshi is now known as LoSHi`
[07:53.29] * LoSHi` is now known as Loshi
[10:03.27] *** Server disconnected on irc.freenode.net
[11:50.07] * You have joined ##deutsch
[11:50.07] Topic: Deutsch als Fremdsprache | German as a foreign language -- LIESMICH | README -> ＋＋http://piratenpad.de/deutsch，， -- Mumble: openmafia.org:64738, ##deutsch
[11:50.07] Channel Topic Set by: dAnjou on 5:58 PM 7/12/2014
[11:50.08] Channel modes for ##deutsch are :+cnt
[11:50.08] Channel Created on: 12:44 AM 8/14/2007
