Session Start: Fri Mar 06 04:21:18 2015
Session Ident: ##deutsch
[04:21.18] * You have joined ##deutsch
[04:21.18] Topic: Deutsch als Fremdsprache | German as a foreign language -- LIESMICH | README -> ＋＋http://piratenpad.de/deutsch，， -- Mumble: openmafia.org:64738, ##deutsch
[04:21.18] Channel Topic Set by: dAnjou on 5:58 PM 7/12/2014
[04:21.19] Channel modes for ##deutsch are :+cnt
[04:21.19] Channel Created on: 12:44 AM 8/14/2007
[04:30.48] * Datahell (~Datahell@aftr-95-222-30-194.unity-media.net) has joined channel ##deutsch
[04:36.15] * mezod (~mezod@unaffiliated/mezod) has joined channel ##deutsch
[04:50.41] * FR^2 (~frquadrat@farsquare.de) has joined channel ##deutsch
[04:54.39] <FR^2> HALLO
[04:54.43] <FR^2> ups.
[04:54.45] <FR^2> Hallo
[04:57.29] <Diomedes> Hallo FR^2.
[04:58.51] <monsieurp> Hallo Liebe Leute
[04:59.20] * FR^2 ist nicht lieb.
[04:59.58] <monsieurp> Hallo Liebe Leute außer FR^2, der böse ist
[05:00.42] <monsieurp> wie läuft's bei euch ?
[05:00.54] <FR^2> Kopfschmerzen :)
[05:03.08] <monsieurp> du schuftest zu viel
[05:16.01] * Xatan (~Xatan@unaffiliated/xatan) has joined channel ##deutsch
[05:17.17] * Xatan (~Xatan@unaffiliated/xatan) Quit (Client Quit)
[05:17.44] * Xatan (~Xatan@unaffiliated/xatan) has joined channel ##deutsch
[05:21.40] * kholerabbi (me@irc.louis6321.com) Quit (Ping timeout: 265 seconds)
[05:23.01] * kholerabbi (me@irc.louis6321.com) has joined channel ##deutsch
[05:39.19] * mezod (~mezod@unaffiliated/mezod) Quit ()
[05:43.57] * jalnt (~jalnt@115-64-76-214.static.tpgi.com.au) has joined channel ##deutsch
[06:15.11] * Expug (~chatzilla@201.80.8.185) has joined channel ##deutsch
[06:19.25] <Rainb> What is damit?
[06:19.28] <Rainb> is it like damn it
[06:19.30] <Rainb> lol
[06:20.35] <pavonia> It has different meanings, but not that
[06:20.54] --Axy-- logged in with account (Mia)
[06:21.17] --z0kk-- logged in with account (z0kk)
[06:21.41] <FR^2> monsieurp: Nicht wirklich. Aber die Pollen fliegen wieder tief.
[06:22.01] --nisi-- logged in with account (iniesta6)
[06:25.03] --Axy-- logged in with account (Mia)
[06:31.26] --malkomalko-- logged in with account (malkomalko)
[06:32.47] * Datahell (~Datahell@aftr-95-222-30-194.unity-media.net) Quit (Ping timeout: 264 seconds)
[06:34.21] --paeniz-- logged in with account (paeniz)
[06:36.14] --GeDaMo-- logged in with account (GeDaMo)
[06:37.02] --Qladstone-- logged in with account (Qladstone)
[06:37.17] --malkomalko-- logged in with account (malkomalko)
[06:41.21] --Dr-G-- logged in with account (Dr-G)
[06:42.41] --oo_miguel-- logged in with account (oo_miguel)
[06:47.29] --bwf-- logged in with account (bwf)
[06:48.29] --Guest82176-- logged in with account (Tommy)
[06:48.40] --dionysus69-- logged in with account (dionysus69)
[06:48.58] * Xatan (~Xatan@unaffiliated/xatan) Quit (Quit: Xatan)
[06:51.39] --stangeland-- logged in with account (stangeland)
[06:52.12] --nilg-- logged in with account (nilg)
[06:52.29] * Guest86560 (~nighmi@p4FFCC34F.dip0.t-ipconnect.de) Quit (Ping timeout: 250 seconds)
[06:53.20] * Xatan (~Xatan@unaffiliated/xatan) has joined channel ##deutsch
[06:55.05] --Dr-G-- logged in with account (Dr-G)
[06:57.06] --Haudegen-- logged in with account (haudegen)
[06:57.10] --mjayk-- logged in with account (mJayk)
[07:01.08] --Dr-G-- logged in with account (Dr-G)
[07:01.51] --o_lalertom-- logged in with account (o_lalertom)
[07:02.20] * infiniteNOP (~infiniteN@unaffiliated/infinitenop) has joined channel ##deutsch
[07:03.34] --dionysus69_-- logged in with account (dionysus69)
[07:04.00] --Scourjee-- logged in with account (bentoboxboy)
[07:07.33] --sacho-- logged in with account (Sacho)
[07:07.48] --Wasped-- logged in with account (Wasped)
[07:13.08] * calwig (~mini@cpe-72-181-18-98.rgv.res.rr.com) has joined channel ##deutsch
[07:17.49] --aawe-- logged in with account (Heisenmink)
[07:26.13] --malkomalko-- logged in with account (malkomalko)
[07:28.17] --Haudegen-- logged in with account (haudegen)
[07:28.58] * Expug (~chatzilla@201.80.8.185) Quit (Quit: ChatZilla 0.9.91.1 [Firefox 36.0/20150222232811])
[07:30.12] * Rainb-phone (uid69260@gateway/web/irccloud.com/x-twyjtriqmanbddre) has joined channel ##deutsch
[07:30.24] --Gerry666-- logged in with account (Gerry666)
[07:35.22] * }ls{ (~uhelp@unaffiliated/ls/x-8089558) has joined channel ##deutsch
[07:37.16] --z0kk-- logged in with account (z0kk)
[07:37.26] --star114-- logged in with account (star114)
[07:42.27] * Frogulis (~Frogulis@101.189.33.125) Quit (Quit: leaving)
[07:42.47] * basiclaser (uid10861@gateway/web/irccloud.com/x-geedtfbyuubrvnsj) has joined channel ##deutsch
[07:42.50] --Qladstone-- logged in with account (Qladstone)
[07:42.55] --japro-- logged in with account (japro)
[07:47.37] * claptor (~avarice@107-134-134-100.lightspeed.irvnca.sbcglobal.net) Quit (Quit: this channel is bakas)
[07:57.16] * PeterPetersen (8d023522@gateway/web/cgi-irc/kiwiirc.com/ip.141.2.53.34) has joined channel ##deutsch
[07:57.55] <PeterPetersen> Was ist ein Kwijibo?
[07:58.19] * PeterPetersen (8d023522@gateway/web/cgi-irc/kiwiirc.com/ip.141.2.53.34) Quit (Client Quit)
[08:00.03] --Haudegen-- logged in with account (haudegen)
[08:00.51] --Dr-G-- logged in with account (Dr-G)
[08:04.01] --sdothum-- logged in with account (sdothum)
[08:04.25] <Rainb-phone> Ich habe keine Idee
[08:04.59] <monsieurp> Ahnung
[08:05.28] --Merkss-- logged in with account (Merkss)
[08:06.51] --ess_tee_u-- logged in with account (flips_and_rails)
[08:08.38] --jockey4her-- logged in with account (jockey4her)
[08:09.39] --brtdv-- logged in with account (brtdv)
[08:10.20] --nilg-- logged in with account (nilg)
[08:11.09] --apathor-- logged in with account (apathor)
[08:12.20] --chiner-- logged in with account (chiner)
[08:15.15] * Etarius (~andy1404@p5085CA2F.dip0.t-ipconnect.de) has joined channel ##deutsch
[08:18.28] --jackbrown-- logged in with account (jackbrown)
[08:20.55] --VaticanCameos-- logged in with account (VaticanCameos)
[08:26.04] <gaqwas> ein großes saugetier mit einer glotze
[08:28.40] * decem (~decem@unaffiliated/decem) has joined channel ##deutsch
[08:32.03] --Jan\-- logged in with account (john777)
[08:33.28] --wei2912-- logged in with account (wei2912)
[08:40.56] --Dr-G-- logged in with account (Dr-G)
[08:40.56] <pavonia> *Säugetier
[08:41.35] * Xatan (~Xatan@unaffiliated/xatan) Quit (Quit: Xatan)
[08:45.54] --Sterile-- logged in with account (Sterile)
[08:46.52] * runfaster (~run@159.140.254.103) has joined channel ##deutsch
[08:49.09] * dark_cat (~white_cat@5-23-92-9.ljoshradi.is) has joined channel ##deutsch
[08:49.10] --dark_cat-- logged in with account (ph0ne)
[08:49.10] * dark_cat (~white_cat@5-23-92-9.ljoshradi.is) Quit (Changing host)
[08:49.10] * dark_cat (~white_cat@unaffiliated/ph0ne) has joined channel ##deutsch
[08:49.42] --Anthrophobic-- logged in with account (Anthrophobic)
[08:50.15] --terencetao-- logged in with account (TerenceTao)
[08:51.33] --z0kk-- logged in with account (z0kk)
[08:51.52] <gaqwas> danke
[08:53.43] --austeritysucks-- logged in with account (AusteritySucks)
[08:54.42] --ystael-- logged in with account (ystael)
[08:55.50] --AimHere-- logged in with account (AimHere)
[01:00.25] *** Server disconnected on irc.freenode.net
[01:00.27] --asimov.freenode.net-- *** Looking up your hostname...
[01:00.27] --asimov.freenode.net-- *** Checking Ident
[01:00.27] --asimov.freenode.net-- *** Couldn't look up your hostname
[01:00.27] --asimov.freenode.net-- *** Looking up your hostname...
[01:00.28] *** Server disconnected on irc.freenode.net
[07:52.48] * You have joined ##deutsch
[07:52.48] Topic: Deutsch als Fremdsprache | German as a foreign language -- LIESMICH | README -> ＋＋http://piratenpad.de/deutsch，， -- Mumble: openmafia.org:64738, ##deutsch
[07:52.48] Channel Topic Set by: dAnjou on 5:58 PM 7/12/2014
[07:52.49] Channel modes for ##deutsch are :+cnt
[07:52.49] Channel Created on: 12:44 AM 8/14/2007
[07:58.51] * Itauma (~Omosalewa@c-68-61-203-28.hsd1.mi.comcast.net) Quit (Quit: Leaving.)
[08:01.37] * blivande (~Chw@177.241.43.84) has joined channel ##deutsch
[08:04.36] * aphirst (~aphirst@ipb21a5f8c.dynamic.kabel-deutschland.de) Quit (Ping timeout: 252 seconds)
[08:11.55] * blivande (~Chw@177.241.43.84) Quit (Ping timeout: 245 seconds)
[08:17.00] * furrykef (furrykef@ip68-229-200-86.ok.ok.cox.net) Quit (Ping timeout: 246 seconds)
[08:17.10] * aphirst (~aphirst@ipb21a5f43.dynamic.kabel-deutschland.de) has joined channel ##deutsch
[08:17.34] * dtcrshr (~datacrush@unaffiliated/datacrusher) Quit (Quit: Saindo)
[08:18.31] * furrykef (furrykef@ip68-229-200-86.ok.ok.cox.net) has joined channel ##deutsch
[08:37.14] * AdmiralBumbleBee (~derpderp@pool-96-254-109-94.tampfl.fios.verizon.net) Quit (Quit: AdmiralBumbleBee)
[08:46.01] * Etarius (~andy1404@p5085CA2F.dip0.t-ipconnect.de) has joined channel ##deutsch
[08:55.22] * Xatan (~Xatan@unaffiliated/xatan) Quit (Quit: Xatan)
[08:57.18] * Xatan (~Xatan@unaffiliated/xatan) has joined channel ##deutsch
[08:57.30] * BBLLCC (~bierbierb@manz-5f74931a.pool.mediaWays.net) Quit (Quit: gone)
[09:14.44] * claptor (~avarice@107-134-134-100.lightspeed.irvnca.sbcglobal.net) has joined channel ##deutsch
[09:21.13] * asarch (~asarch@189.188.108.131) has joined channel ##deutsch
[09:24.31] * rumpel (~rumpel@61.172.49.44) has joined channel ##deutsch
[09:27.19] * rumpelchen (~rumpel@61.172.49.44) has joined channel ##deutsch
[09:33.14] * rumpel (~rumpel@61.172.49.44) Quit (Quit: Servus)
[09:37.39] * claptor (~avarice@107-134-134-100.lightspeed.irvnca.sbcglobal.net) Quit (Quit: this channel is bakas)
[09:45.04] * meoblast001 (~meoblast@dynamic-acs-24-112-206-77.zoominternet.net) has joined channel ##deutsch
[09:47.55] * }ls{ (~uhelp@unaffiliated/ls/x-8089558) Quit (Quit: User terminated by real life interrupt)
[09:49.49] * blivande (~Chw@177.241.43.84) has joined channel ##deutsch
[09:51.40] * geordream (~puchi@unaffiliated/puchi) has joined channel ##deutsch
[09:52.54] * Rainb-phone (uid69260@gateway/web/irccloud.com/x-ziwhqsjypkuuhkka) Quit (Quit: Connection closed for inactivity)
