Session Start: Fri Feb 27 05:16:28 2015
Session Ident: ##deutsch
[05:16.28] * You have joined ##deutsch
[05:16.28] Topic: Deutsch als Fremdsprache | German as a foreign language -- LIESMICH | README -> ＋＋http://piratenpad.de/deutsch，， -- Mumble: openmafia.org:64738, ##deutsch
[05:16.28] Channel Topic Set by: dAnjou on 5:58 PM 7/12/2014
[05:16.29] Channel modes for ##deutsch are :+cnt
[05:16.29] Channel Created on: 12:44 AM 8/14/2007
[05:19.39] * aschmack (~quassel@cpe-67-253-128-200.rochester.res.rr.com) has joined channel ##deutsch
[05:22.52] * aschmack- (~quassel@cpe-67-253-128-200.rochester.res.rr.com) Quit (Ping timeout: 240 seconds)
[05:23.43] * zeppbot (~zepp@192.154.144.84) has joined channel ##deutsch
[05:25.26] * Sarge123 (~Sarge123@HSI-KBW-109-192-006-113.hsi6.kabel-badenwuerttemberg.de) has joined channel ##deutsch
[05:46.06] * basiclaser (uid10861@gateway/web/irccloud.com/x-virjsffkgsvilynq) has joined channel ##deutsch
[06:05.09] * FR^2 (~frquadrat@farsquare.de) has joined channel ##deutsch
[06:08.24] * }ls{ (~uhelp@unaffiliated/ls/x-8089558) has joined channel ##deutsch
[06:19.34] <FR^2> Hallo
[06:21.45] <ln-> 'allo
[06:21.55] * dAnjou_ (~dAnjou@37.120.100.156) has joined channel ##deutsch
[06:21.59] <Diomedes> Tag.
[06:24.50] * dAnjou (~dAnjou@cable-82-119-4-183.cust.telecolumbus.net) Quit (Ping timeout: 250 seconds)
[06:26.44] * dtcrshr (~datacrush@unaffiliated/datacrusher) Quit (Ping timeout: 252 seconds)
[06:30.34] <FR^2> Hmm. Wie nennt sich dieser Effekt in der Psychologie, dass oftmals negative Ereignisse stärker in Erinnerung bleiben? Gab's da nicht was?
[06:30.36] * dtcrshr (~datacrush@unaffiliated/datacrusher) has joined channel ##deutsch
[06:31.08] * rumpel (~rumpel@61.172.49.44) Quit (Quit: Servus)
[06:32.43] <FR^2> ＋＋http://de.wikipedia.org/wiki/McGurk-Effekt，， <-- nee, das ist nicht das, was ich suche :D
[06:34.37] * Expug (~chatzilla@201.80.8.185) has joined channel ##deutsch
[06:45.15] * Etarius (~andy1404@pD9F8FEDD.dip0.t-ipconnect.de) Quit (Quit: Ex-Chat)
[06:50.46] * zeppbot (~zepp@192.154.144.84) Quit (Ping timeout: 252 seconds)
[06:56.24] <Rainb> if you can say "dafür haben wir keine Zeit"
[06:56.36] <Rainb> could you say "Spielen haben wir keine Zeit"
[07:01.36] * dAnjou_ (~dAnjou@37.120.100.156) Quit (Ping timeout: 264 seconds)
[07:04.25] --neurot-- logged in with account (neurot)
[07:04.26] <FR^2> Rainb: "Für spielen haben wir keine Zeit" (but this is a bit... it sounds stange)
[07:04.34] <FR^2> Rainb: "Wir haben keine Zeit zum spielen."
[07:05.16] * Bequita is now known as PrincessBecca
[07:05.51] * dAnjou_ (~dAnjou@37.120.100.156) has joined channel ##deutsch
[07:05.51] --dAnjou_-- logged in with account (dAnjou)
[07:05.59] <Rainb> so it only makes sense if you use Dafür?
[07:06.04] <Rainb> why, is it like an idiom
[07:07.19] <FR^2> "Wofür haben wir keine Zeit?" - "Dafür haben wir keine Zeit."
[07:07.37] <FR^2> "Für spielen haben wir keine Zeit." is correct, but.. I don't know it sounds a bit strange. ;)
[07:10.09] <Diomedes> Fürs/zum Spielen haben wir keine Zeit.
[07:10.31] <pavonia> FR^2: Ein Spezialfall davon heißt Verlustaversion, vielleicht hilft das bei der Suche
[07:11.25] <PrincessBecca> man soll keine Warumfragen über Sprachen fragen <-is this correct
[07:12.47] --Baronawesome-- logged in with account (Baronawesome)
[07:13.38] --Merkss-- logged in with account (Merkss)
[07:16.07] <FR^2> pavonia: Danke, das hilft mir vielleicht bei der Suche. Vielleicht bilde ich mir auch nur ein, dass es dafür einen Begriff gibt... also so "IMMER wenn ich an diese Ampel komme, ist sie rot!!" (statistisch gesehen womöglich nichtmal ansatzweise eine ausreichend hohe Wahrscheinlichkeit, aber das negative Erlebnis "Die Ampel ist rot" bleibt stärker im Gedächtnis.)
[07:16.36] <pavonia> Gibt es bestimmt
[07:16.38] --austeritysucks-- logged in with account (AusteritySucks)
[07:17.00] <pavonia> PrincessBecca: Klingt etwas komisch, sollte aber richtig sein
[07:17.24] <pavonia> Fragen stellt man eher
[07:17.46] * smart_ptr (~smart_ptr@p5DC77F3F.dip0.t-ipconnect.de) Quit (Ping timeout: 265 seconds)
[07:18.36] <pavonia> FR^2: ＋＋http://en.wikipedia.org/wiki/List_of_cognitive_biases，， -- Irgendwo hier müsste das dabei sein :D
[07:19.21] * smart_ptr (~smart_ptr@p5B2DFB32.dip0.t-ipconnect.de) has joined channel ##deutsch
[07:19.34] <pavonia> Cheerleader effect -- The tendency for people to appear more attractive in a group than in isolation :D
[07:19.49] <pavonia> Ist das nicht aus einem Film oder so?
[07:19.49] * aschmack- (~quassel@cpe-67-253-128-200.rochester.res.rr.com) has joined channel ##deutsch
[07:22.28] --SZero-- logged in with account (SZero)
[07:23.20] * aschmack (~quassel@cpe-67-253-128-200.rochester.res.rr.com) Quit (Ping timeout: 264 seconds)
[07:27.07] * }ls{ (~uhelp@unaffiliated/ls/x-8089558) Quit (Quit: User terminated by real life interrupt)
[07:28.30] <FR^2> pavonia: *lach*
[07:28.45] <FR^2> pavonia: Kannte ich auch nicht :)
[07:29.11] <FR^2> ＋＋http://en.wikipedia.org/wiki/Negativity_bias，， <-- Das ist wohl das, was ich suchte.
[07:29.11] --NBhosting-- logged in with account (NBhosting)
[07:30.06] <pavonia> Ah, gut
[07:30.30] <FR^2> Aber ich dachte, es gäbe dafür auch einen deutschen Begriff.
[07:31.29] * Expug (~chatzilla@201.80.8.185) Quit (Quit: ChatZilla 0.9.91.1 [Firefox 36.0/20150222232811])
[07:31.52] --Juslintek-- logged in with account (Juslintek)
[08:15.00] *** Server disconnected on irc.freenode.net
