Session Start: Wed Mar 04 08:22:13 2015
Session Ident: ##deutsch
[08:22.13] --tepper.freenode.net-- *** No Ident response
[08:22.14] --NickServ-- This nickname is registered. Please choose a different nickname, or identify via /msg NickServ identify <password>.
[08:22.19] Rainb resolved to 181.50.196.58
[08:22.20] * You have joined ##deutsch
[08:22.20] Topic: Deutsch als Fremdsprache | German as a foreign language -- LIESMICH | README -> ＋＋http://piratenpad.de/deutsch，， -- Mumble: openmafia.org:64738, ##deutsch
[08:22.20] Channel Topic Set by: dAnjou on 5:58 PM 7/12/2014
[08:22.20] --ChanServ-- [##economics] Hiya. Welcome to ##economics -- Freenode's channel based upon economic policy,basics,macro,micro,markets,trading & math in economics. Enjoy your stay ! Econbot makes stats @ ＋＋http://www.teralaser.net/economics/stats/，， but no public logs
[08:22.20] --ChanServ-- [##science] Don't ask to ask, just ask your question. | Channel rules: ＋＋https://j.mp/72ZKFnZ，，
[08:22.20] --ChanServ-- [##physics] Don't ask to ask... ask!
[08:22.20] --ChanServ-- [##namespace] You've been forwarded to ##namespace by attempting to join a channel which doesn't exist on freenode.  This may be because the channel has moved to the correct namespace or off the network.  Please see ＋＋http://freenode.net/policy.shtml#channelnaming，， for our channel naming policy.
[08:22.20] --ChanServ-- [##windows] Keep it polite, reasonable, constructive. Guidelines: ＋＋http://www.freenode-windows.org/channel-guidelines，，
[08:22.20] --ChanServ-- [##deutsch] Welcome! Ask your question and be patient :D | Willkommen! Stell deine Frage und sei geduldig :)
[08:22.21] Channel modes for ##deutsch are :+cnt
[08:22.21] Channel Created on: 12:44 AM 8/14/2007
[08:23.11] <Rainb> how do you say: You're my friend in german
[08:24.08] --wolfman2000-- logged in with account (wolfman2000)
[08:24.45] <imaginary> du bist ein Freund von mir
[08:29.17] * jgardella (~jgardella@host-vlmsa4x-174.dhcp.stevens-tech.edu) has joined channel ##deutsch
[08:32.33] --_blizzy_-- logged in with account (Blizzy)
[08:34.21] <ianp> von mir?
[08:34.51] --DEA7TH-- logged in with account (DEA7TH)
[08:37.18] <imaginary> nein, nicht von dir, von Rainb :p
[08:38.48] * Xatan (~Xatan@unaffiliated/xatan) Quit (Quit: Xatan)
[08:39.54] --plasticle-- logged in with account (plasticle)
[08:39.55] * Xatan (~Xatan@unaffiliated/xatan) has joined channel ##deutsch
[08:39.55] <Rainb> it is always the von mir otherwise you impley boy/girlfriend right
[08:40.22] <imaginary> not always, but i went for the safe version, yes
[08:43.14] * lumo_e (~Enrico@2.224.158.23) Quit (Read error: Connection reset by peer)
[08:43.23] <pavonia> If you're saying it directly to your friend it's probably umambiguous
[08:45.26] --cute_korean_girl-- logged in with account (cute_korean_girl)
[08:49.42] * zeppbot (~zepp@192.154.148.230) has joined channel ##deutsch
[08:49.50] --Cs1177-- logged in with account (Cs1177)
[08:50.51] --sctskw-- logged in with account (sctskw)
[08:53.40] * nighmi_ (~nighmi@pD9F7177B.dip0.t-ipconnect.de) has joined channel ##deutsch
[08:57.21] * nighmi (~nighmi@pD9F71611.dip0.t-ipconnect.de) Quit (Ping timeout: 240 seconds)
[08:57.51] --`Eddie-- logged in with account (`Eddie)
[08:58.28] --ModusPwnens-- logged in with account (ModusPwnens)
[09:00.26] --samsama-- logged in with account (samsama)
[09:08.34] * kreiGT (~kreig@190.148.70.213) has joined channel ##deutsch
[09:18.38] * schnucki (~textual@unaffiliated/schnucki) has joined channel ##deutsch
[09:18.53] * ngc0202` (ngc0202@gateway/shell/elitebnc/session) has joined channel ##deutsch
[09:18.53] * claptor (~avarice@107-134-134-100.lightspeed.irvnca.sbcglobal.net) has joined channel ##deutsch
[09:19.56] * asarch (~asarch@201.114.73.149) has joined channel ##deutsch
[09:20.17] * pentanol_ (~Unknown@109.126.14.178) has joined channel ##deutsch
[09:21.21] * ngc0202 (ngc0202@gateway/shell/elitebnc/x-dlldrpneyhwusjck) Quit (Ping timeout: 250 seconds)
[09:21.21] * pentanol (~Unknown@unaffiliated/pentanol) Quit (Ping timeout: 250 seconds)
[09:21.21] * meoblast001 (~meoblast@dynamic-acs-24-112-206-77.zoominternet.net) Quit (Ping timeout: 250 seconds)
[09:21.22] * ngc0202` (ngc0202@gateway/shell/elitebnc/session) Quit (Changing host)
[09:21.22] * ngc0202` (ngc0202@gateway/shell/elitebnc/x-ozdllwfgawbvhopx) has joined channel ##deutsch
[09:21.22] * ngc0202` is now known as ngc0202
[09:21.22] * ngc0202 (ngc0202@gateway/shell/elitebnc/x-ozdllwfgawbvhopx) Quit (Changing host)
[09:21.22] * ngc0202 (ngc0202@unaffiliated/ngc0202) has joined channel ##deutsch
[09:21.22] * ngc0202 (ngc0202@unaffiliated/ngc0202) Quit (Changing host)
[09:21.22] * ngc0202 (ngc0202@gateway/shell/elitebnc/x-ozdllwfgawbvhopx) has joined channel ##deutsch
[09:23.18] * meoblast001 (~meoblast@dynamic-acs-24-112-206-77.zoominternet.net) has joined channel ##deutsch
[09:30.16] <asarch> U-bahn: Subway. What does the 'U' stand for? "Unter"?
[09:55.45] <ngc0202> asarch: Untergrundbahn
[09:56.17] * monoprotic (~monoproti@unaffiliated/monoprotic) has joined channel ##deutsch
[09:59.40] * schnucki (~textual@unaffiliated/schnucki) Quit (Quit: .)
[10:01.08] * skapata (~skapata@177.40.119.15) Quit (Quit: Ping timeout: 65,535 years)
[11:38.53] *** Server disconnected on tepper.freenode.net
