Session Start: Sun Feb 22 12:04:52 2015
Session Ident: ##deutsch
[12:04.52] * rumpel (~rumpel@61.172.49.44) Quit (Ping timeout: 250 seconds)
[12:13.29] * monoprotic (~monoproti@unaffiliated/monoprotic) Quit (Ping timeout: 255 seconds)
[12:17.22] * monoprotic (~monoproti@unaffiliated/monoprotic) has joined channel ##deutsch
[12:22.34] * rumpel (~rumpel@61.172.49.44) has joined channel ##deutsch
[12:35.35] * renlo (~loren@c-67-160-205-207.hsd1.ca.comcast.net) Quit (Ping timeout: 240 seconds)
[12:42.59] * mctpyt (~mctpyt@unaffiliated/mstreetlinux) has joined channel ##deutsch
[12:43.15] <mctpyt> hallo
[12:46.52] * claptor (~avarice@107-134-134-100.lightspeed.irvnca.sbcglobal.net) Quit (Quit: this channel is bakas)
[12:48.50] * slidercrank (~slidercra@unaffiliated/slidercrank) has joined channel ##deutsch
[12:57.24] * Haswell (~Haswell@unaffiliated/haswell) Quit (Quit: Saliendo)
[01:00.51] * Loshi is now known as LoSHi`
[01:01.01] * LoSHi` is now known as Loshi
[01:08.27] * claptor (~avarice@107-134-134-100.lightspeed.irvnca.sbcglobal.net) has joined channel ##deutsch
[01:21.31] * Lothenon (~undercove@p4FC6180A.dip0.t-ipconnect.de) has joined channel ##deutsch
[01:21.31] * Rochvellon is now known as Guest20946
[01:21.31] * Guest20946 (~undercove@p4FC60D41.dip0.t-ipconnect.de) Quit (Killed (hitchcock.freenode.net (Nickname regained by services)))
[01:21.31] * Lothenon is now known as Rochvellon
[01:25.58] * mctpyt (~mctpyt@unaffiliated/mstreetlinux) Quit (Quit: leaving)
[01:37.34] * renlo (~loren@gateway/vpn/privateinternetaccess/renlo) has joined channel ##deutsch
[05:47.38] *** Server disconnected on irc.freenode.net
