Session Start: Thu Mar 19 02:29:20 2015
Session Ident: ##economics
[02:29.20] * You have joined ##economics
[02:29.20] Topic: Welcome to ##economics! | It's nice to be smart. It's also smart to be nice. Please no name calling, no racism.
[02:29.20] Channel Topic Set by: mondo_kims!~jamie@rhinostrich.com on 2:53 AM 3/13/2015
[02:29.22] Channel modes for ##economics are :+gnt
[02:29.22] Channel Created on: 6:52 AM 11/6/2007
[02:30.29] <justanotheruser> #voted russias smartest man
[02:30.35] * swoolley (seth@sourcemage/wizard/swoolley) Quit (Ping timeout: 252 seconds)
[02:31.16] * swoolley (seth@sourcemage/wizard/swoolley) has joined channel ##economics
[02:36.37] * guestx (~user@fedora/isthebest) has joined channel ##economics
[02:37.33] <apoplexy> lmao i didnt even read why he dissapeared
[02:37.37] <apoplexy> but he is pretty damn smart
[02:40.35] * pifon (~pifon@unaffiliated/nomad101) has joined channel ##economics
[02:46.39] * Wolland (~Wolland@108.61.228.57) has joined channel ##economics
[02:46.39] * Wolland (~Wolland@108.61.228.57) Quit (Client Quit)
[02:53.29] * vodkode (~vodkode@fl-67-232-56-116.dhcp.embarqhsd.net) has joined channel ##economics
[02:58.28] * pifon (~pifon@unaffiliated/nomad101) Quit (Read error: Connection reset by peer)
[03:02.00] * pifon (~pifon@unaffiliated/nomad101) has joined channel ##economics
[03:04.11] *** Server disconnected on irc.freenode.net
