Session Start: Fri Mar 06 04:21:18 2015
Session Ident: ##engineering
[04:21.18] * You have joined ##engineering
[04:21.18] Topic: we like to talk about making stuff | preferably in SI | '"The odds are good, but the goods are odd." ~ said by girls in engineering schools.' | sometimes it takes a while to get an answer - longer if you don't ask the question
[04:21.18] Channel Topic Set by: marienz on 1:34 AM 2/25/2011
[04:21.19] Channel modes for ##engineering are :+nst
[04:21.19] Channel Created on: 6:42 AM 11/26/2006
[04:23.07] * bloodwiper_ (~AA104106@pool-173-71-58-17.dllstx.fios.verizon.net) Quit (Ping timeout: 245 seconds)
[04:45.02] * Viper168_ (~Viper@unaffiliated/viper168) has joined channel ##engineering
[04:47.25] * Viper168 (~Viper@unaffiliated/viper168) Quit (Ping timeout: 244 seconds)
[05:33.06] * Viper168_ is now known as Viper168
[05:57.42] * Vutral (~ss@mirbsd/special/Vutral) Quit (Ping timeout: 256 seconds)
[06:05.35] * Vutral (~ss@p5B2A5696.dip0.t-ipconnect.de) has joined channel ##engineering
[06:05.35] * Vutral (~ss@p5B2A5696.dip0.t-ipconnect.de) Quit (Changing host)
[06:05.35] * Vutral (~ss@mirbsd/special/Vutral) has joined channel ##engineering
[07:50.49] * nfk (~nfk@unaffiliated/nfk) has joined channel ##engineering
[08:01.18] * Nosophorus (~nosophoru@189-82-151-138.user.veloxzone.com.br) has joined channel ##engineering
[08:01.47] * Nosophorus (~nosophoru@189-82-151-138.user.veloxzone.com.br) has left ##engineering ()
[01:00.25] *** Server disconnected on irc.freenode.net
[01:00.28] *** Server disconnected on irc.freenode.net
[07:52.48] * You have joined ##engineering
[07:52.49] Topic: we like to talk about making stuff | preferably in SI | '"The odds are good, but the goods are odd." ~ said by girls in engineering schools.' | sometimes it takes a while to get an answer - longer if you don't ask the question
[07:52.49] Channel Topic Set by: marienz on 1:34 AM 2/25/2011
[07:52.49] Channel modes for ##engineering are :+nst
[07:52.49] Channel Created on: 6:42 AM 11/26/2006
[07:53.41] * Viper168 (~Viper@unaffiliated/viper168) Quit (Ping timeout: 256 seconds)
[08:01.23] * Viper168 (~Viper@unaffiliated/viper168) has joined channel ##engineering
[08:28.55] * krankenwagen (~mocl4@unaffiliated/mocl4) Quit (Quit: Ping timeout: 246 seconds)
