Session Start: Sun Mar 01 07:38:21 2015
Session Ident: ##history
[07:38.21] * You have joined ##history
[07:38.21] Topic: Welcome to The History Channel. Please take a seat and join the discussion! -- If you have a question, then *JUST ASK* and stick around (small channel, so fewer people, thus less attention).
[07:38.21] Channel Topic Set by: Capso on 7:42 PM 5/2/2008
[07:38.22] Channel modes for ##history are :+cgnt
[07:38.22] Channel Created on: 6:43 AM 11/26/2006
[08:25.46] * expo873 (uid11626@gateway/web/irccloud.com/x-csvcjnoikrerajsa) Quit (Quit: Connection closed for inactivity)
[09:17.10] * Ixxie (~Ixxie@dsl-hkibrasgw3-54fb79-78.dhcp.inet.fi) Quit (Quit: Leaving)
[09:36.43] * vin-ivar (~vinit@122.170.46.111) has joined channel ##history
[09:36.48] * vin-ivar (~vinit@122.170.46.111) has left ##history (("WeeChat 1.0.1"))
[10:30.05] * bb010g (uid21050@gateway/web/irccloud.com/x-skwuppzeeikufone) Quit (Quit: Connection closed for inactivity)
[11:30.41] * Griff`Ron (~Griff`Ron@67.170.89.146) has joined channel ##history
[11:31.14] * opalraava (~ircuser@2a02:e00:fffe:fbee:216:3eff:fef0:e305) has left ##history ()
[12:01.20] * Liebknecht (uid46333@gateway/web/irccloud.com/x-curnzgbocmmjkzly) has joined channel ##history
[12:18.03] * muskrat (~musk@trivialand/player/muskrat) Quit (Quit: Leaving)
[01:35.17] * muskrat (~musk@trivialand/player/muskrat) has joined channel ##history
[02:53.01] * fenzil (~fenzil@unaffiliated/fenzil) has joined channel ##history
[03:32.58] * fenzil (~fenzil@unaffiliated/fenzil) has left ##history (("Leaving"))
[03:46.39] <nortti> ＋＋http://en.wikipedia.org/wiki/Telegram_Crisis，，
[05:03.57] * expo873 (uid11626@gateway/web/irccloud.com/x-egxosfflwqfulxnn) has joined channel ##history
[05:39.21] <muskrat> hitleriävituttaa.jpg
[05:40.10] <nortti> suomalainen!? minun irkissäni!?
[05:40.14] <muskrat> :)
[06:20.03] * bb010g (uid21050@gateway/web/irccloud.com/x-tomwwnvcadmmykex) has joined channel ##history
[06:34.00] *** Server disconnected on irc.freenode.net
[07:54.42] * You have joined ##history
[07:54.42] Topic: Welcome to The History Channel. Please take a seat and join the discussion! -- If you have a question, then *JUST ASK* and stick around (small channel, so fewer people, thus less attention).
[07:54.42] Channel Topic Set by: Capso on 7:42 PM 5/2/2008
[07:54.42] Channel modes for ##history are :+cgnt
[07:54.42] Channel Created on: 6:43 AM 11/26/2006
[07:59.11] *** Server disconnected on irc.freenode.net
[09:05.51] * You have joined ##history
[09:05.51] Topic: Welcome to The History Channel. Please take a seat and join the discussion! -- If you have a question, then *JUST ASK* and stick around (small channel, so fewer people, thus less attention).
[09:05.51] Channel Topic Set by: Capso on 7:42 PM 5/2/2008
[09:05.52] Channel modes for ##history are :+cgnt
[09:05.52] Channel Created on: 6:43 AM 11/26/2006
[09:15.59] * expo873 (uid11626@gateway/web/irccloud.com/x-egxosfflwqfulxnn) Quit ()
[10:56.14] * Liebknecht (uid46333@gateway/web/irccloud.com/x-curnzgbocmmjkzly) Quit (Quit: Connection closed for inactivity)
