Session Start: Mon Feb 23 12:46:19 2015
Session Ident: ##namespace
[12:46.19] * You have joined ##namespace
[12:46.19] Topic: You've tried to join an unavailable channel. The channel you may be attempting to join may be in a different namespace (try ##channel) or not on this network. Please see ＋＋http://freenode.net/policy.shtml#channelnaming，， for more information about on-topic usage and channel naming, and '/msg ALIS help' for help with finding channels on freenode.
[12:46.19] Channel Topic Set by: Martinp23 on 2:34 PM 2/25/2011
[12:46.19] Channel modes for ##namespace are :+Fmnst
[12:46.19] Channel Created on: 11:15 AM 5/8/2009
[12:53.20] * YoutubeAPI (~youtubeap@c-24-16-154-173.hsd1.wa.comcast.net) Quit (Remote host closed the connection)
[12:55.15] * YoutubeAPI (~youtubeap@c-24-16-154-173.hsd1.wa.comcast.net) has joined channel ##namespace
[12:56.16] * YoutubeAPI (~youtubeap@c-24-16-154-173.hsd1.wa.comcast.net) Quit (Remote host closed the connection)
[12:56.30] * YoutubeAPI (~youtubeap@c-24-16-154-173.hsd1.wa.comcast.net) has joined channel ##namespace
[12:56.33] * YoutubeAPI (~youtubeap@c-24-16-154-173.hsd1.wa.comcast.net) Quit (Remote host closed the connection)
[01:00.02] * musicalways (bc50851a@gateway/web/cgi-irc/kiwiirc.com/ip.188.80.133.26) has joined channel ##namespace
[01:00.11] * YoutubeAPI (~youtubeap@c-24-16-154-173.hsd1.wa.comcast.net) has joined channel ##namespace
[01:02.01] * gbatye (~gbatye@2620:10d:c081:1100:8000::205c) Quit (Ping timeout: 250 seconds)
[01:04.55] * YoutubeAPI (~youtubeap@c-24-16-154-173.hsd1.wa.comcast.net) Quit (Remote host closed the connection)
[01:07.08] * anli_ (~Anders@h29n5-gl-a-d4.ias.bredband.telia.com) has joined channel ##namespace
[01:07.42] * simion314 (~quassel@109.97.244.202) has joined channel ##namespace
[01:11.38] * x1337807x (~x1337807x@c-76-115-7-194.hsd1.or.comcast.net) Quit (Quit: My MacBook Pro has gone to sleep. ZZZzzz…)
[01:17.17] * sbellina (~sbellina@66.29.187.54.static.utbb.net) Quit (Ping timeout: 245 seconds)
[01:19.28] * Cadillactica (~Cadillact@c-67-188-118-76.hsd1.ca.comcast.net) has joined channel ##namespace
[01:19.42] * Cadillactica (~Cadillact@c-67-188-118-76.hsd1.ca.comcast.net) has left ##namespace ()
[01:20.31] * iDubbbz (~quassel@ip72-197-55-180.sd.sd.cox.net) has joined channel ##namespace
[01:24.25] * sbellina (~sbellina@66.29.187.53.static.utbb.net) has joined channel ##namespace
[01:26.43] * vanguns (~vanguns@104.129.65.102) has joined channel ##namespace
[01:30.17] * Q3A (~Macaura@cpe-104-174-189-195.socal.res.rr.com) Quit (Quit: Q3A)
[01:31.24] * vanguns (~vanguns@104.129.65.102) Quit (Ping timeout: 244 seconds)
[01:41.34] * tharinduNA (~tharinduN@123.231.110.95) has joined channel ##namespace
[01:47.25] * YoutubeAPI (~youtubeap@c-24-16-154-173.hsd1.wa.comcast.net) has joined channel ##namespace
[01:52.33] * bizarro_1 (~bizarro_1@121.Red-88-14-186.dynamicIP.rima-tde.net) Quit (Quit: Leaving)
[02:01.39] * gbatye (~gbatye@2620:10d:c081:1100:8000::205c) has joined channel ##namespace
[02:01.48] * x1337807x (~x1337807x@c-76-115-7-194.hsd1.or.comcast.net) has joined channel ##namespace
[02:17.18] * hmsimha (~hmsimha@S0106001c102395a9.vc.shawcable.net) has joined channel ##namespace
[02:25.40] * delphinas (~delphinas@cpc23-seve21-2-0-cust98.13-3.cable.virginm.net) has joined channel ##namespace
[02:26.28] * tharinduNA (~tharinduN@123.231.110.95) Quit (Quit: This computer has gone to sleep)
[02:27.43] * musicalways (bc50851a@gateway/web/cgi-irc/kiwiirc.com/ip.188.80.133.26) Quit (Quit: ＋＋http://www.kiwiirc.com/，， - A hand crafted IRC client)
[02:28.28] * musicalways (bc50851a@gateway/web/cgi-irc/kiwiirc.com/ip.188.80.133.26) has joined channel ##namespace
[02:29.32] * anli_ (~Anders@h29n5-gl-a-d4.ias.bredband.telia.com) Quit (Ping timeout: 252 seconds)
[02:30.12] * delphinas (~delphinas@cpc23-seve21-2-0-cust98.13-3.cable.virginm.net) Quit (Ping timeout: 256 seconds)
[02:35.54] * musicalways (bc50851a@gateway/web/cgi-irc/kiwiirc.com/ip.188.80.133.26) Quit (Quit: ＋＋http://www.kiwiirc.com/，， - A hand crafted IRC client)
[02:51.22] * contempt (contempt@unaffiliated/contempt) Quit (Ping timeout: 252 seconds)
[02:52.40] * Apachez (~Apachez@unaffiliated/apachez) has joined channel ##namespace
[02:53.07] * Apachez (~Apachez@unaffiliated/apachez) has left ##namespace ()
[02:54.13] * tharinduNA (~tharinduN@123.231.110.95) has joined channel ##namespace
[02:54.18] * Haudegen (~quassel@85.124.51.57) Quit (Ping timeout: 240 seconds)
[02:57.34] * contempt (contempt@unaffiliated/contempt) has joined channel ##namespace
[03:02.32] * Haudegen (~quassel@85.124.51.57) has joined channel ##namespace
[03:05.39] * iDubbbz_ (~quassel@ip72-197-55-180.sd.sd.cox.net) has joined channel ##namespace
[03:08.00] * iDubbbz (~quassel@ip72-197-55-180.sd.sd.cox.net) Quit (Ping timeout: 265 seconds)
[03:11.29] * frzn (~quassel@179.187.176.208.dynamic.adsl.gvt.net.br) has joined channel ##namespace
[03:12.16] * RealByReel (~textual@host-2-102-185-223.as13285.net) has joined channel ##namespace
[03:13.20] * sbellina (~sbellina@66.29.187.53.static.utbb.net) Quit (Ping timeout: 265 seconds)
[07:15.43] *** Server disconnected on irc.freenode.net
