Session Start: Sat Feb 14 03:23:29 2015
Session Ident: ##namespace
[03:23.29] * You have joined ##namespace
[03:23.29] Topic: You've tried to join an unavailable channel. The channel you may be attempting to join may be in a different namespace (try ##channel) or not on this network. Please see ＋＋http://freenode.net/policy.shtml#channelnaming，， for more information about on-topic usage and channel naming, and '/msg ALIS help' for help with finding channels on freenode.
[03:23.29] Channel Topic Set by: Martinp23 on 2:34 PM 2/25/2011
[03:23.29] --ChanServ-- [##namespace] You've been forwarded to ##namespace by attempting to join a channel which doesn't exist on freenode.  This may be because the channel has moved to the correct namespace or off the network.  Please see ＋＋http://freenode.net/policy.shtml#channelnaming，， for our channel naming policy.
[03:23.29] Channel modes for ##namespace are :+Fmnst
[03:23.29] Channel Created on: 11:15 AM 5/8/2009
[03:24.29] * gbatye (~gbatye@c-98-248-102-1.hsd1.ca.comcast.net) Quit (Read error: Connection reset by peer)
[03:25.04] * gbatye (~gbatye@2620:10d:c081:1100:8000::201f) has joined channel ##namespace
[03:27.06] * jcidaho (~textual@2.221.191.89) Quit (Quit: My MacBook has gone to sleep. ZZZzzz…)
[03:28.59] * fergus (~sergei@mail.55h.by) has joined channel ##namespace
[03:30.34] * s3shs (~s3shs@ip68-99-253-150.ph.ph.cox.net) Quit (Quit: Computer has gone to sleep.)
[03:35.42] * expo873 (uid11626@gateway/web/irccloud.com/x-jcdftvsjemgxuill) Quit (Quit: Connection closed for inactivity)
[03:36.14] * jcidaho (~textual@2.221.191.89) has joined channel ##namespace
[03:36.19] *** Server disconnected on verne.freenode.net
[06:53.34] * You have joined ##namespace
[06:53.34] Topic: You've tried to join an unavailable channel. The channel you may be attempting to join may be in a different namespace (try ##channel) or not on this network. Please see ＋＋http://freenode.net/policy.shtml#channelnaming，， for more information about on-topic usage and channel naming, and '/msg ALIS help' for help with finding channels on freenode.
[06:53.34] Channel Topic Set by: Martinp23 on 2:34 PM 2/25/2011
[06:53.34] Channel modes for ##namespace are :+Fmnst
[06:53.34] Channel Created on: 11:15 AM 5/8/2009
[06:54.37] * Christer (~Christer@unaffiliated/christer) has joined channel ##namespace
[06:55.08] * Christer (~Christer@unaffiliated/christer) has left ##namespace ()
[07:00.38] * Arab_Aspie (uid48177@gateway/web/irccloud.com/x-sbhjvfigglktvcpr) Quit (Quit: Connection closed for inactivity)
[07:01.26] * anli (~Anders@h29n5-gl-a-d4.ias.bredband.telia.com) Quit (Ping timeout: 250 seconds)
[07:04.14] * acosonic_ (~acosonic@cable-188-2-71-152.dynamic.sbb.rs) has joined channel ##namespace
[07:04.46] * acosonic_ (~acosonic@cable-188-2-71-152.dynamic.sbb.rs) has left ##namespace ()
[07:05.01] * gigo1980____ (~gigo1980@p54856B19.dip0.t-ipconnect.de) has joined channel ##namespace
[07:06.54] * gigo1980_____ (~gigo1980@p54856B19.dip0.t-ipconnect.de) has joined channel ##namespace
[07:07.22] * acosonic (~acosonic@cable-188-2-71-152.dynamic.sbb.rs) Quit (Ping timeout: 246 seconds)
[07:07.46] * spork13 (68b588f4@gateway/web/freenode/ip.104.181.136.244) has left ##namespace ()
[07:09.06] * antgreen (~user@74.112.41.171) has joined channel ##namespace
[07:09.08] * liamkeily (~liamkeily@82-69-36-1.dsl.in-addr.zen.co.uk) Quit (Quit: This computer has gone to sleep)
[07:09.29] * gigo1980____ (~gigo1980@p54856B19.dip0.t-ipconnect.de) Quit (Ping timeout: 245 seconds)
[07:24.58] * hmstrmn (~hmstrmn@grm-studby-128-39-149-158.studby.uia.no) has joined channel ##namespace
[07:33.30] * geordream (~puchi@unaffiliated/puchi) has joined channel ##namespace
[07:34.08] * geordream (~puchi@unaffiliated/puchi) has left ##namespace ()
[07:34.32] * meepy (~chatzilla@65.94.235.148) has joined channel ##namespace
[07:35.14] * meepy (~chatzilla@65.94.235.148) has left ##namespace ()
[07:40.47] * Djole (~Djole@unaffiliated/djole) has left ##namespace ()
[07:42.11] * czio (~czio@sampanick.ath.forthnet.gr) has joined channel ##namespace
[07:42.19] * czio (~czio@sampanick.ath.forthnet.gr) has left ##namespace ()
[07:48.21] * antgreen (~user@74.112.41.171) Quit (Ping timeout: 252 seconds)
[07:50.08] * iraj (~iraj@unaffiliated/iraj) Quit (Read error: Connection reset by peer)
[07:57.57] * yfeldblu_ (~yfeldblum@199.201.64.2) Quit (Remote host closed the connection)
[08:00.27] * EZS (563a22a6@gateway/web/freenode/ip.86.58.34.166) has joined channel ##namespace
[08:00.35] * EZS (563a22a6@gateway/web/freenode/ip.86.58.34.166) has left ##namespace ()
[08:08.05] * razieliyo (~razieliyo@221.Red-79-147-0.dynamicIP.rima-tde.net) has joined channel ##namespace
[08:08.05] * razieliyo (~razieliyo@221.Red-79-147-0.dynamicIP.rima-tde.net) Quit (Changing host)
[08:08.05] * razieliyo (~razieliyo@unaffiliated/razieliyo) has joined channel ##namespace
[08:12.50] * antgreen (~user@74.112.41.171) has joined channel ##namespace
[08:14.08] * anli (~Anders@h29n5-gl-a-d4.ias.bredband.telia.com) has joined channel ##namespace
[08:19.19] * iraj__ (~iraj@91.108.144.2) has joined channel ##namespace
[08:19.19] * bacos (~bacon@corona.twinight.org) has joined channel ##namespace
[08:19.19] * Rainb (~IceChat9@190.9.201.215) Quit (Ping timeout: 244 seconds)
[08:19.19] *** Server disconnected on irc.freenode.net
