Session Start: Sat Feb 21 12:36:45 2015
Session Ident: ##namespace
[12:36.45] * You have joined ##namespace
[12:36.45] Topic: You've tried to join an unavailable channel. The channel you may be attempting to join may be in a different namespace (try ##channel) or not on this network. Please see ＋＋http://freenode.net/policy.shtml#channelnaming，， for more information about on-topic usage and channel naming, and '/msg ALIS help' for help with finding channels on freenode.
[12:36.45] Channel Topic Set by: Martinp23 on 2:34 PM 2/25/2011
[12:36.45] Channel modes for ##namespace are :+Fmnst
[12:36.45] Channel Created on: 11:15 AM 5/8/2009
[12:37.36] * fran (~fran@r186-52-24-50.dialup.adsl.anteldata.net.uy) Quit (Read error: Connection reset by peer)
[12:38.11] * fran (~fran@r186-52-14-138.dialup.adsl.anteldata.net.uy) has joined channel ##namespace
[12:46.36] * anli_ (~Anders@h29n5-gl-a-d4.ias.bredband.telia.com) Quit (Ping timeout: 252 seconds)
[12:47.28] * Q3A (~Macaura@cpe-104-174-189-195.socal.res.rr.com) has joined channel ##namespace
[12:48.40] * liamkeily (~liamkeily@host86-133-221-167.range86-133.btcentralplus.com) has joined channel ##namespace
[12:50.40] * liamkeily (~liamkeily@host86-133-221-167.range86-133.btcentralplus.com) Quit (Client Quit)
[12:52.38] * anli_ (~Anders@h29n5-gl-a-d4.ias.bredband.telia.com) has joined channel ##namespace
[12:53.36] * The_Trainer (The_Traine@189.97.72.62) has joined channel ##namespace
[12:54.10] * The_Trainer (The_Traine@189.97.72.62) has left ##namespace ()
[12:57.57] * Guest33621 (~digifiv5e@blk-252-14-23.eastlink.ca) Quit (Changing host)
[12:57.57] * Guest33621 (~digifiv5e@unaffiliated/daynaskully) has joined channel ##namespace
[12:58.02] * Guest33621 is now known as daynaskully
[12:58.59] * Tarap (~bgg@roa76-6-82-238-233-207.fbx.proxad.net) has joined channel ##namespace
[01:06.06] * vanguns (~vanguns@104.129.65.102) has joined channel ##namespace
[01:10.31] * vanguns (~vanguns@104.129.65.102) Quit (Ping timeout: 246 seconds)
[01:13.47] * simion314_ (~quassel@109.97.244.202) has joined channel ##namespace
[01:14.49] * simion314 (~quassel@109.96.61.162) Quit (Ping timeout: 265 seconds)
[01:16.50] * Haudegen (~quassel@85.124.51.57) Quit (Ping timeout: 245 seconds)
[01:26.28] * timwis (4c631b9c@gateway/web/freenode/ip.76.99.27.156) has joined channel ##namespace
[01:26.38] * Haudegen (~quassel@85.124.51.57) has joined channel ##namespace
[01:26.46] * timwis (4c631b9c@gateway/web/freenode/ip.76.99.27.156) has left ##namespace ()
[01:29.41] * mailo_ (~mailo@67-99-243-80.cust.centrio.cz) Quit (Remote host closed the connection)
[01:30.03] * roolo (~mailo@67-99-243-80.cust.centrio.cz) has joined channel ##namespace
[01:32.01] * liamkeily (~liamkeily@host86-133-221-167.range86-133.btcentralplus.com) has joined channel ##namespace
[01:35.36] * Wegg (~weggingt@c-67-172-255-118.hsd1.ut.comcast.net) has joined channel ##namespace
[01:35.37] * Mattx (~mplabs@unaffiliated/mplabs) Quit (Quit: Leaving)
[01:36.01] * Wegg (~weggingt@c-67-172-255-118.hsd1.ut.comcast.net) has left ##namespace ()
[01:37.08] * liamkeily (~liamkeily@host86-133-221-167.range86-133.btcentralplus.com) Quit (Quit: This computer has gone to sleep)
[01:40.16] * Madhu (67ff918e@gateway/web/freenode/ip.103.255.145.142) has joined channel ##namespace
[01:41.22] * Madhu (67ff918e@gateway/web/freenode/ip.103.255.145.142) Quit (Client Quit)
[01:41.47] * madhu (67ff918e@gateway/web/freenode/ip.103.255.145.142) has joined channel ##namespace
[01:42.42] * madhu (67ff918e@gateway/web/freenode/ip.103.255.145.142) Quit (Client Quit)
[01:44.05] * xcyclist (4723a26e@gateway/web/freenode/ip.71.35.162.110) has joined channel ##namespace
[01:44.12] * xcyclist (4723a26e@gateway/web/freenode/ip.71.35.162.110) has left ##namespace ()
[01:47.39] * doge (~doge@botters/doge) has joined channel ##namespace
[01:50.27] * geri (cfed95ee@gateway/web/freenode/ip.207.237.149.238) has joined channel ##namespace
[01:50.43] * geri (cfed95ee@gateway/web/freenode/ip.207.237.149.238) has left ##namespace ()
[01:50.43] * doge (~doge@botters/doge) has left ##namespace ()
[01:50.51] * geri (cfed95ee@gateway/web/freenode/ip.207.237.149.238) has joined channel ##namespace
[01:50.56] * geri (cfed95ee@gateway/web/freenode/ip.207.237.149.238) has left ##namespace ()
[01:51.25] * geri (cfed95ee@gateway/web/freenode/ip.207.237.149.238) has joined channel ##namespace
[01:51.30] * geri (cfed95ee@gateway/web/freenode/ip.207.237.149.238) has left ##namespace ()
[01:52.31] * lc (~AndChat50@189.40.83.38) has joined channel ##namespace
[01:53.01] * MetalHead77 (~MetalHead@72.27.13.77) has joined channel ##namespace
[01:53.07] * MetalHead77 (~MetalHead@72.27.13.77) has left ##namespace ()
[01:54.30] * lc (~AndChat50@189.40.83.38) Quit (Client Quit)
[01:55.15] * Harley-D (~augie@fedora/Harley-D) has joined channel ##namespace
[01:55.26] * Harley-D (~augie@fedora/Harley-D) has left ##namespace ()
[01:58.20] * YoutubeAPI (~youtubeap@c-24-16-154-173.hsd1.wa.comcast.net) has joined channel ##namespace
[04:36.15] *** Server disconnected on irc.freenode.net
[06:48.21] * You have joined ##namespace
[06:48.21] Topic: You've tried to join an unavailable channel. The channel you may be attempting to join may be in a different namespace (try ##channel) or not on this network. Please see ＋＋http://freenode.net/policy.shtml#channelnaming，， for more information about on-topic usage and channel naming, and '/msg ALIS help' for help with finding channels on freenode.
[06:48.22] Channel Topic Set by: Martinp23 on 2:34 PM 2/25/2011
[06:48.22] Channel modes for ##namespace are :+Fmnst
[06:48.22] Channel Created on: 11:15 AM 5/8/2009
[06:49.29] * djmarland (~chatzilla@93.174.87.137) has joined channel ##namespace
[06:50.04] * djmarland (~chatzilla@93.174.87.137) has left ##namespace ()
[06:53.58] * simion314_ (~quassel@109.97.244.202) Quit (Remote host closed the connection)
[06:55.08] * daynaskully (~digifiv5e@unaffiliated/daynaskully) Quit (Ping timeout: 256 seconds)
[06:57.34] * digifiv5e (~digifiv5e@blk-252-14-23.eastlink.ca) has joined channel ##namespace
[06:57.41] * digifiv5e is now known as Guest71148
[06:58.33] * Ericx2x (~textual@209-6-40-131.c3-0.smr-ubr1.sbo-smr.ma.cable.rcn.com) has joined channel ##namespace
[07:00.41] * Mitsuru (~Mitsuru@50-0-42-232.dsl.dynamic.fusionbroadband.com) has joined channel ##namespace
[07:00.52] * Mitsuru (~Mitsuru@50-0-42-232.dsl.dynamic.fusionbroadband.com) has left ##namespace ()
[07:04.55] * hmsimha (~hmsimha@S0106001c102395a9.vc.shawcable.net) Quit (Ping timeout: 252 seconds)
[07:04.56] * basiclaser (uid10861@gateway/web/irccloud.com/x-ygszkulfvxdcaqti) has joined channel ##namespace
[07:09.15] * Q3A (~Macaura@cpe-104-174-189-195.socal.res.rr.com) Quit (Quit: Q3A)
[07:10.24] * honesty (~honesty@unaffiliated/honesty) has joined channel ##namespace
[07:14.40] * hunteriam (uid63798@gateway/web/irccloud.com/x-zcfsjvxgxrheezxf) has joined channel ##namespace
[07:15.14] * Neco (~androirc@177.10.213.6) has joined channel ##namespace
[07:16.09] * Neco (~androirc@177.10.213.6) has left ##namespace ()
[07:23.05] * Neco (~androirc@200.175.44.32.static.gvt.net.br) has joined channel ##namespace
[07:24.24] * Neco (~androirc@200.175.44.32.static.gvt.net.br) Quit (Client Quit)
[07:26.32] * kkuno (~m3l720@78-134-100-225.v4.ngi.it) Quit (Quit: Konversation terminated!)
[07:31.06] * hydri (~arvid@cpe-67-243-160-183.nyc.res.rr.com) has joined channel ##namespace
[07:34.17] * YoutubeAPI (~youtubeap@c-24-16-154-173.hsd1.wa.comcast.net) has joined channel ##namespace
[07:35.45] * x1337807x (~x1337807x@c-76-115-7-194.hsd1.or.comcast.net) Quit (Quit: My MacBook Pro has gone to sleep. ZZZzzz…)
[07:36.23] * hydri (~arvid@cpe-67-243-160-183.nyc.res.rr.com) Quit (Ping timeout: 255 seconds)
[07:39.11] * YoutubeAPI (~youtubeap@c-24-16-154-173.hsd1.wa.comcast.net) Quit (Ping timeout: 250 seconds)
[07:42.53] * tos9 (~tos9@python/site-packages/tos9) has joined channel ##namespace
[07:42.56] * tos9 (~tos9@python/site-packages/tos9) has left ##namespace ()
[07:43.28] * Mathy (18e2cb1b@gateway/web/freenode/ip.24.226.203.27) has joined channel ##namespace
[07:45.53] * Mathy (18e2cb1b@gateway/web/freenode/ip.24.226.203.27) has left ##namespace ()
[07:59.14] * Nectar__ (uid44925@gateway/web/irccloud.com/x-zvrxtevdonwwndec) has joined channel ##namespace
[10:03.27] *** Server disconnected on irc.freenode.net
[11:50.07] * You have joined ##namespace
[11:50.07] Topic: You've tried to join an unavailable channel. The channel you may be attempting to join may be in a different namespace (try ##channel) or not on this network. Please see ＋＋http://freenode.net/policy.shtml#channelnaming，， for more information about on-topic usage and channel naming, and '/msg ALIS help' for help with finding channels on freenode.
[11:50.07] Channel Topic Set by: Martinp23 on 2:34 PM 2/25/2011
[11:50.08] Channel modes for ##namespace are :+Fmnst
[11:50.08] Channel Created on: 11:15 AM 5/8/2009
[11:50.55] * Seacow (~Seacow@unaffiliated/seacow) has joined channel ##namespace
[11:51.03] * Seacow (~Seacow@unaffiliated/seacow) has left ##namespace ()
[11:55.22] * YoutubeAPI (~youtubeap@c-24-16-154-173.hsd1.wa.comcast.net) has joined channel ##namespace
[11:59.48] * vanguns (~vanguns@104.129.65.102) has joined channel ##namespace
