Session Start: Wed Mar 18 04:40:03 2015
Session Ident: ##namespace
[04:40.03] * You have joined ##namespace
[04:40.03] Topic: You've tried to join an unavailable channel. The channel you may be attempting to join may be in a different namespace (try ##channel) or not on this network. Please see ＋＋http://freenode.net/policy.shtml#channelnaming，， for more information about on-topic usage and channel naming, and '/msg ALIS help' for help with finding channels on freenode.
[04:40.03] Channel Topic Set by: Martinp23 on 2:34 PM 2/25/2011
[04:40.05] Channel modes for ##namespace are :+Fmnst
[04:40.05] Channel Created on: 11:15 AM 5/8/2009
[04:42.09] * Haudegen (~quassel@85.124.51.57) Quit (Ping timeout: 252 seconds)
[04:46.01] * mike_f_mac (~mike@118-92-239-181.dsl.dyn.ihug.co.nz) has joined channel ##namespace
[04:48.29] * mike_f_mac (~mike@118-92-239-181.dsl.dyn.ihug.co.nz) Quit (Remote host closed the connection)
[04:51.49] * Haudegen (~quassel@85.124.51.57) has joined channel ##namespace
[04:53.18] * Hounddog (~quassel@170.18.132.77.rev.sfr.net) has joined channel ##namespace
[04:59.04] * fran` (~fran@r186-52-58-128.dialup.adsl.anteldata.net.uy) has joined channel ##namespace
[04:59.04] * fran (~fran@r179-24-27-230.dialup.adsl.anteldata.net.uy) Quit (Disconnected by services)
[05:19.44] * gigo1980 (~gigo1980@p54856E22.dip0.t-ipconnect.de) has joined channel ##namespace
[05:21.22] * sbellina (~sbellina@107.191.0.117) has joined channel ##namespace
[05:24.12] * gigo1980 (~gigo1980@p54856E22.dip0.t-ipconnect.de) Quit (Ping timeout: 244 seconds)
[05:26.03] * sbellina (~sbellina@107.191.0.117) Quit (Ping timeout: 264 seconds)
[05:26.23] * ProjectRevoTPP (~quassel@unaffiliated/twitch-plays-pbr/x-9644567) has joined channel ##namespace
[05:34.02] * jeromelanteri (~jerome@cm-119-76-54-163.revip17.asianet.co.th) has joined channel ##namespace
[09:39.29] *** Server disconnected on irc.freenode.net
