Session Start: Wed Mar 18 04:40:02 2015
Session Ident: ##physics
[04:40.02] * You have joined ##physics
[04:40.02] Topic: Don't ask to ask, just ask! Provide all data, including diagrams (use mathb.in and/or imgur.com) | Off-topic/social chan: ##not-physics | No PMs without permission | Ops at ##physics-ops | Challenge Problem: ＋＋http://j.mp/1yILAED，，
[04:40.02] Channel Topic Set by: sujeet!sujeet@unaffiliated/freeboson on 6:33 AM 10/30/2014
[04:40.05] Channel modes for ##physics are :+Ccgnt
[04:40.05] Channel Created on: 4:02 AM 12/19/2007
[04:42.15] * mmhun (~anonymous@cpe-67-242-2-86.twcny.res.rr.com) Quit (Quit: mmhun)
[04:44.18] * shminux (~shminux@unaffiliated/shminux) has joined channel ##physics
[04:45.57] * daniel-s_ (~daniel-s@mu00053769.eng.monash.edu.au) Quit (Remote host closed the connection)
[04:46.23] * daniel-s_ (~daniel-s@mu00053769.eng.monash.edu.au) has joined channel ##physics
[04:46.36] * daniel-s_ (~daniel-s@mu00053769.eng.monash.edu.au) Quit (Remote host closed the connection)
[04:46.59] * daniel-s_ (~daniel-s@mu00053769.eng.monash.edu.au) has joined channel ##physics
[04:49.24] * lucyinthesky (~lucyinthe@unaffiliated/lucyinthesky) has joined channel ##physics
[04:49.34] * utack (~utack@mnch-d9bde2e7.pool.mediaWays.net) has joined channel ##physics
[04:50.36] * pi- is now known as Guest43612
[04:50.43] * Guest43612 (~Ohmu@cpc69129-oxfd25-2-0-cust987.4-3.cable.virginm.net) Quit (Ping timeout: 246 seconds)
[04:50.56] * hd (~einax18@202.171.53.118) has joined channel ##physics
[04:51.06] * einax181 (~einax18@202.171.53.118) Quit (Read error: Connection reset by peer)
[04:55.40] * Litt (~M@202-89-151-114.ue.woosh.co.nz) Quit (Quit: Bah!)
[04:56.15] * daniel-s_ (~daniel-s@mu00053769.eng.monash.edu.au) Quit (Remote host closed the connection)
[04:56.36] * daniel-s_ (~daniel-s@mu00053769.eng.monash.edu.au) has joined channel ##physics
[05:01.56] * hd (~einax18@202.171.53.118) Quit (Ping timeout: 272 seconds)
[05:03.40] * Sir_Pony (~xyzzy@cpe-174-099-005-078.nc.res.rr.com) has joined channel ##physics
[05:04.17] * Sarah1994 (~Sarah@ip-80-113-19-100.ip.prioritytelecom.net) has joined channel ##physics
[05:05.12] * bigbadjudas (~WAT@pool-98-115-142-29.phlapa.fios.verizon.net) Quit (Ping timeout: 264 seconds)
[05:06.04] * Psychiatrist (~FrontierP@wifi.itcollege.ee) has joined channel ##physics
[05:06.58] * TheBigDeal (~quassel@unaffiliated/innocent99) has joined channel ##physics
[05:11.10] * BlackFox (~BlackFox@ip-6317.proline.net.ua) has joined channel ##physics
[05:15.09] * napster (~napster@117.253.166.239) Quit (Quit: Away from keyboard...)
[05:15.27] * napster (~napster@117.253.166.239) has joined channel ##physics
[05:16.03] * reinrag (sid25073@gateway/web/irccloud.com/x-hlthlpnhcogvjrec) has joined channel ##physics
[05:16.40] * bigbadjudas (~WAT@pool-98-115-142-29.phlapa.fios.verizon.net) has joined channel ##physics
[05:17.56] * pulse (~pulse@unaffiliated/pulse) has joined channel ##physics
[05:21.22] * sbellina (~sbellina@107.191.0.117) has joined channel ##physics
[05:24.36] * nayfie (~nayfie@CPE-58-160-174-54.unqy1.fli.bigpond.net.au) has joined channel ##physics
[05:25.54] * nfk (~nfk@unaffiliated/nfk) has joined channel ##physics
[05:26.03] * sbellina (~sbellina@107.191.0.117) Quit (Ping timeout: 264 seconds)
[05:27.49] * shminux (~shminux@unaffiliated/shminux) Quit (Ping timeout: 244 seconds)
[05:29.31] * nealshire (~Nealshire@unaffiliated/nealshire) has joined channel ##physics
[05:29.53] * Sir_Pony (~xyzzy@cpe-174-099-005-078.nc.res.rr.com) Quit (Quit: Leaving)
[05:37.27] * Laurenceb_ (~Laurence@host86-150-3-251.range86-150.btcentralplus.com) has joined channel ##physics
[09:39.29] *** Server disconnected on irc.freenode.net
