Session Start: Sat Mar 07 02:31:00 2015
Session Ident: ##physics
[02:31.00] *** Server disconnected on irc.freenode.net
[02:31.21] * You have joined ##physics
[02:31.21] Topic: Don't ask to ask, just ask! Provide all data, including diagrams (use mathb.in and/or imgur.com) | Off-topic/social chan: ##not-physics | No PMs without permission | Ops at ##physics-ops | Challenge Problem: ＋＋http://j.mp/1yILAED，，
[02:31.21] Channel Topic Set by: sujeet!sujeet@unaffiliated/freeboson on 6:33 AM 10/30/2014
[02:31.24] Channel modes for ##physics are :+Ccgnt
[02:31.24] Channel Created on: 4:02 AM 12/19/2007
[09:31.25] *** Server disconnected on tepper.freenode.net
[12:01.31] * You have joined ##physics
[12:01.31] Topic: Don't ask to ask, just ask! Provide all data, including diagrams (use mathb.in and/or imgur.com) | Off-topic/social chan: ##not-physics | No PMs without permission | Ops at ##physics-ops | Challenge Problem: ＋＋http://j.mp/1yILAED，，
[12:01.31] Channel Topic Set by: sujeet!sujeet@unaffiliated/freeboson on 6:33 AM 10/30/2014
[12:01.33] Channel modes for ##physics are :+Ccgnt
[12:01.33] Channel Created on: 4:02 AM 12/19/2007
[12:02.01] * AndyBotwin (~sussman@unaffiliated/andybotwin) Quit (Quit: Leaving)
[12:02.43] * chris_99 (~chris_99@unaffiliated/chris-99/x-3062929) has joined channel ##physics
[12:03.10] * The_DarkKnight (~textual@c-73-183-240-153.hsd1.tx.comcast.net) Quit (Ping timeout: 265 seconds)
[12:04.49] * bbbb (~bbbb@cpc15-newc13-2-0-cust741.16-2.cable.virginm.net) has joined channel ##physics
[12:07.45] * _Atom_ (~jawat@108-73-1-253.lightspeed.austtx.sbcglobal.net) has joined channel ##physics
[12:09.33] * merzo (~merzo@52-108-133-95.pool.ukrtel.net) has joined channel ##physics
[12:12.34] * bbbb (~bbbb@cpc15-newc13-2-0-cust741.16-2.cable.virginm.net) Quit (Ping timeout: 276 seconds)
[12:13.49] * The_Cat (~j@78-23-247-14.access.telenet.be) has joined channel ##physics
[12:16.24] * goodenough (~goodenoug@pool-108-13-18-239.lsanca.fios.verizon.net) has joined channel ##physics
[12:17.10] * oleo (~oleo@unaffiliated/oleo) Quit (Quit: Leaving)
[12:17.22] * diprotic (~monoproti@unaffiliated/monoprotic) has joined channel ##physics
[12:17.22] * Literphor (~AJRelic@209.237.92.139) has joined channel ##physics
[12:17.47] * bbbb (~bbbb@cpc15-newc13-2-0-cust741.16-2.cable.virginm.net) has joined channel ##physics
[12:17.49] * Literphor (~AJRelic@209.237.92.139) Quit (Client Quit)
[12:18.04] * BrandonB (~bd@pool-96-251-77-106.lsanca.fios.verizon.net) has joined channel ##physics
[12:18.22] * oleo (~oleo@xdsl-84-44-208-138.netcologne.de) has joined channel ##physics
[12:18.29] * oleo (~oleo@xdsl-84-44-208-138.netcologne.de) Quit (Changing host)
[12:18.29] * oleo (~oleo@unaffiliated/oleo) has joined channel ##physics
[12:19.37] * arunpyasi (~arun@103.51.19.113) Quit (Ping timeout: 250 seconds)
[12:20.30] * oleo (~oleo@unaffiliated/oleo) Quit (Read error: Connection reset by peer)
[12:21.57] * arunpyasi (~arun@103.51.19.113) has joined channel ##physics
[12:22.11] * astrofog (~astrofog@unaffiliated/astrofog) Quit (Quit: Quite)
[12:23.15] * shminux (~shminux@unaffiliated/shminux) has joined channel ##physics
[12:26.12] * _Atom_ (~jawat@108-73-1-253.lightspeed.austtx.sbcglobal.net) Quit (Remote host closed the connection)
[12:27.11] * oleo (~oleo@unaffiliated/oleo) has joined channel ##physics
[12:27.12] * Viper168 (~Viper@unaffiliated/viper168) Quit (Ping timeout: 244 seconds)
[12:27.58] * garFF (~garFF@6166245-cl69.boa.fiberby.dk) Quit (Remote host closed the connection)
[12:30.20] * CapsAdmin (~CapsAdmin@109.199.217.23) Quit (Read error: Connection reset by peer)
[12:30.23] * dj_pi (~dj@c-107-5-228-80.hsd1.mi.comcast.net) Quit (Ping timeout: 264 seconds)
[12:30.30] * Bilz_ (~bilz@PLACEHOLDER-202-66-60-168.NATPOOL.NYU.EDU) Quit (Remote host closed the connection)
[12:31.02] * Bilz (~bilz@PLACEHOLDER-202-66-60-168.NATPOOL.NYU.EDU) has joined channel ##physics
[12:31.36] * _Atom_ (~jawat@108-73-1-253.lightspeed.austtx.sbcglobal.net) has joined channel ##physics
[12:33.16] * garFF (~garFF@6166245-cl69.boa.fiberby.dk) has joined channel ##physics
[12:34.22] * matt__ (~matt@pool-173-66-202-202.washdc.fios.verizon.net) has joined channel ##physics
[12:34.44] * nayfie (~nayfie@CPE-58-160-174-54.unqy1.fli.bigpond.net.au) Quit (Quit: bb xoxo :3)
[12:34.54] * _Atom_ (~jawat@108-73-1-253.lightspeed.austtx.sbcglobal.net) Quit (Remote host closed the connection)
[12:35.06] * Viper168 (~Viper@unaffiliated/viper168) has joined channel ##physics
[12:35.53] * dj_pi (~dj@c-107-5-228-80.hsd1.mi.comcast.net) has joined channel ##physics
[12:36.18] * CvP (CvP@203.76.123.238) Quit (Disconnected by services)
[12:36.21] * xCG (CvP@203.76.123.238) has joined channel ##physics
[12:36.48] * _Atom_ (~jawat@108-73-1-253.lightspeed.austtx.sbcglobal.net) has joined channel ##physics
[12:37.13] * xCG is now known as CvP
[12:37.23] * norg__ (yherro@55.109-247-138.customer.lyse.net) Quit (Remote host closed the connection)
[12:37.33] * norg__ (yherro@55.109-247-138.customer.lyse.net) has joined channel ##physics
[12:37.50] * garFF (~garFF@6166245-cl69.boa.fiberby.dk) Quit (Remote host closed the connection)
[12:38.34] * bbbb (~bbbb@cpc15-newc13-2-0-cust741.16-2.cable.virginm.net) Quit (Ping timeout: 276 seconds)
[12:39.24] * anthrnm (~vandrew@86.122.228.44) has joined channel ##physics
[12:40.05] * xyzwhatever (~xyzwhatev@ee-ibt-hpx-dock-1-232.ethz.ch) Quit (Remote host closed the connection)
[12:40.52] * Psychiatrist (~FrontierP@yhikas4.ttu.ee) Quit (Remote host closed the connection)
[12:43.11] * Leftas (~leftas@91.228.84.180) Quit (Ping timeout: 245 seconds)
[12:43.34] * SopaXorzTaker (~SopaXorzT@unaffiliated/sopaxorztaker) has joined channel ##physics
[12:43.56] * disorder20 (~m3l720@78-134-76-212.v4.ngi.it) Quit (Read error: Connection reset by peer)
[12:44.52] * anthrnm (~vandrew@86.122.228.44) Quit (Ping timeout: 240 seconds)
[12:45.18] * telex (teletype@freeshell.de) Quit (Remote host closed the connection)
[12:46.36] * telex (teletype@freeshell.de) has joined channel ##physics
[12:46.57] * bbbb (~bbbb@cpc15-newc13-2-0-cust741.16-2.cable.virginm.net) has joined channel ##physics
[12:47.13] * sbellina (~sbellina@66.29.187.48.static.utbb.net) has joined channel ##physics
[12:47.48] * cbot` (~FS@ool-2f12e4fc.dyn.optonline.net) has joined channel ##physics
[12:48.12] * KornKage (KornKage@bl13-77-70.dsl.telepac.pt) has joined channel ##physics
[12:49.34] * diprotic (~monoproti@unaffiliated/monoprotic) Quit (Quit: bite me)
[12:49.38] * user1233211 (~user@112.134.191.246) has joined channel ##physics
[12:49.54] * _Atom_ (~jawat@108-73-1-253.lightspeed.austtx.sbcglobal.net) Quit (Remote host closed the connection)
[12:51.12] <oleo> ＋＋http://www.nature.com/news/simulations-back-up-theory-that-universe-is-a-hologram-1.14328，，
[12:51.16] <oleo> huehuehue
[12:51.38] * _Atom_ (~jawat@108-73-1-253.lightspeed.austtx.sbcglobal.net) has joined channel ##physics
[12:52.35] * user123321 (~user@112.134.225.108) Quit (Ping timeout: 264 seconds)
[12:55.51] * Vutral (~ss@mirbsd/special/Vutral) Quit (Ping timeout: 240 seconds)
[12:56.55] * helasraizam (~helasraiz@cpe-24-92-60-48.nycap.res.rr.com) Quit (Quit: Lost terminal)
[12:57.18] * helasraizam (~helasraiz@cpe-24-92-60-48.nycap.res.rr.com) has joined channel ##physics
[12:57.59] * byron2 (~byron@unaffiliated/byron2) Quit (Ping timeout: 264 seconds)
[12:58.28] <marad> AdS/CFT is great and all, but I wouldn't agree with the conclusion in the title
[12:59.15] * pouledodue (~textual@modemcable082.140-131-66.mc.videotron.ca) Quit (Quit: My Mac has gone to sleep. ZZZzzz…)
[12:59.51] * theseb (~cs@r74-193-13-167.cnrocmta01.conrtx.tl.dh.suddenlink.net) has joined channel ##physics
[01:01.16] <xihr> yes, even press releases by respectable papers/organizations are often awful
[01:01.34] * chris_hd (~chris_hd@x2f66cfc.dyn.telefonica.de) has joined channel ##physics
[01:03.03] * _Atom_ (~jawat@108-73-1-253.lightspeed.austtx.sbcglobal.net) Quit (Remote host closed the connection)
[01:03.45] * Vutral (~ss@mirbsd/special/Vutral) has joined channel ##physics
[01:04.11] * lapide_viridi (~lapide_vi@ti0097a400-1590.bb.online.no) Quit (Quit: Leaving)
[01:04.24] * anthrnm (~vandrew@86.122.228.44) has joined channel ##physics
[01:06.47] * _Atom_ (~jawat@108-73-1-253.lightspeed.austtx.sbcglobal.net) has joined channel ##physics
[01:07.03] <superposition> yeah, " the thermodynamics of certain black holes can be reproduced from a lower-dimensional universe" doesn't even mean "the universe is a hologram"
[01:07.52] * Bilz (~bilz@PLACEHOLDER-202-66-60-168.NATPOOL.NYU.EDU) Quit (Ping timeout: 264 seconds)
[01:10.25] * wlczkun (~e@c-98-235-165-166.hsd1.pa.comcast.net) Quit (Remote host closed the connection)
[01:11.13] * CapsAdmin (~CapsAdmin@109.199.217.23) has joined channel ##physics
[01:11.24] * SopaXorzTaker (~SopaXorzT@unaffiliated/sopaxorztaker) Quit (Remote host closed the connection)
[01:15.42] * goodenough (~goodenoug@pool-108-13-18-239.lsanca.fios.verizon.net) Quit (Remote host closed the connection)
[01:19.13] * pouledodue (~textual@modemcable082.140-131-66.mc.videotron.ca) has joined channel ##physics
[01:20.10] * Vutral (~ss@mirbsd/special/Vutral) Quit (Ping timeout: 256 seconds)
[01:23.35] * marad (~marad@robal.ift.uni.wroc.pl) Quit (Quit: leaving)
[01:23.43] * anthrnm (~vandrew@86.122.228.44) Quit (Ping timeout: 256 seconds)
[01:31.12] * _Atom_ (~jawat@108-73-1-253.lightspeed.austtx.sbcglobal.net) Quit (Remote host closed the connection)
[01:32.02] * _Atom_ (~jawat@108-73-1-253.lightspeed.austtx.sbcglobal.net) has joined channel ##physics
[01:34.38] * _Atom_ (~jawat@108-73-1-253.lightspeed.austtx.sbcglobal.net) Quit (Remote host closed the connection)
[01:34.57] * Vutral (~ss@mirbsd/special/Vutral) has joined channel ##physics
[01:37.41] * xrlk (~xrlk@216-58-27-26.cpe.distributel.net) has joined channel ##physics
[01:37.54] * garFF (~garFF@x1-6-9c-d3-6d-c6-89-4a.cpe.webspeed.dk) has joined channel ##physics
[01:40.08] * curie (~eir@unaffiliated/freeboson/bot/curie) Quit (Ping timeout: 255 seconds)
[01:40.17] * UltraFly (~UltraFlyI@173.48.203.54) has joined channel ##physics
[01:41.39] * pouledodue (~textual@modemcable082.140-131-66.mc.videotron.ca) Quit (Quit: My Mac has gone to sleep. ZZZzzz…)
[01:49.49] * Corey84 (~Corey84@unaffiliated/corey84) has joined channel ##physics
[01:50.31] * Niebuhr (~p@host81-157-80-245.range81-157.btcentralplus.com) Quit (Ping timeout: 246 seconds)
[01:51.52] * Corey84 (~Corey84@unaffiliated/corey84) has left ##physics ()
[01:53.46] * kaffeetrauma (~Thunderbi@85-22-37-153.ip.dokom21.de) Quit (Quit: kaffeetrauma)
[01:54.30] * deathonater (~deathonat@cpe-69-203-208-219.nyc.res.rr.com) has joined channel ##physics
[01:54.54] * zex (~zex@c-98-210-59-126.hsd1.ca.comcast.net) Quit (Ping timeout: 272 seconds)
[01:55.42] * Literphor (~AJRelic@209.237.92.139) has joined channel ##physics
[02:01.06] * dj_pi (~dj@c-107-5-228-80.hsd1.mi.comcast.net) Quit (Ping timeout: 265 seconds)
[02:01.09] * ryu (~ryu@unaffiliated/ryu) has joined channel ##physics
[02:01.42] * zex (~zex@c-98-210-59-126.hsd1.ca.comcast.net) has joined channel ##physics
[02:03.04] * norg__ (yherro@55.109-247-138.customer.lyse.net) Quit (Ping timeout: 264 seconds)
[02:03.14] * norg__ (yherro@55.109-247-138.customer.lyse.net) has joined channel ##physics
[02:05.54] * Guest39711 is now known as unpro
[02:06.33] * deffrag (~Dedec@unaffiliated/deffrag) Quit (Remote host closed the connection)
[02:06.53] * deffrag (~Dedec@unaffiliated/deffrag) has joined channel ##physics
[02:07.51] * Scourjee (uid63311@gateway/web/irccloud.com/x-dsctdnnwxbakndpm) has joined channel ##physics
[02:10.42] * napster (~napster@117.253.166.239) has joined channel ##physics
[02:11.16] * cbot_ (~FS@ool-2f12e4fc.dyn.optonline.net) has joined channel ##physics
[02:13.15] * sbellina (~sbellina@66.29.187.48.static.utbb.net) Quit (Ping timeout: 252 seconds)
[02:14.00] * cbot` (~FS@ool-2f12e4fc.dyn.optonline.net) Quit (Ping timeout: 256 seconds)
[02:16.27] * degva (~degva@190.234.106.17) Quit (Ping timeout: 245 seconds)
[02:20.37] * dj_pi (~dj@c-107-5-228-80.hsd1.mi.comcast.net) has joined channel ##physics
[02:22.50] * porcupine (~porcupine@cpe-173-172-122-7.kc.res.rr.com) has joined channel ##physics
[02:24.06] * MulleDK19 (MulleDK19@unaffiliated/mulledk19) has joined channel ##physics
[02:24.20] * UltraFlyII (~UltraFlyI@173.48.203.54) has joined channel ##physics
[02:26.03] * peepsalot (~Sir@99-179-4-215.lightspeed.austtx.sbcglobal.net) Quit (Ping timeout: 255 seconds)
[02:28.17] * UltraFly (~UltraFlyI@173.48.203.54) Quit (Ping timeout: 255 seconds)
[02:29.38] * Ali_ (~chatzilla@194.146.149.102) has joined channel ##physics
[02:30.19] * napster_ (~napster@117.253.166.239) has joined channel ##physics
[02:32.17] * napster (~napster@117.253.166.239) Quit (Ping timeout: 245 seconds)
[02:34.05] <Juris4cm> SpeedEvil is this proper way to transfer or divide energies between capacitors with smallest loss?
[02:34.07] <Juris4cm> ＋＋http://imgur.com/0C9A98j，，
[02:34.44] * chill|out (~chill@unaffiliated/chill0ut) has joined channel ##physics
[02:35.04] <Juris4cm> maybe anyone else knows?
[02:35.25] * Litt (~M@202-89-151-114.ue.woosh.co.nz) has joined channel ##physics
[02:36.37] * Literphor (~AJRelic@209.237.92.139) Quit (Quit: Literphor)
[02:39.32] <UltraFlyII> to do the analysis you will have to insert resistors
[02:39.59] <Juris4cm> I don't want to do analysis
[02:40.44] <Juris4cm> there would be loses on inductor core and so on..
[02:40.50] <UltraFlyII> yes
[02:41.05] * Cs1177 (~Cs1177@104.240.37.1) has joined channel ##physics
[02:41.41] <UltraFlyII> try ##electronics
[02:41.55] <Juris4cm> SpeedEvil ban me out from there
[02:42.09] <Juris4cm> I was asking questions about more than 1kV :D
[02:42.32] <UltraFlyII> Do you have a book on power electronics
[02:42.45] * Sigyn (~lokasenna@freenode/utility-bot/sigyn) Quit (Quit: Vituð ér enn eða hvat ?)
[02:43.06] * Sigyn (~lokasenna@freenode/utility-bot/sigyn) has joined channel ##physics
[02:43.10] * cbot_ (~FS@ool-2f12e4fc.dyn.optonline.net) Quit (Ping timeout: 245 seconds)
[02:43.30] * napster_ (~napster@117.253.166.239) Quit (Quit: Away from keyboard...)
[02:43.33] <Juris4cm> yes
[02:44.13] <UltraFlyII> there is software that can simulate this stuff
[02:44.41] <UltraFlyII> that could give you some results fairly easily
[02:45.03] <UltraFlyII> you might be able to just use a demo since it's so few components
[03:58.13] *** Server disconnected on irc.freenode.net
