Session Start: Wed Mar 18 04:40:02 2015
Session Ident: ##science
[04:40.02] * You have joined ##science
[04:40.02] Topic: Welcome to the science channel! | Rules: ＋＋https://is.gd/dD2F3B，， | Topics that are welcome: astronomy/biology/botany/chemistry/computers/ecology/engineering/geology/logic/mathematics/oceanography/physics/zoology plus some social sciences | Please visit our sister channels, ##weather & ##news
[04:40.02] Channel Topic Set by: yano on 1:37 AM 11/1/2014
[04:40.03] Channel URL is ＋＋https://j.mp/72ZKFnZ，，
[04:40.05] Channel modes for ##science are :+CFntf ##science-ops
[04:40.05] Channel Created on: 6:53 PM 1/29/2010
[04:45.03] * Allium (~Allium@abo-153-236-68.guy.modulonet.fr) has joined channel ##science
[04:55.40] * Litt (~M@202-89-151-114.ue.woosh.co.nz) Quit (Quit: Bah!)
[05:01.47] * Wasped (~Wasp70@pool-72-78-246-41.phlapa.fios.verizon.net) has joined channel ##science
[05:07.47] * icetooth (~icetooth@unaffiliated/icetooth) Quit (Quit: Leaving)
[05:16.51] * apathor (~apathor@c-50-138-132-212.hsd1.ma.comcast.net) Quit (Ping timeout: 240 seconds)
[05:17.56] * uscwaller (~uscwaller@72-28-232-155-dhcp.aik.sc.atlanticbb.net) has joined channel ##science
[05:21.31] * _TK_ (~TK@82.131.75.61.cable.starman.ee) has joined channel ##science
[05:22.43] * TK_ (~TK@82.131.17.159.cable.starman.ee) Quit (Ping timeout: 245 seconds)
[05:23.15] * Seacow (~Seacow@unaffiliated/seacow) Quit (Ping timeout: 265 seconds)
[05:25.01] <+CarlSagan> [BBC Science & Environment] Chernobyl: Containing the world's worst nuclear accident ＋＋https://j.mp/1O5lcgV，， 2015-03-18T10:21:21
[05:27.49] * tehsma (~tehsma@cpe-45-36-85-110.triad.res.rr.com) Quit (Quit: tehsma)
[09:39.29] *** Server disconnected on irc.freenode.net
