Session Start: Sat Mar 07 02:31:00 2015
Session Ident: ##science
[02:31.00] *** Server disconnected on irc.freenode.net
[02:31.20] * You have joined ##science
[02:31.20] Topic: Welcome to the science channel! | Rules: ＋＋https://is.gd/dD2F3B，， | Topics that are welcome: astronomy/biology/botany/chemistry/computers/ecology/engineering/geology/logic/mathematics/oceanography/physics/zoology plus some social sciences | Please visit our sister channels, ##weather & ##news
[02:31.21] Channel Topic Set by: yano on 1:37 AM 11/1/2014
[02:31.23] Channel URL is ＋＋https://j.mp/72ZKFnZ，，
[02:31.24] Channel modes for ##science are :+CFntf ##science-ops
[02:31.24] Channel Created on: 6:53 PM 1/29/2010
[09:31.25] *** Server disconnected on tepper.freenode.net
[12:01.31] * You have joined ##science
[12:01.31] Topic: Welcome to the science channel! | Rules: ＋＋https://is.gd/dD2F3B，， | Topics that are welcome: astronomy/biology/botany/chemistry/computers/ecology/engineering/geology/logic/mathematics/oceanography/physics/zoology plus some social sciences | Please visit our sister channels, ##weather & ##news
[12:01.31] Channel Topic Set by: yano on 1:37 AM 11/1/2014
[12:01.32] Channel URL is ＋＋https://j.mp/72ZKFnZ，，
[12:01.33] Channel modes for ##science are :+CFntf ##science-ops
[12:01.33] Channel Created on: 6:53 PM 1/29/2010
[12:03.10] * The_DarkKnight (~textual@c-73-183-240-153.hsd1.tx.comcast.net) Quit (Ping timeout: 265 seconds)
[12:04.50] * bbbb (~bbbb@cpc15-newc13-2-0-cust741.16-2.cable.virginm.net) has joined channel ##science
[12:08.08] * hmstrmn (~hmstrmn@grm-studby-128-39-149-158.studby.uia.no) has joined channel ##science
[12:10.03] * hmstrmn (~hmstrmn@grm-studby-128-39-149-158.studby.uia.no) Quit (Remote host closed the connection)
[12:12.34] * bbbb (~bbbb@cpc15-newc13-2-0-cust741.16-2.cable.virginm.net) Quit (Ping timeout: 276 seconds)
[12:17.48] * bbbb (~bbbb@cpc15-newc13-2-0-cust741.16-2.cable.virginm.net) has joined channel ##science
[12:21.19] <+CarlSagan> [USGS] M 4.7, 22km S of Campoverde, Peru ＋＋https://j.mp/1Bi5pF5，， 2015-03-07T17:19:12
[12:22.42] * Mmango (~user@108-217-142-114.lightspeed.milwwi.sbcglobal.net) has joined channel ##science
[12:26.20] <+CarlSagan> [USGS] M 4.6, 69km N of Visokoi Island, South Georgia and the South Sandwich Islands ＋＋https://j.mp/1Bi63Co，， 2015-03-07T17:24:59
[12:27.12] * Viper168 (~Viper@unaffiliated/viper168) Quit (Ping timeout: 244 seconds)
[12:31.20] <+CarlSagan> [USGS] M 4.7, Mindanao, Philippines ＋＋https://j.mp/1Bi6EE2，， 2015-03-07T17:31:13
[12:34.46] * rumpel (~rumpel@61.172.49.44) Quit (Quit: Servus)
[12:35.08] * Viper168 (~Viper@unaffiliated/viper168) has joined channel ##science
[12:36.16] * VegetarianFalcon (~Vegetaria@103.255.175.20) Quit (Ping timeout: 246 seconds)
[12:36.20] <+CarlSagan> [NPR Science] This Just (Flew) In: The Formerly 'Extinct' Jerdon's Babbler ＋＋https://j.mp/1Bi7h0m，， 2015-03-07T12:23:53
[12:36.39] * VegetarianFalcon (~Vegetaria@103.255.175.20) has joined channel ##science
[12:38.34] * bbbb (~bbbb@cpc15-newc13-2-0-cust741.16-2.cable.virginm.net) Quit (Ping timeout: 276 seconds)
[12:41.47] * TeslasMHD (foobar@ip92340111.dynamic.kabel-deutschland.de) Quit (Ping timeout: 264 seconds)
[12:46.58] * bbbb (~bbbb@cpc15-newc13-2-0-cust741.16-2.cable.virginm.net) has joined channel ##science
[12:50.10] * Cser (~AndChat62@104.240.37.1) has joined channel ##science
[12:54.10] * Pyrotek (~pyrotek@c-50-141-140-211.hsd1.il.comcast.net) has joined channel ##science
[12:58.49] * suzy (~suzy@unaffiliated/siouxsie) Quit (Remote host closed the connection)
[01:05.44] * Awaythius is now known as Aethysius
[01:11.14] * Alucard (~chatzilla@108-64-84-185.lightspeed.tukrga.sbcglobal.net) has joined channel ##science
[01:15.31] * ScienceDevice (~ScienceWe@66-87-131-101.pools.spcsdns.net) has joined channel ##science
[01:18.07] * TeslasMHD (foobar@ip92340111.dynamic.kabel-deutschland.de) has joined channel ##science
[01:21.08] * zadock (~zadock@muscalu.tuiasi.ro) Quit (Quit: Leaving)
[01:25.13] * cbx_cubic (~kawocube@ip-94-112-98-82.net.upcbroadband.cz) Quit (Ping timeout: 252 seconds)
[01:47.10] * ScienceDevice (~ScienceWe@66-87-131-101.pools.spcsdns.net) Quit (Read error: Connection reset by peer)
[01:47.20] * SciencePhone (~ScienceWe@66.87.130.234) has joined channel ##science
[01:47.58] * SciencePhone (~ScienceWe@66.87.130.234) Quit (Client Quit)
[01:48.19] * bb010g (uid21050@gateway/web/irccloud.com/x-tcabavemxrrmxqou) has joined channel ##science
[01:50.24] * blawiz (~DD_comman@unaffiliated/blawiz) has joined channel ##science
[01:54.30] * deathonater (~deathonat@cpe-69-203-208-219.nyc.res.rr.com) has joined channel ##science
[01:58.42] * komarov (~komarov@92-100-250-188.dynamic.avangarddsl.ru) Quit (Ping timeout: 272 seconds)
[02:00.37] * komarov (~komarov@92-100-250-188.dynamic.avangarddsl.ru) has joined channel ##science
[02:05.49] * hapticFeels (~Justin@cpe-75-85-36-179.socal.res.rr.com) has joined channel ##science
[02:06.51] * Scourjee (uid63311@gateway/web/irccloud.com/x-dsctdnnwxbakndpm) has joined channel ##science
[02:09.23] * Cser (~AndChat62@104.240.37.1) Quit (Ping timeout: 252 seconds)
[02:10.11] <+CarlSagan> [Ars Technica] Better testing desperately needed to fight antimicrobial resistance ＋＋https://j.mp/1GtJHSN，， 2015-03-07T19:00:39
[02:20.36] <+CarlSagan> [Science Daily - Top Science] Infants' environments play key role in their heights as adults ＋＋https://j.mp/1GtKEL1，， 2015-03-03T15:20:53
[02:25.58] * zadock (~zadock@81.180.210.87) has joined channel ##science
[02:27.11] * hapticFeels (~Justin@cpe-75-85-36-179.socal.res.rr.com) Quit (Ping timeout: 252 seconds)
[02:35.25] * Litt (~M@202-89-151-114.ue.woosh.co.nz) has joined channel ##science
[02:39.04] * VegetarianFalcon (~Vegetaria@103.255.175.20) Quit (Ping timeout: 264 seconds)
[02:41.05] * Cs1177 (~Cs1177@104.240.37.1) has joined channel ##science
[03:58.13] *** Server disconnected on irc.freenode.net
