Session Start: Fri Mar 06 04:21:17 2015
Session Ident: ##science
[04:21.17] * You have joined ##science
[04:21.17] Topic: Welcome to the science channel! | Rules: ＋＋https://is.gd/dD2F3B，， | Topics that are welcome: astronomy/biology/botany/chemistry/computers/ecology/engineering/geology/logic/mathematics/oceanography/physics/zoology plus some social sciences | Please visit our sister channels, ##weather & ##news
[04:21.17] Channel Topic Set by: yano on 1:37 AM 11/1/2014
[04:21.19] Channel URL is ＋＋https://j.mp/72ZKFnZ，，
[04:21.19] Channel modes for ##science are :+CFntf ##science-ops
[04:21.19] Channel Created on: 6:53 PM 1/29/2010
[04:21.33] * wordsToLiveBy (~wordsToLi@cpe-71-74-253-1.neo.res.rr.com) Quit (Quit: My Mac has gone to sleep. ZZZzzz…)
[04:26.14] * Seacow (~Seacow@unaffiliated/seacow) Quit (Ping timeout: 244 seconds)
[04:35.07] * darsie (~darsie@chello080108047045.34.11.vie.surfer.at) has joined channel ##science
[04:43.09] * mr45_ (~mr45@cpc27-hudd10-2-0-cust346.4-1.cable.virginm.net) has joined channel ##science
[04:44.00] * Pearson (~M@202-89-151-114.ue.woosh.co.nz) Quit (Quit: Bah!)
[04:45.30] * Viper168_ (~Viper@unaffiliated/viper168) has joined channel ##science
[04:47.25] * Viper168 (~Viper@unaffiliated/viper168) Quit (Ping timeout: 244 seconds)
[04:57.02] * maash (~mash@unaffiliated/maash) has joined channel ##science
[04:57.24] * zadock (~zadock@muscalu.tuiasi.ro) has joined channel ##science
[04:57.52] <+CarlSagan> [BBC Science & Environment] Bloodhound Diary: 'Blink and you'll miss it' ＋＋https://j.mp/1zTtga6，， 2015-03-06T09:51:26
[05:23.39] * tehsma (~tehsma@cpe-174-098-093-096.triad.res.rr.com) has joined channel ##science
[05:28.35] * tehsma (~tehsma@cpe-174-098-093-096.triad.res.rr.com) Quit (Ping timeout: 264 seconds)
[05:29.21] * Cser (~AndChat62@104.240.37.1) Quit (Ping timeout: 240 seconds)
[05:30.18] * suvidu (~suvidu@217.113.182.90) has joined channel ##science
[05:31.34] * tehsma (~tehsma@cpe-174-098-093-096.triad.res.rr.com) has joined channel ##science
[05:33.06] * Viper168_ is now known as Viper168
[05:35.23] * Cser (~AndChat62@104.240.37.1) has joined channel ##science
[06:06.26] <+CarlSagan> [USGS] M 5.0, Off the coast of Aisen, Chile ＋＋https://j.mp/1Np16y7，， 2015-03-06T11:05:27
[06:13.34] * icetooth (~icetooth@unaffiliated/icetooth) Quit (Ping timeout: 256 seconds)
[06:38.39] * darwin (d@206.63.237.146) Quit (Ping timeout: 246 seconds)
[06:38.59] * darwin (d@206.63.237.146) has joined channel ##science
[06:41.16] * Kalov (~quassel@181.226.190.113) Quit (Read error: Connection reset by peer)
[06:41.31] * HansE_ (~HansE@3badr-gr7-m6.testlab.aitel.hist.no) has joined channel ##science
[06:42.31] * Kalov (~quassel@181.226.190.113) has joined channel ##science
[06:42.38] * Xenolithic (c1bab9c7@gateway/web/freenode/ip.193.186.185.199) Quit (Quit: Page closed)
[06:42.55] <+CarlSagan> [BBC Science & Environment] Outcry as IS wrecks Assyrian site ＋＋https://j.mp/1DZRcxo，， 2015-03-06T11:01:32
[07:02.43] * RedOrangeZ (~RedOrange@c-68-82-214-0.hsd1.pa.comcast.net) has joined channel ##science
[07:02.45] * Scourjee (uid63311@gateway/web/irccloud.com/x-pscdsjfokoopffph) has joined channel ##science
[07:02.56] <+CarlSagan> [BBC Science & Environment] MH370: Behind the tenacious deep-sea hunt for missing plane ＋＋https://j.mp/1DZSvwp，， 2015-03-06T05:01:38
[07:07.47] * Wasped (~Wasp70@pool-72-78-246-41.phlapa.fios.verizon.net) has joined channel ##science
[07:11.39] <Scourjee> Hi
[07:16.20] * Freshrr (42bc472a@gateway/web/freenode/ip.66.188.71.42) Quit (Ping timeout: 246 seconds)
[07:27.40] <+CarlSagan> [RSOE EDIS - Disaster Information] Vehicle Accident - Africa - Egypt ＋＋https://j.mp/1DZUhxy，， 2015-03-06T12:22:22
[07:27.40] <+CarlSagan> [RSOE EDIS - Disaster Information] Biological Hazard - Europe - Norway ＋＋https://j.mp/1DZUhxz，， 2015-03-06T12:19:57
[07:30.45] * maash (~mash@unaffiliated/maash) Quit (Ping timeout: 252 seconds)
[07:31.26] <+CarlSagan> [RSOE EDIS - EBHWM] BH : MRSA (cattle) / Europe / Norway [0:0] ＋＋https://j.mp/1DZUwZv，， 2015-03-06T13:19:57
[07:33.37] * VegetarianFalcon (~Vegetaria@103.255.175.87) has joined channel ##science
[07:38.56] * VegetarianFalcon (~Vegetaria@103.255.175.87) Quit (Ping timeout: 265 seconds)
[07:43.41] * crayons_melting (~crayons_m@c211-31-63-46.kelvn3.qld.optusnet.com.au) has joined channel ##science
[07:48.30] * mr45_ (~mr45@cpc27-hudd10-2-0-cust346.4-1.cable.virginm.net) Quit (Read error: Connection reset by peer)
[07:48.38] * _TK_ (~TK@82.131.105.228.cable.starman.ee) has joined channel ##science
[07:55.29] * MjrTom (MjrTom@azureus/MjrTom) Quit (Ping timeout: 252 seconds)
[08:05.58] * apathor (~apathor@c-50-138-132-212.hsd1.ma.comcast.net) Quit (Quit: :|)
[08:11.09] * apathor (~apathor@c-50-138-132-212.hsd1.ma.comcast.net) has joined channel ##science
[08:21.45] * Cser (~AndChat62@104.240.37.1) Quit (Ping timeout: 250 seconds)
[08:24.45] * Emperor (~Supernova@host-87-242-253-224.ppp.onetel.net.uk) has joined channel ##science
[08:35.10] * Dante (~quassel@aruba-ctlr11-nat.its.manchester.ac.uk) has joined channel ##science
[08:36.29] <+CarlSagan> [RSOE EDIS - EBHWM] BH : Mass food poisoning / Asia / India [0:0] ＋＋https://j.mp/1E006uV，， 2015-03-06T14:28:03
[08:36.56] * VegetarianFalcon (~Vegetaria@103.255.175.87) has joined channel ##science
[08:42.02] * VegetarianFalcon (~Vegetaria@103.255.175.87) Quit (Ping timeout: 264 seconds)
[08:45.36] * HansE_ (~HansE@3badr-gr7-m6.testlab.aitel.hist.no) Quit (Quit: My MacBook Pro has gone to sleep. ZZZzzz…)
[08:50.50] * jackal^ (jackal@jackal6.efnet.at) Quit (Read error: Connection reset by peer)
[08:50.57] * jackal^ (jackal@jackal6.efnet.at) has joined channel ##science
[08:56.46] * hydraglyph (hydraglyph@gateway/shell/blinkenshell.org/x-ekfrfytdkdshlhjc) Quit (Ping timeout: 245 seconds)
[08:56.49] * hydragly1h (hydraglyph@gateway/shell/blinkenshell.org/x-mhxjaiqqkmudcnik) has joined channel ##science
[01:00.24] *** Server disconnected on irc.freenode.net
[01:00.27] *** Server disconnected on irc.freenode.net
[07:52.47] * You have joined ##science
[07:52.47] Topic: Welcome to the science channel! | Rules: ＋＋https://is.gd/dD2F3B，， | Topics that are welcome: astronomy/biology/botany/chemistry/computers/ecology/engineering/geology/logic/mathematics/oceanography/physics/zoology plus some social sciences | Please visit our sister channels, ##weather & ##news
[07:52.48] Channel Topic Set by: yano on 1:37 AM 11/1/2014
[07:52.49] Channel URL is ＋＋https://j.mp/72ZKFnZ，，
[07:52.49] Channel modes for ##science are :+CFntf ##science-ops
[07:52.49] Channel Created on: 6:53 PM 1/29/2010
[07:53.41] * Viper168 (~Viper@unaffiliated/viper168) Quit (Ping timeout: 256 seconds)
[07:54.25] <spooky> <Nothing-> That's a spooky thought
[07:54.28] <spooky> no it isn't
[07:54.40] <spooky> because i didnt think it
[07:55.50] * Macuser (~textual@unaffiliated/macuser) Quit (Quit: My MacBook Pro has gone to sleep. ZZZzzz…)
[07:56.55] * Macuser (~textual@unaffiliated/macuser) has joined channel ##science
[07:59.34] <kimspindel> hah
[08:01.45] * Viper168 (~Viper@unaffiliated/viper168) has joined channel ##science
[08:02.35] * Cser (~AndChat62@104.240.37.1) has joined channel ##science
[08:03.26] <+CarlSagan> [BBC Science & Environment] 'Light pipes' key to colour vision ＋＋https://j.mp/1Gs3Zfo，， 2015-03-07T00:55:49
[08:04.43] * suzy (~suzy@unaffiliated/siouxsie) Quit (Remote host closed the connection)
[08:07.33] * Macuser (~textual@unaffiliated/macuser) Quit (Quit: My MacBook Pro has gone to sleep. ZZZzzz…)
[08:08.32] * Kinky_Kitty (~Art@71-83-42-251.dhcp.dlth.mn.charter.com) has joined channel ##science
[08:09.16] * Kinky_Kitty (~Art@71-83-42-251.dhcp.dlth.mn.charter.com) Quit (Client Quit)
[08:09.42] * Kinky_Kitty (~Art@71-83-42-251.dhcp.dlth.mn.charter.com) has joined channel ##science
[08:12.57] * greenbagels (~gb@cpe-24-93-214-22.neo.res.rr.com) Quit (Ping timeout: 256 seconds)
[08:14.51] * Pyrotek (~pyrotek@128.135.100.112) has joined channel ##science
[08:15.24] * itself (~toagac@trivialand/staff/toagac) has joined channel ##science
[08:24.23] * wordsToLiveBy (~wordsToLi@cpe-71-74-253-1.neo.res.rr.com) has joined channel ##science
[08:25.53] * matt|home (~matt@adsl-65-9-107-179.mia.bellsouth.net) Quit (Read error: Connection reset by peer)
[08:33.17] * wordsToLiveBy (~wordsToLi@cpe-71-74-253-1.neo.res.rr.com) Quit (Quit: My Mac has gone to sleep. ZZZzzz…)
[08:34.27] * greenbagels (~gb@cpe-24-93-214-22.neo.res.rr.com) has joined channel ##science
[08:37.10] * wordsToLiveBy (~wordsToLi@cpe-71-74-253-1.neo.res.rr.com) has joined channel ##science
[08:39.04] * wordsToLiveBy (~wordsToLi@cpe-71-74-253-1.neo.res.rr.com) Quit (Client Quit)
[08:45.57] * suzy (~suzy@unaffiliated/siouxsie) has joined channel ##science
[08:49.19] * Gewitter (~Gewitter@xdsl-87-78-141-150.netcologne.de) has joined channel ##science
[08:50.00] <Gewitter> anyone here (that's also a question)?
[08:52.28] <astroo-> i all times present
[08:52.53] <astroo-> always put the question and give around 15 minutes
[08:53.34] <+CarlSagan> [USGS] M 4.7, 54km NE of Amahai, Indonesia ＋＋https://j.mp/1H9yjJx，， 2015-03-07T01:49:42
[08:59.41] * wordsToLiveBy (~wordsToLi@cpe-71-74-253-1.neo.res.rr.com) has joined channel ##science
[09:06.03] * wordsToLiveBy (~wordsToLi@cpe-71-74-253-1.neo.res.rr.com) Quit (Quit: My Mac has gone to sleep. ZZZzzz…)
[09:06.59] * wordsToLiveBy (~wordsToLi@cpe-71-74-253-1.neo.res.rr.com) has joined channel ##science
[09:10.49] * Mmango (~user@108-217-142-114.lightspeed.milwwi.sbcglobal.net) Quit (Quit: Leaving)
[09:12.43] * Macuser (~textual@unaffiliated/macuser) has joined channel ##science
[09:12.50] * Macuser (~textual@unaffiliated/macuser) Quit (Max SendQ exceeded)
[09:13.03] * wordsToLiveBy (~wordsToLi@cpe-71-74-253-1.neo.res.rr.com) Quit (Quit: My Mac has gone to sleep. ZZZzzz…)
[09:13.25] * Macuser (~textual@unaffiliated/macuser) has joined channel ##science
[09:15.30] * maash (~user@unaffiliated/maash) Quit (Ping timeout: 272 seconds)
[09:18.55] * norkle (~norkle@unaffiliated/norkle) Quit ()
[09:23.36] * ScienceDevice (~ScienceWe@ip72-219-157-89.oc.oc.cox.net) has joined channel ##science
[09:24.16] * Captain_Crow (~raco@adsl-68-252-56-180.dsl.wotnoh.ameritech.net) has joined channel ##science
[09:24.30] <Captain_Crow> hi
[09:24.31] * rumpel (~rumpel@61.172.49.44) has joined channel ##science
[09:26.22] * Macuser (~textual@unaffiliated/macuser) Quit (Quit: My MacBook Pro has gone to sleep. ZZZzzz…)
[09:26.24] <astroo-> Captain_Crow  hello
[09:26.29] <Gewitter> hi
[09:26.43] <Captain_Crow> is there a cheap method for making intricate strong plastic parts like gears and joints?
[09:27.19] * rumpelchen (~rumpel@61.172.49.44) has joined channel ##science
[09:31.12] * ScienceDevice (~ScienceWe@ip72-219-157-89.oc.oc.cox.net) Quit ()
[09:31.40] <Captain_Crow> i'm not really familiar with the process of molding solid plastic objects
[09:31.48] <Captain_Crow> any advice?
[09:32.47] * ScienceSwitch (~ScienceWe@ip72-219-157-89.oc.oc.cox.net) has joined channel ##science
[09:33.14] * rumpel (~rumpel@61.172.49.44) Quit (Quit: Servus)
[09:33.21] * Aethysius is now known as Awaythius
[09:37.36] <Gewitter> sorry
[09:37.40] <Gewitter> no :D
[09:37.40] * Cirus (~Cirus@2601:9:80:74:e841:672:584e:7ab) has joined channel ##science
[09:39.15] <Captain_Crow> would there be a more appropriate channel for my question?
[09:45.20] <astroo-> not easy...
[09:50.40] <Captain_Crow> is there any type of chemical combination that i can pour into a mold to get a hardened shape?
[09:51.41] <Captain_Crow> i mean something that wont be brittle or break easily?
[09:52.21] * Cs1177 (~Cs1177@104.240.37.1) has joined channel ##science
[09:52.22] <Gewitter> maybe you have to put something to wake the chemistristststst
[09:52.29] <Gewitter> I don't know the word
[09:52.35] <Gewitter> but molecule?
[09:52.37] <Gewitter> :d
[10:00.03] * curiousguy13 (~curiousgu@120.59.233.169) Quit (Ping timeout: 256 seconds)
[10:03.03] * komarov (~komarov@92-100-250-188.dynamic.avangarddsl.ru) Quit (Ping timeout: 264 seconds)
[10:05.50] * threefourme (~threefour@71.177.68.161) has joined channel ##science
[10:07.38] * threefourme (~threefour@71.177.68.161) Quit (Client Quit)
[10:11.42] * curiousguy13 (~curiousgu@120.56.225.159) has joined channel ##science
[10:14.52] * hapticFeels (~Justin@cpe-75-85-36-179.socal.res.rr.com) has joined channel ##science
[10:27.20] * kabet_ (~kabet@24.237.158.3) has joined channel ##science
[10:29.24] * Macuser (~textual@unaffiliated/macuser) has joined channel ##science
