Session Start: Mon Feb 16 12:00:03 2015
Session Ident: ##science
[12:00.03] * threefourme (~threefour@71.177.68.161) Quit (Ping timeout: 244 seconds)
[12:00.17] * demophobia (~demophobi@unaffiliated/dan1) Quit (Remote host closed the connection)
[12:04.04] * darsie (~darsie@80-110-70-110.cgn.dynamic.surfer.at) Quit (Ping timeout: 250 seconds)
[12:05.04] * CustosL1men (~CustosLim@unaffiliated/cust0slim3n) Quit (Ping timeout: 246 seconds)
[12:10.07] * CustosL1men (~CustosLim@unaffiliated/cust0slim3n) has joined channel ##science
[12:10.18] * demophobia (~demophobi@unaffiliated/dan1) has joined channel ##science
[12:12.58] * tehsma (~tehsma@cpe-174-098-093-096.triad.res.rr.com) has joined channel ##science
[12:20.24] <+CarlSagan> [BBC Science & Environment] Satellites track snail disease risk ＋＋https://j.mp/1zhy89I，， 2015-02-16T05:07:53
[12:23.16] * Pyrotek (~pyrotek@c-50-141-140-211.hsd1.il.comcast.net) Quit (Ping timeout: 255 seconds)
[12:24.09] * ScienceDevice (~ScienceWe@66.87.131.63) has joined channel ##science
[12:24.26] * demophobia (~demophobi@unaffiliated/dan1) Quit (Quit: see you later 🇺🇸🎭🎶🎵🎼🎧🎹🐱🌈💖👺🙊👤😎)
[12:31.04] * ScienceDevice (~ScienceWe@66.87.131.63) Quit (Remote host closed the connection)
[12:39.22] * Dr|Craig (~textual@unaffiliated/drcraig/x-4803936) Quit (Quit: Textual IRC Client: ＋＋www.textualapp.com，，)
[12:50.31] <+CarlSagan> [BBC Science & Environment] VIDEO: Cern gears up to discover new particle ＋＋https://j.mp/19mE37a，， 2015-02-15T18:10:27
[12:57.26] <+CarlSagan> [USGS] M 5.0, 93km NNW of Labuhankananga, Indonesia ＋＋https://j.mp/19mF7bm，， 2015-02-16T05:53:36
[01:05.40] * VegetarianFalcon (~Vegetaria@103.255.175.103) has joined channel ##science
[01:14.29] * VegetarianFalcon (~Vegetaria@103.255.175.103) Quit (Ping timeout: 252 seconds)
[01:18.22] * Litt (~EightyTwo@202-89-151-114.ue.woosh.co.nz) has joined channel ##science
[01:27.57] * The_DarkKnight (~textual@c-76-30-144-231.hsd1.tx.comcast.net) has joined channel ##science
[01:38.25] * demophobia (~demophobi@unaffiliated/dan1) has joined channel ##science
[01:42.44] * mr45_ (~mr45@cpc27-hudd10-2-0-cust346.4-1.cable.virginm.net) Quit (Read error: Connection reset by peer)
[01:43.49] * komarov (~komarov@178.70.103.24) Quit (Ping timeout: 264 seconds)
[01:47.26] * The_DarkKnight (~textual@c-76-30-144-231.hsd1.tx.comcast.net) Quit (Ping timeout: 264 seconds)
[01:52.05] * Grymmoire (~Grymmoire@d14-69-7-224.try.wideopenwest.com) Quit (Quit: Leaving)
[01:55.50] * komarov (~komarov@178.62.189.37) has joined channel ##science
[02:04.45] * VegetarianFalcon (~Vegetaria@103.255.175.97) has joined channel ##science
[02:12.56] <demophobia> Is there any regulation for science publication journals? There are so many, it seems.
[02:13.42] * suvidu (~suvidu@217.113.182.90) has joined channel ##science
[02:13.52] * Guest438 (~maphry@host81-152-55-172.range81-152.btcentralplus.com) Quit (Quit: This computer has gone to sleep)
[02:19.43] * Stantheman (~Emperor@host-87-242-253-224.ppp.onetel.net.uk) has joined channel ##science
[02:19.46] * DSPS (~DSPS@host-78-144-168-116.as13285.net) has joined channel ##science
[02:19.56] * DSPS (~DSPS@host-78-144-168-116.as13285.net) Quit (Remote host closed the connection)
[02:23.59] <Chib> ＋＋http://tylervigen.com/view_correlation?id=359，，
[02:24.12] <+jenni> [ Number people who drowned by falling into a swimming-pool correlates with Number of films Nicolas Cage appeared in ] - ＋＋https://j.mp/1vxUGBx，，
[02:24.30] <Chib> demophobia: Anyone can make a journal really, doesn't mean anyone's going to care about it.
[02:24.49] <zetreque> hmmm, I want to make my own journal then :)
[02:24.56] <Chib> You might even get lucky and end up on this list: ＋＋http://scholarlyoa.com/individual-journals/，，
[02:25.07] <+jenni> [ LIST OF STANDALONE JOURNALS | Scholarly Open Access ] - ＋＋https://j.mp/1vxUKBm，，
[02:35.24] <suvidu> I LOVE this correlation analyses, Chib! Thank you!
[02:35.49] <suvidu> Now I have more than enough ammunition to fire at those people claiming correlation=causation ... O:-)
[02:36.14] <suvidu> (and I always knew Nicolas Cage would have some kind of bad influence!)
[02:40.04] <Chib> heh
[02:40.25] <+CarlSagan> [NYT Science] C.I.A. Is Said to Have Bought and Destroyed Iraqi Chemical Weapons ＋＋https://j.mp/1FRnzyH，， 2015-02-16T02:24:44
[02:40.25] <+CarlSagan> [NYT Science] Hoping Google’s Lab Is a Rainmaker ＋＋https://j.mp/1FRnzyL，， 2015-02-16T01:09:15
[02:50.04] * demophobia (~demophobi@unaffiliated/dan1) Quit (Remote host closed the connection)
[02:56.06] * Xenolith (~Xenolith@unaffiliated/xenolith) Quit (Read error: Connection reset by peer)
[02:58.52] * VegetarianFalcon (~Vegetaria@103.255.175.97) Quit (Ping timeout: 264 seconds)
[02:59.25] <+CarlSagan> [RSOE EDIS - Disaster Information] Giant Wave Impact - North-America - USA ＋＋https://j.mp/1FRqyac，， 2015-02-16T07:40:02
[03:00.17] * Viper168 (~Viper@unaffiliated/viper168) Quit (Ping timeout: 252 seconds)
[03:02.21] * strixd (~strixd@31.221.105.202) has joined channel ##science
[03:07.29] * CustosL1men (~CustosLim@unaffiliated/cust0slim3n) Quit (Ping timeout: 265 seconds)
[03:08.17] * Viper168 (~Viper@unaffiliated/viper168) has joined channel ##science
[03:09.12] * cbx_cubic (~kawocube@ip-89-102-207-204.net.upcbroadband.cz) has joined channel ##science
[03:12.15] * VegetarianFalcon (~Vegetaria@103.255.175.12) has joined channel ##science
[03:13.22] * cbx_cubic (~kawocube@ip-89-102-207-204.net.upcbroadband.cz) Quit (Ping timeout: 246 seconds)
[03:18.31] * thomas (~thomas@freenode/staff/thomas) Quit (Remote host closed the connection)
[03:18.54] * thomas (~thomas@freenode/staff/thomas) has joined channel ##science
[03:19.52] * edualbus (~dualbus@dualbus.me) Quit (Ping timeout: 244 seconds)
[03:21.09] * Zeig (Zeig@S01067cb21bda53a7.gv.shawcable.net) has joined channel ##science
[03:21.16] * zetreque (~MusiX@adsl-75-14-223-158.dsl.renocs.sbcglobal.net) Quit (Quit: If I don't believe in myself would that be blasphemy?)
[03:25.10] * edualbus (~dualbus@dualbus.me) has joined channel ##science
[03:29.20] * Allium (~Allium@81-64-138-244.rev.numericable.fr) has joined channel ##science
[03:29.22] * CustosL1men (~CustosLim@unaffiliated/cust0slim3n) has joined channel ##science
[03:48.38] * Cirus (~Cirus@2601:9:80:74:687c:4ac1:38e2:c5c) Quit (Read error: Connection reset by peer)
[03:54.16] * cbx_cubic (~kawocube@ip-94-112-98-82.net.upcbroadband.cz) has joined channel ##science
[04:06.58] * mr45_ (~mr45@cpc27-hudd10-2-0-cust346.4-1.cable.virginm.net) has joined channel ##science
[04:22.58] * threefourme (~threefour@71.177.68.161) has joined channel ##science
[04:36.36] * depate (~depate@wprt-4db6e6b2.pool.mediaWays.net) has joined channel ##science
[04:40.53] * threefourme (~threefour@71.177.68.161) Quit (Quit: (null))
[05:02.42] * Litt (~EightyTwo@202-89-151-114.ue.woosh.co.nz) Quit (Quit: Bah!)
[05:19.43] <+CarlSagan> [RSOE EDIS - Disaster Information] Volcano Eruption - Asia - Russia [Asia] ＋＋https://j.mp/1Jlpa5k，， 2015-02-16T10:02:28
[05:20.25] * curiousguy13 (~curiousgu@125.19.38.42) has joined channel ##science
[05:20.25] <+CarlSagan> [NPR Science] Scientists Weigh In On What Can Mend A Broken Heart ＋＋https://j.mp/1JlpiBP，， 2015-02-16T04:56:00
[05:30.26] * aluriak (~lucas@ANantes-657-1-182-177.w2-1.abo.wanadoo.fr) has joined channel ##science
[05:32.03] * tehsma_ (~tehsma@cpe-174-098-093-096.triad.res.rr.com) has joined channel ##science
[05:33.06] * Zeig (Zeig@S01067cb21bda53a7.gv.shawcable.net) Quit ()
[05:33.13] * tehsma (~tehsma@cpe-174-098-093-096.triad.res.rr.com) Quit (Ping timeout: 246 seconds)
[05:33.13] * tehsma_ is now known as tehsma
[05:37.29] * ScienceDevice (~ScienceWe@66.87.131.116) has joined channel ##science
[05:38.40] * CustosL1men (~CustosLim@unaffiliated/cust0slim3n) Quit (Remote host closed the connection)
[05:39.12] * CustosL1men (~CustosLim@unaffiliated/cust0slim3n) has joined channel ##science
[05:43.38] * Duzz (~Duzz@96.50.86.144) Quit (Quit: Leaving)
[05:58.48] * ScienceDevice (~ScienceWe@66.87.131.116) Quit ()
[06:08.36] * curiousguy13 (~curiousgu@125.19.38.42) Quit (Ping timeout: 255 seconds)
[06:18.17] * Stantheman (~Emperor@host-87-242-253-224.ppp.onetel.net.uk) Quit (Ping timeout: 252 seconds)
[06:19.25] * kossy_ (a@2610:1a0:103:4a:dead:beef:0:cafe) Quit (Ping timeout: 245 seconds)
[06:19.30] * curiousguy13 (~curiousgu@202.56.234.34) has joined channel ##science
[06:29.51] <+CarlSagan> [RSOE EDIS - EBHWM] BH : Highly pathogenic avian influenza (HPAI) / North-America / USA [0:0] ＋＋https://j.mp/1L2lDEF，， 2015-02-16T12:13:23
[06:35.58] * curiousguy13 (~curiousgu@202.56.234.34) Quit (Ping timeout: 264 seconds)
[06:48.29] * absynthe_faery (~absynthe_@unaffiliated/absynthe-faery/x-6447756) has joined channel ##science
[06:51.11] * depate (~depate@wprt-4db6e6b2.pool.mediaWays.net) Quit (Ping timeout: 252 seconds)
[06:57.53] * nomic (~nomic@host81-157-161-129.range81-157.btcentralplus.com) has joined channel ##science
[06:59.07] * tehsma (~tehsma@cpe-174-098-093-096.triad.res.rr.com) Quit (Quit: tehsma)
[07:06.47] * kossy (a@unaffiliated/kossy) has joined channel ##science
[07:14.21] <+CarlSagan> [USGS] M 4.7, 13km S of Kemer, Turkey ＋＋https://j.mp/1JlKiIK，， 2015-02-16T12:10:35
[07:14.23] * thomas (~thomas@freenode/staff/thomas) Quit (Quit: leaving)
[07:14.37] * thomas (~thomas@freenode/staff/thomas) has joined channel ##science
[07:19.00] * SohamG (~soham@117.195.4.52) has joined channel ##science
[07:19.32] <SohamG> Can someone give me a link to a guide on making davy's arc light?
[07:20.19] * uscwaller (~uscwaller@72-28-232-155-dhcp.aik.sc.atlanticbb.net) has joined channel ##science
[07:22.58] * strixd (~strixd@31.221.105.202) Quit (Quit: 500)
[07:24.45] * nomic (~nomic@host81-157-161-129.range81-157.btcentralplus.com) Quit (Quit: Leaving)
[07:27.11] * matt|home (~matt@adsl-65-9-107-179.mia.bellsouth.net) has joined channel ##science
[07:31.35] * strixd (~strixd@31.221.105.202) has joined channel ##science
[07:38.37] * VegetarianFalcon (~Vegetaria@103.255.175.12) Quit (Ping timeout: 250 seconds)
[07:39.28] <+CarlSagan> [USGS] M 4.9, 61km N of Gayndah, Australia ＋＋https://j.mp/1JlPEUr，， 2015-02-16T12:35:26
[07:42.00] * VegetarianFalcon (~Vegetaria@103.255.175.12) has joined channel ##science
[07:47.25] * VegetarianFalcon (~Vegetaria@103.255.175.12) Quit (Ping timeout: 245 seconds)
[07:49.30] <+CarlSagan> [USGS] M 4.8, West of the Galapagos Islands ＋＋https://j.mp/1JlS6tU，， 2015-02-16T12:43:54
[07:50.14] * VegetarianFalcon (~Vegetaria@103.255.175.12) has joined channel ##science
[07:52.49] * wukong (~wukong@38.sub-70-196-2.myvzw.com) has joined channel ##science
[07:54.57] * depate (~depate@wprt-4db6e6b2.pool.mediaWays.net) has joined channel ##science
[07:55.18] * VegetarianFalcon (~Vegetaria@103.255.175.12) Quit (Ping timeout: 264 seconds)
[07:57.43] * hmstrmn (~hmstrmn@grm-studby-128-39-149-158.studby.uia.no) has joined channel ##science
[07:59.37] * kossy (a@unaffiliated/kossy) Quit (Ping timeout: 245 seconds)
[08:00.13] * kossy (a@unaffiliated/kossy) has joined channel ##science
[08:01.51] * kossy (a@unaffiliated/kossy) Quit (Excess Flood)
[08:04.02] * cbx_cubic (~kawocube@ip-94-112-98-82.net.upcbroadband.cz) Quit (Ping timeout: 244 seconds)
[08:04.26] * kossy (a@unaffiliated/kossy) has joined channel ##science
[08:04.26] * kossy (a@unaffiliated/kossy) Quit (Excess Flood)
[08:05.43] * kossy (a@unaffiliated/kossy) has joined channel ##science
[08:06.42] * Pyrotek (~pyrotek@c-50-141-140-211.hsd1.il.comcast.net) has joined channel ##science
[08:07.06] * Stantheman (~Emperor@host-87-242-253-224.ppp.onetel.net.uk) has joined channel ##science
[08:21.08] * aluriak (~lucas@ANantes-657-1-182-177.w2-1.abo.wanadoo.fr) Quit (Quit: WeeChat 1.1.1)
[08:21.57] * aluriak (~lucas@ANantes-657-1-182-177.w2-1.abo.wanadoo.fr) has joined channel ##science
[08:23.20] * Stantheman (~Emperor@host-87-242-253-224.ppp.onetel.net.uk) Quit (Ping timeout: 250 seconds)
[08:23.39] * Pyrotek (~pyrotek@c-50-141-140-211.hsd1.il.comcast.net) Quit (Quit: Leaving)
[08:31.54] * Hub (~Hub@grm-studby-128-39-149-158.studby.uia.no) has joined channel ##science
[08:32.17] * Hub is now known as Guest32318
[08:34.55] * Allium (~Allium@81-64-138-244.rev.numericable.fr) Quit (Read error: Connection reset by peer)
[08:34.55] * uscwaller (~uscwaller@72-28-232-155-dhcp.aik.sc.atlanticbb.net) Quit (Read error: Connection reset by peer)
[08:35.05] * Allium (~Allium@81-64-138-244.rev.numericable.fr) has joined channel ##science
[08:35.21] * Hub_ (~Hub@grm-studby-128-39-149-158.studby.uia.no) has joined channel ##science
[08:35.39] * uscwaller (~uscwaller@72-28-232-155-dhcp.aik.sc.atlanticbb.net) has joined channel ##science
[08:36.01] * cbx_cubic (~kawocube@ip-94-112-98-82.net.upcbroadband.cz) has joined channel ##science
[08:36.37] * uscwaller (~uscwaller@72-28-232-155-dhcp.aik.sc.atlanticbb.net) Quit (Client Quit)
[08:38.25] * Guest32318 (~Hub@grm-studby-128-39-149-158.studby.uia.no) Quit (Ping timeout: 246 seconds)
[08:39.58] * cbx_cubic (~kawocube@ip-94-112-98-82.net.upcbroadband.cz) Quit (Ping timeout: 250 seconds)
[08:41.03] * hmstrmn (~hmstrmn@grm-studby-128-39-149-158.studby.uia.no) Quit (Quit: Leaving)
[08:41.05] * cbx_cubic (~kawocube@ip-94-112-98-82.net.upcbroadband.cz) has joined channel ##science
[08:41.29] * hmstrmn (~hmstrmn@grm-studby-128-39-149-158.studby.uia.no) has joined channel ##science
[09:12.23] * Viper168 (~Viper@unaffiliated/viper168) Quit (Ping timeout: 256 seconds)
[09:17.00] * komarov (~komarov@178.62.189.37) Quit (Ping timeout: 245 seconds)
[09:19.29] * Viper168 (~Viper@unaffiliated/viper168) has joined channel ##science
[09:26.00] * The_DarkKnight (~textual@c-73-183-240-153.hsd1.tx.comcast.net) has joined channel ##science
[09:30.59] * darsie (~darsie@80-110-70-110.cgn.dynamic.surfer.at) has joined channel ##science
[09:35.11] * komarov (~komarov@178.62.189.37) has joined channel ##science
[09:37.48] * komarov (~komarov@178.62.189.37) Quit (Max SendQ exceeded)
[09:38.04] * komarov (~komarov@178.62.189.37) has joined channel ##science
[09:40.34] * Hub_ (~Hub@grm-studby-128-39-149-158.studby.uia.no) Quit (Quit: Leaving)
[09:43.54] * pjub (~Hub@grm-studby-128-39-149-158.studby.uia.no) has joined channel ##science
[09:55.10] * Allium (~Allium@81-64-138-244.rev.numericable.fr) Quit (Quit: « Lourd est le parpaing de la réalité sur la tartelette aux fraises de nos illusions. »)
[10:00.38] * SohamG_ (~soham@117.248.183.11) has joined channel ##science
[10:01.39] * SohamG (~soham@117.195.4.52) Quit (Ping timeout: 264 seconds)
[10:10.05] * Stantheman (~Emperor@host-87-242-253-224.ppp.onetel.net.uk) has joined channel ##science
[10:19.31] * nomic (~nomic@host81-157-161-129.range81-157.btcentralplus.com) has joined channel ##science
[10:20.59] <+CarlSagan> [BBC Science & Environment] X-ray machine opens new frontier ＋＋https://j.mp/1zim4Fc，， 2015-02-16T15:14:04
[10:25.03] * Stantheman (~Emperor@host-87-242-253-224.ppp.onetel.net.uk) Quit (Ping timeout: 240 seconds)
[10:34.10] <+CarlSagan> [USGS] M 4.6, 156km SSE of Taron, Papua New Guinea ＋＋https://j.mp/1zinY8S，， 2015-02-16T15:32:19
[10:41.29] * Stantheman (~Emperor@87.242.253.224) has joined channel ##science
[10:46.41] * hmstrmn (~hmstrmn@grm-studby-128-39-149-158.studby.uia.no) Quit (Remote host closed the connection)
[10:55.30] * greenbagels (~gb@cpe-24-93-214-22.neo.res.rr.com) has joined channel ##science
[10:59.15] <+CarlSagan> [USGS] M 4.5, 152km WNW of Tobelo, Indonesia ＋＋https://j.mp/1DhjmWT，， 2015-02-16T15:56:31
[11:00.56] * suvidu (~suvidu@217.113.182.90) Quit (Quit: Leaving)
[11:01.42] * ZohlaUng (2e72051d@gateway/web/freenode/ip.46.114.5.29) has joined channel ##science
[11:01.56] <ZohlaUng> lets say reality is simulated
[11:02.15] <ZohlaUng> what (possible) implication would that have on my life
[11:02.22] <ZohlaUng> *implications
[11:06.09] <+CarlSagan> [BBC Science & Environment] Mystery Mars plume baffles scientists ＋＋https://j.mp/1DhlaPL，， 2015-02-16T16:00:29
[11:08.32] <yano> if life is simulated, then how would we know anything is real?
[11:08.51] <yano> we only know what is real of what we can actually observe
[11:13.01] <ZohlaUng> define real
[11:15.32] <wukong> I think if you talk about reality, you have to specify who's reality you're talking about
[11:15.34] <yano> .define real
[11:15.35] <+jenni> real — noun: 1. A commodity; see reality, 2. (grammar) One of the three genders that the common gender can be separated into in the Scandinavian languages — adjective: 1. True, genuine, not merely nominal or apparent, 2. Genuine, not artificial, counterfeit, or fake — adverb: 1. (US, coll[...]
[11:15.43] <yano> .define reality
[11:15.44] <+jenni> reality — noun: 1. The state of being actual or real, 2. A real entity, event or other fact, 3. The entirety of all that is real, 4. An individual observer's own subjective perception of that which is real, 5. (obsolete) Loyalty; devotion
[11:15.51] <yano> yea, like wukong said
[11:15.54] <yano> reality is relative
[11:16.06] <yano> you are only as real as i can convince myself you are 'real'
[11:22.07] * azv4 (~azv4@dynamic-acs-24-112-238-60.zoominternet.net) has joined channel ##science
[11:24.33] <+CarlSagan> [RSOE EDIS - EBHWM] BH : Typhoid fever / Asia / India [0:65] ＋＋https://j.mp/1DhpWN4，， 2015-02-16T17:18:44
[11:25.18] * jenni (jenni@jenni/cell-8675309) Quit (Remote host closed the connection)
[11:26.37] * jenni (jenni@jenni/cell-8675309) has joined channel ##science
[11:26.38] * ChanServ sets mode +v jenni for ##science
[11:33.30] * SuchWow (~SuchWow@unaffiliated/suchwow) Quit (Quit: This too, as most things are, is temporary)
[11:35.37] * minsky (minsky@gateway/shell/panicbnc/x-maxxlszzyuuqwakm) Quit (Remote host closed the connection)
[11:36.12] * SohamG_ (~soham@117.248.183.11) Quit (Remote host closed the connection)
[11:37.21] * Pritchard__ (~Pritchard@71-46-80-15.res.bhn.net) has joined channel ##science
[11:37.30] <Pritchard__> Tf man I'm learning so much about water today.
[11:37.31] <Pritchard__> Yo.
[11:42.39] * CustosL1men (~CustosLim@unaffiliated/cust0slim3n) Quit (Ping timeout: 264 seconds)
[11:44.06] * map (~maphry@host81-152-55-172.range81-152.btcentralplus.com) has joined channel ##science
[11:44.30] * map is now known as Guest20255
[11:48.42] * ZohlaUng (2e72051d@gateway/web/freenode/ip.46.114.5.29) Quit (Ping timeout: 246 seconds)
[11:49.03] <Psychedelia> the simulation argument is a necessary stop on the quest for wisdom
[11:49.06] * SuchWow (~SuchWow@unaffiliated/suchwow) has joined channel ##science
[12:00.41] * Xenolith (~Xenolith@unaffiliated/xenolith) has joined channel ##science
[12:02.06] * strixd (~strixd@31.221.105.202) Quit (Quit: 500)
[12:06.29] <Pritchard__> I filled a glass bottle with water.  I used it to beat the hell out of a can of soda.
[12:06.38] <Pritchard__> So I'm like, okay, incompressibility of liquids is pretty sweet.
[12:06.53] <Pritchard__> But then I threw it outside on the concrete (not hard, just tossed it) and it shattered.
[12:06.54] <Pritchard__> Wtf.
[12:06.55] <Pritchard__> Why
[12:07.21] <Pritchard__> Okay.  I did have a small air bubble.  As small as I could leave it.  Could that have been the problem?
[12:08.30] * bb010g (uid21050@gateway/web/irccloud.com/x-mwudfkxoqprsnhmv) Quit (Quit: Connection closed for inactivity)
[12:25.52] * matt|home (~matt@adsl-65-9-107-179.mia.bellsouth.net) Quit (*.net *.split)
[12:25.52] * chewyDelicious (~nooblet@101.98.199.224) Quit (*.net *.split)
[12:25.52] * Verttone (~Verttone@188.235.1.7) Quit (*.net *.split)
[12:25.52] * tumdedum (~tumdedum@unaffiliated/espiral) Quit (*.net *.split)
[12:25.52] * Seacow (~Seacow@unaffiliated/seacow) Quit (*.net *.split)
[12:25.53] * Pritchard__ (~Pritchard@71-46-80-15.res.bhn.net) Quit (*.net *.split)
[12:25.53] * nomic (~nomic@host81-157-161-129.range81-157.btcentralplus.com) Quit (*.net *.split)
[12:25.53] * darsie (~darsie@80-110-70-110.cgn.dynamic.surfer.at) Quit (*.net *.split)
[12:25.53] * Kinky_Kitty (~Art@71-83-42-251.dhcp.dlth.mn.charter.com) Quit (*.net *.split)
[12:25.53] * jackal^ (jackal@jackal6.efnet.at) Quit (*.net *.split)
[12:25.53] * ke5pcv (ke5pcv@2604:180:1::f54e:1bfb) Quit (*.net *.split)
[12:25.53] * CHVNX (~CHVNX@unaffiliated/chvnx) Quit (*.net *.split)
[12:25.54] * g2` (g2@gateway/shell/yourbnc/x-ydologwrehadejxf) Quit (*.net *.split)
[12:25.54] * benhunter09 (Ben@i.ate.your.coooki.es) Quit (*.net *.split)
[12:25.54] * stoned (~stoned@stoned.io) Quit (*.net *.split)
[12:25.54] * fractal (~fractal@unaffiliated/scounder) Quit (*.net *.split)
[12:25.54] * Xenofon (Xenofon@unaffiliated/xenofon) Quit (*.net *.split)
[12:25.54] * Nothing- (~algorithm@108-194-162-222.lightspeed.renonv.sbcglobal.net) Quit (*.net *.split)
[12:25.55] * Azelote (Azelote@gateway/shell/elitebnc/x-ubzwadsmagmycxzu) Quit (*.net *.split)
[12:25.55] * HighVoltag (sid28452@gateway/web/irccloud.com/x-kyqezhmbmigvivfe) Quit (*.net *.split)
[12:25.56] * TTimoNN (~TTimoNN@tt.cloud.tilaa.com) Quit (*.net *.split)
[12:25.56] * Psychedelia (antageni5@cpc6-papw6-2-0-cust42.5-3.ia.i-p.org.uk) Quit (*.net *.split)
[12:25.56] * Viper168 (~Viper@unaffiliated/viper168) Quit (*.net *.split)
[12:25.56] * cbx_cubic (~kawocube@ip-94-112-98-82.net.upcbroadband.cz) Quit (*.net *.split)
[12:25.56] * aluriak (~lucas@ANantes-657-1-182-177.w2-1.abo.wanadoo.fr) Quit (*.net *.split)
[12:25.56] * RedOrangeZ (~RedOrange@c-68-82-214-0.hsd1.pa.comcast.net) Quit (*.net *.split)
[12:25.56] * Sauvin (~Sauvin@about/linux/staff/sauvin) Quit (*.net *.split)
[12:25.56] * TwilightDesktop_ (~toagac@trivialand/staff/toagac) Quit (*.net *.split)
[12:25.56] * every1ish4ting (~every1ish@229.80-202-20.nextgentel.com) Quit (*.net *.split)
[12:25.57] * apathor (~apathor@c-50-138-132-212.hsd1.ma.comcast.net) Quit (*.net *.split)
[12:25.57] * klap (~sold_not_@ks360056.kimsufi.com) Quit (*.net *.split)
[12:25.57] * sujeet (sujeet@unaffiliated/freeboson) Quit (*.net *.split)
[12:25.57] * CaveJohnson (Matrixiumn@unaffiliated/matrixiumn) Quit (*.net *.split)
[12:25.58] * Haxxa (~Harrison@CPE-120-149-49-246.oirx3.win.bigpond.net.au) Quit (*.net *.split)
[12:25.58] * Raccoon (wayward@unaffiliated/raccoon) Quit (*.net *.split)
[12:25.58] * kossy (a@unaffiliated/kossy) Quit (*.net *.split)
[12:25.58] * seba- (~hirohito@cpe-90-157-233-7.static.amis.net) Quit (*.net *.split)
[12:25.58] * batzy- (~batzy@haxchat.org) Quit (*.net *.split)
[12:25.58] * niska (~niska@105.ip-167-114-152.net) Quit (*.net *.split)
[12:25.58] * yarker (~bismilah@li629-190.members.linode.com) Quit (*.net *.split)
[12:25.58] * hydraglyph (hydraglyph@gateway/shell/blinkenshell.org/x-ekfrfytdkdshlhjc) Quit (*.net *.split)
[12:25.59] * gde33 (kvirc@546A0B75.cm-12-3a.dynamic.ziggo.nl) Quit (*.net *.split)
[12:25.59] * komarov (~komarov@178.62.189.37) Quit (*.net *.split)
[12:26.00] * enterprisedc (~enterpris@ip68-109-198-52.oc.oc.cox.net) Quit (*.net *.split)
[12:26.00] * Arbition (~aids4all@unaffiliated/arbition) Quit (*.net *.split)
[12:26.00] * ubuntor (~ubuntor@ubuntor.org) Quit (*.net *.split)
[12:26.01] * ChanServ (ChanServ@services.) Quit (*.net *.split)
[12:26.01] * greenbagels (~gb@cpe-24-93-214-22.neo.res.rr.com) Quit (*.net *.split)
[12:26.01] * kw (~kw@a91-156-137-232.elisa-laajakaista.fi) Quit (*.net *.split)
[12:26.01] * MjrTom (MjrTom@azureus/MjrTom) Quit (*.net *.split)
[12:26.01] * Chib (~Chib@unaffiliated/chib) Quit (*.net *.split)
[12:26.01] * yorick (~yorick@oftn/member/yorick) Quit (*.net *.split)
[12:26.02] * brainsandbodies (~summer@dyelon.com) Quit (*.net *.split)
[12:26.02] * CarlSagan (yano@unaffiliated/yano/bot/rssly) Quit (*.net *.split)
[12:26.02] * epheo (~epheo@15.126.239.248) Quit (*.net *.split)
[12:26.02] * Xenolith (~Xenolith@unaffiliated/xenolith) Quit (*.net *.split)
[12:26.02] * thomas (~thomas@freenode/staff/thomas) Quit (*.net *.split)
[12:26.03] * AntiSpamMeta (~MetaBot@AntiSpamMeta/.) Quit (*.net *.split)
[12:26.03] * jenni (jenni@jenni/cell-8675309) Quit (*.net *.split)
[12:26.04] * TeslasMHD (foobar@ip92340111.dynamic.kabel-deutschland.de) Quit (*.net *.split)
[12:26.05] * KindOne (kindone@colchester-lug/silly-fool/donut) Quit (*.net *.split)
[12:26.05] * yano (yano@freenode/staff-emeritus/yano) Quit (*.net *.split)
[12:26.05] * mr45_ (~mr45@cpc27-hudd10-2-0-cust346.4-1.cable.virginm.net) Quit (*.net *.split)
[12:26.06] * PeperPots____ (sid1218@gateway/web/irccloud.com/x-nayinwhxtgqoqcoq) Quit (*.net *.split)
[12:26.06] * Stantheman (~Emperor@87.242.253.224) Quit (*.net *.split)
[12:26.06] * edualbus (~dualbus@dualbus.me) Quit (*.net *.split)
[12:26.06] * ruzifel (~ruzifel@85.12.8.107) Quit (*.net *.split)
[12:26.07] * matthiaskrgr (matthiaskr@gateway/shell/panicbnc/x-xjqycahtimpvutia) Quit (*.net *.split)
[12:26.07] * Kalov_ (~quassel@181.226.21.246) Quit (*.net *.split)
[12:26.07] * deathonater (~deathonat@cpe-69-203-208-219.nyc.res.rr.com) Quit (*.net *.split)
[12:26.08] * depate (~depate@wprt-4db6e6b2.pool.mediaWays.net) Quit (*.net *.split)
[12:26.08] * Plasmastar (Plasma@unaffiliated/plasmastar) Quit (*.net *.split)
[12:26.09] * spooky (spooky@unaffiliated/socksoff) Quit (*.net *.split)
[12:26.09] * nyuszika7h (nyuszika7h@cadoth.net) Quit (*.net *.split)
[12:26.09] * chiburbs (~chiburbs@24.1.185.247) Quit (*.net *.split)
[12:26.10] * nooblet (~nooblet@penrose.otago.ac.nz) Quit (*.net *.split)
[12:26.10] * orbea (~orbea@unaffiliated/orbea) Quit (*.net *.split)
[12:26.10] * XDS2010_ (sid1218@gateway/web/irccloud.com/x-bejxnhfbjrgbpodb) Quit (*.net *.split)
[12:26.11] * kimspindel (~kim@unaffiliated/kimspindel) Quit (*.net *.split)
[12:26.11] * pjub (~Hub@grm-studby-128-39-149-158.studby.uia.no) Quit (*.net *.split)
[12:26.11] * wukong (~wukong@38.sub-70-196-2.myvzw.com) Quit (*.net *.split)
[12:26.11] * eagle (~eagle@unaffiliated/eagle) Quit (*.net *.split)
[12:26.11] * Slashme_ (~Slashme@15.126.196.200) Quit (*.net *.split)
[12:26.12] * williamtdr (uid27909@gateway/web/irccloud.com/x-qszekuxmbixbcxlb) Quit (*.net *.split)
[12:26.12] * gikiam (~gikiam@isomorphis.me) Quit (*.net *.split)
[12:26.13] * Inode (~inode@unaffiliated/inode) Quit (*.net *.split)
[12:26.13] * welterde (welterde@thinkbase.srv.welterde.de) Quit (*.net *.split)
[12:26.14] * SuchWow (~SuchWow@unaffiliated/suchwow) Quit (*.net *.split)
[12:26.14] * azv4 (~azv4@dynamic-acs-24-112-238-60.zoominternet.net) Quit (*.net *.split)
[12:26.14] * Extreme (extreme7@unaffiliated/extreme7) Quit (*.net *.split)
[12:26.15] * CustosLimen (~CustosLim@unaffiliated/cust0slim3n) Quit (*.net *.split)
[12:26.15] * akroupa (~xoeilsl@ip98-183-227-92.hr.hr.cox.net) Quit (*.net *.split)
[12:26.15] * shiver32 (~shiver@unaffiliated/shiver32) Quit (*.net *.split)
[12:26.15] * Aethysius (~Aeth@unaffiliated/aethysius) Quit (*.net *.split)
[12:26.16] * dukwon (~dukwon@188.166.55.237) Quit (*.net *.split)
[12:26.16] * kloeri (~kloeri@freenode/staff/exherbo.kloeri) Quit (*.net *.split)
[12:26.17] * chabibi (scum@unaffiliated/chabibi) Quit (*.net *.split)
[12:26.17] * Axone (~Axone@ip-72.net-82-216-159.suresnes3.rev.numericable.fr) Quit (*.net *.split)
[12:26.18] * Annabella (~Anna@199.195.253.248) Quit (*.net *.split)
[12:26.18] * l_ch_nm_y_r (lachenmaye@furnace.firrre.com) Quit (*.net *.split)
[12:26.18] * Guest20255 (~maphry@host81-152-55-172.range81-152.btcentralplus.com) Quit (*.net *.split)
[12:26.19] * absynthe_faery (~absynthe_@unaffiliated/absynthe-faery/x-6447756) Quit (*.net *.split)
[12:26.19] * The_DarkKnight (~textual@c-73-183-240-153.hsd1.tx.comcast.net) Quit (*.net *.split)
[12:32.01] * Allium (~Allium@81-64-138-244.rev.numericable.fr) has joined channel ##science
[12:32.01] * VegetarianFalcon (~Vegetaria@103.255.175.85) has joined channel ##science
[12:32.01] * Xenolith (~Xenolith@unaffiliated/xenolith) has joined channel ##science
[12:32.01] * SuchWow (~SuchWow@unaffiliated/suchwow) has joined channel ##science
[12:32.01] * Guest20255 (~maphry@host81-152-55-172.range81-152.btcentralplus.com) has joined channel ##science
[12:32.01] * Pritchard__ (~Pritchard@71-46-80-15.res.bhn.net) has joined channel ##science
[12:32.01] * jenni (jenni@jenni/cell-8675309) has joined channel ##science
[12:32.01] * azv4 (~azv4@dynamic-acs-24-112-238-60.zoominternet.net) has joined channel ##science
[12:32.01] * greenbagels (~gb@cpe-24-93-214-22.neo.res.rr.com) has joined channel ##science
[12:32.01] * Stantheman (~Emperor@87.242.253.224) has joined channel ##science
[12:32.01] * nomic (~nomic@host81-157-161-129.range81-157.btcentralplus.com) has joined channel ##science
[12:32.01] * pjub (~Hub@grm-studby-128-39-149-158.studby.uia.no) has joined channel ##science
[12:32.01] * komarov (~komarov@178.62.189.37) has joined channel ##science
[12:32.01] * darsie (~darsie@80-110-70-110.cgn.dynamic.surfer.at) has joined channel ##science
[12:32.01] * The_DarkKnight (~textual@c-73-183-240-153.hsd1.tx.comcast.net) has joined channel ##science
[12:32.01] * Viper168 (~Viper@unaffiliated/viper168) has joined channel ##science
[12:32.01] * cbx_cubic (~kawocube@ip-94-112-98-82.net.upcbroadband.cz) has joined channel ##science
[12:32.01] * aluriak (~lucas@ANantes-657-1-182-177.w2-1.abo.wanadoo.fr) has joined channel ##science
[12:32.01] * kossy (a@unaffiliated/kossy) has joined channel ##science
[12:32.01] * depate (~depate@wprt-4db6e6b2.pool.mediaWays.net) has joined channel ##science
[12:32.01] * wukong (~wukong@38.sub-70-196-2.myvzw.com) has joined channel ##science
[12:32.01] * matt|home (~matt@adsl-65-9-107-179.mia.bellsouth.net) has joined channel ##science
[12:32.01] * thomas (~thomas@freenode/staff/thomas) has joined channel ##science
[12:32.01] * absynthe_faery (~absynthe_@unaffiliated/absynthe-faery/x-6447756) has joined channel ##science
[12:32.01] * mr45_ (~mr45@cpc27-hudd10-2-0-cust346.4-1.cable.virginm.net) has joined channel ##science
[12:32.01] * edualbus (~dualbus@dualbus.me) has joined channel ##science
[12:32.01] * Extreme (extreme7@unaffiliated/extreme7) has joined channel ##science
[12:32.01] * ruzifel (~ruzifel@85.12.8.107) has joined channel ##science
[12:32.01] * chewyDelicious (~nooblet@101.98.199.224) has joined channel ##science
[12:32.01] * gde33 (kvirc@546A0B75.cm-12-3a.dynamic.ziggo.nl) has joined channel ##science
[12:32.01] * Plasmastar (Plasma@unaffiliated/plasmastar) has joined channel ##science
[12:32.01] * Kinky_Kitty (~Art@71-83-42-251.dhcp.dlth.mn.charter.com) has joined channel ##science
[12:32.01] * kw (~kw@a91-156-137-232.elisa-laajakaista.fi) has joined channel ##science
[12:32.01] * Arbition (~aids4all@unaffiliated/arbition) has joined channel ##science
[12:32.01] * ubuntor (~ubuntor@ubuntor.org) has joined channel ##science
[12:32.01] * MjrTom (MjrTom@azureus/MjrTom) has joined channel ##science
[12:32.01] * eagle (~eagle@unaffiliated/eagle) has joined channel ##science
[12:32.01] * Verttone (~Verttone@188.235.1.7) has joined channel ##science
[12:32.01] * Psychedelia (antageni5@cpc6-papw6-2-0-cust42.5-3.ia.i-p.org.uk) has joined channel ##science
[12:32.01] * jackal^ (jackal@jackal6.efnet.at) has joined channel ##science
[12:32.01] * RedOrangeZ (~RedOrange@c-68-82-214-0.hsd1.pa.comcast.net) has joined channel ##science
[12:32.01] * spooky (spooky@unaffiliated/socksoff) has joined channel ##science
[12:32.01] * ke5pcv (ke5pcv@2604:180:1::f54e:1bfb) has joined channel ##science
[12:32.01] * CHVNX (~CHVNX@unaffiliated/chvnx) has joined channel ##science
[12:32.01] * Chib (~Chib@unaffiliated/chib) has joined channel ##science
[12:32.01] * asimov.freenode.net sets mode +v jenni    for ##science
[12:32.01] * Slashme_ (~Slashme@15.126.196.200) has joined channel ##science
[12:32.01] * tumdedum (~tumdedum@unaffiliated/espiral) has joined channel ##science
[12:32.01] * g2` (g2@gateway/shell/yourbnc/x-ydologwrehadejxf) has joined channel ##science
[12:32.01] * benhunter09 (Ben@i.ate.your.coooki.es) has joined channel ##science
[12:32.01] * stoned (~stoned@stoned.io) has joined channel ##science
[12:32.01] * fractal (~fractal@unaffiliated/scounder) has joined channel ##science
[12:32.01] * nyuszika7h (nyuszika7h@cadoth.net) has joined channel ##science
[12:32.01] * enterprisedc (~enterpris@ip68-109-198-52.oc.oc.cox.net) has joined channel ##science
[12:32.01] * Sauvin (~Sauvin@about/linux/staff/sauvin) has joined channel ##science
[12:32.01] * TwilightDesktop_ (~toagac@trivialand/staff/toagac) has joined channel ##science
[12:32.01] * matthiaskrgr (matthiaskr@gateway/shell/panicbnc/x-xjqycahtimpvutia) has joined channel ##science
[12:32.01] * yorick (~yorick@oftn/member/yorick) has joined channel ##science
[12:32.01] * Kalov_ (~quassel@181.226.21.246) has joined channel ##science
[12:32.01] * every1ish4ting (~every1ish@229.80-202-20.nextgentel.com) has joined channel ##science
[12:32.01] * seba- (~hirohito@cpe-90-157-233-7.static.amis.net) has joined channel ##science
[12:32.01] * chiburbs (~chiburbs@24.1.185.247) has joined channel ##science
[12:32.01] * CustosLimen (~CustosLim@unaffiliated/cust0slim3n) has joined channel ##science
[12:32.01] * Haxxa (~Harrison@CPE-120-149-49-246.oirx3.win.bigpond.net.au) has joined channel ##science
[12:32.01] * batzy- (~batzy@haxchat.org) has joined channel ##science
[12:32.01] * AntiSpamMeta (~MetaBot@AntiSpamMeta/.) has joined channel ##science
[12:32.01] * deathonater (~deathonat@cpe-69-203-208-219.nyc.res.rr.com) has joined channel ##science
[12:32.01] * Seacow (~Seacow@unaffiliated/seacow) has joined channel ##science
[12:32.01] * akroupa (~xoeilsl@ip98-183-227-92.hr.hr.cox.net) has joined channel ##science
[12:32.01] * Xenofon (Xenofon@unaffiliated/xenofon) has joined channel ##science
[12:32.01] * nooblet (~nooblet@penrose.otago.ac.nz) has joined channel ##science
[12:32.01] * TeslasMHD (foobar@ip92340111.dynamic.kabel-deutschland.de) has joined channel ##science
[12:32.01] * williamtdr (uid27909@gateway/web/irccloud.com/x-qszekuxmbixbcxlb) has joined channel ##science
[12:32.01] * niska (~niska@105.ip-167-114-152.net) has joined channel ##science
[12:32.01] * yarker (~bismilah@li629-190.members.linode.com) has joined channel ##science
[12:32.01] * brainsandbodies (~summer@dyelon.com) has joined channel ##science
[12:32.01] * shiver32 (~shiver@unaffiliated/shiver32) has joined channel ##science
[12:32.01] * hydraglyph (hydraglyph@gateway/shell/blinkenshell.org/x-ekfrfytdkdshlhjc) has joined channel ##science
[12:32.01] * apathor (~apathor@c-50-138-132-212.hsd1.ma.comcast.net) has joined channel ##science
[12:32.01] * Aethysius (~Aeth@unaffiliated/aethysius) has joined channel ##science
[12:32.01] * CarlSagan (yano@unaffiliated/yano/bot/rssly) has joined channel ##science
[12:32.01] * Nothing- (~algorithm@108-194-162-222.lightspeed.renonv.sbcglobal.net) has joined channel ##science
[12:32.01] * Azelote (Azelote@gateway/shell/elitebnc/x-ubzwadsmagmycxzu) has joined channel ##science
[12:32.01] * klap (~sold_not_@ks360056.kimsufi.com) has joined channel ##science
[12:32.01] * orbea (~orbea@unaffiliated/orbea) has joined channel ##science
[12:32.01] * PeperPots____ (sid1218@gateway/web/irccloud.com/x-nayinwhxtgqoqcoq) has joined channel ##science
[12:32.01] * epheo (~epheo@15.126.239.248) has joined channel ##science
[12:32.01] * KindOne (kindone@colchester-lug/silly-fool/donut) has joined channel ##science
[12:32.01] * ChanServ (ChanServ@services.) has joined channel ##science
[12:32.01] * HighVoltag (sid28452@gateway/web/irccloud.com/x-kyqezhmbmigvivfe) has joined channel ##science
[12:32.01] * XDS2010_ (sid1218@gateway/web/irccloud.com/x-bejxnhfbjrgbpodb) has joined channel ##science
[12:32.01] * asimov.freenode.net sets mode +vo CarlSagan ChanServ   for ##science
[12:32.01] * TTimoNN (~TTimoNN@tt.cloud.tilaa.com) has joined channel ##science
[12:32.01] * kimspindel (~kim@unaffiliated/kimspindel) has joined channel ##science
[12:32.01] * sujeet (sujeet@unaffiliated/freeboson) has joined channel ##science
[12:32.01] * gikiam (~gikiam@isomorphis.me) has joined channel ##science
[12:32.01] * Axone (~Axone@ip-72.net-82-216-159.suresnes3.rev.numericable.fr) has joined channel ##science
[12:32.01] * CaveJohnson (Matrixiumn@unaffiliated/matrixiumn) has joined channel ##science
[12:32.01] * yano (yano@freenode/staff-emeritus/yano) has joined channel ##science
[12:32.01] * Annabella (~Anna@199.195.253.248) has joined channel ##science
[12:32.01] * dukwon (~dukwon@188.166.55.237) has joined channel ##science
[12:32.01] * kloeri (~kloeri@freenode/staff/exherbo.kloeri) has joined channel ##science
[12:32.01] * Inode (~inode@unaffiliated/inode) has joined channel ##science
[12:32.01] * l_ch_nm_y_r (lachenmaye@furnace.firrre.com) has joined channel ##science
[12:32.01] * Raccoon (wayward@unaffiliated/raccoon) has joined channel ##science
[12:32.01] * chabibi (scum@unaffiliated/chabibi) has joined channel ##science
[12:32.01] * welterde (welterde@thinkbase.srv.welterde.de) has joined channel ##science
[12:37.08] * jzk (~eccehomo@ec2-54-176-48-31.us-west-1.compute.amazonaws.com) Quit (Ping timeout: 255 seconds)
[12:46.33] * Macuser (~textual@unaffiliated/macuser) has joined channel ##science
[12:46.52] * Macuser (~textual@unaffiliated/macuser) Quit (Client Quit)
[12:47.58] * Macuser (~textual@unaffiliated/macuser) has joined channel ##science
[12:53.33] * Kinky_Kitty (~Art@71-83-42-251.dhcp.dlth.mn.charter.com) Quit (Quit: Leaving)
[12:58.01] * Pritchard_ (~Pritchard@71-46-80-15.res.bhn.net) has joined channel ##science
[12:59.45] <+CarlSagan> [USGS] M 4.5, 219km WNW of Farallon de Pajaros, Northern Mariana Islands ＋＋https://j.mp/17HNayZ，， 2015-02-16T17:58:45
[01:02.05] * Pritchard__ (~Pritchard@71-46-80-15.res.bhn.net) Quit (Ping timeout: 265 seconds)
[01:09.02] * jack_rabbit (~jack_rabb@c-50-148-112-117.hsd1.il.comcast.net) has joined channel ##science
[01:12.53] <+CarlSagan> [Science Daily - Top Science] Sex Has Another Benefit: It Makes Humans Less Prone to Disease Over Time ＋＋https://j.mp/17HQOJ5，， 2015-02-16T12:54:29
[01:20.09] * jack_rabbit (~jack_rabb@c-50-148-112-117.hsd1.il.comcast.net) Quit (Ping timeout: 250 seconds)
[01:20.51] * every1ish4ting (~every1ish@229.80-202-20.nextgentel.com) Quit (Ping timeout: 244 seconds)
[01:25.17] * nomic (~nomic@host81-157-161-129.range81-157.btcentralplus.com) Quit (Quit: Leaving)
[01:26.28] <+CarlSagan> [NYT Science] Q&A: Crossed Legs, Heightened Worries? ＋＋https://j.mp/17HV4Z5，， 2015-02-16T18:13:40
[01:29.54] <+CarlSagan> [USGS] M 4.7, 10km NNE of Port-Olry, Vanuatu ＋＋https://j.mp/17HW4wt，， 2015-02-16T18:27:11
[01:38.11] * bb010g (uid21050@gateway/web/irccloud.com/x-zlipndstikeiyvev) has joined channel ##science
[01:42.24] * nomic (~nomic@host81-157-161-129.range81-157.btcentralplus.com) has joined channel ##science
[01:42.57] <+CarlSagan> [Science Daily - Top Science] New ozone-destroying gases on the rise; not controlled by treaty ＋＋https://j.mp/1EhsWGi，， 2015-02-16T13:02:41
[01:42.57] <+CarlSagan> [Science Daily - Top Science] Mothers Can Pass Traits to Offspring Through Bacteria's DNA ＋＋https://j.mp/1EhsWGj，， 2015-02-16T12:54:25
[01:48.27] *** Server disconnected on irc.freenode.net
