Session Start: Sat Feb 14 02:14:42 2015
Session Ident: ##science
[02:14.42] * You have joined ##science
[02:14.42] Topic: Welcome to the science channel! | Rules: ＋＋https://is.gd/dD2F3B，， | Topics that are welcome: astronomy/biology/botany/chemistry/computers/ecology/engineering/geology/logic/mathematics/oceanography/physics/zoology plus some social sciences | Please visit our sister channels, ##weather & ##news
[02:14.43] Channel Topic Set by: yano on 1:37 AM 11/1/2014
[02:14.43] --ChanServ-- [##science] Don't ask to ask, just ask your question. | Channel rules: ＋＋https://j.mp/72ZKFnZ，，
[02:14.43] Channel URL is ＋＋https://j.mp/72ZKFnZ，，
[02:14.43] Channel modes for ##science are :+CFntf ##science-ops
[02:14.43] Channel Created on: 6:53 PM 1/29/2010
[02:14.53] * AntiSpamMeta (~MetaBot@AntiSpamMeta/.) Quit (Remote host closed the connection)
[02:14.56] <Rainb> Is economy a science?
[02:15.16] * SuchWow (~SuchWow@unaffiliated/suchwow) has joined channel ##science
[02:17.06] * MjrTom (MjrTom@azureus/MjrTom) Quit (Disconnected by services)
[02:17.06] * MjrTom`-` (MjrTom@azureus/MjrTom) has joined channel ##science
[02:17.19] * MjrTom`-` is now known as MjrTom
[02:21.09] * batzy- (~batzy@haxchat.org) has joined channel ##science
[02:28.07] * tehsma (~tehsma@cpe-174-098-093-096.triad.res.rr.com) Quit (*.net *.split)
[02:28.08] * batzy (~batzy@unaffiliated/batzy) Quit (*.net *.split)
[02:29.30] * nientara (ciscokid@bas1-montreal07-1176433861.dsl.bell.ca) has joined channel ##science
[02:29.37] <nientara> cough scam cough
[02:29.43] * nientara (ciscokid@bas1-montreal07-1176433861.dsl.bell.ca) has left ##science ()
[02:30.06] <Xenolith> eh?
[02:30.59] * tehsma (~tehsma@cpe-174-098-093-096.triad.res.rr.com) has joined channel ##science
[02:35.13] <Chib> aha wtf
[02:38.21] * threefourme (~threefour@71.177.68.161) Quit (Quit: (null))
[02:39.42] * tehsma (~tehsma@cpe-174-098-093-096.triad.res.rr.com) Quit (Quit: tehsma)
[02:49.23] * nomic (~nomic@host81-157-161-129.range81-157.btcentralplus.com) Quit (Quit: Leaving)
[02:51.25] * RusAlex (~Chel@46.228.97.147) Quit (Quit: WeeChat 1.0.1)
[02:51.42] * greenbagels (~gb@cpe-24-93-214-22.neo.res.rr.com) Quit (Read error: Connection reset by peer)
[02:53.12] * curiousguy13 (~curiousgu@120.59.226.204) Quit (Ping timeout: 246 seconds)
[02:53.27] <+CarlSagan> [BBC Science & Environment] Synthetic vaccine sought for polio ＋＋https://j.mp/1yAlNfB，， 2015-02-14T07:42:27
[03:03.26] <Chib> ＋＋https://www.youtube.com/watch?v=GSVv40M2aks，，
[03:03.29] <+jenni> [ NASA | SDO: Year 5 - YouTube ] - ＋＋https://j.mp/1zTzEm3，，
[03:03.33] <Chib> Very pretty.
[03:06.20] * curiousguy13 (~curiousgu@120.57.235.52) has joined channel ##science
[03:23.29] <+CarlSagan> [BBC Science & Environment] VIDEO: UK leaders unite on climate change ＋＋https://j.mp/1yArvOy，， 2015-02-14T08:02:43
[03:24.10] <Rainb> is there a term for "psychologists" that simply do studies without jumping to conclusions
[03:25.52] <Xenolith> most serious psychological studies don't jump to conclusions
[03:26.05] <Xenolith> it adheres to the scientific method the best it can within its construct
[03:26.30] <Rainb> I've been lied by the media and the law
[03:26.40] <Xenolith> yeah, that happens
[03:36.19] *** Server disconnected on verne.freenode.net
[06:53.34] * You have joined ##science
[06:53.34] Topic: Welcome to the science channel! | Rules: ＋＋https://is.gd/dD2F3B，， | Topics that are welcome: astronomy/biology/botany/chemistry/computers/ecology/engineering/geology/logic/mathematics/oceanography/physics/zoology plus some social sciences | Please visit our sister channels, ##weather & ##news
[06:53.34] Channel Topic Set by: yano on 1:37 AM 11/1/2014
[06:53.34] Channel URL is ＋＋https://j.mp/72ZKFnZ，，
[06:53.34] Channel modes for ##science are :+CFntf ##science-ops
[06:53.34] Channel Created on: 6:53 PM 1/29/2010
[06:59.51] <Nothing-> crocket, the question about breasts earlier and that one... makes me curious about your intent and whether it is within the theme of  this channel
[07:00.01] <Nothing-> Just a thought
[07:00.30] <crocket> Nothing-, I was throwing questions in my mind and expecting people to reply scientifically.
[07:00.41] <Nothing-> I see.
[07:01.17] * Haxxa (~Harrison@CPE-120-149-49-246.oirx3.win.bigpond.net.au) has joined channel ##science
[07:01.31] <Nothing-> there are biology and psychology channels, might get more help there with that sort of question
[07:02.40] * RedOrangeZ (~RedOrange@c-68-82-214-0.hsd1.pa.comcast.net) has joined channel ##science
[07:08.19] * penguin42 (~dg@cpc18-salf5-2-0-cust145.10-2.cable.virginm.net) has joined channel ##science
[07:08.48] * k000 (~k000@177.106.115.50) has joined channel ##science
[07:11.34] <crocket> ok
[07:16.22] * absynthe_faery (~absynthe_@unaffiliated/absynthe-faery/x-6447756) has joined channel ##science
[07:21.16] <+CarlSagan> [USGS] M 4.9, 263km NE of Port Mathurin, Mauritius ＋＋https://j.mp/1EqMKqB，， 2015-02-14T12:20:14
[07:24.58] * hmstrmn (~hmstrmn@grm-studby-128-39-149-158.studby.uia.no) has joined channel ##science
[07:26.06] <+CarlSagan> [NPR Science] Thanks To Technology, Toucan Gets A Second Beak On Life ＋＋https://j.mp/1EqNR9J，， 2015-02-14T07:12:08
[07:28.38] * tehsma (~tehsma@cpe-174-098-093-096.triad.res.rr.com) has joined channel ##science
[07:32.44] * grobend (~DolphinNS@150.201.180.209) has joined channel ##science
[07:32.44] * grobend (~DolphinNS@150.201.180.209) Quit (Changing host)
[07:32.44] * grobend (~DolphinNS@unaffiliated/grobend) has joined channel ##science
[07:33.42] * CustosL1men (~CustosLim@unaffiliated/cust0slim3n) has joined channel ##science
[07:37.12] * grobend (~DolphinNS@unaffiliated/grobend) Quit (Ping timeout: 265 seconds)
[07:41.17] <+CarlSagan> [USGS] M 4.6, 38km NE of Noatak, Alaska ＋＋https://j.mp/1EqRlcf，， 2015-02-14T12:39:50
[07:46.09] * CustosLimen (~CustosLim@unaffiliated/cust0slim3n) Quit (Ping timeout: 246 seconds)
[07:46.12] * crocket (~crocket@unaffiliated/crocket) has left ##science (("Leaving"))
[07:46.19] <+CarlSagan> [USGS] M 4.7, 38km NE of Noatak, Alaska ＋＋https://j.mp/1EqSu3t，， 2015-02-14T12:45:12
[07:49.09] * CustosLimen (~CustosLim@unaffiliated/cust0slim3n) has joined channel ##science
[07:50.10] * AkashicLegend (~AkashicLe@unaffiliated/akashiclegend) Quit (Quit: AkashicLegend)
[08:10.21] * nebbia (~giuseppe@net-37-117-26-49.cust.vodafonedsl.it) Quit (Quit: Leaving)
[08:13.38] * indieross (~indieross@ip70-162-239-176.ph.ph.cox.net) Quit (Quit: Leaving)
[08:19.19] * Rainb (~IceChat9@190.9.201.215) Quit (Ping timeout: 244 seconds)
[08:19.19] *** Server disconnected on irc.freenode.net
