Session Start: Sun Feb 22 12:04:52 2015
Session Ident: ##science
[12:04.52] * rumpel (~rumpel@61.172.49.44) Quit (Ping timeout: 250 seconds)
[12:05.43] <+CarlSagan> [RSOE EDIS - Disaster Information] Vehicle Accident - Asia - China ＋＋https://j.mp/1zwxIwn，， 2015-02-22T05:01:16
[12:06.43] * hmstrmn (~hmstrmn@grm-studby-128-39-149-158.studby.uia.no) Quit (Quit: Leaving)
[12:08.17] * matt|home (~matt@adsl-65-9-107-179.mia.bellsouth.net) Quit (Read error: Connection reset by peer)
[12:08.52] * hmstrmn (~hmstrmn@grm-studby-128-39-149-158.studby.uia.no) has joined channel ##science
[12:09.23] * hmstrmn (~hmstrmn@grm-studby-128-39-149-158.studby.uia.no) Quit (Client Quit)
[12:09.41] * hmstrmn (~hmstrmn@grm-studby-128-39-149-158.studby.uia.no) has joined channel ##science
[12:09.57] <+CarlSagan> [RSOE EDIS - EBHWM] BH : Rocky Mountain Spotted Fever (RMSF) / North-America / USA [2:0] ＋＋https://j.mp/1zwy0TP，， 2015-02-22T05:59:45
[12:09.57] <+CarlSagan> [RSOE EDIS - EBHWM] BH : Meningococcal disease / North-America / USA [0:120] ＋＋https://j.mp/1zwy3z6，， 2015-02-22T05:56:44
[12:13.18] * every1ish4ting (~every1ish@229.80-202-20.nextgentel.com) Quit (Read error: Connection reset by peer)
[12:13.29] * monoprotic (~monoproti@unaffiliated/monoprotic) Quit (Ping timeout: 255 seconds)
[12:17.22] * monoprotic (~monoproti@unaffiliated/monoprotic) has joined channel ##science
[12:20.13] * andrew____ (~andrew@pool-108-54-158-47.nycmny.fios.verizon.net) has joined channel ##science
[12:20.13] * andrew____ (~andrew@pool-108-54-158-47.nycmny.fios.verizon.net) Quit (Client Quit)
[12:20.25] * Alucard__ (~chatzilla@108-64-84-185.lightspeed.tukrga.sbcglobal.net) Quit (Ping timeout: 245 seconds)
[12:20.45] * darwin (d@206.63.237.146) has joined channel ##science
[12:20.48] * thomas (~thomas@freenode/staff/thomas) Quit (Changing host)
[12:20.48] * thomas (~thomas@freenode/staff/coward/thomas) has joined channel ##science
[12:21.30] * every1ish4ting (~every1ish@229.80-202-20.nextgentel.com) has joined channel ##science
[12:22.34] * rumpel (~rumpel@61.172.49.44) has joined channel ##science
[12:23.44] * nomic (~nomic@host86-139-150-238.range86-139.btcentralplus.com) Quit (Remote host closed the connection)
[12:24.58] * astroo- (~astroo-@triton992.startdedicated.de) Quit (Quit: ＋＋http://www.kiwiirc.com/，， - A hand-crafted IRC client)
[12:29.54] * astroo- (~astroo-@triton992.startdedicated.de) has joined channel ##science
[12:32.59] * superposition (~chiro@unaffiliated/chirality) Quit (Remote host closed the connection)
[12:38.58] * greenbagels (~gb@cpe-24-93-214-22.neo.res.rr.com) Quit (Read error: Connection reset by peer)
[12:39.09] <astroo-> bye people
[12:39.19] <darsie> bye astroo-
[12:39.26] <astroo-> bye
[12:42.38] * every1ish4ting (~every1ish@229.80-202-20.nextgentel.com) Quit (Read error: Connection reset by peer)
[12:47.35] * every1ish4ting (~every1ish@229.80-202-20.nextgentel.com) has joined channel ##science
[12:56.56] * curiousguy13 (~curiousgu@120.59.229.150) Quit (Ping timeout: 265 seconds)
[12:57.24] * Haswell (~Haswell@unaffiliated/haswell) Quit (Quit: Saliendo)
[01:05.21] * bbbb (~bbbb@cpc15-newc13-2-0-cust741.16-2.cable.virginm.net) has joined channel ##science
[01:08.34] * bbbb2 (~bbbb@cpc15-newc13-2-0-cust741.16-2.cable.virginm.net) Quit (Ping timeout: 276 seconds)
[01:09.03] * curiousguy13 (~curiousgu@59.177.192.223) has joined channel ##science
[01:10.13] * Cs1177 (~Cs1177@104.240.37.1) Quit (Remote host closed the connection)
[01:18.41] * astroo- (~astroo-@triton992.startdedicated.de) Quit (Quit: ＋＋http://www.kiwiirc.com/，， - A hand-crafted IRC client)
[01:22.38] <+CarlSagan> [USGS] M 4.8, 85km WNW of Iquique, Chile ＋＋https://j.mp/1zwDcqP，， 2015-02-22T06:18:28
[01:23.46] * every1ish4ting (~every1ish@229.80-202-20.nextgentel.com) Quit (Read error: Connection reset by peer)
[01:24.39] * every1ish4ting (~every1ish@229.80-202-20.nextgentel.com) has joined channel ##science
[01:32.41] <+CarlSagan> [USGS] M 5.5, 92km NNW of Dobo, Indonesia ＋＋https://j.mp/1MKn2mS，， 2015-02-22T06:29:29
[01:35.48] * bbbb2 (~bbbb@cpc15-newc13-2-0-cust741.16-2.cable.virginm.net) has joined channel ##science
[01:35.55] * bbbb (~bbbb@cpc15-newc13-2-0-cust741.16-2.cable.virginm.net) Quit (Ping timeout: 276 seconds)
[01:39.33] * wukong (~wukong@119.sub-70-196-5.myvzw.com) Quit (Ping timeout: 265 seconds)
[01:41.55] * Viper168 (~Viper@unaffiliated/viper168) has joined channel ##science
[01:43.50] * bbbb (~bbbb@cpc15-newc13-2-0-cust741.16-2.cable.virginm.net) has joined channel ##science
[01:45.41] * bbbb2 (~bbbb@cpc15-newc13-2-0-cust741.16-2.cable.virginm.net) Quit (Ping timeout: 276 seconds)
[05:47.38] *** Server disconnected on irc.freenode.net
