Session Start: Fri Feb 27 05:16:28 2015
Session Ident: ##science
[05:16.28] * You have joined ##science
[05:16.28] Topic: Welcome to the science channel! | Rules: ＋＋https://is.gd/dD2F3B，， | Topics that are welcome: astronomy/biology/botany/chemistry/computers/ecology/engineering/geology/logic/mathematics/oceanography/physics/zoology plus some social sciences | Please visit our sister channels, ##weather & ##news
[05:16.28] Channel Topic Set by: yano on 1:37 AM 11/1/2014
[05:16.28] Channel URL is ＋＋https://j.mp/72ZKFnZ，，
[05:16.29] Channel modes for ##science are :+CFntf ##science-ops
[05:16.29] Channel Created on: 6:53 PM 1/29/2010
[05:18.05] * akroup (~xoeilsl@ip98-183-227-92.hr.hr.cox.net) has joined channel ##science
[05:21.18] * akroupa (~xoeilsl@ip98-183-227-92.hr.hr.cox.net) Quit (Ping timeout: 252 seconds)
[05:24.47] * zadock (~zadock@muscalu.tuiasi.ro) has joined channel ##science
[05:31.43] * The_DarkKnight (~textual@c-73-183-240-153.hsd1.tx.comcast.net) Quit (Ping timeout: 272 seconds)
[05:35.07] * DSPS (~DSPS@host-78-144-168-116.as13285.net) has joined channel ##science
[05:35.08] * AntiSpamMeta (~MetaBot@AntiSpamMeta/.) Quit (Read error: Connection reset by peer)
[05:35.21] * AntiSpamMeta (~MetaBot@AntiSpamMeta/.) has joined channel ##science
[05:35.57] * bbbb (~bbbb@cpc15-newc13-2-0-cust741.16-2.cable.virginm.net) has joined channel ##science
[05:43.17] * bbbb (~bbbb@cpc15-newc13-2-0-cust741.16-2.cable.virginm.net) Quit (Ping timeout: 276 seconds)
[05:48.30] * DSPS (~DSPS@host-78-144-168-116.as13285.net) Quit (Remote host closed the connection)
[05:48.47] * DSPS (~DSPS@host-78-144-168-116.as13285.net) has joined channel ##science
[05:49.42] * bbbb (~bbbb@cpc15-newc13-2-0-cust741.16-2.cable.virginm.net) has joined channel ##science
[05:52.34] * DSPS (~DSPS@host-78-144-168-116.as13285.net) Quit (Remote host closed the connection)
[05:54.18] * norkle (~norkle@unaffiliated/norkle) has joined channel ##science
[05:55.46] * DSPS (~DSPS@host-78-144-168-116.as13285.net) has joined channel ##science
[05:57.44] * DSPS (~DSPS@host-78-144-168-116.as13285.net) Quit (Remote host closed the connection)
[06:01.46] * Wasped (~Wasp70@pool-72-78-246-41.phlapa.fios.verizon.net) has joined channel ##science
[06:09.05] * delphinas (~delphinas@5.151.2.84) has joined channel ##science
[06:13.12] * delphinas (~delphinas@5.151.2.84) Quit (Ping timeout: 245 seconds)
[06:16.31] * cbx_cubic (~kawocube@ip-94-112-98-82.net.upcbroadband.cz) has joined channel ##science
[06:19.52] * delphinas (~delphinas@5.151.2.84) has joined channel ##science
[06:31.08] * rumpel (~rumpel@61.172.49.44) Quit (Quit: Servus)
[06:41.04] * delphinas (~delphinas@5.151.2.84) Quit (Quit: Be back later ...)
[06:43.58] * ghostbox (~ghostbox@82.117.214.170) has joined channel ##science
[06:43.58] * ghostbox (~ghostbox@82.117.214.170) Quit (Changing host)
[06:43.58] * ghostbox (~ghostbox@unaffiliated/votum) has joined channel ##science
[06:46.44] * Wasped (~Wasp70@pool-72-78-246-41.phlapa.fios.verizon.net) Quit (Ping timeout: 264 seconds)
[06:56.56] <+CarlSagan> [USGS] M 5.3, 82km SSW of Panguna, Papua New Guinea ＋＋https://j.mp/1DgXHcr，， 2015-02-27T11:54:42
[06:57.29] * HansE_ (~HansE@3badr-gr7-m6.testlab.aitel.hist.no) has joined channel ##science
[07:02.38] * RedOrangeZ (~RedOrange@c-68-82-214-0.hsd1.pa.comcast.net) has joined channel ##science
[07:05.17] * wukong (~wukong@228.sub-70-196-8.myvzw.com) Quit (Ping timeout: 245 seconds)
[07:07.12] * wukong (~wukong@228.sub-70-196-8.myvzw.com) has joined channel ##science
[07:31.31] * _TK_ (~TK@82.131.16.182.cable.starman.ee) has joined channel ##science
[07:38.25] <+CarlSagan> [NYT Science] On Nantucket, Surf’s Up, if You’re Part Penguin ＋＋https://j.mp/1BGonbA，， 2015-02-27T10:01:13
[08:15.00] *** Server disconnected on irc.freenode.net
