Session Start: Mon Mar 02 12:05:39 2015
Session Ident: ##science
[12:05.39] * Viper168 (~Viper@unaffiliated/viper168) has joined channel ##science
[12:05.59] * Cs1177 (~Cs1177@104.240.37.1) Quit (Remote host closed the connection)
[12:12.24] * wukong (~wukong@cpe-75-80-113-111.san.res.rr.com) Quit (Ping timeout: 255 seconds)
[12:20.58] * Freshrr (42bc472a@gateway/web/freenode/ip.66.188.71.42) has left ##science ()
[12:24.22] * Litt (~M@202-89-151-114.ue.woosh.co.nz) Quit (Read error: Connection timed out)
[12:24.56] * Litt (~M@202-89-151-114.ue.woosh.co.nz) has joined channel ##science
[12:28.51] <+CarlSagan> [NYT Science] Most Doctors Give In to Requests by Parents to Alter Vaccine Schedules ＋＋https://j.mp/1wCqN9t，， 2015-03-02T05:01:28
[12:29.42] * FreeNslaved (~chatzilla@unaffiliated/freenslaved) Quit (Quit: ChatZilla 0.9.91.1 [Firefox 35.0.1/20150122214805])
[12:29.55] * Mmango (~user@108-217-142-114.lightspeed.milwwi.sbcglobal.net) has joined channel ##science
[12:30.00] <TeslasMHD> Good morning.
[12:31.53] <Chib> Good morning.
[12:35.01] * acetylcholine (~chatzilla@ip72-192-218-242.dc.dc.cox.net) Quit (Ping timeout: 250 seconds)
[12:37.04] * jack_rabbit (~jack_rabb@c-50-148-112-117.hsd1.il.comcast.net) has joined channel ##science
[12:48.03] * Haxxa (~Harrison@CPE-120-149-49-246.oirx3.win.bigpond.net.au) Quit (Quit: ZNC - ＋＋http://znc.in，，)
[12:55.10] * chaintheory (~kaita9999@123.21.98.232) Quit (Ping timeout: 264 seconds)
[12:57.42] * Haxxa (~Harrison@CPE-120-149-49-246.oirx3.win.bigpond.net.au) has joined channel ##science
[01:00.48] * rumpel (~rumpel@61.172.49.44) has joined channel ##science
[01:02.30] * Seacow (~Seacow@unaffiliated/seacow) Quit (Ping timeout: 272 seconds)
[01:08.23] * Verttone (~Verttone@188.235.1.7) Quit (Read error: Connection reset by peer)
[01:09.30] * Verttone (~Verttone@188.235.1.7) has joined channel ##science
[01:09.42] * millerti (~millerti@cpe-67-252-68-24.stny.res.rr.com) Quit (Quit: My Mac has gone to sleep. ZZZzzz…)
[01:21.54] * Xenolithic (c1bab966@gateway/web/freenode/ip.193.186.185.102) has joined channel ##science
[01:25.25] * curiousguy13_ (~curiousgu@120.59.109.128) has joined channel ##science
[01:31.06] * demophobia (~demophobi@unaffiliated/dan1) has joined channel ##science
[01:33.32] * cbx_cubic (~kawocube@ip-94-112-98-82.net.upcbroadband.cz) has joined channel ##science
[01:38.48] <+CarlSagan> [Reuters] Companies' tests used in 'superbug' scope cleaning flawed: FDA ＋＋https://j.mp/1FMsVdU，， 2015-03-02T06:24:00
[01:44.56] * Xenolithic (c1bab966@gateway/web/freenode/ip.193.186.185.102) Quit (Ping timeout: 246 seconds)
[01:48.40] * MoarSpaceFi (~Forgot_my@unaffiliated/skypent) has joined channel ##science
[01:55.23] * Xenolithic (c1bab966@gateway/web/freenode/ip.193.186.185.102) has joined channel ##science
[01:55.39] * Haxxa (~Harrison@CPE-120-149-49-246.oirx3.win.bigpond.net.au) Quit (Quit: ZNC - ＋＋http://znc.in，，)
[01:57.35] * Haxxa (~Harrison@cpe-120-149-49-246.oirx3.win.bigpond.net.au) has joined channel ##science
[02:04.52] * MoarSpaceFi (~Forgot_my@unaffiliated/skypent) Quit (Ping timeout: 244 seconds)
[02:07.40] * Guest64898 (~maphry@host109-155-144-65.range109-155.btcentralplus.com) Quit (Quit: This computer has gone to sleep)
[02:11.53] * leyton (~leyton@ppp95-165-74-122.pppoe.spdop.ru) has joined channel ##science
[02:24.33] * Grymmoire (~Grymmoire@d14-69-7-224.try.wideopenwest.com) Quit (Quit: Leaving)
[02:33.01] * komarov (~komarov@95-55-1-197.dynamic.avangarddsl.ru) Quit (Read error: Connection reset by peer)
[02:33.16] * komarov (~komarov@92-100-245-51.dynamic.avangarddsl.ru) has joined channel ##science
[02:33.47] * zadock (~zadock@81.180.210.87) Quit (Quit: Leaving)
[02:35.51] * Cirus_ (~Cirus@2601:9:80:74:e841:672:584e:7ab) Quit (Read error: Connection reset by peer)
[02:37.54] * delphinas (~delphinas@cpc23-seve21-2-0-cust98.13-3.cable.virginm.net) Quit (Quit: Be back later ...)
[02:38.32] * delphinas (~delphinas@cpc23-seve21-2-0-cust98.13-3.cable.virginm.net) has joined channel ##science
[02:38.37] <+CarlSagan> [USGS] M 4.6, 63km N of Nuku`alofa, Tonga ＋＋https://j.mp/17JCAqC，， 2015-03-02T07:34:48
[02:41.25] * Mmango (~user@108-217-142-114.lightspeed.milwwi.sbcglobal.net) Quit (Quit: Leaving)
[02:41.45] * Mmango (~user@108-217-142-114.lightspeed.milwwi.sbcglobal.net) has joined channel ##science
[02:43.10] * delphinas (~delphinas@cpc23-seve21-2-0-cust98.13-3.cable.virginm.net) Quit (Ping timeout: 256 seconds)
[02:53.39] <+CarlSagan> [USGS] M 4.7, 42km SSW of Andalgala, Argentina ＋＋https://j.mp/17JE43X，， 2015-03-02T07:49:39
[02:53.46] * demophobia (~demophobi@unaffiliated/dan1) Quit (Remote host closed the connection)
[02:53.53] * Haxxa (~Harrison@cpe-120-149-49-246.oirx3.win.bigpond.net.au) Quit (Quit: ZNC - ＋＋http://znc.in，，)
[02:55.58] * Haxxa (~Harrison@cpe-120-149-49-246.oirx3.win.bigpond.net.au) has joined channel ##science
[03:02.12] * strixd (~strixd@31.221.105.202) has joined channel ##science
[03:02.58] * Seacow (~Seacow@unaffiliated/seacow) has joined channel ##science
[03:07.36] * Haxxa (~Harrison@cpe-120-149-49-246.oirx3.win.bigpond.net.au) Quit (Quit: ZNC - ＋＋http://znc.in，，)
[03:08.56] <+CarlSagan> [BBC Science & Environment] VIDEO: How tidal lagoon power plants work ＋＋https://j.mp/1vRqWoB，， 2015-03-02T07:57:10
[03:09.42] * Haxxa (~Harrison@cpe-120-149-49-246.oirx3.win.bigpond.net.au) has joined channel ##science
[03:11.42] * leyton (~leyton@ppp95-165-74-122.pppoe.spdop.ru) Quit (Read error: Connection timed out)
[03:12.10] * leyton (~leyton@ppp95-165-74-122.pppoe.spdop.ru) has joined channel ##science
[03:21.59] * zadock (~zadock@muscalu.tuiasi.ro) has joined channel ##science
[03:23.35] * Litt (~M@202-89-151-114.ue.woosh.co.nz) Quit (Read error: Connection timed out)
[03:24.13] * wukong (~wukong@cpe-75-80-113-111.san.res.rr.com) has joined channel ##science
[03:24.31] * Litt (~M@202-89-151-114.ue.woosh.co.nz) has joined channel ##science
[03:29.13] * demophobia (~demophobi@unaffiliated/dan1) has joined channel ##science
[03:32.11] * Mmango (~user@108-217-142-114.lightspeed.milwwi.sbcglobal.net) Quit (Ping timeout: 264 seconds)
[03:40.46] * CustosLimen (~CustosLim@unaffiliated/cust0slim3n) Quit (Ping timeout: 265 seconds)
[03:50.11] * agd (~agd@unaffiliated/agd) has joined channel ##science
[03:53.53] * agd (~agd@unaffiliated/agd) Quit (Client Quit)
[03:56.45] * demophobia (~demophobi@unaffiliated/dan1) Quit (Remote host closed the connection)
[03:58.00] * leyton (~leyton@ppp95-165-74-122.pppoe.spdop.ru) Quit (Read error: Connection timed out)
[04:06.45] * CustosLimen (~CustosLim@unaffiliated/cust0slim3n) has joined channel ##science
[04:07.05] * darwin (d@206.63.237.146) Quit (Ping timeout: 252 seconds)
[04:16.45] <+CarlSagan> [RSOE EDIS - Disaster Information] Forest / Wild Fire - Africa - South Africa ＋＋https://j.mp/1vRFHb2，， 2015-03-02T09:15:05
[04:25.17] * darsie (~darsie@chello080108047045.34.11.vie.surfer.at) has joined channel ##science
[04:25.35] * HansE_ (~HansE@3badr-gr7-m6.testlab.aitel.hist.no) has joined channel ##science
[04:28.34] * jack_rabbit (~jack_rabb@c-50-148-112-117.hsd1.il.comcast.net) Quit (Ping timeout: 246 seconds)
[04:33.15] * suvidu (~suvidu@217.113.182.90) has joined channel ##science
[05:19.52] *** Server disconnected on irc.freenode.net
