Session Start: Thu Mar 19 02:29:20 2015
Session Ident: ##science
[02:29.20] * You have joined ##science
[02:29.20] Topic: Welcome to the science channel! | Rules: ＋＋https://is.gd/dD2F3B，， | Topics that are welcome: astronomy/biology/botany/chemistry/computers/ecology/engineering/geology/logic/mathematics/oceanography/physics/zoology plus some social sciences | Please visit our sister channels, ##weather & ##news
[02:29.20] Channel Topic Set by: yano on 1:37 AM 11/1/2014
[02:29.21] Channel URL is ＋＋https://j.mp/72ZKFnZ，，
[02:29.22] Channel modes for ##science are :+CFntf ##science-ops
[02:29.22] Channel Created on: 6:53 PM 1/29/2010
[02:29.35] <SexIsBad2TheBone> mornin
[02:30.45] <Xenolithic> morning
[02:39.34] * Verttone (~Verttone@62-76-223-208.vpn.vsu.ru) Quit (Ping timeout: 245 seconds)
[02:40.12] <+CarlSagan> [NPR Science] Scientists Catch Up On The Sex Life Of Coral To Help Reefs Survive ＋＋https://j.mp/1FHgxOz，， 2015-03-19T03:35:57
[02:41.51] * zadock (~zadock@muscalu.tuiasi.ro) has joined channel ##science
[02:43.12] * Pritchard (~Pritchard@unaffiliated/pritchard) Quit (Quit: My Mac has gone to sleep. ZZZzzz…)
[02:44.54] * Pritchard (~Pritchard@unaffiliated/pritchard) has joined channel ##science
[02:45.14] * VegetarianFalcon (~Vegetaria@103.255.175.122) has joined channel ##science
[02:45.21] * Pritchard (~Pritchard@unaffiliated/pritchard) Quit (Client Quit)
[02:51.58] * GPenguin (~lipzus@pD9F8B4F1.dip0.t-ipconnect.de) Quit (Quit: Leaving)
[02:52.33] * GPenguin (~lipzus@pD9F8B4F1.dip0.t-ipconnect.de) has joined channel ##science
[02:54.38] * Verttone (~Verttone@188.235.1.7) has joined channel ##science
[03:02.55] * Seacow (~Seacow@unaffiliated/seacow) has joined channel ##science
[03:04.12] *** Server disconnected on irc.freenode.net
