Session Start: Mon Feb 23 12:46:18 2015
Session Ident: ##science
[12:46.18] * You have joined ##science
[12:46.18] Topic: Welcome to the science channel! | Rules: ＋＋https://is.gd/dD2F3B，， | Topics that are welcome: astronomy/biology/botany/chemistry/computers/ecology/engineering/geology/logic/mathematics/oceanography/physics/zoology plus some social sciences | Please visit our sister channels, ##weather & ##news
[12:46.19] Channel Topic Set by: yano on 1:37 AM 11/1/2014
[12:46.19] Channel URL is ＋＋https://j.mp/72ZKFnZ，，
[12:46.19] Channel modes for ##science are :+CFntf ##science-ops
[12:46.19] Channel Created on: 6:53 PM 1/29/2010
[12:46.27] <+CarlSagan> [NPR Science] Kids, Allergies And A Possible Downside To Squeaky Clean Dishes ＋＋https://j.mp/1D1MITU，， 2015-02-23T00:41:00
[01:08.08] * greenbagels (~gb@cpe-24-93-214-22.neo.res.rr.com) Quit (Read error: Connection reset by peer)
[01:10.58] * Viper168_ (~Viper@unaffiliated/viper168) has joined channel ##science
[01:11.49] * Viper168 (~Viper@unaffiliated/viper168) Quit (Ping timeout: 245 seconds)
[01:19.04] * orbea__ (~orbea@2001:41d0:8:1e94::1) has joined channel ##science
[01:20.49] * orbea__ is now known as orbea
[01:21.02] * orbea (~orbea@2001:41d0:8:1e94::1) Quit (Changing host)
[01:21.02] * orbea (~orbea@unaffiliated/orbea) has joined channel ##science
[01:40.37] * Viper168_ is now known as Viper168
[02:00.19] * Litt (~EightyTwo@202-89-151-114.ue.woosh.co.nz) has joined channel ##science
[02:06.06] <+CarlSagan> [USGS] M 4.5, 119km SW of Port Blair, India ＋＋https://j.mp/1D1YRIu，， 2015-02-23T07:01:43
[02:08.28] * acetylcholine (~chatzilla@ip72-192-218-242.dc.dc.cox.net) Quit (Ping timeout: 255 seconds)
[02:11.00] * rumpel (~rumpel@61.172.49.44) Quit (Quit: Servus)
[02:12.11] * nomic (~nomic@host86-139-151-187.range86-139.btcentralplus.com) Quit (Remote host closed the connection)
[02:13.07] * demophobia (~demophobi@unaffiliated/dan1) has joined channel ##science
[02:14.38] * suvidu (~suvidu@217.113.182.90) has joined channel ##science
[02:25.40] * delphinas (~delphinas@cpc23-seve21-2-0-cust98.13-3.cable.virginm.net) has joined channel ##science
[02:30.12] * delphinas (~delphinas@cpc23-seve21-2-0-cust98.13-3.cable.virginm.net) Quit (Ping timeout: 256 seconds)
[02:35.05] * ScienceSwitch (~ScienceWe@cpe-104-172-195-201.socal.res.rr.com) Quit (Ping timeout: 250 seconds)
[02:35.48] * matt|home (~matt@adsl-65-9-107-179.mia.bellsouth.net) Quit (Read error: Connection reset by peer)
[02:41.15] * bbbb (~bbbb@cpc15-newc13-2-0-cust741.16-2.cable.virginm.net) Quit (Ping timeout: 276 seconds)
[02:44.31] * darsie (~darsie@80-110-70-110.cgn.dynamic.surfer.at) has joined channel ##science
[02:49.41] * Guest79147 (~maphry@host109-155-144-65.range109-155.btcentralplus.com) Quit (Quit: This computer has gone to sleep)
[03:01.58] * cbx_cubic (~kawocube@ip-94-112-98-82.net.upcbroadband.cz) Quit (Ping timeout: 264 seconds)
[03:02.24] * jazzcrow (~jazzcrow@000c417c04a1.click-network.com) has joined channel ##science
[03:04.13] * Grymmoire (~Grymmoire@d47-69-152-58.col.wideopenwest.com) Quit (Quit: Leaving)
[03:06.23] * jazzcrow (~jazzcrow@000c417c04a1.click-network.com) Quit (Quit: Leaving)
[03:12.23] * bbbb (~bbbb@cpc15-newc13-2-0-cust741.16-2.cable.virginm.net) has joined channel ##science
[03:14.53] * every1ish4ting (~every1ish@80.202.20.229) Quit (Read error: Connection reset by peer)
[07:15.43] *** Server disconnected on irc.freenode.net
