Session Start: Sun Mar 01 07:38:20 2015
Session Ident: ##science
[07:38.20] * You have joined ##science
[07:38.20] Topic: Welcome to the science channel! | Rules: ＋＋https://is.gd/dD2F3B，， | Topics that are welcome: astronomy/biology/botany/chemistry/computers/ecology/engineering/geology/logic/mathematics/oceanography/physics/zoology plus some social sciences | Please visit our sister channels, ##weather & ##news
[07:38.20] Channel Topic Set by: yano on 1:37 AM 11/1/2014
[07:38.21] Channel URL is ＋＋https://j.mp/72ZKFnZ，，
[07:38.22] Channel modes for ##science are :+CFntf ##science-ops
[07:38.22] Channel Created on: 6:53 PM 1/29/2010
[07:50.35] <+CarlSagan> [RSOE EDIS - EBHWM] BH : Cholera (outbreak) / Africa / Zimbabwe [0:0] ＋＋https://j.mp/1AJMuDQ，， 2015-03-01T13:46:17
[07:50.36] <+CarlSagan> [RSOE EDIS - EBHWM] BH : Measles (outbreak) / Europe / Sweden [0:0] ＋＋https://j.mp/1AJMuDT，， 2015-03-01T13:44:13
[07:51.18] <+CarlSagan> [RSOE EDIS - Disaster Information] Biological Hazard - Africa - Zimbabwe ＋＋https://j.mp/1AJMGmI，， 2015-03-01T12:46:17
[07:51.19] <+CarlSagan> [RSOE EDIS - Disaster Information] Biological Hazard - Europe - Sweden ＋＋https://j.mp/1AJMGmO，， 2015-03-01T12:44:13
[08:10.36] <+CarlSagan> [RSOE EDIS - EBHWM] BH : Norovirus (outbreak) / Asia / China [0:0] ＋＋https://j.mp/1AJQx34，， 2015-03-01T14:05:32
[08:10.36] <+CarlSagan> [RSOE EDIS - EBHWM] BH : Mass Food poisoning / Asia / India [0:45] ＋＋https://j.mp/1AJQzba，， 2015-03-01T14:01:39
[08:12.17] * VegetarianFalcon (~Vegetaria@103.255.175.9) Quit (Ping timeout: 244 seconds)
[08:13.16] * enterprisedc (~enterpris@ip68-109-198-52.oc.oc.cox.net) Quit (Quit: enterprisedc)
[08:18.16] * Tuhin1 (~Tuhin@ip188c75.banglalionwimax.com) has joined channel ##science
[08:21.18] <+CarlSagan> [RSOE EDIS - Disaster Information] Flash Flood - North-America - USA ＋＋https://j.mp/18c524g，， 2015-03-01T13:03:51
[08:21.33] * Seacow (~Seacow@unaffiliated/seacow) Quit (Ping timeout: 255 seconds)
[08:38.13] * chiburbs (~chiburbs@24.1.185.247) Quit (Read error: Connection reset by peer)
[08:50.45] * AbsyntheFaery (~absynthe_@unaffiliated/absynthe-faery/x-6447756) Quit (Ping timeout: 265 seconds)
[08:51.14] * CustosLimen (~CustosLim@unaffiliated/cust0slim3n) Quit (Ping timeout: 265 seconds)
[09:06.25] <+CarlSagan> [NPR Science] ISS Spacewalkers Perform Tricky Cable, Antenna, Installation ＋＋https://j.mp/1AK2rdj，， 2015-03-01T09:00:39
[09:23.18] * millerti (~millerti@cpe-67-252-68-24.stny.res.rr.com) has joined channel ##science
[09:27.57] <+CarlSagan> [Reuters] Astronauts leave space station for third spacewalk ＋＋https://j.mp/1AK76vN，， 2015-03-01T13:02:33
[09:31.29] * millerti (~millerti@cpe-67-252-68-24.stny.res.rr.com) Quit (Quit: My Mac has gone to sleep. ZZZzzz…)
[09:42.41] * Tuhin_ (~Tuhin@ip158c84.banglalionwimax.com) has joined channel ##science
[09:45.36] * Tuhin1 (~Tuhin@ip188c75.banglalionwimax.com) Quit (Ping timeout: 256 seconds)
[10:01.10] * Macuser (~textual@unaffiliated/macuser) has joined channel ##science
[10:06.03] * Tuhin__ (~Tuhin@ip155c31.banglalionwimax.com) has joined channel ##science
[10:06.20] * acetylcholine (~chatzilla@ip72-192-218-242.dc.dc.cox.net) has joined channel ##science
[10:08.22] * Tuhin_ (~Tuhin@ip158c84.banglalionwimax.com) Quit (Ping timeout: 252 seconds)
[10:12.40] <+CarlSagan> [Science Daily - Top Science] Evolutionary approach reveals new clues toward understanding the roots of schizophrenia ＋＋https://j.mp/1AKgz6c，， 2015-02-24T22:00:13
[10:26.24] * Tuhin_ (~Tuhin@ip155c31.banglalionwimax.com) has joined channel ##science
[10:28.28] * monoprotic is now known as rudi34
[10:28.35] * rudi34 is now known as monoprotic
[10:28.41] * FreeNslaved (~chatzilla@unaffiliated/freenslaved) has joined channel ##science
[10:29.12] * Tuhin__ (~Tuhin@ip155c31.banglalionwimax.com) Quit (Ping timeout: 244 seconds)
[10:29.13] * Allium (~Allium@81-64-138-244.rev.numericable.fr) has joined channel ##science
[10:30.05] * bb010g (uid21050@gateway/web/irccloud.com/x-skwuppzeeikufone) Quit (Quit: Connection closed for inactivity)
[10:30.24] * A_llium (~Allium@abo-153-236-68.guy.modulonet.fr) Quit (Ping timeout: 264 seconds)
[10:37.43] * Allium (~Allium@81-64-138-244.rev.numericable.fr) Quit (Ping timeout: 245 seconds)
[10:38.55] * matt|home (~matt@adsl-65-9-107-179.mia.bellsouth.net) Quit (Read error: Connection reset by peer)
[10:39.38] * curiousguy13_ (~curiousgu@120.59.226.121) Quit (Ping timeout: 246 seconds)
[10:46.09] * Cust0sLim3n (~CustosLim@unaffiliated/cust0slim3n) Quit (Quit: Leaving)
[10:47.39] * VegetarianFalcon (~Vegetaria@103.255.175.139) has joined channel ##science
[10:52.39] * curiousguy13_ (~curiousgu@59.177.203.40) has joined channel ##science
[11:05.09] * Xenolith (~Xenolith@unaffiliated/xenolith) Quit (Read error: Connection reset by peer)
[11:12.54] * Xenolith (~Xenolith@unaffiliated/xenolith) has joined channel ##science
[11:18.37] * CaptainK (~CaptainK@181.179.141.6) has joined channel ##science
[11:21.05] * Viper168 (~Viper@unaffiliated/viper168) Quit (Ping timeout: 272 seconds)
[11:23.00] * CaptainK (~CaptainK@181.179.141.6) Quit (Ping timeout: 252 seconds)
[11:26.27] * CustosLimen (~CustosLim@unaffiliated/cust0slim3n) has joined channel ##science
[11:28.18] * leyton (~leyton@ppp95-165-74-122.pppoe.spdop.ru) has joined channel ##science
[11:28.20] * Viper168 (~Viper@unaffiliated/viper168) has joined channel ##science
[11:36.55] <+CarlSagan> [USGS] M 5.0, 10km SSW of Punta de Bombon, Peru ＋＋https://j.mp/1zPXcEU，， 2015-03-01T16:33:13
[11:46.55] <+CarlSagan> [USGS] M 4.9, 115km W of Copiapo, Chile ＋＋https://j.mp/1zPYS1s，， 2015-03-01T16:44:14
[11:47.46] * ScienceSnooze (~ScienceWe@ip72-219-157-89.oc.oc.cox.net) Quit (Ping timeout: 245 seconds)
[11:49.32] * absynthe_faery (~absynthe_@unaffiliated/absynthe-faery/x-6447756) has joined channel ##science
[11:59.26] * Duzz (~Duzz@96.50.86.144) Quit (Read error: Connection reset by peer)
[11:59.51] * Duzz (~Duzz@96.50.86.144) has joined channel ##science
[12:07.13] * Leates (~Leates@unaffiliated/leates) has joined channel ##science
[12:08.49] * Leates (~Leates@unaffiliated/leates) has left ##science (("Follow me - ＋＋http://www.twitter.com/TheLeates，，"))
[12:14.12] * rumpel (~rumpel@61.172.49.44) Quit (Ping timeout: 250 seconds)
[12:14.29] * wukong (~wukong@cpe-75-80-113-111.san.res.rr.com) has joined channel ##science
[12:19.25] * Wasped (~Wasp70@pool-72-78-246-41.phlapa.fios.verizon.net) has joined channel ##science
[12:20.12] * leyton (~leyton@ppp95-165-74-122.pppoe.spdop.ru) Quit (Ping timeout: 264 seconds)
[12:23.06] <+CarlSagan> [BBC Science & Environment] VIDEO: Astronauts brave week's third spacewalk ＋＋https://j.mp/1zQ53T7，， 2015-03-01T17:18:44
[12:43.07] * Macuser (~textual@unaffiliated/macuser) Quit (Quit: My MacBook Pro has gone to sleep. ZZZzzz…)
[12:51.26] * tehsma (~tehsma@cpe-174-098-093-096.triad.res.rr.com) Quit (Quit: tehsma)
[12:55.04] * chaintheory (~kaita9999@123.21.92.41) Quit (Ping timeout: 246 seconds)
[12:57.15] * santpython (~santpytho@2601:c:2400:590::8bd2) Quit (Quit: Leaving)
[12:57.31] * santpython (~santpytho@2601:c:2400:590::8bd2) has joined channel ##science
[01:01.25] * Macuser (~textual@unaffiliated/macuser) has joined channel ##science
[01:01.27] * Macuser (~textual@unaffiliated/macuser) Quit (Max SendQ exceeded)
[01:02.07] * Macuser (~textual@unaffiliated/macuser) has joined channel ##science
[01:05.18] * acetylcholine (~chatzilla@ip72-192-218-242.dc.dc.cox.net) Quit (Read error: Connection reset by peer)
[01:08.55] <+CarlSagan> [Ars Technica] NASA puzzled by strange shiny spots on Ceres ＋＋https://j.mp/1G7hf96，， 2015-03-01T18:00:20
[01:17.07] <+CarlSagan> [USGS] M 4.5, 295km SE of Hachijo-jima, Japan ＋＋https://j.mp/1G7j7P7，， 2015-03-01T18:13:49
[01:18.52] * broadball (~broaderba@251.83-213-171.dynamic.clientes.euskaltel.es) has joined channel ##science
[01:20.43] * blawiz (~DD_comman@236.234.16.62.customer.cdi.no) has joined channel ##science
[01:20.43] * blawiz (~DD_comman@236.234.16.62.customer.cdi.no) Quit (Changing host)
[01:20.43] * blawiz (~DD_comman@unaffiliated/blawiz) has joined channel ##science
[01:21.25] * santpython (~santpytho@2601:c:2400:590::8bd2) Quit (Ping timeout: 265 seconds)
[01:22.01] * acetylcholine (~chatzilla@ip72-192-218-242.dc.dc.cox.net) has joined channel ##science
[01:31.44] <+CarlSagan> [NPR Science] Six In 10 Young Republicans Favor Legal Marijuana, Survey Says ＋＋https://j.mp/1G7mNAu，， 2015-03-01T13:23:21
[01:34.09] * santpython (~santpytho@2601:c:2400:590::8bd2) has joined channel ##science
[01:42.57] * Tuhin__ (~Tuhin@ip174c113.banglalionwimax.com) has joined channel ##science
[01:45.28] * Tuhin_ (~Tuhin@ip155c31.banglalionwimax.com) Quit (Ping timeout: 250 seconds)
[01:47.31] * santpython (~santpytho@2601:c:2400:590::8bd2) Quit (Ping timeout: 265 seconds)
[01:48.22] * absynthe_faery (~absynthe_@unaffiliated/absynthe-faery/x-6447756) Quit (Ping timeout: 252 seconds)
[01:49.54] * millerti (~millerti@cpe-67-252-68-24.stny.res.rr.com) has joined channel ##science
[01:54.18] * millerti (~millerti@cpe-67-252-68-24.stny.res.rr.com) Quit (Client Quit)
[02:00.09] * santpython (~santpytho@2601:c:2400:590::8bd2) has joined channel ##science
[02:21.50] * santpython (~santpytho@2601:c:2400:590::8bd2) Quit (Ping timeout: 265 seconds)
[02:34.33] * santpython (~santpytho@2601:c:2400:590::8bd2) has joined channel ##science
[02:35.31] * millerti (~millerti@cpe-67-252-68-24.stny.res.rr.com) has joined channel ##science
[02:43.06] * santpython (~santpytho@2601:c:2400:590::8bd2) Quit (Ping timeout: 265 seconds)
[02:46.25] * millerti (~millerti@cpe-67-252-68-24.stny.res.rr.com) Quit (Quit: My Mac has gone to sleep. ZZZzzz…)
[02:55.49] * santpython (~santpytho@2601:c:2400:590::8bd2) has joined channel ##science
[02:57.17] <+CarlSagan> [USGS] M 4.7, South of the Fiji Islands ＋＋https://j.mp/1N6191o，， 2015-03-01T19:55:26
[02:57.25] * Litt (~M@202-89-151-114.ue.woosh.co.nz) has joined channel ##science
[03:03.34] * sfeltman (~simon@c-98-234-253-250.hsd1.ca.comcast.net) Quit (Quit: Ex-Chat)
[03:10.44] * Cs1177 (~Cs1177@104.240.37.1) has joined channel ##science
[03:11.04] * penguin42 (~dg@cpc18-salf5-2-0-cust145.10-2.cable.virginm.net) Quit (Quit: Leaving.)
[03:15.52] * absynthe_faery (~absynthe_@unaffiliated/absynthe-faery/x-6447756) has joined channel ##science
[03:17.21] <+CarlSagan> [USGS] M 4.6, 23km SSE of Ndoi Island, Fiji ＋＋https://j.mp/1N63n0I，， 2015-03-01T20:16:19
[03:28.00] * cbx_cubic (~kawocube@ip-94-112-98-82.net.upcbroadband.cz) has joined channel ##science
[03:30.24] * Tuhin_ (~Tuhin@ip174c113.banglalionwimax.com) has joined channel ##science
[03:30.48] * Macuser (~textual@unaffiliated/macuser) Quit (Quit: My MacBook Pro has gone to sleep. ZZZzzz…)
[03:32.15] * santpython (~santpytho@2601:c:2400:590::8bd2) Quit (Ping timeout: 256 seconds)
[03:33.48] * Tuhin__ (~Tuhin@ip174c113.banglalionwimax.com) Quit (Ping timeout: 250 seconds)
[03:45.38] * santpython (~santpytho@2601:c:2400:590::8bd2) has joined channel ##science
[03:48.24] * absynthe_faery (~absynthe_@unaffiliated/absynthe-faery/x-6447756) Quit (Ping timeout: 264 seconds)
[03:50.34] * Cs1177 (~Cs1177@104.240.37.1) Quit (Ping timeout: 244 seconds)
[04:03.49] * wukong (~wukong@cpe-75-80-113-111.san.res.rr.com) Quit (Ping timeout: 265 seconds)
[04:08.31] * santpython (~santpytho@2601:c:2400:590::8bd2) Quit (Ping timeout: 256 seconds)
[04:14.17] * Tuhin_ (~Tuhin@ip174c113.banglalionwimax.com) Quit (Ping timeout: 252 seconds)
[04:14.29] * omer681 (~omer681@unaffiliated/omer681) Quit (Read error: Connection reset by peer)
[04:14.59] * omer681 (~omer681@unaffiliated/omer681) has joined channel ##science
[04:19.42] * icetooth (~icetooth@unaffiliated/icetooth) has joined channel ##science
[04:20.51] * santpython (~santpytho@2601:c:2400:590::8bd2) has joined channel ##science
[04:25.02] * lnr (~lnr@aim.engr.arizona.edu) has joined channel ##science
[04:25.07] * octothorpe (anderson@eiko.kupo.be) Quit (Remote host closed the connection)
[04:27.07] * sinsis (~Sinsis@541EB75F.cm-5-7c.dynamic.ziggo.nl) Quit (Read error: Connection reset by peer)
[04:27.29] <+CarlSagan> [USGS] M 4.6, 10km ESE of Kamiichi, Japan ＋＋https://j.mp/17IKuQU，， 2015-03-01T21:26:07
[04:30.37] * santpython (~santpytho@2601:c:2400:590::8bd2) Quit (Ping timeout: 256 seconds)
[04:36.05] * Asleepyius is now known as Aethysius
[04:40.10] * curiousguy13_ (~curiousgu@59.177.203.40) Quit (Ping timeout: 264 seconds)
[04:42.19] * astroo- (~astroo-@triton992.startdedicated.de) has joined channel ##science
[04:42.23] <astroo-> hello people
[04:45.35] * Guest29001 (~maphry@host109-155-144-65.range109-155.btcentralplus.com) Quit (Read error: Connection reset by peer)
[04:47.06] * map (~maphry@host109-155-144-65.range109-155.btcentralplus.com) has joined channel ##science
[04:47.29] * map is now known as Guest64898
[04:48.27] * Verttone (~Verttone@188.235.1.7) Quit (Quit: Leaving)
[04:50.02] * VegetarianFalcon (~Vegetaria@103.255.175.139) Quit (Ping timeout: 256 seconds)
[04:53.26] * curiousguy13_ (~curiousgu@120.59.227.130) has joined channel ##science
[04:54.38] * Manuel__ (b2054bec@gateway/web/freenode/ip.178.5.75.236) has joined channel ##science
[04:55.39] * lnr (~lnr@aim.engr.arizona.edu) has left ##science ()
[04:57.12] * Cust0sLim3n (~CustosLim@unaffiliated/cust0slim3n) has joined channel ##science
[05:03.07] * _troll (~troll1423@cpe-70-123-105-43.tx.res.rr.com) has joined channel ##science
[05:03.34] * _TK_ (~TK@82.131.66.114.cable.starman.ee) Quit (Ping timeout: 246 seconds)
[05:03.43] * _troll (~troll1423@cpe-70-123-105-43.tx.res.rr.com) has left ##science ()
[05:03.59] * Macuser (~textual@unaffiliated/macuser) has joined channel ##science
[05:04.39] * Verttone (~Verttone@188.235.1.7) has joined channel ##science
[05:09.19] * zadock (~zadock@81.180.210.87) Quit (Quit: Leaving)
[05:12.38] * sazawal (~sazawal@ipbcc0c63d.dynamic.kabel-deutschland.de) has joined channel ##science
[05:13.33] * Cust0sLim3n (~CustosLim@unaffiliated/cust0slim3n) Quit (Quit: Leaving)
[05:16.40] * Cust0sLim3n (~CustosLim@unaffiliated/cust0slim3n) has joined channel ##science
[05:19.15] * wukong (~wukong@san-static-216.70.177.181.mpowercom.net) has joined channel ##science
[05:19.28] * Mmango (~user@108-217-142-114.lightspeed.milwwi.sbcglobal.net) has joined channel ##science
[05:21.35] * Raccoon^ (wayward@unaffiliated/raccoon) has joined channel ##science
[05:29.20] * Manuel__ (b2054bec@gateway/web/freenode/ip.178.5.75.236) has left ##science ()
[05:32.48] * Viper168 (~Viper@unaffiliated/viper168) Quit (Ping timeout: 264 seconds)
[05:37.59] * blawiz (~DD_comman@unaffiliated/blawiz) Quit (Quit: Screw you guys, I'm going home)
[05:38.50] * sazawal (~sazawal@ipbcc0c63d.dynamic.kabel-deutschland.de) Quit (Quit: Leaving)
[05:39.59] * Viper168 (~Viper@unaffiliated/viper168) has joined channel ##science
[05:48.54] * looper (~looper@p5B321186.dip0.t-ipconnect.de) Quit (Quit: Computer has gone to sleep.)
[05:49.17] * jzk (~eccehomo@ec2-54-176-48-31.us-west-1.compute.amazonaws.com) Quit (Quit: Leaving.)
[05:53.54] * jzk (~eccehomo@ec2-54-176-48-31.us-west-1.compute.amazonaws.com) has joined channel ##science
[05:55.37] * darsie (~darsie@chello080108047045.34.11.vie.surfer.at) Quit (Ping timeout: 256 seconds)
[05:57.50] * Alucard__ (~chatzilla@108-64-84-185.lightspeed.tukrga.sbcglobal.net) has joined channel ##science
[06:00.32] * zadock (~zadock@81.180.210.87) has joined channel ##science
[06:05.28] * mr45_ (~mr45@cpc27-hudd10-2-0-cust346.4-1.cable.virginm.net) Quit (Read error: Connection reset by peer)
[06:10.48] * millerti (~millerti@cpe-67-252-68-24.stny.res.rr.com) has joined channel ##science
[06:12.16] * santpython (~santpytho@2601:c:2400:590::8bd2) has joined channel ##science
[06:17.43] * jack_rabbit (~jack_rabb@c-50-148-112-117.hsd1.il.comcast.net) has joined channel ##science
[06:19.28] * bb010g (uid21050@gateway/web/irccloud.com/x-tomwwnvcadmmykex) has joined channel ##science
[06:23.01] * Allium (~Allium@abo-153-236-68.guy.modulonet.fr) has joined channel ##science
[06:25.39] * Macuser (~textual@unaffiliated/macuser) Quit (Quit: My MacBook Pro has gone to sleep. ZZZzzz…)
[06:27.00] * millerti (~millerti@cpe-67-252-68-24.stny.res.rr.com) Quit (Quit: My Mac has gone to sleep. ZZZzzz…)
[06:27.21] * strixd (~strixd@31.221.105.202) has joined channel ##science
[06:34.00] *** Server disconnected on irc.freenode.net
[07:54.41] * You have joined ##science
[07:54.41] Topic: Welcome to the science channel! | Rules: ＋＋https://is.gd/dD2F3B，， | Topics that are welcome: astronomy/biology/botany/chemistry/computers/ecology/engineering/geology/logic/mathematics/oceanography/physics/zoology plus some social sciences | Please visit our sister channels, ##weather & ##news
[07:54.41] Channel Topic Set by: yano on 1:37 AM 11/1/2014
[07:54.42] Channel URL is ＋＋https://j.mp/72ZKFnZ，，
[07:54.42] Channel modes for ##science are :+CFntf ##science-ops
[07:54.42] Channel Created on: 6:53 PM 1/29/2010
[07:59.11] *** Server disconnected on irc.freenode.net
[09:05.51] * You have joined ##science
[09:05.51] Topic: Welcome to the science channel! | Rules: ＋＋https://is.gd/dD2F3B，， | Topics that are welcome: astronomy/biology/botany/chemistry/computers/ecology/engineering/geology/logic/mathematics/oceanography/physics/zoology plus some social sciences | Please visit our sister channels, ##weather & ##news
[09:05.51] Channel Topic Set by: yano on 1:37 AM 11/1/2014
[09:05.51] Channel URL is ＋＋https://j.mp/72ZKFnZ，，
[09:05.52] Channel modes for ##science are :+CFntf ##science-ops
[09:05.52] Channel Created on: 6:53 PM 1/29/2010
[09:06.28] * Mmango (~user@108-217-142-114.lightspeed.milwwi.sbcglobal.net) Quit (Ping timeout: 245 seconds)
[09:08.02] * chaintheory (~kaita9999@123.21.93.176) has joined channel ##science
[09:15.37] * Verttone (~Verttone@62-76-223-208.vpn.vsu.ru) has joined channel ##science
[09:20.53] * santpython (~santpytho@2601:c:2400:590::8bd2) Quit (Ping timeout: 250 seconds)
[09:23.35] * matt|home (~matt@adsl-65-9-107-179.mia.bellsouth.net) has joined channel ##science
[09:26.50] * chaintheory (~kaita9999@123.21.93.176) Quit (Read error: Connection reset by peer)
[09:27.33] * chaintheory (~kaita9999@123.21.93.176) has joined channel ##science
[09:31.09] * loophole (~kaita9999@123.21.83.150) has joined channel ##science
[09:33.48] * santpython (~santpytho@2601:c:2400:590::8bd2) has joined channel ##science
[09:34.35] * chaintheory (~kaita9999@123.21.93.176) Quit (Ping timeout: 252 seconds)
[09:44.30] * Macuser (~textual@unaffiliated/macuser) Quit (Quit: My MacBook Pro has gone to sleep. ZZZzzz…)
[09:45.03] * nicety (nicety@nicety.tk) Quit (K-Lined)
[09:56.27] * santpython (~santpytho@2601:c:2400:590::8bd2) Quit (Ping timeout: 256 seconds)
[09:58.17] * Alucard__ (~chatzilla@108-64-84-185.lightspeed.tukrga.sbcglobal.net) Quit (Quit: ChatZilla 0.9.91.1 [Firefox 36.0/20150222232811])
[10:00.23] * localuser- (~none@unaffiliated/localuser-) has joined channel ##science
[10:07.47] * chaintheory (~kaita9999@123.21.98.232) has joined channel ##science
[10:11.28] * loophole (~kaita9999@123.21.83.150) Quit (Ping timeout: 245 seconds)
[10:21.09] * rumpelchen (~rumpel@61.172.49.44) has joined channel ##science
[10:25.51] * Verttone (~Verttone@62-76-223-208.vpn.vsu.ru) Quit (Ping timeout: 240 seconds)
[10:30.30] * SuchWow (~SuchWow@unaffiliated/suchwow) Quit (Quit: Changing server...)
[10:33.01] * SuchWow (~SuchWow@unaffiliated/suchwow) has joined channel ##science
[10:33.39] <+CarlSagan> [NYT Science] Sinosphere Blog: Documentary on Air Pollution Grips China ＋＋https://j.mp/1wCb3mP，， 2015-03-02T02:51:39
[10:36.00] * chaintheory (~kaita9999@123.21.98.232) Quit (Read error: Connection reset by peer)
[10:36.59] * chaintheory (~kaita9999@123.21.98.232) has joined channel ##science
[10:41.00] * Verttone (~Verttone@188.235.1.7) has joined channel ##science
[10:41.45] * Freshrr (42bc472a@gateway/web/freenode/ip.66.188.71.42) has joined channel ##science
[10:41.53] <Freshrr> Hello fellow scientists.
[10:43.05] <astroo-> hello and i not one
[10:46.08] <Freshrr> Yes u r
[10:47.36] <astroo-> what?
[10:49.43] * Cirus_ (~Cirus@2601:9:80:74:e841:672:584e:7ab) has joined channel ##science
[10:49.50] * rumpel (~rumpel@61.172.49.44) Quit (Quit: Servus)
[10:49.52] * rumpelchen (~rumpel@61.172.49.44) Quit (Quit: Servus)
[10:53.06] * Cirus (~Cirus@2601:9:80:74:e841:672:584e:7ab) Quit (Ping timeout: 256 seconds)
[10:53.11] * acetylcholine (~chatzilla@ip72-192-218-242.dc.dc.cox.net) Quit (Ping timeout: 244 seconds)
[10:53.12] * tehsma (~tehsma@cpe-174-098-093-096.triad.res.rr.com) has joined channel ##science
[10:55.08] * benhunter09 (Ben@i.ate.your.coooki.es) Quit (Ping timeout: 265 seconds)
[10:58.57] * benhunter09 (Ben@i.ate.your.coooki.es) has joined channel ##science
[11:01.07] * acetylcholine (~chatzilla@ip72-192-218-242.dc.dc.cox.net) has joined channel ##science
[11:08.40] <+CarlSagan> [BBC Science & Environment] UK to pioneer lagoon power plants ＋＋https://j.mp/1wCg6Ul，， 2015-03-02T03:58:02
[11:09.05] <astroo-> bye people
[11:16.45] * Seacow (~Seacow@unaffiliated/seacow) has joined channel ##science
[11:18.22] * norkle (~norkle@unaffiliated/norkle) has joined channel ##science
[11:19.16] * Wasped (~Wasp70@pool-72-78-246-41.phlapa.fios.verizon.net) Quit (Ping timeout: 272 seconds)
[11:20.56] <+CarlSagan> [RSOE EDIS - EBHWM] BH : Mass poisoning / Africa / South Africa [0:300] ＋＋https://j.mp/1wChJBb，， 2015-03-02T05:09:44
[11:20.56] <+CarlSagan> [RSOE EDIS - EBHWM] BH : Flu (outbreak) / North-America / USA [120:0] ＋＋https://j.mp/1wChJBe，， 2015-03-02T05:04:45
[11:29.16] * astroo- (~astroo-@triton992.startdedicated.de) Quit (Quit: ＋＋http://www.kiwiirc.com/，， - A hand-crafted IRC client)
[11:36.39] <+CarlSagan> [RSOE EDIS - Disaster Information] Extreme Weather - Asia - Japan ＋＋https://j.mp/1wCjP4c，， 2015-03-02T04:22:58
[11:38.20] * Litt (~M@202-89-151-114.ue.woosh.co.nz) Quit (Read error: Connection timed out)
[11:38.55] * Litt (~M@202-89-151-114.ue.woosh.co.nz) has joined channel ##science
[11:41.40] * Viper168_ (~Viper@unaffiliated/viper168) has joined channel ##science
[11:43.49] * Viper168 (~Viper@unaffiliated/viper168) Quit (Ping timeout: 252 seconds)
[11:45.42] * Viper168_ (~Viper@unaffiliated/viper168) Quit (Max SendQ exceeded)
[11:48.44] <+CarlSagan> [Reuters] SpaceX rocket blasts off with world’s first all-electric satellites ＋＋https://j.mp/1wClwyy，， 2015-03-02T04:39:07
[11:50.19] * wukong (~wukong@cpe-75-80-113-111.san.res.rr.com) has joined channel ##science
[11:53.41] * hmstrmn (~hmstrmn@grm-studby-128-39-149-158.studby.uia.no) has joined channel ##science
