Session Start: Sat Feb 21 12:36:38 2015
Session Ident: ##science
[12:36.38] --asimov.freenode.net-- *** No Ident response
[12:36.38] --NickServ-- This nickname is registered. Please choose a different nickname, or identify via /msg NickServ identify <password>.
[12:36.44] Rainb resolved to 181.50.196.58
[12:36.45] * You have joined ##science
[12:36.45] Topic: Welcome to the science channel! | Rules: ＋＋https://is.gd/dD2F3B，， | Topics that are welcome: astronomy/biology/botany/chemistry/computers/ecology/engineering/geology/logic/mathematics/oceanography/physics/zoology plus some social sciences | Please visit our sister channels, ##weather & ##news
[12:36.45] Channel Topic Set by: yano on 1:37 AM 11/1/2014
[12:36.45] --ChanServ-- [##science] Don't ask to ask, just ask your question. | Channel rules: ＋＋https://j.mp/72ZKFnZ，，
[12:36.45] Channel URL is ＋＋https://j.mp/72ZKFnZ，，
[12:36.45] --ChanServ-- [##physics] Don't ask to ask... ask!
[12:36.45] --ChanServ-- [##namespace] You've been forwarded to ##namespace by attempting to join a channel which doesn't exist on freenode.  This may be because the channel has moved to the correct namespace or off the network.  Please see ＋＋http://freenode.net/policy.shtml#channelnaming，， for our channel naming policy.
[12:36.45] Channel modes for ##science are :+CFntf ##science-ops
[12:36.45] Channel Created on: 6:53 PM 1/29/2010
[12:40.32] * FishLordess (~ScienceWe@cpe-104-172-195-201.socal.res.rr.com) Quit ()
[12:45.31] * guideX (~guide_X@unaffiliated/guidex) has joined channel ##science
[12:51.11] * Aethysius (~Aeth@unaffiliated/aethysius) Quit (Quit: Aethysius)
[12:55.48] * curiousguy13 (~curiousgu@120.59.107.34) Quit (Ping timeout: 240 seconds)
[12:59.08] * Macuser (~textual@unaffiliated/macuser) Quit (Quit: My MacBook Pro has gone to sleep. ZZZzzz…)
[01:00.23] * uscwaller (~uscwaller@72-28-232-155-dhcp.aik.sc.atlanticbb.net) has joined channel ##science
[01:04.13] * The_DarkKnight (~textual@c-73-183-240-153.hsd1.tx.comcast.net) has joined channel ##science
[01:06.04] * bbbb (~bbbb@cpc15-newc13-2-0-cust741.16-2.cable.virginm.net) Quit (Ping timeout: 276 seconds)
[01:06.31] * bbbb (~bbbb@cpc15-newc13-2-0-cust741.16-2.cable.virginm.net) has joined channel ##science
[01:08.24] * curiousguy13 (~curiousgu@120.59.226.80) has joined channel ##science
[01:08.54] * Mmango (~user@rrcs-98-100-153-182.central.biz.rr.com) has joined channel ##science
[01:11.16] * bbbb (~bbbb@cpc15-newc13-2-0-cust741.16-2.cable.virginm.net) Quit (Ping timeout: 276 seconds)
[01:14.37] * Macuser (~textual@unaffiliated/macuser) has joined channel ##science
[01:14.42] * Macuser (~textual@unaffiliated/macuser) Quit (Max SendQ exceeded)
[01:15.17] * Macuser (~textual@unaffiliated/macuser) has joined channel ##science
[01:24.26] * Macuser (~textual@unaffiliated/macuser) Quit (Quit: My MacBook Pro has gone to sleep. ZZZzzz…)
[01:25.54] * Stantheman (~Emperor@host-87-242-253-224.ppp.onetel.net.uk) has joined channel ##science
[01:29.52] * bbbb (~bbbb@cpc15-newc13-2-0-cust741.16-2.cable.virginm.net) has joined channel ##science
[01:30.14] * guideX (~guide_X@unaffiliated/guidex) Quit ()
[01:31.55] * komarov (~komarov@95-55-8-122.dynamic.avangarddsl.ru) has joined channel ##science
[01:34.32] * deathonater (~deathonat@cpe-69-203-208-219.nyc.res.rr.com) Quit (Ping timeout: 264 seconds)
[01:42.52] * komarov (~komarov@95-55-8-122.dynamic.avangarddsl.ru) Quit (Ping timeout: 252 seconds)
[01:44.00] * Pyrotek (~pyrotek@c-50-141-140-211.hsd1.il.comcast.net) has joined channel ##science
[01:58.30] * Mmango (~user@rrcs-98-100-153-182.central.biz.rr.com) Quit (Quit: In another dimension)
[01:58.52] * Mmango (~user@rrcs-98-100-153-182.central.biz.rr.com) has joined channel ##science
[04:36.15] *** Server disconnected on irc.freenode.net
[06:48.20] Rainb resolved to 181.50.196.58
[06:48.21] * You have joined ##science
[06:48.21] Topic: Welcome to the science channel! | Rules: ＋＋https://is.gd/dD2F3B，， | Topics that are welcome: astronomy/biology/botany/chemistry/computers/ecology/engineering/geology/logic/mathematics/oceanography/physics/zoology plus some social sciences | Please visit our sister channels, ##weather & ##news
[06:48.21] Channel Topic Set by: yano on 1:37 AM 11/1/2014
[06:48.22] Channel modes for ##science are :+CFntf ##science-ops
[06:48.22] Channel Created on: 6:53 PM 1/29/2010
[06:48.40] Channel URL is ＋＋https://j.mp/72ZKFnZ，，
[06:49.31] * Alucard__ (~chatzilla@108-64-84-185.lightspeed.tukrga.sbcglobal.net) has joined channel ##science
[06:56.18] * curiousguy13 (~curiousgu@120.59.226.80) Quit (Ping timeout: 245 seconds)
[06:58.02] * bbbb2 (~bbbb@cpc15-newc13-2-0-cust741.16-2.cable.virginm.net) Quit (Quit: Nettalk6 - ＋＋www.ntalk.de，，)
[06:58.16] * Pyrotek (~pyrotek@c-50-141-140-211.hsd1.il.comcast.net) Quit (Quit: Leaving)
[06:58.19] * bbbb (~bbbb@cpc15-newc13-2-0-cust741.16-2.cable.virginm.net) has joined channel ##science
[07:00.29] * The_DarkKnight (~textual@c-73-183-240-153.hsd1.tx.comcast.net) has joined channel ##science
[07:08.24] * curiousguy13 (~curiousgu@120.59.229.150) has joined channel ##science
[07:15.52] * Macuser (~textual@unaffiliated/macuser) Quit (Quit: My MacBook Pro has gone to sleep. ZZZzzz…)
[07:17.04] * matthiaskrgr__ is now known as matthiaskrgr
[07:18.06] * Euthyphro (~Crito___@71.81.200.100) Quit (Quit: Leaving)
[07:23.29] * Kinky_Kitty (~Art@71-83-42-251.dhcp.dlth.mn.charter.com) has joined channel ##science
[07:28.12] * Kinky_Kitty (~Art@71-83-42-251.dhcp.dlth.mn.charter.com) Quit (Client Quit)
[07:28.34] * Kinky_Kitty (~Art@71-83-42-251.dhcp.dlth.mn.charter.com) has joined channel ##science
[07:29.13] * Macuser (~textual@unaffiliated/macuser) has joined channel ##science
[07:35.00] * every1ish4ting (~every1ish@80.202.20.229) Quit (Read error: Connection reset by peer)
[07:35.37] * every1ish4ting (~every1ish@229.80-202-20.nextgentel.com) has joined channel ##science
[07:38.36] * rumpel (~rumpel@61.172.49.44) Quit (Quit: Servus)
[07:38.36] * every1ish4ting (~every1ish@229.80-202-20.nextgentel.com) Quit (Read error: Connection reset by peer)
[07:39.39] * every1ish4ting (~every1ish@229.80-202-20.nextgentel.com) has joined channel ##science
[07:43.17] * every1ish4ting (~every1ish@229.80-202-20.nextgentel.com) Quit (Read error: Connection reset by peer)
[07:43.58] * Curious-Red (~hobocamp@c-98-211-34-217.hsd1.tn.comcast.net) has left ##science ()
[07:44.38] * every1ish4ting (~every1ish@80.202.20.229) has joined channel ##science
[07:47.11] * every1ish4ting (~every1ish@80.202.20.229) Quit (Read error: Connection reset by peer)
[07:47.48] * every1ish4ting (~every1ish@229.80-202-20.nextgentel.com) has joined channel ##science
[07:48.05] * every1ish4ting (~every1ish@229.80-202-20.nextgentel.com) Quit (Read error: Connection reset by peer)
[07:48.29] * Kinky_Kitty (~Art@71-83-42-251.dhcp.dlth.mn.charter.com) Quit (Ping timeout: 245 seconds)
[07:48.42] * every1ish4ting (~every1ish@80.202.20.229) has joined channel ##science
[07:50.02] * every1ish4ting (~every1ish@80.202.20.229) Quit (Read error: Connection reset by peer)
[07:50.38] * every1ish4ting (~every1ish@229.80-202-20.nextgentel.com) has joined channel ##science
[07:50.59] * every1ish4ting (~every1ish@229.80-202-20.nextgentel.com) Quit (Read error: Connection reset by peer)
[07:51.36] * every1ish4ting (~every1ish@229.80-202-20.nextgentel.com) has joined channel ##science
[07:53.16] * greenbagels_ (~gb@cpe-24-93-214-22.neo.res.rr.com) Quit (Read error: Connection reset by peer)
[07:54.22] * every1ish4ting (~every1ish@229.80-202-20.nextgentel.com) Quit (Read error: Connection reset by peer)
[10:03.27] *** Server disconnected on irc.freenode.net
[11:50.07] * You have joined ##science
[11:50.07] Topic: Welcome to the science channel! | Rules: ＋＋https://is.gd/dD2F3B，， | Topics that are welcome: astronomy/biology/botany/chemistry/computers/ecology/engineering/geology/logic/mathematics/oceanography/physics/zoology plus some social sciences | Please visit our sister channels, ##weather & ##news
[11:50.07] Channel Topic Set by: yano on 1:37 AM 11/1/2014
[11:50.07] Channel URL is ＋＋https://j.mp/72ZKFnZ，，
[11:50.08] Channel modes for ##science are :+CFntf ##science-ops
[11:50.08] Channel Created on: 6:53 PM 1/29/2010
[11:51.04] * bbbb (~bbbb@cpc15-newc13-2-0-cust741.16-2.cable.virginm.net) Quit (Ping timeout: 276 seconds)
[11:55.42] <+CarlSagan> [RSOE EDIS - Disaster Information] Snow Storm - Asia - Turkey ＋＋https://j.mp/1zwwVvg，， 2015-02-22T04:51:42
[11:55.42] <+CarlSagan> [RSOE EDIS - Disaster Information] Avalanche - Europe - Switzerland ＋＋https://j.mp/1zwwTn3，， 2015-02-22T04:49:43
[11:55.49] * Krumar (~Krumar@unaffiliated/krumar) Quit (Quit: Ex-Chat)
[11:56.22] * darwin (d@206.63.237.146) Quit (Ping timeout: 264 seconds)
