Session Start: Thu Mar 19 02:29:20 2015
Session Ident: ##windows
[02:29.20] * You have joined ##windows
[02:29.21] Topic: MS Windows Support and Discussion. Keep it polite, reasonable, constructive. || Guidelines: ＋＋http://www.freenode-windows.org/channel-guidelines，， || Server? ##windows-server || Offtopic? /msg alis list *social* || Windows Phone? ##windows-phone || Windows 10 ＋＋http://www.freenode-windows.org/resources/windows-10，，
[02:29.21] Channel Topic Set by: sepeck on 8:30 PM 10/1/2014
[02:29.22] Channel modes for ##windows are :+CPcntjf 3:45 ##windows-please-register
[02:29.22] Channel Created on: 7:11 PM 10/7/2005
[02:29.25] <viscera> futzhu: try ##asp.net
[02:29.50] <futzhu> viscera: ah thank you very much you save my life
[02:29.51] <dtscode> hey guys... im trying to remove all the viruses and adware from my brothers laptop, and i started with AdwareCleaner, and after it finished it the computer rebooted. now it cant boot to... mother of fucking god... never mind. it decided to work now that i asked for help
[02:32.55] * DGMurdockIII (~dgmurdock@c-73-168-14-247.hsd1.in.comcast.net) Quit (Quit: Leaving)
[02:33.19] * ob-sed (~obesd@unaffiliated/obesd) Quit (Read error: Connection reset by peer)
[02:42.18] * ariscop (~Phase4@ppp118-209-173-178.lns20.mel8.internode.on.net) has joined channel ##windows
[02:43.17] * fev3r101 (~fev3r101@116.251.214.209) Quit (Ping timeout: 252 seconds)
[02:43.44] * ToAruShiroiNeko (~White_Cat@wikimedia/ToAruShiroiNeko) Quit (Ping timeout: 245 seconds)
[02:45.39] * Bsony (~quassel@it3.easyholding.hu) has joined channel ##windows
[02:48.47] * ToAruShiroiNeko (~White_Cat@wikimedia/ToAruShiroiNeko) has joined channel ##windows
[02:49.04] * Tiger[0] (~Nicholas@199-96-206-93.fidnet.com) has joined channel ##windows
[02:49.04] * SiberianTiger (~Nicholas@199-96-206-93.fidnet.com) Quit (Killed (card.freenode.net (Nickname regained by services)))
[02:49.05] * Tiger[0] is now known as SiberianTiger
[02:51.41] * YaMoonSun_ (YaMoonSun@2602:306:cc58:e570:89f8:4df3:f861:464c) has joined channel ##windows
[02:51.53] * YaMoonSun (YaMoonSun@2602:306:cc58:e570:6443:5035:9ade:e435) Quit (Ping timeout: 256 seconds)
[02:53.37] * Huntyz (~Huntyz@82-69-144-126.dsl.in-addr.zen.co.uk) Quit (Quit: Huntyz)
[02:54.09] * Tech_Compute (49227766@gateway/web/freenode/ip.73.34.119.102) Quit (Ping timeout: 246 seconds)
[02:55.30] * as2 (~androirc@202.166.23.80) has joined channel ##windows
[02:56.47] <as2> Hmm
[02:57.01] * dtscode (~dtscode@174-134-25-153.res.bhn.net) has left ##windows (("Leaving"))
[02:57.19] <as2> Is it normal for Windows OOBE to take a long time to set up my PC?
[02:58.03] * pm001 (~pm0001@212.6.182.1) has joined channel ##windows
[02:58.26] <as2> I'm currently installing Windows 10 (Build 10041) and the setup is stuck at 3% (8% Setting Up)
[03:00.30] * WifiBrain (brain@cortex.brainbox.cc) has joined channel ##windows
[03:01.50] <as2> I wonder what the problem is
[03:02.43] * YaMoonSun_ (YaMoonSun@2602:306:cc58:e570:89f8:4df3:f861:464c) Quit (Read error: Connection reset by peer)
[03:04.12] *** Server disconnected on irc.freenode.net
