Session Start: Sun Mar 01 07:38:20 2015
Session Ident: #archpony
[07:38.20] * You have joined #archpony
[07:38.22] Channel modes for #archpony are :+nt
[07:38.22] Channel Created on: 6:29 PM 10/10/2013
[07:40.41] * zz_Nullestia (~Alice@78.30.216.232) has joined channel #archpony
[07:40.41] * zz_monocle (~bob@78.30.216.232) has joined channel #archpony
[07:41.10] * Octy (~Octy@78.30.216.232) has joined channel #archpony
[07:42.01] * xelbot (~limnoria@78.30.216.232) has joined channel #archpony
[10:14.35] <Octavia_Melody> Ого сколько народу
[10:14.54] <Octavia_Melody> Это реальный alltohether 
[10:15.01] <Octavia_Melody> *g 
[10:15.15] <Namefag_S> вот так бывает, когда монокли колдуют с знц
[10:20.17] <Octavia_Melody> Вот только его самого не хватает
[10:32.23] <CodeLicker> 2 Nullestias?
[10:32.44] <Namefag_S> and 2 octyes
[10:40.13] <CodeLicker> Rename xelbot to zz_Rainb.
[10:40.21] <CodeLicker> So that we have 2 Rainbs.
[11:45.22] <Nullestia> лол
[01:23.10] * zz_monocle is now known as monocle
[01:24.53] * xelbot is now known as zz_CodeLicker
[01:26.00] <monocle> 1 марта же, что вы как не пони.
[01:37.58] * monocle is now known as zz_monocle
[01:44.10] * zz_monocle is now known as monocle
[01:53.37] * monocle is now known as zz_monocle
[02:02.26] * zz_monocle is now known as monocle
[02:22.08] * monocle is now known as zz_monocle
[02:22.16] * zz_monocle is now known as monocle
[02:22.53] <monocle> Найем, я для тебя кактус подобрал.
[02:23.08] <monocle> !google lophophora williamsii
[02:23.09] <zz_CodeLicker> monocle: Peyote - Wikipedia, the free encyclopedia: <＋＋http://en.wikipedia.org/wiki/Peyote，，>; Erowid Peyote (Lophophora williamsii) Vault: <＋＋https://www.erowid.org/plants/peyote/peyote.shtml，，>; Peyote (Lophophora williamsii) cactus - Azarius: <＋＋http://azarius.net/smartshop/live_plants/peyote_cactus1/，，>
[02:23.14] <Namefag_S> он неприхотлив в обслуживании?
[02:23.24] <monocle> Вот этот ищи.
[02:24.05] <monocle> Эээ.. прихотлив. Зато в персперктиве поможет бросить спайсы.
[02:24.28] <Namefag_S> блин
[02:24.35] <Namefag_S> придется завести тян для обслуживания кактуса
[02:25.27] <Namefag_S> >Известен, прежде всего, благодаря веществу мескалин, содержащемуся в мякоти стеблей дикорастущих лофофор
[02:25.28] <Namefag_S> ох ю
[02:28.33] <monocle> Самый неприхотливый это эхинопсис, можно месяцами не поливать. Детки его вообще уже почти год у меня лежат сухие в банке и не вмирають.
[02:29.37] <monocle> Правда, летом солнце нужно, чтобы рос нормально. Если в относительной тесноте начать поливать, то вытягивается в сосиску.
[02:30.08] <monocle> Так что надо окошко южное/восточное
[02:30.19] <Namefag_S> а у меня с этим проблема вот
[02:31.27] <monocle> Все окна на север? Живёшь на южном полюсе, лел?
[02:31.40] <Namefag_S> не
[02:31.45] <Namefag_S> у меня просто рядом дом построили
[02:31.49] <Namefag_S> много солнца загораживает
[02:33.31] <monocle> Собаки.
[02:34.03] * Nullestia (~Alice@84.237.55.170) Quit (Quit: Leaving)
[02:46.56] * Nullestia (~Alice@84.237.55.170) has joined channel #archpony
[02:47.09] * Nullestia (~Alice@84.237.55.170) Quit (Client Quit)
[02:53.23] <monocle> >тесноте
[02:53.27] <monocle> Темноте же
[02:54.03] * monocle is now known as zz_monocle
[03:26.09] <Namefag_S> снов, полуночники
[03:26.15] <Namefag_S> завтра на работу, ложитесь спат
[03:26.17] * Namefag_S (~Namef@91.242.40.150) Quit (Quit: Leaving)
[03:35.22] <Octavia_Melody> Снов всем
[03:35.23] * Octavia_Melody (~Octavia_M@213.137.244.64) Quit (Quit: :tiuQ)
[04:00.42] * zz_monocle is now known as monocle
[04:19.51] * monocle is now known as zz_monocle
[04:20.30] * zz_monocle is now known as monocle
[04:35.28] * CodeLicker (~CodeLicke@187.113.40.121) Quit (Read error: Connection reset by peer)
[04:59.24] * monocle is now known as zz_monocle
[06:34.00] *** Server disconnected on irc.freenode.net
[07:54.41] * You have joined #archpony
[07:54.42] Channel modes for #archpony are :+nt
[07:54.42] Channel Created on: 6:29 PM 10/10/2013
[07:59.11] *** Server disconnected on irc.freenode.net
[09:05.51] * You have joined #archpony
[09:05.52] Channel modes for #archpony are :+nt
[09:05.52] Channel Created on: 6:29 PM 10/10/2013
[10:08.48] * Octy is now known as Octavia_Melody
[10:15.26] * zz_Nullestia is now known as Nullestia
[10:18.15] * Nullestia is now known as zz_Nullestia
[10:27.59] * zz_Nullestia is now known as Nullestia
[11:07.38] * Nullestia is now known as zz_Nullestia
