Session Start: Fri Feb 27 05:16:28 2015
Session Ident: #archpony
[05:16.28] * You have joined #archpony
[05:16.29] Channel modes for #archpony are :+nt
[05:16.29] Channel Created on: 6:29 PM 10/10/2013
[05:19.46] <Namefag_S> Raonb!
[05:19.55] <Namefag_S> Raunb!
[05:19.59] <Namefag_S> fu...
[05:20.03] <Namefag_S> Rainb!**
[05:53.55] <Rainb> Namefag_S: sorry
[05:53.59] <Rainb> math is 2hard
[05:54.26] <Namefag_S> I know...
[05:55.41] <Namefag_S> I was not pass exam of mathematic in high school %)
[05:56.00] <Namefag_S> And in univercity too
[06:00.04] --z0kk-- logged in with account (z0kk)
[06:01.46] --Wasped-- logged in with account (Wasped)
[06:03.35] --Voovode-- logged in with account (VooVodE)
[06:14.23] <Nullestia> таки колледж
[06:14.30] <Nullestia> а не универсальный город
[06:23.14] <Namefag_S> А как у них ВУЗы называются?
[06:38.34] <Nullestia> college
[06:59.12] <Rainb> I am in college
[06:59.16] <Rainb> no time for anything
[06:59.19] <Rainb> ANYTHING
[08:15.00] *** Server disconnected on irc.freenode.net
