Session Start: Sat Feb 21 12:36:45 2015
Session Ident: #archpony
[12:36.45] * You have joined #archpony
[12:36.45] Topic: cthulhu fhtagn r'lyeh wgah nagl
[12:36.45] Channel Topic Set by: Nullestia on 5:54 PM 2/12/2015
[12:36.45] Channel modes for #archpony are :+nt
[12:36.45] Channel Created on: 6:29 PM 10/10/2013
[12:38.39] <mono[pills]> РАИНБ!!!!!!
[12:38.49] * mono[pills] hugs Rainb
[12:45.42] <mono[pills]> зашёл и молчит
[12:45.49] <mono[pills]> зачем тогда заходить надо было
[04:36.15] *** Server disconnected on irc.freenode.net
[06:48.21] * You have joined #archpony
[06:48.21] Topic: cthulhu fhtagn r'lyeh wgah nagl
[06:48.21] Channel Topic Set by: Nullestia on 5:54 PM 2/12/2015
[06:48.22] Channel modes for #archpony are :+nt
[06:48.22] Channel Created on: 6:29 PM 10/10/2013
[06:58.15] <Rainb> mono[sleep]: ayy
[06:58.19] --bbbb-- logged in with account (bbbb)
[06:59.11] <Rainb> mono[sleep]: sorry for dying
[07:00.28] --The_DarkKnight-- logged in with account (The_DarkKnight)
[10:03.27] *** Server disconnected on irc.freenode.net
[11:50.07] * You have joined #archpony
[11:50.07] Topic: cthulhu fhtagn r'lyeh wgah nagl
[11:50.07] Channel Topic Set by: Nullestia on 5:54 PM 2/12/2015
[11:50.08] Channel modes for #archpony are :+nt
[11:50.08] Channel Created on: 6:29 PM 10/10/2013
