Session Start: Wed Mar 18 04:40:03 2015
Session Ident: #archpony
[04:40.03] * You have joined #archpony
[04:40.03] Topic: In Memoria Qui Dedit Semper Risus. Terry Pratchett 12.03.2015
[04:40.03] Channel Topic Set by: Nullestia on 1:38 PM 3/13/2015
[04:40.05] Channel modes for #archpony are :+nt
[04:40.05] Channel Created on: 6:29 PM 10/10/2013
[04:44.16] <Namefague> Galaxy S6 EDGE
[04:44.28] <Namefague> Главная фишка - гнутый экран
[04:44.40] <Namefague> Где вынесены пара кнопок на бока
[04:44.46] <Namefague> Что за ересь -_-
[04:49.38] --Rollabunna-- logged in with account (Rollabunna)
[04:50.36] --pi--- logged out of account
[05:03.35] --n008f4g_-- logged in with account (n008f4g_)
[05:06.13] --Psychiatrist-- logged in with account (Psychiatrist)
[05:06.48] --Jan\-- logged in with account (john777)
[05:13.39] <Nullestia> под форму крупа?
[05:13.53] <Nullestia> типа зачем гнуть айфон если можно уже погнутый выпускать?
[05:15.52] <Namefague> Не совсем
[05:16.07] <Namefague> Там экран на бок телефона вылезает
[09:39.29] *** Server disconnected on irc.freenode.net
