Session Start: Fri Mar 06 04:21:17 2015
Session Ident: #archpony
[04:21.17] * You have joined #archpony
[04:21.19] Channel modes for #archpony are :+nt
[04:21.19] Channel Created on: 6:29 PM 10/10/2013
[04:27.34] * Octavia_Melody (~Octavia_M@213.137.244.180) has joined channel #archpony
[07:43.30] <Octavia_Melody> Мне не даёт покоя мысль, что бедный монокль сидит без света
[07:48.10] <Nullestia> ＋＋http://www.youtube.com/watch?v=yLFb1EbacH8，， лел топгир игру выпустила
[07:48.16] <Nullestia> их знаменитую трассу поездить на машинках
[08:22.14] * Namefague (~AndChat19@83.149.35.5) Quit (Ping timeout: 252 seconds)
[08:23.05] * Namefague (~AndChat19@83.149.35.5) has joined channel #archpony
[08:23.09] <Nullestia> писят долларов эт сколько в рублях по сёдняшнему курсу?
[08:24.15] <Nullestia> лол они охерели
[08:24.22] <Nullestia> стиммашины в 12ти формах выпускают
[08:24.24] <Nullestia> от разных разрабов
[08:24.28] <Nullestia> это ж что за фривольность такая
[08:24.38] <Nullestia> даже 16
[08:26.16] <Nullestia> хммм
[08:26.21] <Nullestia> 3к рублей за паровой геймпад
[08:26.23] <Nullestia> стои того?
[08:27.19] * Namefague (~AndChat19@83.149.35.5) Quit (Client Quit)
[08:40.25] * Namefag_S (~Namef@91.242.40.150) has joined channel #archpony
[08:46.39] <Namefag_S> >Пять ты́сяч рубле́й (5000 рубле́й) — денежная купюра, характерная для периода обесценивания рубля, гиперинфляции либо относительно низкого номинального курса рубля относительно мировых валют.
[08:46.42] <Namefag_S> ай-да википедия
[08:46.59] <Namefag_S> тремя терминами бинго поймала
[01:00.25] *** Server disconnected on irc.freenode.net
[01:00.28] *** Server disconnected on irc.freenode.net
[07:52.48] * You have joined #archpony
[07:52.49] Channel modes for #archpony are :+nt
[07:52.49] Channel Created on: 6:29 PM 10/10/2013
