Session Start: Sun Mar 01 07:38:20 2015
Session Ident: #economy
[07:38.20] * You have joined #economy
[07:38.22] Channel modes for #economy are :+cnt
[07:38.22] Channel Created on: 9:21 PM 1/27/2010
[08:25.46] * expo873 (uid11626@gateway/web/irccloud.com/x-csvcjnoikrerajsa) Quit (Quit: Connection closed for inactivity)
[01:28.07] * FAMAS (67fa47c8@gateway/web/freenode/ip.103.250.71.200) has joined channel #economy
[01:28.15] * FAMAS (67fa47c8@gateway/web/freenode/ip.103.250.71.200) has left #economy ()
[02:43.56] * Mathgeekvx (Mathgeekvx@c-d6a571d5.123-3-64736c10.cust.bredbandsbolaget.se) has joined channel #economy
[02:43.58] * Mathgeekvx (Mathgeekvx@c-d6a571d5.123-3-64736c10.cust.bredbandsbolaget.se) has left #economy ()
[05:04.27] * expo873 (uid11626@gateway/web/irccloud.com/x-egxosfflwqfulxnn) has joined channel #economy
[06:34.00] *** Server disconnected on irc.freenode.net
[07:54.41] * You have joined #economy
[07:54.42] Channel modes for #economy are :+cnt
[07:54.42] Channel Created on: 9:21 PM 1/27/2010
[07:59.11] *** Server disconnected on irc.freenode.net
[09:05.51] * You have joined #economy
[09:05.52] Channel modes for #economy are :+cnt
[09:05.52] Channel Created on: 9:21 PM 1/27/2010
[09:15.59] * expo873 (uid11626@gateway/web/irccloud.com/x-egxosfflwqfulxnn) Quit ()
