Session Start: Thu Mar 19 02:30:27 2015
Session Ident: #learnprogramming
[02:30.27] * You have joined #learnprogramming
[02:30.28] Topic: A newbie-friendly programming channel | Don't ask to ask, just describe your problem and post code to ＋＋http://bpaste.net，， , ＋＋http://gist.github.com，， , or ＋＋http://ideone.com，， | Direct off-topic banter to #lpmc | See our community projects at ＋＋http://github.com/LearnProgramming，， | Visit our friends at ＋＋http://www.reddit.com/r/learnprogramming，，
[02:30.28] Channel Topic Set by: darkf!~darkf___@unaffiliated/darkf on 5:49 AM 1/15/2015
[02:30.28] --ChanServ-- [#regex] Please use ＋＋http://regex101.com/，， to test your regular expressions and when you post examples.
[02:30.28] --ChanServ-- [#friendly-coders] If you want help, _wait_ for an answer. | "Help make it fun." | Please stay on-topic ;)
[02:30.28] Channel modes for #learnprogramming are :+nt
[02:30.28] Channel Created on: 3:35 AM 3/13/2011
[02:31.07] * AndyRez_ (~andyrez@gateway/vpn/privateinternetaccess/andyrez) has joined channel #learnprogramming
[02:31.22] --b3h3m0th-- logged in with account (b3h3m0th)
[02:33.18] * AndyRez (~andyrez@41.67.137.60) Quit (Ping timeout: 245 seconds)
[02:34.39] * dyleted (~dyleted@ip98-165-73-29.ph.ph.cox.net) has joined channel #learnprogramming
[02:34.56] * muffinkins (~muffinkin@unaffiliated/muffinkins) Quit (Quit: Textual IRC Client: ＋＋www.textualapp.com，，)
[02:35.41] * rubyrubyruby (~ruby@cpe-158-222-162-7.nyc.res.rr.com) Quit (Ping timeout: 246 seconds)
[02:41.07] * msmj1 (~doofie@dslb-188-097-189-005.188.097.pools.vodafone-ip.de) has joined channel #learnprogramming
[02:41.50] * zadock (~zadock@muscalu.tuiasi.ro) has joined channel #learnprogramming
[02:44.52] * msmj (~doofie@dslb-188-097-189-005.188.097.pools.vodafone-ip.de) Quit (Ping timeout: 264 seconds)
[02:47.39] * night-owl (~textual@cpe-108-176-152-72.nyc.res.rr.com) Quit (Quit: My Mac has gone to sleep. ZZZzzz…)
[02:47.40] * Walkerdine_ (~Walkerdin@2601:4:4000:159a:db2:9fb7:a02e:5d0e) Quit (Ping timeout: 265 seconds)
[02:48.58] * zeRez (~zeRez@93.129.241.240) has joined channel #learnprogramming
[02:49.32] * rubyrubyruby (~ruby@cpe-158-222-162-7.nyc.res.rr.com) has joined channel #learnprogramming
[02:53.10] * dstrunin (~dimeetree@162.218.22.242) Quit (Ping timeout: 256 seconds)
[03:00.18] * DSALNASS (~DSALNASS_@149-169-142-97.nat.asu.edu) has joined channel #learnprogramming
[03:02.55] * Seacow (~Seacow@unaffiliated/seacow) has joined channel #learnprogramming
[03:04.13] *** Server disconnected on irc.freenode.net
