Session Start: Fri Mar 06 09:34:56 2015
Session Ident: #programming-wars
[09:34.56] * You have joined #programming-wars
[09:34.56] Channel modes for #programming-wars are :+ns
[09:34.56] Channel Created on: 2:34 AM 3/7/2015
[09:34.57] <@plzburger> have at it
[09:34.57] <@fear> danke
[09:34.59] * plzburger sets mode +o Rainb for #programming-wars
[09:35.08] * Rainb changes topic to: php suks
[09:35.09] <@_blizzy_> thanks, plzburger.
[09:35.12] <@plzburger> D:<
[09:35.21] --dantarion-- logged in with account (dantarion)
[09:35.28] <@plzburger> wot be dis?!?
[09:35.34] <Rainb> Fear spreche Deutsch?
[09:35.36] <Rainb> Ach mein gott.
[09:35.42] <Rainb> Ich spreche keine deutsch
[09:35.46] <@plzburger> >.>
[09:35.46] <@fear> Rainb a little, not much.
[09:35.52] <@fear> Russkyi
[09:35.52] <@fear> a lot
[09:35.56] <@fear> world war 3?
[09:36.35] <Rainb> я не понимаю по русский
[09:36.42] <@plzburger>  
[09:36.53] <Rainb> аии лмао
[09:37.22] <@fear> so ein mist
[09:37.28] <Rainb> This is a language war
[09:37.35] <Rainb> German is best language.
[09:37.48] * fear is now known as asphyxxia
[09:37.54] --asphyxxia-- logged in with account (asphyxxia)
[09:37.58] * ChanServ sets mode -s+tc  for #programming-wars
[09:38.14] * Rainb changes topic to: php sucks, German is the superior language
[09:38.27] * asphyxxia is now known as fear
[09:38.52] <@plzburger> you forgot to add the hitler part
[09:39.15] <Rainb> heil
[09:39.20] <@plzburger> hitler!
[09:39.50] <@fear> Hairu hitrah
[09:40.07] <@fear> !deop Rainb ADMIT THAT RUSSIAN STRONK
[09:40.12] <@fear> wtf
[09:40.14] <@fear> !deop Rainb
[09:40.16] <@fear> oh
[09:40.20] * fear is now known as asphyxxia
[09:40.28] <@asphyxxia> !deop Rainb
[09:40.30] <@asphyxxia> wtf
[09:40.40] <@asphyxxia> I AM FROM SNOONET
[09:40.45] <Rainb> SNOONET?
[09:40.50] <Rainb> is that a russian irc
[09:40.54] <Rainb> can ijoin
[09:40.56] <@asphyxxia> Rainb Reddit
[09:40.57] <@asphyxxia> sure
[09:40.58] <Rainb> oh
[09:41.00] <@asphyxxia> irc.snoonet.org
[09:41.13] <@asphyxxia> #reddit, #android, #linux, #casualconversations
[09:41.16] <@asphyxxia> are the most active
[09:41.18] <@asphyxxia> oh and #games
[09:41.19] <@plzburger> Ò.ó
[09:41.21] <@asphyxxia> I'm fear there
[09:41.31] <@plzburger> i'm burger.
[09:42.27] * asphyxxia sets mode -o Rainb for #programming-wars
[09:42.29] <@asphyxxia> ADMIT
[09:42.31] <@asphyxxia> RUSSSIAN
[09:42.34] <@asphyxxia> STRONK
[09:42.36] <@asphyxxia> ya fascist
[09:42.39] <@asphyxxia> Rainb
[09:42.40] <@asphyxxia> :P
[09:43.02] <@asphyxxia> @op Rainb
[09:43.04] <@asphyxxia> jesus
[09:43.07] <@asphyxxia> I keep using shortcuts
[09:43.12] * plzburger sets mode +o Rainb for #programming-wars
[09:43.15] <@plzburger> ¿
[09:43.20] <@asphyxxia> Noice
[09:43.23] <Rainb> do you think
[09:43.28] <Rainb> hitler did nothing wrong?
[09:43.34] <@asphyxxia> Hitler was amazing
[09:43.37] <@asphyxxia> Hail hitrah
[09:43.40] <@asphyxxia> He killed hitler
[09:43.54] <Rainb> asphyxxia
[09:43.56] <Rainb>  #casualconversations
[09:43.59] <Rainb> doesn't exist
[09:44.02] <Rainb> is ded
[09:44.05] <@asphyxxia> #casualconversation
[09:44.06] <@asphyxxia> not s
[09:44.09] <@asphyxxia> Rainb
[09:44.31] <@plzburger> stalker! D:
[09:45.10] <Rainb> Okay I am thither
[09:45.36] <@plzburger> i am hither where is hitler
[09:46.13] <@asphyxxia> !flags
[09:46.24] <@plzburger> RWB
[09:47.13] * ChanServ sets mode -o Rainb for #programming-wars
[09:56.31] * asphyxxia sets mode -o asphyxxia for #programming-wars
[09:58.35] * ChanServ sets mode +o asphyxxia for #programming-wars
[09:58.39] * asphyxxia changes topic to: Start Language wars, Russian is best, Rainb disagrees.
[09:58.44] * ChanServ sets mode -o asphyxxia for #programming-wars
[09:58.53] <@plzburger> lol
[09:59.14] <Rainb> lol
[09:59.27] <asphyxxia> we need moar people for wars
[09:59.29] <asphyxxia> and stuff
[10:03.42] <Rainb> advertise it
[10:04.10] <asphyxxia> Rainb where?
[10:07.01] <Rainb> Hmm
[10:07.02] <Rainb> HMMM
[10:07.04] <Rainb> HMMMM
[10:07.11] <Rainb> reddit
[10:09.35] <asphyxxia> ....fein
[10:13.56] <Rainb> or 4chan
