Session Start: Mon Feb 16 12:05:12 2015
Session Ident: #Rainb
[12:05.12] --levite--- logged in with account (dubrock)
[12:08.48] --pcg-- logged in with account (personalcomputer)
[12:36.05] --nicksydney-- logged in with account (NickSydney)
[12:36.13] --struktured-- logged in with account (struktured)
[12:46.18] --tarkus-- logged in with account (tarkus)
[12:53.13] --jsheldon-- logged in with account (jsheldon)
[01:08.09] --fergus-- logged in with account (fergus)
[01:11.10] --mnfst-- logged in with account (mnfst)
[01:14.40] --hecatonicosachor-- logged in with account (Sacho)
[01:19.13] --a3Dman-- logged in with account (a3Dman)
[01:36.04] --hrumph-- logged in with account (Hrumph)
[01:41.48] --fergus-- logged in with account (fergus)
[01:50.12] --t0by-- logged in with account (T0by)
[01:52.45] --ystael-- logged in with account (ystael)
[01:54.40] --merzo-- logged in with account (merzo)
[02:00.41] * duckrabbit (~duckrabbi@pool-108-38-111-90.lsanca.dsl-w.verizon.net) Quit (Read error: Connection reset by peer)
[02:09.08] --Yordan89-- logged in with account (Yordan89)
[02:13.42] --suvidu-- logged in with account (suvidu)
[02:29.02] --pedro3005-- logged in with account (pedro3005)
[02:45.51] --hanshenrik_-- logged in with account (Hans_Henrik)
[02:50.04] --pawnda-- logged in with account (pawnda)
[03:02.26] --_kmh_-- logged in with account (_kmh_)
[03:11.26] --razieliyo-- logged in with account (razieliyo)
[03:14.04] --Nazral-- logged in with account (Tyruiop)
[03:15.53] --STumbles-- logged in with account (sstumbles)
[03:18.53] --dan64-- logged in with account (dan64)
[03:24.42] --Platyp-- logged in with account (Platyp)
[03:26.38] --SecretFire-- logged in with account (SecretFire)
[03:35.35] --Bojack-- logged in with account (Bojack)
[03:36.24] --a3Dman-- logged in with account (a3Dman)
[03:47.06] --_1k5-- logged in with account (mdl)
[03:48.56] --oriba-- logged in with account (oriba)
[04:04.22] --JoeHazNull-- logged in with account (JoeHazNull)
[04:08.54] --Pr0x1mu5-- logged in with account (Pr0x1mu5)
[04:10.24] --chenxiaop-- logged in with account (ChenXiaoP)
[04:20.29] --olspookishmagus-- logged in with account (olspookishmagus)
[04:24.30] --gar_onn-- logged in with account (Gar_onn)
[04:24.43] --abs25-- logged in with account (abs25)
[04:27.31] --Yordan89-- logged in with account (Yordan89)
[04:30.53] --johnflux-- logged in with account (JohnFlux)
[04:32.33] --Catuse-- logged in with account (Catuse)
[04:44.19] --ZoidbergWill-- logged in with account (ZoidbergWill)
[05:11.51] --gar_onn-- logged in with account (Gar_onn)
[05:12.15] --ess_tee_u-- logged in with account (flips_and_rails)
[05:15.26] --a3Dman-- logged in with account (a3Dman)
[05:27.26] --akar-- logged in with account (akar)
[05:27.27] --osoba-- logged in with account (osoba)
[05:30.47] --ystael-- logged in with account (ystael)
[05:31.31] --TgMts-- logged in with account (TgMts)
[05:34.08] --roolo-- logged in with account (roolo)
[05:38.30] --hgf-- logged in with account (hgf)
[05:41.16] --Mia-- logged in with account (Mia)
[05:42.35] --Appleman1234-- logged in with account (Appleman1234)
[05:47.03] --chenxiaop-- logged in with account (ChenXiaoP)
[05:49.09] --GeDaMo-- logged in with account (GeDaMo)
[05:50.45] --Mia-- logged in with account (Mia)
[05:58.32] --chenxiaop-- logged in with account (ChenXiaoP)
[06:05.27] --rettaw-- logged in with account (Rettaw)
[06:14.31] --a3Dman-- logged in with account (a3Dman)
[06:18.14] --zex-- logged in with account (zex)
[06:20.09] --akar-- logged in with account (akar)
[06:27.40] --akar-- logged in with account (akar)
[06:51.26] --ShawQ-- logged in with account (ShawQ)
[06:56.17] --Skapadapaduu-- logged in with account (Skapadapaduu)
[06:57.53] --nomic-- logged in with account (nomic)
[07:01.46] --Guest61553-- logged in with account (ldunn)
[07:02.53] --TheBeerinator-- logged in with account (TheBeerinator)
[07:04.23] --gar_onn-- logged in with account (Gar_onn)
[07:07.20] --nikio_-- logged in with account (nikio_)
[07:08.32] --wlczkun-- logged in with account (wlcz)
[07:11.49] --akar-- logged in with account (akar)
[07:13.17] --Zupoman-- logged in with account (Zupoman)
[07:19.52] --ystael-- logged in with account (ystael)
[07:22.15] --Kussie-- logged in with account (Kussie)
[07:23.37] --vocodork-- logged in with account (vocodork)
[07:27.11] --matt|home-- logged in with account (matt|home)
[07:28.48] --akar-- logged in with account (akar)
[07:42.51] --akar-- logged in with account (akar)
[07:43.15] --squeakytoy-- logged in with account (squeakytoy)
[07:45.02] --ArchRogem-- logged in with account (ArchRogem)
[07:45.30] --Speed`-- logged in with account (Speed`)
[07:50.20] --massless-- logged in with account (massless)
[07:51.58] --Haudegen-- logged in with account (haudegen)
[07:52.01] --absof25-- logged in with account (abs25)
[08:00.42] --VaticanCameos-- logged in with account (VaticanCameos)
[08:05.13] --awestroke-- logged in with account (Heisenmink)
[08:06.43] --Pyrotek-- logged in with account (Pyrotek)
[08:10.21] --cameronfr-- logged in with account (cameronfr)
[08:19.26] --akar-- logged in with account (akar)
[08:21.01] --bildramer-- logged in with account (bildramer)
[08:22.45] --CapsAdmin-- logged in with account (CapsAdmin)
[08:34.28] --pecorade-- logged in with account (pecorade)
[08:35.01] --lsv-- logged in with account (lsv)
[08:37.46] --Haudegen-- logged in with account (haudegen)
[08:40.45] --staafl-- logged in with account (staafl)
[08:41.01] --staafl-- logged in with account (staafl)
[08:43.59] --Flerb-- logged in with account (Willdude123)
[08:49.34] --Hounddog-- logged in with account (hounddog)
[08:53.09] --triyo-- logged in with account (triyo)
[08:57.47] --lukaramu-- logged in with account (lukaramu)
[08:59.09] --jiriki-- logged in with account (jiriki)
[09:07.36] --ystael-- logged in with account (ystael)
[09:20.30] --cerebrum-- logged in with account (cerebrum)
[09:28.57] --WaffleZ-- logged in with account (WaffleZ)
[09:29.13] --Jinxed--- logged in with account (jinxed-)
[09:30.43] --d0nkeyBOB-- logged in with account (d0nkeyBOB)
[09:30.59] --darsie-- logged in with account (darsie)
[09:31.23] --Guest67070-- logged in with account (daynaskully)
[09:35.11] --komarov-- logged in with account (komarov)
[09:45.45] --eyvindandersen-- logged in with account (EyvindAndersen)
[09:47.31] --_Atom_-- logged in with account (_Atom_)
[09:54.19] --PigFlu-- logged in with account (pigflu)
[09:57.46] --it0a-- logged in with account (it0a)
[10:09.19] --km00000-- logged in with account (km00000)
[10:14.08] --anthrnm-- logged in with account (anthrnm)
[10:17.57] --eyvindandersen-- logged in with account (EyvindAndersen)
[10:19.32] --nomic-- logged in with account (nomic)
[10:19.56] --kenjKage-- logged in with account (kenjKage)
[10:25.15] --Tor_-- logged in with account (Tor__)
[10:31.16] --pawnda-- logged in with account (pawnda)
[10:41.54] --abs25-- logged in with account (abs25)
[10:42.59] --visof-- logged in with account (visof)
[10:55.05] --a3Dman-- logged in with account (a3Dman)
[10:56.29] --a3Dman-- logged in with account (a3Dman)
[10:56.31] --ystael-- logged in with account (ystael)
[10:58.40] --absof25-- logged in with account (abs25)
[11:03.50] --ChamplooLaptop-- logged in with account (ChamplooLaptop)
[11:16.44] --ceacy-- logged in with account (ceacy)
[11:19.12] --Haudegen-- logged in with account (haudegen)
[11:25.06] --_Atom_-- logged in with account (_Atom_)
[11:40.23] --blight-- logged in with account (blight__)
[11:44.06] --map-- logged in with account (maphry)
[11:58.42] * duckrabbit (~duckrabbi@128.54.182.252) has joined channel #Rainb
[12:04.03] --eyvindandersen-- logged in with account (EyvindAndersen)
[12:04.22] --xeno_-- logged in with account (xeno_)
[12:06.33] --danielfilho-- logged in with account (danielfilho)
[12:26.01] * ChanServ (ChanServ@services.) Quit (*.net *.split)
[12:26.18] * duckrabbit (~duckrabbi@128.54.182.252) Quit (*.net *.split)
[12:31.57] * duckrabbit (~duckrabbi@128.54.182.252) has joined channel #Rainb
[12:31.57] * ChanServ (ChanServ@services.) has joined channel #Rainb
[12:31.57] * asimov.freenode.net sets mode +o ChanServ    for #Rainb
[12:32.20] --NickServ-- This nickname is registered. Please choose a different nickname, or identify via /msg NickServ identify <password>.
[12:40.46] --eyvindandersen-- logged in with account (EyvindAndersen)
[12:46.11] --Dopagod-- logged in with account (b4rbz)
[12:48.56] --samsama-- logged in with account (samsama)
[12:50.46] --Catuse-- logged out of account
[12:51.22] --ystael-- logged in with account (ystael)
[12:58.00] --sqrt2_-- logged in with account (sqrt2)
[01:02.47] --NickParker-- logged in with account (NickParker)
[01:08.08] --dooshtuRabbit-- logged in with account (dooshtuRabbit)
[01:13.33] --squeakytoy-- logged in with account (squeakytoy)
[01:13.48] --squeakytoy-- logged in with account (squeakytoy)
[01:23.21] --_X_C_V_B_-- logged in with account (googolplexking)
[01:35.01] --ystael-- logged in with account (ystael)
[01:35.29] --ChamplooLaptop-- logged in with account (ChamplooLaptop)
[01:37.24] --fdd-- logged in with account (fdd)
[01:37.42] --Lancien-- logged in with account (Lancien)
[01:42.24] --nomic-- logged in with account (nomic)
[01:48.27] *** Server disconnected on irc.freenode.net
