Session Start: Fri Mar 06 04:21:17 2015
Session Ident: #science
[04:21.17] * You have joined #science
[04:21.17] Topic: you should be in ##science - please join us there
[04:21.17] Channel Topic Set by: unknown on 7:24 PM 5/29/2008
[04:21.19] Channel modes for #science are :+ntf ##science
[04:21.19] Channel Created on: 6:01 PM 1/16/2010
[06:30.43] * Arab_Aspie (uid48177@gateway/web/irccloud.com/x-dckvfpygjqmlifiw) Quit (Quit: Connection closed for inactivity)
[07:12.00] * Arab_Aspie (uid48177@gateway/web/irccloud.com/x-cegxbinwxpktynqs) has joined channel #science
[07:50.34] * mtakkman (~user@176.97.200.0) has joined channel #science
[08:03.45] * mtakkman (~user@176.97.200.0) Quit (Ping timeout: 244 seconds)
[08:18.45] * DragonPunch (~textual@CPE-70-92-146-217.wi.res.rr.com) has joined channel #science
[08:21.42] * DragonPunch (~textual@CPE-70-92-146-217.wi.res.rr.com) Quit (Client Quit)
[01:00.24] *** Server disconnected on irc.freenode.net
[01:00.27] *** Server disconnected on irc.freenode.net
[07:52.47] * You have joined #science
[07:52.47] Topic: you should be in ##science - please join us there
[07:52.47] Channel Topic Set by: unknown on 7:24 PM 5/29/2008
[07:52.49] Channel modes for #science are :+ntf ##science
[07:52.49] Channel Created on: 6:01 PM 1/16/2010
[08:04.43] * suzy (~suzy@unaffiliated/siouxsie) Quit (Remote host closed the connection)
[08:09.32] * guest75 (~veritas@112.198.77.28) has joined channel #science
[08:11.29] * guest75 (~veritas@112.198.77.28) has left #science (("Leaving"))
[08:13.16] * rhaydeo (adamstirta@2001:470:1f11:209::13) has joined channel #science
[08:13.24] * rhaydeo (adamstirta@2001:470:1f11:209::13) has left #science ()
[08:46.04] * suzy (~suzy@unaffiliated/siouxsie) has joined channel #science
[09:23.12] * Smatthew (~Smatthew@97-92-14-70.dhcp.stcd.mn.charter.com) has joined channel #science
[09:23.25] * Smatthew (~Smatthew@97-92-14-70.dhcp.stcd.mn.charter.com) Quit (Client Quit)
[09:23.48] * Captain_Crow (~raco@adsl-68-252-56-180.dsl.wotnoh.ameritech.net) has joined channel #science
[09:23.57] * Captain_Crow (~raco@adsl-68-252-56-180.dsl.wotnoh.ameritech.net) has left #science ()
