Session Start: Sun Feb 15 09:44:59 2015
Session Ident: #science
[09:44.59] * You have joined #science
[09:44.59] Topic: you should be in ##science - please join us there
[09:44.59] Channel Topic Set by: unknown on 7:24 PM 5/29/2008
[09:45.00] Channel modes for #science are :+ntf ##science
[09:45.00] Channel Created on: 6:01 PM 1/16/2010
[10:20.38] * Arab_Aspie (uid48177@gateway/web/irccloud.com/x-rdlsmvhbblbjysjs) Quit (Quit: Connection closed for inactivity)
[12:05.06] * Arab_Aspie (uid48177@gateway/web/irccloud.com/x-eznihfurzidlkxmm) has joined channel #science
[02:34.11] *** Server disconnected on irc.freenode.net
[04:07.38] * You have joined #science
[04:07.38] Topic: you should be in ##science - please join us there
[04:07.38] Channel Topic Set by: unknown on 7:24 PM 5/29/2008
[04:07.38] Channel modes for #science are :+ntf ##science
[04:07.38] Channel Created on: 6:01 PM 1/16/2010
[04:47.54] * mr_yogurt (~mr_yogurt@75-162-240-89.slkc.qwest.net) has joined channel #science
[04:47.57] * mr_yogurt (~mr_yogurt@75-162-240-89.slkc.qwest.net) has left #science (("Leaving"))
[04:50.54] * Arab_Aspie (uid48177@gateway/web/irccloud.com/x-eznihfurzidlkxmm) Quit (Quit: Connection closed for inactivity)
[05:26.26] * Arab_Aspie (uid48177@gateway/web/irccloud.com/x-kmiwdwxsjigjpihe) has joined channel #science
[07:10.31] * Jen (~Jen@cpc67573-brmb8-2-0-cust123.1-3.cable.virginm.net) has joined channel #science
[07:20.31] * Jen_ (~Jen@cpc67573-brmb8-2-0-cust123.1-3.cable.virginm.net) has joined channel #science
[07:23.35] * Jen (~Jen@cpc67573-brmb8-2-0-cust123.1-3.cable.virginm.net) Quit (Ping timeout: 255 seconds)
[08:51.20] * Arab_Aspie (uid48177@gateway/web/irccloud.com/x-kmiwdwxsjigjpihe) Quit (Quit: Connection closed for inactivity)
