Session Start: Sun Mar 01 07:38:20 2015
Session Ident: #science
[07:38.20] * You have joined #science
[07:38.20] Topic: you should be in ##science - please join us there
[07:38.20] Channel Topic Set by: unknown on 7:24 PM 5/29/2008
[07:38.22] Channel modes for #science are :+ntf ##science
[07:38.22] Channel Created on: 6:01 PM 1/16/2010
[10:24.30] * Jen (~Jen@cpc67573-brmb8-2-0-cust123.1-3.cable.virginm.net) Quit (Ping timeout: 252 seconds)
[11:59.59] * Arab_Aspie (uid48177@gateway/web/irccloud.com/x-toxloxsnrwpxhxzp) has joined channel #science
[02:54.07] * nemaona (~nemaona@93-138-66-67.adsl.net.t-com.hr) has joined channel #science
[03:19.14] * Jen (~Jen@cpc67573-brmb8-2-0-cust123.1-3.cable.virginm.net) has joined channel #science
[03:50.07] * nemaona (~nemaona@93-138-66-67.adsl.net.t-com.hr) Quit (Quit: leaving)
[04:07.46] * Arab_Aspie (uid48177@gateway/web/irccloud.com/x-toxloxsnrwpxhxzp) Quit ()
[04:35.24] * Arab_Aspie (uid48177@gateway/web/irccloud.com/x-gdfljnltlmxibzxk) has joined channel #science
[06:34.00] *** Server disconnected on irc.freenode.net
[07:54.41] * You have joined #science
[07:54.41] Topic: you should be in ##science - please join us there
[07:54.41] Channel Topic Set by: unknown on 7:24 PM 5/29/2008
[07:54.42] Channel modes for #science are :+ntf ##science
[07:54.42] Channel Created on: 6:01 PM 1/16/2010
[07:59.11] *** Server disconnected on irc.freenode.net
[09:05.51] * You have joined #science
[09:05.51] Topic: you should be in ##science - please join us there
[09:05.51] Channel Topic Set by: unknown on 7:24 PM 5/29/2008
[09:05.52] Channel modes for #science are :+ntf ##science
[09:05.52] Channel Created on: 6:01 PM 1/16/2010
