Session Start: Mon Feb 16 05:53:01 2015
Session Ident: #science
[05:53.01] * Arab_Aspie (uid48177@gateway/web/irccloud.com/x-lpbwcwcqarskqqpj) has joined channel #science
[11:37.14] * Pritchard__ (~Pritchard@71-46-80-15.res.bhn.net) has joined channel #science
[11:37.36] * Pritchard__ (~Pritchard@71-46-80-15.res.bhn.net) has left #science (("Leaving"))
[12:25.54] * fractal (~fractal@unaffiliated/scounder) Quit (*.net *.split)
[12:26.01] * ChanServ (ChanServ@services.) Quit (*.net *.split)
[12:26.01] * Jen_ (~Jen@cpc67573-brmb8-2-0-cust123.1-3.cable.virginm.net) Quit (*.net *.split)
[12:26.02] * brainsandbodies (~summer@dyelon.com) Quit (*.net *.split)
[12:26.06] * Arab_Aspie (uid48177@gateway/web/irccloud.com/x-lpbwcwcqarskqqpj) Quit (*.net *.split)
[12:26.12] * williamtdr (uid27909@gateway/web/irccloud.com/x-qszekuxmbixbcxlb) Quit (*.net *.split)
[12:26.12] * a1f (~user@199.83.60.61.static.nyinternet.net) Quit (*.net *.split)
[12:26.13] * emlow (~emlow@unaffiliated/emlow) Quit (*.net *.split)
[12:26.17] * dy (~dillon@dyelon.com) Quit (*.net *.split)
[12:31.59] * Arab_Aspie (uid48177@gateway/web/irccloud.com/x-lpbwcwcqarskqqpj) has joined channel #science
[12:31.59] * Jen_ (~Jen@cpc67573-brmb8-2-0-cust123.1-3.cable.virginm.net) has joined channel #science
[12:31.59] * fractal (~fractal@unaffiliated/scounder) has joined channel #science
[12:31.59] * williamtdr (uid27909@gateway/web/irccloud.com/x-qszekuxmbixbcxlb) has joined channel #science
[12:31.59] * brainsandbodies (~summer@dyelon.com) has joined channel #science
[12:31.59] * dy (~dillon@dyelon.com) has joined channel #science
[12:31.59] * ChanServ (ChanServ@services.) has joined channel #science
[12:31.59] * a1f (~user@199.83.60.61.static.nyinternet.net) has joined channel #science
[12:31.59] * emlow (~emlow@unaffiliated/emlow) has joined channel #science
[12:31.59] * asimov.freenode.net sets mode +o ChanServ    for #science
[01:48.27] *** Server disconnected on irc.freenode.net
