Session Start: Sat Feb 21 12:36:45 2015
Session Ident: #science
[12:36.45] * You have joined #science
[12:36.45] Topic: you should be in ##science - please join us there
[12:36.45] Channel Topic Set by: unknown on 7:24 PM 5/29/2008
[12:36.45] Channel modes for #science are :+ntf ##science
[12:36.45] Channel Created on: 6:01 PM 1/16/2010
[12:45.26] * guideX (~guide_X@unaffiliated/guidex) has joined channel #science
[12:45.28] * guideX (~guide_X@unaffiliated/guidex) has left #science ()
[01:08.54] * Mmango (~user@rrcs-98-100-153-182.central.biz.rr.com) has joined channel #science
[01:58.30] * Mmango (~user@rrcs-98-100-153-182.central.biz.rr.com) Quit (Quit: In another dimension)
[01:58.52] * Mmango (~user@rrcs-98-100-153-182.central.biz.rr.com) has joined channel #science
[04:36.15] *** Server disconnected on irc.freenode.net
[06:48.21] * You have joined #science
[06:48.21] Topic: you should be in ##science - please join us there
[06:48.21] Channel Topic Set by: unknown on 7:24 PM 5/29/2008
[06:48.22] Channel modes for #science are :+ntf ##science
[06:48.22] Channel Created on: 6:01 PM 1/16/2010
[10:03.26] *** Server disconnected on irc.freenode.net
[11:50.07] * You have joined #science
[11:50.07] Topic: you should be in ##science - please join us there
[11:50.07] Channel Topic Set by: unknown on 7:24 PM 5/29/2008
[11:50.08] Channel modes for #science are :+ntf ##science
[11:50.08] Channel Created on: 6:01 PM 1/16/2010
