Session Start: Sat Mar 07 12:36:27 2015
Session Ident: #c++
[12:36.27] * You have joined #c++
[12:36.27] Topic: C++ | Code etc. auf ＋＋http://codepad.org/，， oder ＋＋http://coliru.stacked-crooked.com/，， | heute: 🖖
[12:36.27] Channel Topic Set by: ruediger on 6:44 PM 2/27/2015
[12:36.27] --ChanServ-- Bitte lies das Topic. Falls es nicht angezeigt wird, gib "/topic" in deinen IRC-Client ein.
[12:36.27] Channel modes for #c++ are :+tnrCSWBf #cpp-b 6:4
[12:36.27] Channel Created on: 4:56 PM 5/12/2002
[12:44.33] * struan (~saturn2@hat.nen.genau.dreiundsechzig.zeichen.langen.vhost.auf.euirc.net) has joined channel #c++
[01:11.38] * Dominic (~Dominic@euirc-156a23c3.dip0.t-ipconnect.de) has joined channel #c++
[01:13.29] * Toushirou (~Dominic@Trinkt.gerne.Tee.im.EuIRC.net) Quit (Ping timeout)
[01:14.56] * Dominic (~Dominic@euirc-156a23c3.dip0.t-ipconnect.de) Quit (Ping timeout)
[01:17.32] * charly6 (~Miranda@2001:41b8:83f:1004:0:0:ffd8:euirc-7790ece3) has joined channel #c++
[01:20.49] * TheKruex (~TheKruex@euirc-c554b8fd.dip0.t-ipconnect.de) Quit (Quit: Textual IRC Client: ＋＋www.textualapp.com，，)
[01:42.51] * charly6 (~Miranda@2001:41b8:83f:1004:0:0:ffd8:euirc-7790ece3) Quit (Quit: Adieu!)
[01:45.30] * charly6 (~Miranda@2001:41b8:83f:1004:0:0:ffd8:euirc-7790ece3) has joined channel #c++
[01:59.30] * Biolunar_ (Biolunar@euirc-1d25af7a.pool.mediaways.net) Quit (Quit: leaving)
[02:37.47] * Tobias (~Tobias@euirc-0681ed98.dynamic.kabel-deutschland.de) Quit (Client exited)
[03:58.13] *** Server disconnected on irc.euirc.net
[03:58.23] *** Server disconnected on irc.euirc.net
