Session Start: Thu Mar 19 02:40:40 2015
Session Ident: #c++
[02:40.40] * You have joined #c++
[02:40.40] Topic: C++ | Code etc. auf ＋＋http://codepad.org/，， oder ＋＋http://coliru.stacked-crooked.com/，， | heute: 🖖
[02:40.40] Channel Topic Set by: ruediger on 6:44 PM 2/27/2015
[02:40.51] Channel modes for #c++ are :+tnrCSWBf #cpp-b 6:4
[02:40.52] Channel Created on: 4:56 PM 5/12/2002
[03:04.11] *** Server disconnected on irc.euirc.net
[03:04.27] * You have joined #c++
[03:04.27] Topic: C++ | Code etc. auf ＋＋http://codepad.org/，， oder ＋＋http://coliru.stacked-crooked.com/，， | heute: 🖖
[03:04.27] Channel Topic Set by: ruediger on 6:44 PM 2/27/2015
[03:04.41] Channel modes for #c++ are :+tnrCSWBf #cpp-b 6:4
[03:04.41] Channel Created on: 4:56 PM 5/12/2002
[03:05.10] * Rainb (~IceChat9@190.9.202.euirc-a20b6be6) Quit (Ping timeout)
[03:08.59] * fce (~fabian@94.134.244.euirc-7bf8b891) Quit (Ping timeout)
[03:48.38] * EPG (~EPG@euirc-838046c7.dip0.t-ipconnect.de) has joined channel #c++
[05:15.05] * charly6 (~tralalala@94.16.68.euirc-58a2e884) Quit (Client exited)
[05:21.12] * gh0st (~gh0st@2a00:c1a0:4200:7300:5c64:1179:d0b2:euirc-c38428ff) has joined channel #c++
[05:28.31] * EPG (~EPG@euirc-838046c7.dip0.t-ipconnect.de) Quit (Client exited)
[06:20.59] * charly6 (~negativ@euirc-f4e146f9.dyn.hrz.tu-darmstadt.de) has joined channel #c++
[10:39.07] *** Server disconnected on irc.euirc.net
