Session Start: Sat Mar 07 12:34:38 2015
Session Ident: #euirc
[12:34.38] * You have joined #euirc
[12:34.38] Topic: Welcome to euIRC || Problems? Join #opers || ＋＋www.euirc.net，， || SSL and S/MIME authentication now available on all servers (port 6697) || euIRC meets facebook: ＋＋www.facebook.com/euirc，， 
[12:34.38] Channel Topic Set by: alexander on 5:53 PM 3/1/2015
[12:34.38] --ChanServ-- Bei Fragen einfach öffentlich im Channel fragen, oder an die Leute mit dem % wenden. Bitte keine Away-Messages, mp3-Scripte, FTP-Announces, Werbung jeglicher Art, Op-Betteln, oder andere Belästigungen - sonst gibts nen ban. euIRC presents: Das neue offizielle euIRC Radio: /join #euirc.radio für mehr Infos!
[12:34.38] Channel modes for #euirc are :+tnrCcWBf #deadend *5:3
[12:34.38] Channel Created on: 9:27 AM 4/23/2002
[12:34.58] <Rainb> didn't know there existed german ircs
[12:35.27] <fire> surprise?
[12:36.08] <Rainb> a bit
[12:36.20] <fire> ^^
[12:42.20] <@brue> its actually not a german irc, it's a european one :p
[12:43.41] <Rainb> oh
[12:43.51] <Rainb> Every channel here seems to be a german one tho
[12:45.46] <@brue> the most of the people here speak german, yes
[12:45.56] <@brue> there are several smaller german irc net's
[12:46.33] <Rainb> don't know about them
[12:46.43] <Rainb> I thought I was new into irc
[12:47.00] * kaeferchen is now known as kaefer
[12:47.01] <Rainb> but I am not new, I am really new, and I've been ircing for like 6 years
[12:47.08] <Rainb> oh welp
[12:47.45] * icetea (icecream@107.182.19.euirc-0587d2ec) Quit (Client exited)
[12:49.09] * Brueggus (~klaus@erforscht.die.galaxien.mit.orangevir.us) Quit (Ping timeout)
[12:49.13] <@brue> ?where are you from
[12:49.38] <Rainb> coffeelands
[12:50.28] * icetea (icecream@107.182.19.euirc-0587d2ec) has joined channel #euirc
[12:51.42] <@brue> oh i forgot, i wanted to make some coffee
[12:53.03] * icetea (icecream@107.182.19.euirc-0587d2ec) Quit (Client exited)
[12:53.48] * icetea (icecream@107.182.19.euirc-0587d2ec) has joined channel #euirc
[01:04.02] * Brueggus (~klaus@erforscht.die.galaxien.mit.orangevir.us) has joined channel #euirc
[01:09.02] * Brueggus (~klaus@erforscht.die.galaxien.mit.orangevir.us) Quit (Ping timeout)
[01:17.25] * charly6 (~Miranda@2001:41b8:83f:1004:0:0:ffd8:euirc-7790ece3) has joined channel #euirc
[01:18.48] * Brueggus (~klaus@erforscht.die.galaxien.mit.orangevir.us) has joined channel #euirc
[01:19.32] * Chatter (~Client@euirc-d585b80d.pool.mediaways.net) has joined channel #euirc
[01:20.43] * Chatter (~Client@euirc-d585b80d.pool.mediaways.net) has left #euirc ()
[01:21.38] * PRoTaGoNiST (~ss@lupus.arctus.at.euirc.net) Quit (Ping timeout)
[01:36.11] <Technomagier> 6 years only? :D
[01:36.59] * Brueggus (~klaus@erforscht.die.galaxien.mit.orangevir.us) Quit (Ping timeout)
[01:42.51] * charly6 (~Miranda@2001:41b8:83f:1004:0:0:ffd8:euirc-7790ece3) Quit (Quit: Adieu!)
[01:45.22] * charly6 (~Miranda@2001:41b8:83f:1004:0:0:ffd8:euirc-7790ece3) has joined channel #euirc
[02:03.50] * Brueggus (~klaus@erforscht.die.galaxien.mit.orangevir.us) has joined channel #euirc
[02:16.21] * CR|Sven|Off is now known as CR|Sven
[02:17.17] <@brue> ja Technomagier, du bist zwar schon seit 7 jahren im irc weisst aber erst seit einem jahr was es ist ;P
[02:24.21] <Technomagier> wie kommst du auf 7?
[02:24.50] <Technomagier> nochmal inne grundschule?
[02:29.58] <@brue> nich so ernst nehme^n ^
[02:31.27] <Technomagier> jungspund ;p
[02:40.07] * Brueggus (~klaus@erforscht.die.galaxien.mit.orangevir.us) Quit (Ping timeout)
[02:40.49] * Jamune (~pyry@euirc-ffc403fb.dhcp.inet.fi) Quit (Client exited)
[02:41.53] * Brueggus (~klaus@erforscht.die.galaxien.mit.orangevir.us) has joined channel #euirc
[03:58.13] *** Server disconnected on irc.euirc.net
[03:58.23] *** Server disconnected on irc.euirc.net
