Session Start: Thu Mar 19 02:40:40 2015
Session Ident: #euirc
[02:40.39] * You have joined #euirc
[02:40.40] Topic: Welcome to euIRC || Problems? Join #opers || ＋＋www.euirc.net，， || SSL and S/MIME authentication now available on all servers (port 6697) || euIRC meets facebook: ＋＋www.facebook.com/euirc，， 
[02:40.40] Channel Topic Set by: alexander on 5:53 PM 3/1/2015
[02:40.47] Channel modes for #euirc are :+tnrCcWBf #deadend *5:3
[02:40.47] Channel Created on: 9:27 AM 4/23/2002
[03:04.11] *** Server disconnected on irc.euirc.net
[03:04.27] * You have joined #euirc
[03:04.27] Topic: Welcome to euIRC || Problems? Join #opers || ＋＋www.euirc.net，， || SSL and S/MIME authentication now available on all servers (port 6697) || euIRC meets facebook: ＋＋www.facebook.com/euirc，， 
[03:04.27] Channel Topic Set by: alexander on 5:53 PM 3/1/2015
[03:04.37] Channel modes for #euirc are :+tnrCcWBf #deadend *5:3
[03:04.37] Channel Created on: 9:27 AM 4/23/2002
[03:05.10] * Rainb (~IceChat9@190.9.202.euirc-a20b6be6) Quit (Ping timeout)
[03:11.36] <!TC> Moin
[03:42.48] * absk007 (~absk007@113.19.213.euirc-f1da7aa8) Quit (Client exited)
[03:47.26] * freanux (~freanux@euirc-486d5fb8.earthwave.ch) Quit (Quit: Leaving Circada 0.4.0)
[03:50.37] * Jamune (~pyry@euirc-ffc403fb.dhcp.inet.fi) Quit (Client exited)
[03:51.32] * freanux (~freanux@euirc-486d5fb8.earthwave.ch) has joined channel #euirc
[04:06.47] * Jamune (~pyry@euirc-ffc403fb.dhcp.inet.fi) has joined channel #euirc
[04:15.22] * s2s (~s2s@s.2s.euirc.net) Quit (Quit: Quit)
[04:15.38] * s2s (~s2s@s.2s.euirc.net) has joined channel #euirc
[04:24.46] * s2s (~s2s@s.2s.euirc.net) Quit (Quit: Quit)
[04:25.16] * s2s (~s2s@s.2s.euirc.net) has joined channel #euirc
[04:39.52] * NeinnHomer (~NeinnHome@Nukular-das.Wort.heisst.Nukular.euirc.net) Quit (Ping timeout)
[04:40.24] * NeinnHomer (~NeinnHome@Nukular-das.Wort.heisst.Nukular.euirc.net) has joined channel #euirc
[04:57.14] * s2s (~s2s@s.2s.euirc.net) Quit (Quit: Quit)
[04:57.44] * s2s (s2s@s.2s.euirc.net) has joined channel #euirc
[05:15.05] * charly6 (~tralalala@94.16.68.euirc-58a2e884) Quit (Client exited)
[05:28.58] <Lee_Adama> Morgen
[06:20.52] * charly6 (~negativ@euirc-f4e146f9.dyn.hrz.tu-darmstadt.de) has joined channel #euirc
[10:39.07] *** Server disconnected on irc.euirc.net
