Session Start: Sat Mar 07 12:37:15 2015
Session Ident: #linux
[12:37.15] * You have joined #linux
[12:37.15] Topic: DON'T PANIC! Don't ask to ask, just ask. German or English. use ＋＋http://pastie.org，， | KEINE Statusnicks. Kein Away gespamme.
[12:37.15] Channel Topic Set by: snookie on 9:36 AM 12/19/2014
[12:37.16] Channel modes for #linux are :+tnrCSXWf 4:2
[12:37.16] Channel Created on: 11:06 PM 7/20/2002
[12:46.23] * Joschi2 (~joschi@89.204.135.euirc-69945b16) has joined channel #linux
[12:59.14] * brno0 (~blub@das.surfende.faultier.euirc.net) Quit (Ping timeout)
[12:59.56] * brno0 (~blub@2a01:198:257:0:287:31ff:fe44:euirc-9a6739ab) has joined channel #linux
[01:00.06] <@snookie> ich bin da, aber meine haustür nicht o.O
[01:04.21] * d45h0 (~rowdy@euirc-4d32ed79.adsl.alicedsl.de) has joined channel #linux
[01:05.51] * GIN (~GIN@euirc-08bf7246.188.098.pools.vodafone-ip.de) Quit (Quit: ChatZilla 0.9.91.1 [Firefox 36.0.1/20150305021524])
[01:12.56] <Rainb> hmm
[01:56.07] <@unsympath> so dreht sich das getriebe
[01:56.14] <@unsympath> so läuft der räuberstaat
[02:18.29] * R2D2 (~r2d2@2a02:810d:25c0:21e4:92e6:baff:fe60:euirc-aa9cfacd) Quit (Client exited)
[02:21.07] <@profmakx> UND AUCH DIE PAUSEN
[02:21.10] <@profmakx> GEHöREN
[02:21.12] <@profmakx> VERBOTEN
[02:21.19] <@unsympath> profmakx hasst Musiiiiiik
[02:22.18] <@profmakx> ja
[02:22.24] <@profmakx> und ich bin in einer finstren sekte
[02:22.28] <@profmakx> die in mir die erkenntnis weckte
[02:22.32] <@profmakx> das unsere kurze daseinsfrist
[02:22.36] <@profmakx> mehr spass macht
[02:22.43] <@profmakx> WENN MAN BöSE IST
[02:26.57] <@unsympath> und jetzt isst du Nutella mit dem Löffel
[02:27.05] <@unsympath> und mit dem Messer schneidest du Kartöffel?
[02:33.37] * R2D2 (~r2d2@2a02:810d:25c0:21e4:92e6:baff:fe60:euirc-aa9cfacd) has joined channel #linux
[02:33.37] * ChanServ sets mode +o R2D2 for #linux
[03:58.13] *** Server disconnected on irc.euirc.net
[03:58.23] *** Server disconnected on irc.euirc.net
